<?xml version="1.0" encoding="UTF-8"?>
<testsuite xmlns:xsi="http://www.w3.org/2001/XMLSchema-instance" xsi:noNamespaceSchemaLocation="https://maven.apache.org/surefire/maven-surefire-plugin/xsd/surefire-test-report-3.0.xsd" version="3.0" name="TestSuite" time="270.846" tests="7" errors="0" skipped="0" failures="1">
  <properties>
    <property name="sun.desktop" value="windows"/>
    <property name="awt.toolkit" value="sun.awt.windows.WToolkit"/>
    <property name="file.encoding.pkg" value="sun.io"/>
    <property name="java.specification.version" value="1.8"/>
    <property name="sun.cpu.isalist" value="amd64"/>
    <property name="sun.jnu.encoding" value="Cp1252"/>
    <property name="java.class.path" value="C:\Users\Nissim Automation\eclipse-workspace\FacilitiesTests\target\test-classes;C:\Users\Nissim Automation\eclipse-workspace\FacilitiesTests\target\classes;C:\Users\Nissim Automation\.m2\repository\org\seleniumhq\selenium\selenium-java\3.141.59\selenium-java-3.141.59.jar;C:\Users\Nissim Automation\.m2\repository\org\seleniumhq\selenium\selenium-api\3.141.59\selenium-api-3.141.59.jar;C:\Users\Nissim Automation\.m2\repository\org\seleniumhq\selenium\selenium-chrome-driver\3.141.59\selenium-chrome-driver-3.141.59.jar;C:\Users\Nissim Automation\.m2\repository\org\seleniumhq\selenium\selenium-edge-driver\3.141.59\selenium-edge-driver-3.141.59.jar;C:\Users\Nissim Automation\.m2\repository\org\seleniumhq\selenium\selenium-firefox-driver\3.141.59\selenium-firefox-driver-3.141.59.jar;C:\Users\Nissim Automation\.m2\repository\org\seleniumhq\selenium\selenium-ie-driver\3.141.59\selenium-ie-driver-3.141.59.jar;C:\Users\Nissim Automation\.m2\repository\org\seleniumhq\selenium\selenium-opera-driver\3.141.59\selenium-opera-driver-3.141.59.jar;C:\Users\Nissim Automation\.m2\repository\org\seleniumhq\selenium\selenium-remote-driver\3.141.59\selenium-remote-driver-3.141.59.jar;C:\Users\Nissim Automation\.m2\repository\org\seleniumhq\selenium\selenium-safari-driver\3.141.59\selenium-safari-driver-3.141.59.jar;C:\Users\Nissim Automation\.m2\repository\org\seleniumhq\selenium\selenium-support\3.141.59\selenium-support-3.141.59.jar;C:\Users\Nissim Automation\.m2\repository\net\bytebuddy\byte-buddy\1.8.15\byte-buddy-1.8.15.jar;C:\Users\Nissim Automation\.m2\repository\org\apache\commons\commons-exec\1.3\commons-exec-1.3.jar;C:\Users\Nissim Automation\.m2\repository\com\google\guava\guava\25.0-jre\guava-25.0-jre.jar;C:\Users\Nissim Automation\.m2\repository\com\google\code\findbugs\jsr305\1.3.9\jsr305-1.3.9.jar;C:\Users\Nissim Automation\.m2\repository\org\checkerframework\checker-compat-qual\2.0.0\checker-compat-qual-2.0.0.jar;C:\Users\Nissim Automation\.m2\repository\com\google\errorprone\error_prone_annotations\2.1.3\error_prone_annotations-2.1.3.jar;C:\Users\Nissim Automation\.m2\repository\com\google\j2objc\j2objc-annotations\1.1\j2objc-annotations-1.1.jar;C:\Users\Nissim Automation\.m2\repository\org\codehaus\mojo\animal-sniffer-annotations\1.14\animal-sniffer-annotations-1.14.jar;C:\Users\Nissim Automation\.m2\repository\com\squareup\okhttp3\okhttp\3.11.0\okhttp-3.11.0.jar;C:\Users\Nissim Automation\.m2\repository\com\squareup\okio\okio\1.14.0\okio-1.14.0.jar;C:\Users\Nissim Automation\.m2\repository\io\appium\java-client\7.3.0\java-client-7.3.0.jar;C:\Users\Nissim Automation\.m2\repository\com\google\code\gson\gson\2.8.5\gson-2.8.5.jar;C:\Users\Nissim Automation\.m2\repository\org\apache\httpcomponents\httpclient\4.5.9\httpclient-4.5.9.jar;C:\Users\Nissim Automation\.m2\repository\org\apache\httpcomponents\httpcore\4.4.11\httpcore-4.4.11.jar;C:\Users\Nissim Automation\.m2\repository\commons-logging\commons-logging\1.2\commons-logging-1.2.jar;C:\Users\Nissim Automation\.m2\repository\commons-codec\commons-codec\1.11\commons-codec-1.11.jar;C:\Users\Nissim Automation\.m2\repository\cglib\cglib\3.2.12\cglib-3.2.12.jar;C:\Users\Nissim Automation\.m2\repository\org\ow2\asm\asm\7.1\asm-7.1.jar;C:\Users\Nissim Automation\.m2\repository\commons-validator\commons-validator\1.6\commons-validator-1.6.jar;C:\Users\Nissim Automation\.m2\repository\commons-beanutils\commons-beanutils\1.9.2\commons-beanutils-1.9.2.jar;C:\Users\Nissim Automation\.m2\repository\commons-digester\commons-digester\1.8.1\commons-digester-1.8.1.jar;C:\Users\Nissim Automation\.m2\repository\commons-collections\commons-collections\3.2.2\commons-collections-3.2.2.jar;C:\Users\Nissim Automation\.m2\repository\org\apache\commons\commons-lang3\3.9\commons-lang3-3.9.jar;C:\Users\Nissim Automation\.m2\repository\commons-io\commons-io\2.6\commons-io-2.6.jar;C:\Users\Nissim Automation\.m2\repository\org\springframework\spring-context\5.1.8.RELEASE\spring-context-5.1.8.RELEASE.jar;C:\Users\Nissim Automation\.m2\repository\org\springframework\spring-aop\5.1.8.RELEASE\spring-aop-5.1.8.RELEASE.jar;C:\Users\Nissim Automation\.m2\repository\org\springframework\spring-beans\5.1.8.RELEASE\spring-beans-5.1.8.RELEASE.jar;C:\Users\Nissim Automation\.m2\repository\org\springframework\spring-core\5.1.8.RELEASE\spring-core-5.1.8.RELEASE.jar;C:\Users\Nissim Automation\.m2\repository\org\springframework\spring-jcl\5.1.8.RELEASE\spring-jcl-5.1.8.RELEASE.jar;C:\Users\Nissim Automation\.m2\repository\org\springframework\spring-expression\5.1.8.RELEASE\spring-expression-5.1.8.RELEASE.jar;C:\Users\Nissim Automation\.m2\repository\org\aspectj\aspectjweaver\1.9.4\aspectjweaver-1.9.4.jar;C:\Users\Nissim Automation\.m2\repository\org\slf4j\slf4j-api\1.7.26\slf4j-api-1.7.26.jar;C:\Users\Nissim Automation\.m2\repository\org\testng\testng\7.3.0\testng-7.3.0.jar;C:\Users\Nissim Automation\.m2\repository\com\beust\jcommander\1.78\jcommander-1.78.jar;C:\Users\Nissim Automation\.m2\repository\org\apache\ant\ant\1.10.3\ant-1.10.3.jar;C:\Users\Nissim Automation\.m2\repository\org\apache\ant\ant-launcher\1.10.3\ant-launcher-1.10.3.jar;C:\Users\Nissim Automation\.m2\repository\junit\junit\4.12\junit-4.12.jar;C:\Users\Nissim Automation\.m2\repository\org\hamcrest\hamcrest-core\1.3\hamcrest-core-1.3.jar;C:\Users\Nissim Automation\.m2\repository\com\google\inject\guice\4.2.2\guice-4.2.2-no_aop.jar;C:\Users\Nissim Automation\.m2\repository\javax\inject\javax.inject\1\javax.inject-1.jar;C:\Users\Nissim Automation\.m2\repository\aopalliance\aopalliance\1.0\aopalliance-1.0.jar;C:\Users\Nissim Automation\.m2\repository\org\yaml\snakeyaml\1.21\snakeyaml-1.21.jar;"/>
    <property name="java.vm.vendor" value="Oracle Corporation"/>
    <property name="sun.arch.data.model" value="64"/>
    <property name="user.variant" value=""/>
    <property name="java.vendor.url" value="http://java.oracle.com/"/>
    <property name="user.timezone" value="Asia/Jerusalem"/>
    <property name="user.country.format" value="IL"/>
    <property name="java.vm.specification.version" value="1.8"/>
    <property name="os.name" value="Windows 10"/>
    <property name="user.country" value="US"/>
    <property name="sun.java.launcher" value="SUN_STANDARD"/>
    <property name="sun.boot.library.path" value="C:\Program Files\Java\jdk1.8.0_131\jre\bin"/>
    <property name="sun.java.command" value="C:\Users\Nissim Automation\AppData\Local\Temp\surefire2348035251861436134\surefirebooter6228530095393176944.jar C:\Users\Nissim Automation\AppData\Local\Temp\surefire2348035251861436134 2021-01-04T08-02-52_940-jvmRun1 surefire8846768295748108013tmp surefire_0927455132350384134tmp"/>
    <property name="surefire.test.class.path" value="C:\Users\Nissim Automation\eclipse-workspace\FacilitiesTests\target\test-classes;C:\Users\Nissim Automation\eclipse-workspace\FacilitiesTests\target\classes;C:\Users\Nissim Automation\.m2\repository\org\seleniumhq\selenium\selenium-java\3.141.59\selenium-java-3.141.59.jar;C:\Users\Nissim Automation\.m2\repository\org\seleniumhq\selenium\selenium-api\3.141.59\selenium-api-3.141.59.jar;C:\Users\Nissim Automation\.m2\repository\org\seleniumhq\selenium\selenium-chrome-driver\3.141.59\selenium-chrome-driver-3.141.59.jar;C:\Users\Nissim Automation\.m2\repository\org\seleniumhq\selenium\selenium-edge-driver\3.141.59\selenium-edge-driver-3.141.59.jar;C:\Users\Nissim Automation\.m2\repository\org\seleniumhq\selenium\selenium-firefox-driver\3.141.59\selenium-firefox-driver-3.141.59.jar;C:\Users\Nissim Automation\.m2\repository\org\seleniumhq\selenium\selenium-ie-driver\3.141.59\selenium-ie-driver-3.141.59.jar;C:\Users\Nissim Automation\.m2\repository\org\seleniumhq\selenium\selenium-opera-driver\3.141.59\selenium-opera-driver-3.141.59.jar;C:\Users\Nissim Automation\.m2\repository\org\seleniumhq\selenium\selenium-remote-driver\3.141.59\selenium-remote-driver-3.141.59.jar;C:\Users\Nissim Automation\.m2\repository\org\seleniumhq\selenium\selenium-safari-driver\3.141.59\selenium-safari-driver-3.141.59.jar;C:\Users\Nissim Automation\.m2\repository\org\seleniumhq\selenium\selenium-support\3.141.59\selenium-support-3.141.59.jar;C:\Users\Nissim Automation\.m2\repository\net\bytebuddy\byte-buddy\1.8.15\byte-buddy-1.8.15.jar;C:\Users\Nissim Automation\.m2\repository\org\apache\commons\commons-exec\1.3\commons-exec-1.3.jar;C:\Users\Nissim Automation\.m2\repository\com\google\guava\guava\25.0-jre\guava-25.0-jre.jar;C:\Users\Nissim Automation\.m2\repository\com\google\code\findbugs\jsr305\1.3.9\jsr305-1.3.9.jar;C:\Users\Nissim Automation\.m2\repository\org\checkerframework\checker-compat-qual\2.0.0\checker-compat-qual-2.0.0.jar;C:\Users\Nissim Automation\.m2\repository\com\google\errorprone\error_prone_annotations\2.1.3\error_prone_annotations-2.1.3.jar;C:\Users\Nissim Automation\.m2\repository\com\google\j2objc\j2objc-annotations\1.1\j2objc-annotations-1.1.jar;C:\Users\Nissim Automation\.m2\repository\org\codehaus\mojo\animal-sniffer-annotations\1.14\animal-sniffer-annotations-1.14.jar;C:\Users\Nissim Automation\.m2\repository\com\squareup\okhttp3\okhttp\3.11.0\okhttp-3.11.0.jar;C:\Users\Nissim Automation\.m2\repository\com\squareup\okio\okio\1.14.0\okio-1.14.0.jar;C:\Users\Nissim Automation\.m2\repository\io\appium\java-client\7.3.0\java-client-7.3.0.jar;C:\Users\Nissim Automation\.m2\repository\com\google\code\gson\gson\2.8.5\gson-2.8.5.jar;C:\Users\Nissim Automation\.m2\repository\org\apache\httpcomponents\httpclient\4.5.9\httpclient-4.5.9.jar;C:\Users\Nissim Automation\.m2\repository\org\apache\httpcomponents\httpcore\4.4.11\httpcore-4.4.11.jar;C:\Users\Nissim Automation\.m2\repository\commons-logging\commons-logging\1.2\commons-logging-1.2.jar;C:\Users\Nissim Automation\.m2\repository\commons-codec\commons-codec\1.11\commons-codec-1.11.jar;C:\Users\Nissim Automation\.m2\repository\cglib\cglib\3.2.12\cglib-3.2.12.jar;C:\Users\Nissim Automation\.m2\repository\org\ow2\asm\asm\7.1\asm-7.1.jar;C:\Users\Nissim Automation\.m2\repository\commons-validator\commons-validator\1.6\commons-validator-1.6.jar;C:\Users\Nissim Automation\.m2\repository\commons-beanutils\commons-beanutils\1.9.2\commons-beanutils-1.9.2.jar;C:\Users\Nissim Automation\.m2\repository\commons-digester\commons-digester\1.8.1\commons-digester-1.8.1.jar;C:\Users\Nissim Automation\.m2\repository\commons-collections\commons-collections\3.2.2\commons-collections-3.2.2.jar;C:\Users\Nissim Automation\.m2\repository\org\apache\commons\commons-lang3\3.9\commons-lang3-3.9.jar;C:\Users\Nissim Automation\.m2\repository\commons-io\commons-io\2.6\commons-io-2.6.jar;C:\Users\Nissim Automation\.m2\repository\org\springframework\spring-context\5.1.8.RELEASE\spring-context-5.1.8.RELEASE.jar;C:\Users\Nissim Automation\.m2\repository\org\springframework\spring-aop\5.1.8.RELEASE\spring-aop-5.1.8.RELEASE.jar;C:\Users\Nissim Automation\.m2\repository\org\springframework\spring-beans\5.1.8.RELEASE\spring-beans-5.1.8.RELEASE.jar;C:\Users\Nissim Automation\.m2\repository\org\springframework\spring-core\5.1.8.RELEASE\spring-core-5.1.8.RELEASE.jar;C:\Users\Nissim Automation\.m2\repository\org\springframework\spring-jcl\5.1.8.RELEASE\spring-jcl-5.1.8.RELEASE.jar;C:\Users\Nissim Automation\.m2\repository\org\springframework\spring-expression\5.1.8.RELEASE\spring-expression-5.1.8.RELEASE.jar;C:\Users\Nissim Automation\.m2\repository\org\aspectj\aspectjweaver\1.9.4\aspectjweaver-1.9.4.jar;C:\Users\Nissim Automation\.m2\repository\org\slf4j\slf4j-api\1.7.26\slf4j-api-1.7.26.jar;C:\Users\Nissim Automation\.m2\repository\org\testng\testng\7.3.0\testng-7.3.0.jar;C:\Users\Nissim Automation\.m2\repository\com\beust\jcommander\1.78\jcommander-1.78.jar;C:\Users\Nissim Automation\.m2\repository\org\apache\ant\ant\1.10.3\ant-1.10.3.jar;C:\Users\Nissim Automation\.m2\repository\org\apache\ant\ant-launcher\1.10.3\ant-launcher-1.10.3.jar;C:\Users\Nissim Automation\.m2\repository\junit\junit\4.12\junit-4.12.jar;C:\Users\Nissim Automation\.m2\repository\org\hamcrest\hamcrest-core\1.3\hamcrest-core-1.3.jar;C:\Users\Nissim Automation\.m2\repository\com\google\inject\guice\4.2.2\guice-4.2.2-no_aop.jar;C:\Users\Nissim Automation\.m2\repository\javax\inject\javax.inject\1\javax.inject-1.jar;C:\Users\Nissim Automation\.m2\repository\aopalliance\aopalliance\1.0\aopalliance-1.0.jar;C:\Users\Nissim Automation\.m2\repository\org\yaml\snakeyaml\1.21\snakeyaml-1.21.jar;"/>
    <property name="sun.cpu.endian" value="little"/>
    <property name="user.home" value="C:\Users\Nissim Automation"/>
    <property name="user.language" value="en"/>
    <property name="java.specification.vendor" value="Oracle Corporation"/>
    <property name="java.home" value="C:\Program Files\Java\jdk1.8.0_131\jre"/>
    <property name="basedir" value="C:\Users\Nissim Automation\eclipse-workspace\FacilitiesTests"/>
    <property name="file.separator" value="\"/>
    <property name="line.separator" value="&#10;"/>
    <property name="java.vm.specification.vendor" value="Oracle Corporation"/>
    <property name="java.specification.name" value="Java Platform API Specification"/>
    <property name="java.awt.graphicsenv" value="sun.awt.Win32GraphicsEnvironment"/>
    <property name="surefire.real.class.path" value="C:\Users\Nissim Automation\AppData\Local\Temp\surefire2348035251861436134\surefirebooter6228530095393176944.jar"/>
    <property name="sun.boot.class.path" value="C:\Program Files\Java\jdk1.8.0_131\jre\lib\resources.jar;C:\Program Files\Java\jdk1.8.0_131\jre\lib\rt.jar;C:\Program Files\Java\jdk1.8.0_131\jre\lib\sunrsasign.jar;C:\Program Files\Java\jdk1.8.0_131\jre\lib\jsse.jar;C:\Program Files\Java\jdk1.8.0_131\jre\lib\jce.jar;C:\Program Files\Java\jdk1.8.0_131\jre\lib\charsets.jar;C:\Program Files\Java\jdk1.8.0_131\jre\lib\jfr.jar;C:\Program Files\Java\jdk1.8.0_131\jre\classes"/>
    <property name="user.script" value=""/>
    <property name="sun.management.compiler" value="HotSpot 64-Bit Tiered Compilers"/>
    <property name="java.runtime.version" value="1.8.0_131-b11"/>
    <property name="user.name" value="Nissim Automation"/>
    <property name="path.separator" value=";"/>
    <property name="os.version" value="10.0"/>
    <property name="java.endorsed.dirs" value="C:\Program Files\Java\jdk1.8.0_131\jre\lib\endorsed"/>
    <property name="java.runtime.name" value="Java(TM) SE Runtime Environment"/>
    <property name="file.encoding" value="Cp1252"/>
    <property name="java.vm.name" value="Java HotSpot(TM) 64-Bit Server VM"/>
    <property name="localRepository" value="C:\Users\Nissim Automation\.m2\repository"/>
    <property name="java.vendor.url.bug" value="http://bugreport.sun.com/bugreport/"/>
    <property name="java.io.tmpdir" value="C:\Users\NISSIM~1\AppData\Local\Temp\"/>
    <property name="java.version" value="1.8.0_131"/>
    <property name="user.dir" value="C:\Users\Nissim Automation\eclipse-workspace\FacilitiesTests"/>
    <property name="os.arch" value="amd64"/>
    <property name="java.vm.specification.name" value="Java Virtual Machine Specification"/>
    <property name="java.awt.printerjob" value="sun.awt.windows.WPrinterJob"/>
    <property name="sun.os.patch.level" value=""/>
    <property name="java.library.path" value="C:\Program Files\Java\jdk1.8.0_131\jre\bin;C:\WINDOWS\Sun\Java\bin;C:\WINDOWS\system32;C:\WINDOWS;C:\ProgramData\Oracle\Java\javapath;C:\WINDOWS\system32;C:\WINDOWS;C:\WINDOWS\System32\Wbem;C:\WINDOWS\System32\WindowsPowerShell\v1.0\;C:\WINDOWS\System32\OpenSSH\;C:\Program Files\Java\jdk1.8.0_131\bin;C:\Users\Nissim Automation\AppData\Local\Android\Sdk\tools;C:\Users\Nissim Automation\AppData\Local\Android\Sdk\platform-tools;C:\ProgramData\chocolatey\bin;C:\Program Files\apache-maven-3.6.3\bin;C:\Program Files\nodejs\;C:\Users\Nissim Automation\AppData\Local\Microsoft\WindowsApps;C:\Users\Nissim Automation\AppData\Roaming\npm;."/>
    <property name="java.vm.info" value="mixed mode"/>
    <property name="java.vendor" value="Oracle Corporation"/>
    <property name="java.vm.version" value="25.131-b11"/>
    <property name="java.ext.dirs" value="C:\Program Files\Java\jdk1.8.0_131\jre\lib\ext;C:\WINDOWS\Sun\Java\lib\ext"/>
    <property name="sun.io.unicode.encoding" value="UnicodeLittle"/>
    <property name="java.class.version" value="52.0"/>
  </properties>
  <testcase name="blockBT" classname="com.communitake.tests.automation.gms.FacilitiesTests" time="34.242">
    <system-out><![CDATA[&amp#27;[35m[Appium]&amp#27;[39m Welcome to Appium v1.19.1
&amp#27;[35m[Appium]&amp#27;[39m Appium REST http interface listener started on 0.0.0.0:4723
&amp#27;[35m[HTTP]&amp#27;[39m &amp#27;[37m-->&amp#27;[39m &amp#27;[37mGET&amp#27;[39m &amp#27;[37m/wd/hub/status&amp#27;[39m
&amp#27;[35m[HTTP]&amp#27;[39m &amp#27;[90m{}&amp#27;[39m
[debug] &amp#27;[35m[GENERIC]&amp#27;[39m Calling AppiumDriver.getStatus() with args: []
[debug] &amp#27;[35m[GENERIC]&amp#27;[39m Responding to client with driver.getStatus() result: {"build":{"version":"1.19.1"}}
&amp#27;[35m[HTTP]&amp#27;[39m &amp#27;[37m<-- GET /wd/hub/status &amp#27;[39m&amp#27;[32m200&amp#27;[39m &amp#27;[90m4 ms - 68&amp#27;[39m
&amp#27;[35m[HTTP]&amp#27;[39m &amp#27;[90m&amp#27;[39m
&amp#27;[35m[HTTP]&amp#27;[39m &amp#27;[37m-->&amp#27;[39m &amp#27;[37mPOST&amp#27;[39m &amp#27;[37m/wd/hub/session&amp#27;[39m
&amp#27;[35m[HTTP]&amp#27;[39m &amp#27;[90m{"desiredCapabilities":{"appActivity":"com.communitake.mdc.SplashScreen","appPackage":"com.communitake.mdc.supportsip","noReset":"true","platformVersion":"9","automationName":"UiAutomator1","browserName":"","platformName":"Android","udid":"CTGED020000261","deviceName":"CTGED02"},"capabilities":{"firstMatch":[{"appium:appActivity":"com.communitake.mdc.SplashScreen","appium:appPackage":"com.communitake.mdc.supportsip","appium:automationName":"UiAutomator1","browserName":"","appium:deviceName":"CTGED02","appium:noReset":"true","platformName":"android","appium:platformVersion":"9","appium:udid":"CTGED020000261"}]}}&amp#27;[39m
[debug] &amp#27;[35m[W3C]&amp#27;[39m Calling AppiumDriver.createSession() with args: [{"appActivity":"com.communitake.mdc.SplashScreen","appPackage":"com.communitake.mdc.supportsip","noReset":"true","platformVersion":"9","automationName":"UiAutomator1","browserName":"","platformName":"Android","udid":"CTGED020000261","deviceName":"CTGED02"},null,{"firstMatch":[{"appium:appActivity":"com.communitake.mdc.SplashScreen","appium:appPackage":"com.communitake.mdc.supportsip","appium:automationName":"UiAutomator1","browserName":"","appium:deviceName":"CTGED02","appium:noReset":"true","platformName":"android","appium:platformVersion":"9","appium:udid":"CTGED020000261"}]}]
[debug] &amp#27;[35m[BaseDriver]&amp#27;[39m Event 'newSessionRequested' logged at 1609740175487 (08:02:55 GMT+0200 (Israel Standard Time))
&amp#27;[35m[Appium]&amp#27;[39m Appium v1.19.1 creating new AndroidDriver (v4.41.0) session
[debug] &amp#27;[35m[BaseDriver]&amp#27;[39m W3C capabilities and MJSONWP desired capabilities were provided
[debug] &amp#27;[35m[BaseDriver]&amp#27;[39m Creating session with W3C capabilities: {
[debug] &amp#27;[35m[BaseDriver]&amp#27;[39m   "alwaysMatch": {
[debug] &amp#27;[35m[BaseDriver]&amp#27;[39m     "browserName": "",
[debug] &amp#27;[35m[BaseDriver]&amp#27;[39m     "platformName": "android",
[debug] &amp#27;[35m[BaseDriver]&amp#27;[39m     "appium:appActivity": "com.communitake.mdc.SplashScreen",
[debug] &amp#27;[35m[BaseDriver]&amp#27;[39m     "appium:appPackage": "com.communitake.mdc.supportsip",
[debug] &amp#27;[35m[BaseDriver]&amp#27;[39m     "appium:automationName": "UiAutomator1",
[debug] &amp#27;[35m[BaseDriver]&amp#27;[39m     "appium:deviceName": "CTGED02",
[debug] &amp#27;[35m[BaseDriver]&amp#27;[39m     "appium:noReset": "true",
[debug] &amp#27;[35m[BaseDriver]&amp#27;[39m     "appium:platformVersion": "9",
[debug] &amp#27;[35m[BaseDriver]&amp#27;[39m     "appium:udid": "CTGED020000261"
[debug] &amp#27;[35m[BaseDriver]&amp#27;[39m   },
[debug] &amp#27;[35m[BaseDriver]&amp#27;[39m   "firstMatch": [
[debug] &amp#27;[35m[BaseDriver]&amp#27;[39m     {}
[debug] &amp#27;[35m[BaseDriver]&amp#27;[39m   ]
[debug] &amp#27;[35m[BaseDriver]&amp#27;[39m }
&amp#27;[35m[BaseDriver]&amp#27;[39m Capability 'noReset' changed from string to boolean. This may cause unexpected behavior
&amp#27;[35m[BaseDriver]&amp#27;[39m Session created with session id: 5cd22c4d-4e8c-4cc4-9b1e-bd37693ac2e2
&amp#27;[35m[ADB]&amp#27;[39m Found 1 'build-tools' folders under 'C:\Users\Nissim Automation\AppData\Local\Android\Sdk' (newest first):
&amp#27;[35m[ADB]&amp#27;[39m     C:/Users/Nissim Automation/AppData/Local/Android/Sdk/build-tools/30.0.3
&amp#27;[35m[ADB]&amp#27;[39m Using 'adb.exe' from 'C:\Users\Nissim Automation\AppData\Local\Android\Sdk\platform-tools\adb.exe'
[debug] &amp#27;[35m[ADB]&amp#27;[39m Running 'C:\Users\Nissim Automation\AppData\Local\Android\Sdk\platform-tools\adb.exe -P 5037 start-server'
&amp#27;[35m[AndroidDriver]&amp#27;[39m Retrieving device list
[debug] &amp#27;[35m[ADB]&amp#27;[39m Trying to find a connected android device
[debug] &amp#27;[35m[ADB]&amp#27;[39m Getting connected devices
[debug] &amp#27;[35m[ADB]&amp#27;[39m Connected devices: [{"udid":"CTGED020000261","state":"device"}]
&amp#27;[35m[AndroidDriver]&amp#27;[39m Using device: CTGED020000261
&amp#27;[35m[ADB]&amp#27;[39m Using 'adb.exe' from 'C:\Users\Nissim Automation\AppData\Local\Android\Sdk\platform-tools\adb.exe'
[debug] &amp#27;[35m[ADB]&amp#27;[39m Running 'C:\Users\Nissim Automation\AppData\Local\Android\Sdk\platform-tools\adb.exe -P 5037 start-server'
[debug] &amp#27;[35m[ADB]&amp#27;[39m Setting device id to CTGED020000261
[debug] &amp#27;[35m[ADB]&amp#27;[39m Running 'C:\Users\Nissim Automation\AppData\Local\Android\Sdk\platform-tools\adb.exe -P 5037 -s CTGED020000261 shell getprop ro.build.version.sdk'
[debug] &amp#27;[35m[ADB]&amp#27;[39m Current device property 'ro.build.version.sdk': 28
&amp#27;[35m[ADB]&amp#27;[39m Getting device platform version
[debug] &amp#27;[35m[ADB]&amp#27;[39m Running 'C:\Users\Nissim Automation\AppData\Local\Android\Sdk\platform-tools\adb.exe -P 5037 -s CTGED020000261 shell getprop ro.build.version.release'
[debug] &amp#27;[35m[ADB]&amp#27;[39m Current device property 'ro.build.version.release': 9
[debug] &amp#27;[35m[ADB]&amp#27;[39m Device API level: 28
&amp#27;[35m[AndroidDriver]&amp#27;[39m Consider setting 'automationName' capability to 'uiautomator2' on Android >= 6, since UIAutomator framework is not maintained anymore by the OS vendor.
&amp#27;[35m[AndroidDriver]&amp#27;[39m App file was not listed, instead we're going to run com.communitake.mdc.supportsip directly on the device
[debug] &amp#27;[35m[AndroidDriver]&amp#27;[39m Checking whether package is present on the device
[debug] &amp#27;[35m[ADB]&amp#27;[39m Running 'C:\Users\Nissim Automation\AppData\Local\Android\Sdk\platform-tools\adb.exe -P 5037 -s CTGED020000261 shell pm list packages com.communitake.mdc.supportsip'
&amp#27;[35m[AndroidDriver]&amp#27;[39m Starting Android session
[debug] &amp#27;[35m[ADB]&amp#27;[39m Running 'C:\Users\Nissim Automation\AppData\Local\Android\Sdk\platform-tools\adb.exe -P 5037 -s CTGED020000261 wait-for-device'
[debug] &amp#27;[35m[ADB]&amp#27;[39m Running 'C:\Users\Nissim Automation\AppData\Local\Android\Sdk\platform-tools\adb.exe -P 5037 -s CTGED020000261 shell echo ping'
[debug] &amp#27;[35m[AndroidDriver]&amp#27;[39m Pushing settings apk to device...
[debug] &amp#27;[35m[ADB]&amp#27;[39m Getting install status for io.appium.settings
[debug] &amp#27;[35m[ADB]&amp#27;[39m Running 'C:\Users\Nissim Automation\AppData\Local\Android\Sdk\platform-tools\adb.exe -P 5037 -s CTGED020000261 shell dumpsys package io.appium.settings'
[debug] &amp#27;[35m[ADB]&amp#27;[39m 'io.appium.settings' is installed
[debug] &amp#27;[35m[ADB]&amp#27;[39m Getting package info for 'io.appium.settings'
[debug] &amp#27;[35m[ADB]&amp#27;[39m Running 'C:\Users\Nissim Automation\AppData\Local\Android\Sdk\platform-tools\adb.exe -P 5037 -s CTGED020000261 shell dumpsys package io.appium.settings'
[debug] &amp#27;[35m[ADB]&amp#27;[39m The version name of the installed 'io.appium.settings' is greater or equal to the application version name ('3.2.1' >= '3.2.1')
[debug] &amp#27;[35m[ADB]&amp#27;[39m There is no need to install/upgrade 'C:\Users\Nissim Automation\AppData\Roaming\npm\node_modules\appium\node_modules\io.appium.settings\apks\settings_apk-debug.apk'
[debug] &amp#27;[35m[ADB]&amp#27;[39m Getting IDs of all 'io.appium.settings' processes
[debug] &amp#27;[35m[ADB]&amp#27;[39m Running 'C:\Users\Nissim Automation\AppData\Local\Android\Sdk\platform-tools\adb.exe -P 5037 -s CTGED020000261 shell 'pgrep --help; echo $?''
[debug] &amp#27;[35m[ADB]&amp#27;[39m Running 'C:\Users\Nissim Automation\AppData\Local\Android\Sdk\platform-tools\adb.exe -P 5037 -s CTGED020000261 shell pgrep -f \(\[\[:blank:\]\]\|\^\)io\.appium\.settings\(\[\[:blank:\]\]\|\$\)'
[debug] &amp#27;[35m[AndroidDriver]&amp#27;[39m io.appium.settings is already running. There is no need to reset its permissions.
[debug] &amp#27;[35m[ADB]&amp#27;[39m Running 'C:\Users\Nissim Automation\AppData\Local\Android\Sdk\platform-tools\adb.exe -P 5037 -s CTGED020000261 shell appops set io.appium.settings android:mock_location allow'
[debug] &amp#27;[35m[Logcat]&amp#27;[39m Starting logs capture with command: 'C:\\Users\\Nissim Automation\\AppData\\Local\\Android\\Sdk\\platform-tools\\adb.exe' -P 5037 -s CTGED020000261 logcat -v threadtime
&amp#27;[35m[ADB]&amp#27;[39m Getting device platform version
[debug] &amp#27;[35m[ADB]&amp#27;[39m Running 'C:\Users\Nissim Automation\AppData\Local\Android\Sdk\platform-tools\adb.exe -P 5037 -s CTGED020000261 shell getprop ro.build.version.release'
[debug] &amp#27;[35m[ADB]&amp#27;[39m Current device property 'ro.build.version.release': 9
[debug] &amp#27;[35m[ADB]&amp#27;[39m Running 'C:\Users\Nissim Automation\AppData\Local\Android\Sdk\platform-tools\adb.exe -P 5037 -s CTGED020000261 shell wm size'
[debug] &amp#27;[35m[ADB]&amp#27;[39m Running 'C:\Users\Nissim Automation\AppData\Local\Android\Sdk\platform-tools\adb.exe -P 5037 -s CTGED020000261 shell getprop ro.product.model'
[debug] &amp#27;[35m[ADB]&amp#27;[39m Current device property 'ro.product.model': CTGED02
[debug] &amp#27;[35m[ADB]&amp#27;[39m Running 'C:\Users\Nissim Automation\AppData\Local\Android\Sdk\platform-tools\adb.exe -P 5037 -s CTGED020000261 shell getprop ro.product.manufacturer'
[debug] &amp#27;[35m[ADB]&amp#27;[39m Current device property 'ro.product.manufacturer': sanmu
&amp#27;[35m[AndroidDriver]&amp#27;[39m No app sent in, not parsing package/activity
[debug] &amp#27;[35m[AndroidDriver]&amp#27;[39m No app capability. Assuming it is already on the device
[debug] &amp#27;[35m[AndroidBootstrap]&amp#27;[39m Watching for bootstrap disconnect
[debug] &amp#27;[35m[ADB]&amp#27;[39m Forwarding system: 4724 to device: 4724
[debug] &amp#27;[35m[ADB]&amp#27;[39m Running 'C:\Users\Nissim Automation\AppData\Local\Android\Sdk\platform-tools\adb.exe -P 5037 -s CTGED020000261 forward tcp:4724 tcp:4724'
[debug] &amp#27;[35m[UiAutomator]&amp#27;[39m Starting UiAutomator
[debug] &amp#27;[35m[UiAutomator]&amp#27;[39m Moving to state 'starting'
[debug] &amp#27;[35m[UiAutomator]&amp#27;[39m Parsing uiautomator jar
[debug] &amp#27;[35m[UiAutomator]&amp#27;[39m Found jar name: 'AppiumBootstrap.jar'
[debug] &amp#27;[35m[ADB]&amp#27;[39m Running 'C:\Users\Nissim Automation\AppData\Local\Android\Sdk\platform-tools\adb.exe -P 5037 -s CTGED020000261 shell mkdir -p /data/local'
[debug] &amp#27;[35m[ADB]&amp#27;[39m Running 'C:\Users\Nissim Automation\AppData\Local\Android\Sdk\platform-tools\adb.exe -P 5037 -s CTGED020000261 push 'C:\\Users\\Nissim Automation\\AppData\\Roaming\\npm\\node_modules\\appium\\node_modules\\appium-android-driver\\bootstrap\\bin\\AppiumBootstrap.jar' /data/local/tmp/'
[debug] &amp#27;[35m[ADB]&amp#27;[39m Attempting to kill all uiautomator processes
[debug] &amp#27;[35m[ADB]&amp#27;[39m Getting IDs of all 'uiautomator' processes
[debug] &amp#27;[35m[ADB]&amp#27;[39m Running 'C:\Users\Nissim Automation\AppData\Local\Android\Sdk\platform-tools\adb.exe -P 5037 -s CTGED020000261 shell pgrep -f \(\[\[:blank:\]\]\|\^\)uiautomator\(\[\[:blank:\]\]\|\$\)'
&amp#27;[35m[ADB]&amp#27;[39m No 'uiautomator' process has been found
[debug] &amp#27;[35m[UiAutomator]&amp#27;[39m Starting UIAutomator
[debug] &amp#27;[35m[ADB]&amp#27;[39m Creating ADB subprocess with args: ["-P",5037,"-s","CTGED020000261","shell","uiautomator","runtest","AppiumBootstrap.jar","-c","io.appium.android.bootstrap.Bootstrap","-e","pkg","com.communitake.mdc.supportsip","-e","disableAndroidWatchers",false,"-e","acceptSslCerts",false]
[debug] &amp#27;[35m[UiAutomator]&amp#27;[39m Moving to state 'online'
[debug] &amp#27;[35m[AndroidBootstrap]&amp#27;[39m [BOOTSTRAP LOG] [debug] Registered crash watchers.
&amp#27;[35m[AndroidBootstrap]&amp#27;[39m Android bootstrap socket is now connected
[debug] &amp#27;[35m[ADB]&amp#27;[39m Running 'C:\Users\Nissim Automation\AppData\Local\Android\Sdk\platform-tools\adb.exe -P 5037 -s CTGED020000261 shell dumpsys window'
[debug] &amp#27;[35m[AndroidBootstrap]&amp#27;[39m [BOOTSTRAP LOG] [debug] Client connected
&amp#27;[35m[AndroidDriver]&amp#27;[39m Screen already unlocked, doing nothing
[debug] &amp#27;[35m[ADB]&amp#27;[39m Running 'C:\Users\Nissim Automation\AppData\Local\Android\Sdk\platform-tools\adb.exe -P 5037 -s CTGED020000261 shell am start -W -n com.communitake.mdc.supportsip/com.communitake.mdc.SplashScreen -S -a android.intent.action.MAIN -c android.intent.category.LAUNCHER -f 0x10200000'
&amp#27;[35m[Appium]&amp#27;[39m New AndroidDriver session created successfully, session 5cd22c4d-4e8c-4cc4-9b1e-bd37693ac2e2 added to master session list
[debug] &amp#27;[35m[BaseDriver]&amp#27;[39m Event 'newSessionStarted' logged at 1609740180533 (08:03:00 GMT+0200 (Israel Standard Time))
[debug] &amp#27;[35m[W3C (5cd22c4d)]&amp#27;[39m Cached the protocol value 'W3C' for the new session 5cd22c4d-4e8c-4cc4-9b1e-bd37693ac2e2
[debug] &amp#27;[35m[W3C (5cd22c4d)]&amp#27;[39m Responding to client with driver.createSession() result: {"capabilities":{"platform":"LINUX","webStorageEnabled":false,"takesScreenshot":true,"javascriptEnabled":true,"databaseEnabled":false,"networkConnectionEnabled":true,"locationContextEnabled":false,"warnings":{},"desired":{"browserName":"","platformName":"android","appActivity":"com.communitake.mdc.SplashScreen","appPackage":"com.communitake.mdc.supportsip","automationName":"UiAutomator1","deviceName":"CTGED02","noReset":true,"platformVersion":"9","udid":"CTGED020000261"},"browserName":"","platformName":"android","appActivity":"com.communitake.mdc.SplashScreen","appPackage":"com.communitake.mdc.supportsip","automationName":"UiAutomator1","deviceName":"CTGED020000261","noReset":true,"platformVersion":"9","udid":"CTGED020000261","deviceUDID":"CTGED020000261","deviceScreenSize":"720x1440","deviceModel":"CTGED02","deviceManufacturer":"sanmu"}}
&amp#27;[35m[HTTP]&amp#27;[39m &amp#27;[37m<-- POST /wd/hub/session &amp#27;[39m&amp#27;[32m200&amp#27;[39m &amp#27;[90m5049 ms - 911&amp#27;[39m
&amp#27;[35m[HTTP]&amp#27;[39m &amp#27;[90m&amp#27;[39m
&amp#27;[35m[HTTP]&amp#27;[39m &amp#27;[37m-->&amp#27;[39m &amp#27;[37mGET&amp#27;[39m &amp#27;[37m/wd/hub/status&amp#27;[39m
&amp#27;[35m[HTTP]&amp#27;[39m &amp#27;[90m{}&amp#27;[39m
[debug] &amp#27;[35m[GENERIC]&amp#27;[39m Calling AppiumDriver.getStatus() with args: []
[debug] &amp#27;[35m[GENERIC]&amp#27;[39m Responding to client with driver.getStatus() result: {"build":{"version":"1.19.1"}}
&amp#27;[35m[HTTP]&amp#27;[39m &amp#27;[37m<-- GET /wd/hub/sttrue
atus &amp#27;[39m&amp#27;[32m200&amp#27;[39m &amp#27;[90m1 ms - 68&amp#27;[39m
&amp#27;[35m[HTTP]&amp#27;[39m &amp#27;[90m&amp#27;[39m
&amp#27;[35m[HTTP]&amp#27;[39m &amp#27;[37m-->&amp#27;[39m &amp#27;[37mPOST&amp#27;[39m &amp#27;[37m/wd/hub/session/5cd22c4d-4e8c-4cc4-9b1e-bd37693ac2e2/timeouts&amp#27;[39m
&amp#27;[35m[HTTP]&amp#27;[39m &amp#27;[90m{"implicit":10000}&amp#27;[39m
[debug] &amp#27;[35m[W3C (5cd22c4d)]&amp#27;[39m Calling AppiumDriver.timeouts() with args: [null,null,null,null,10000,"5cd22c4d-4e8c-4cc4-9b1e-bd37693ac2e2"]
[debug] &amp#27;[35m[BaseDriver]&amp#27;[39m W3C timeout argument: {"implicit":10000}}
[debug] &amp#27;[35m[BaseDriver]&amp#27;[39m Set implicit wait to 10000ms
[debug] &amp#27;[35m[W3C (5cd22c4d)]&amp#27;[39m Responding to client with driver.timeouts() result: null
&amp#27;[35m[HTTP]&amp#27;[39m &amp#27;[37m<-- POST /wd/hub/session/5cd22c4d-4e8c-4cc4-9b1e-bd37693ac2e2/timeouts &amp#27;[39m&amp#27;[32m200&amp#27;[39m &amp#27;[90m2 ms - 14&amp#27;[39m
&amp#27;[35m[HTTP]&amp#27;[39m &amp#27;[90m&amp#27;[39m
&amp#27;[35m[HTTP]&amp#27;[39m &amp#27;[37m-->&amp#27;[39m &amp#27;[37mGET&amp#27;[39m &amp#27;[37m/wd/hub/status&amp#27;[39m
&amp#27;[35m[HTTP]&amp#27;[39m &amp#27;[90m{}&amp#27;[39m
[debug] &amp#27;[35m[GENERIC]&amp#27;[39m Calling AppiumDriver.getStatus() with args: []
[debug] &amp#27;[35m[GENERIC]&amp#27;[39m Responding to client with driver.getStatus() result: {"build":{"version":"1.19.1"}}
&amp#27;[35m[HTTP]&amp#27;[39m &amp#27;[37m<-- GET /wd/hub/status &amp#27;[39m&amp#27;[32m200&amp#27;[39m &amp#27;[90m1 ms - 68&amp#27;[39m
&amp#27;[35m[HTTP]&amp#27;[39m &amp#27;[90m&amp#27;[39m
&amp#27;[35m[HTTP]&amp#27;[39m &amp#27;[37m-->&amp#27;[39m &amp#27;[37mPOST&amp#27;[39m &amp#27;[37m/wd/hub/session&amp#27;[39m
&amp#27;[35m[HTTP]&amp#27;[39m &amp#27;[90m{"desiredCapabilities":{"appActivity":"com.communitake.mdc.SplashScreen","appPackage":"com.communitake.mdc.supportsip","noReset":"true","platformVersion":"9","automationName":"UiAutomator1","browserName":"","platformName":"Android","udid":"CTGED020000261","deviceName":"CTGED02"},"capabilities":{"firstMatch":[{"appium:appActivity":"com.communitake.mdc.SplashScreen","appium:appPackage":"com.communitake.mdc.supportsip","appium:automationName":"UiAutomator1","browserName":"","appium:deviceName":"CTGED02","appium:noReset":"true","platformName":"android","appium:platformVersion":"9","appium:udid":"CTGED020000261"}]}}&amp#27;[39m
[debug] &amp#27;[35m[W3C]&amp#27;[39m Calling AppiumDriver.createSession() with args: [{"appActivity":"com.communitake.mdc.SplashScreen","appPackage":"com.communitake.mdc.supportsip","noReset":"true","platformVersion":"9","automationName":"UiAutomator1","browserName":"","platformName":"Android","udid":"CTGED020000261","deviceName":"CTGED02"},null,{"firstMatch":[{"appium:appActivity":"com.communitake.mdc.SplashScreen","appium:appPackage":"com.communitake.mdc.supportsip","appium:automationName":"UiAutomator1","browserName":"","appium:deviceName":"CTGED02","appium:noReset":"true","platformName":"android","appium:platformVersion":"9","appium:udid":"CTGED020000261"}]}]
[debug] &amp#27;[35m[BaseDriver]&amp#27;[39m Event 'newSessionRequested' logged at 1609740190764 (08:03:10 GMT+0200 (Israel Standard Time))
&amp#27;[35m[Appium]&amp#27;[39m Appium v1.19.1 creating new AndroidDriver (v4.41.0) session
[debug] &amp#27;[35m[BaseDriver]&amp#27;[39m W3C capabilities and MJSONWP desired capabilities were provided
[debug] &amp#27;[35m[BaseDriver]&amp#27;[39m Creating session with W3C capabilities: {
[debug] &amp#27;[35m[BaseDriver]&amp#27;[39m   "alwaysMatch": {
[debug] &amp#27;[35m[BaseDriver]&amp#27;[39m     "browserName": "",
[debug] &amp#27;[35m[BaseDriver]&amp#27;[39m     "platformName": "android",
[debug] &amp#27;[35m[BaseDriver]&amp#27;[39m     "appium:appActivity": "com.communitake.mdc.SplashScreen",
[debug] &amp#27;[35m[BaseDriver]&amp#27;[39m     "appium:appPackage": "com.communitake.mdc.supportsip",
[debug] &amp#27;[35m[BaseDriver]&amp#27;[39m     "appium:automationName": "UiAutomator1",
[debug] &amp#27;[35m[BaseDriver]&amp#27;[39m     "appium:deviceName": "CTGED02",
[debug] &amp#27;[35m[BaseDriver]&amp#27;[39m     "appium:noReset": "true",
[debug] &amp#27;[35m[BaseDriver]&amp#27;[39m     "appium:platformVersion": "9",
[debug] &amp#27;[35m[BaseDriver]&amp#27;[39m     "appium:udid": "CTGED020000261"
[debug] &amp#27;[35m[BaseDriver]&amp#27;[39m   },
[debug] &amp#27;[35m[BaseDriver]&amp#27;[39m   "firstMatch": [
[debug] &amp#27;[35m[BaseDriver]&amp#27;[39m     {}
[debug] &amp#27;[35m[BaseDriver]&amp#27;[39m   ]
[debug] &amp#27;[35m[BaseDriver]&amp#27;[39m }
&amp#27;[35m[BaseDriver]&amp#27;[39m Capability 'noReset' changed from string to boolean. This may cause unexpected behavior
&amp#27;[35m[BaseDriver]&amp#27;[39m Session created with session id: 23670370-4a0e-433c-b64b-e1940a9176a9
&amp#27;[35m[ADB]&amp#27;[39m Using 'adb.exe' from 'C:\Users\Nissim Automation\AppData\Local\Android\Sdk\platform-tools\adb.exe'
[debug] &amp#27;[35m[ADB]&amp#27;[39m Running 'C:\Users\Nissim Automation\AppData\Local\Android\Sdk\platform-tools\adb.exe -P 5037 start-server'
&amp#27;[35m[AndroidDriver]&amp#27;[39m Retrieving device list
[debug] &amp#27;[35m[ADB]&amp#27;[39m Trying to find a connected android device
[debug] &amp#27;[35m[ADB]&amp#27;[39m Getting connected devices
[debug] &amp#27;[35m[ADB]&amp#27;[39m Connected devices: [{"udid":"CTGED020000261","state":"device"}]
&amp#27;[35m[AndroidDriver]&amp#27;[39m Using device: CTGED020000261
&amp#27;[35m[ADB]&amp#27;[39m Using 'adb.exe' from 'C:\Users\Nissim Automation\AppData\Local\Android\Sdk\platform-tools\adb.exe'
[debug] &amp#27;[35m[ADB]&amp#27;[39m Running 'C:\Users\Nissim Automation\AppData\Local\Android\Sdk\platform-tools\adb.exe -P 5037 start-server'
[debug] &amp#27;[35m[ADB]&amp#27;[39m Setting device id to CTGED020000261
[debug] &amp#27;[35m[ADB]&amp#27;[39m Running 'C:\Users\Nissim Automation\AppData\Local\Android\Sdk\platform-tools\adb.exe -P 5037 -s CTGED020000261 shell getprop ro.build.version.sdk'
[debug] &amp#27;[35m[ADB]&amp#27;[39m Current device property 'ro.build.version.sdk': 28
&amp#27;[35m[ADB]&amp#27;[39m Getting device platform version
[debug] &amp#27;[35m[ADB]&amp#27;[39m Running 'C:\Users\Nissim Automation\AppData\Local\Android\Sdk\platform-tools\adb.exe -P 5037 -s CTGED020000261 shell getprop ro.build.version.release'
[debug] &amp#27;[35m[ADB]&amp#27;[39m Current device property 'ro.build.version.release': 9
[debug] &amp#27;[35m[ADB]&amp#27;[39m Device API level: 28
&amp#27;[35m[AndroidDriver]&amp#27;[39m Consider setting 'automationName' capability to 'uiautomator2' on Android >= 6, since UIAutomator framework is not maintained anymore by the OS vendor.
&amp#27;[35m[AndroidDriver]&amp#27;[39m App file was not listed, instead we're going to run com.communitake.mdc.supportsip directly on the device
[debug] &amp#27;[35m[AndroidDriver]&amp#27;[39m Checking whether package is present on the device
[debug] &amp#27;[35m[ADB]&amp#27;[39m Running 'C:\Users\Nissim Automation\AppData\Local\Android\Sdk\platform-tools\adb.exe -P 5037 -s CTGED020000261 shell pm list packages com.communitake.mdc.supportsip'
&amp#27;[35m[AndroidDriver]&amp#27;[39m Starting Android session
[debug] &amp#27;[35m[ADB]&amp#27;[39m Running 'C:\Users\Nissim Automation\AppData\Local\Android\Sdk\platform-tools\adb.exe -P 5037 -s CTGED020000261 wait-for-device'
[debug] &amp#27;[35m[ADB]&amp#27;[39m Running 'C:\Users\Nissim Automation\AppData\Local\Android\Sdk\platform-tools\adb.exe -P 5037 -s CTGED020000261 shell echo ping'
[debug] &amp#27;[35m[AndroidDriver]&amp#27;[39m Pushing settings apk to device...
[debug] &amp#27;[35m[ADB]&amp#27;[39m Getting install status for io.appium.settings
[debug] &amp#27;[35m[ADB]&amp#27;[39m Running 'C:\Users\Nissim Automation\AppData\Local\Android\Sdk\platform-tools\adb.exe -P 5037 -s CTGED020000261 shell dumpsys package io.appium.settings'
&amp#27;[35m[Appium]&amp#27;[39m Welcome to Appium v1.19.1
[debug] &amp#27;[35m[ADB]&amp#27;[39m 'io.appium.settings' is installed
[debug] &amp#27;[35m[ADB]&amp#27;[39m Getting package info for 'io.appium.settings'
[debug] &amp#27;[35m[ADB]&amp#27;[39m Running 'C:\Users\Ni&amp#27;s[s3i5mm [AHuTtToPm]a&amp#27;t[i3on\9Ampp DaCtoau\lLdo cnaolt\ Asntdarrotid \SRdEkS\Tp lhatttfpo rimn-tteoroflsa\acdeb .leixset -ePn e5r0.3 7T h-es  CTrGeqEuDe0s2t0e0d0 0p2o6r1t  smheally  daulmrpseyasd yp abcek aigne  iuo.sapep.i uPml.esaestet imnagkse' 
sure there is no other instance of this server running already.
Fatal Error: listen EADDRINUSE: address already in use 0.0.0.0:4723
    at Server.setupListenHandle [as _listen2] (net.js:1318:16)
    at listenInCluster (net.js:1366:12)
    at doListen (net.js:1503:7)
    at processTicksAndRejections (internal/process/task_queues.js:81:21)
[debug] &amp#27;[35m[ADB]&amp#27;[39m The version name of the installed 'io.appium.settings' is greater or equal to the application version name ('3.2.1' >= '3.2.1')
[debug] &amp#27;[35m[ADB]&amp#27;[39m There is no need to install/upgrade 'C:\Users\Nissim Automation\AppData\Roaming\npm\node_modules\appium\node_modules\io.appium.settings\apks\settings_apk-debug.apk'
[debug] &amp#27;[35m[ADB]&amp#27;[39m Getting IDs of all 'io.appium.settings' processes
[debug] &amp#27;[35m[ADB]&amp#27;[39m Running 'C:\Users\Nissim Automation\AppData\Local\Android\Sdk\platform-tools\adb.exe -P 5037 -s CTGED020000261 shell 'pgrep --help; echo $?''
[debug] &amp#27;[35m[ADB]&amp#27;[39m Running 'C:\Users\Nissim Automation\AppData\Local\Android\Sdk\platform-tools\adb.exe -P 5037 -s CTGED020000261 shell pgrep -f \(\[\[:blank:\]\]\|\^\)io\.appium\.settings\(\[\[:blank:\]\]\|\$\)'
[debug] &amp#27;[35m[AndroidDriver]&amp#27;[39m io.appium.settings is already running. There is no need to reset its permissions.
[debug] &amp#27;[35m[ADB]&amp#27;[39m Running 'C:\Users\Nissim Automation\AppData\Local\Android\Sdk\platform-tools\adb.exe -P 5037 -s CTGED020000261 shell appops set io.appium.settings android:mock_location allow'
[debug] &amp#27;[35m[Logcat]&amp#27;[39m Starting logs capture with command: 'C:\\Users\\Nissim Automation\\AppData\\Local\\Android\\Sdk\\platform-tools\\adb.exe' -P 5037 -s CTGED020000261 logcat -v threadtime
&amp#27;[35m[ADB]&amp#27;[39m Getting device platform version
[debug] &amp#27;[35m[ADB]&amp#27;[39m Running 'C:\Users\Nissim Automation\AppData\Local\Android\Sdk\platform-tools\adb.exe -P 5037 -s CTGED020000261 shell getprop ro.build.version.release'
[debug] &amp#27;[35m[ADB]&amp#27;[39m Current device property 'ro.build.version.release': 9
[debug] &amp#27;[35m[ADB]&amp#27;[39m Running 'C:\Users\Nissim Automation\AppData\Local\Android\Sdk\platform-tools\adb.exe -P 5037 -s CTGED020000261 shell wm size'
[debug] &amp#27;[35m[ADB]&amp#27;[39m Running 'C:\Users\Nissim Automation\AppData\Local\Android\Sdk\platform-tools\adb.exe -P 5037 -s CTGED020000261 shell getprop ro.product.model'
[debug] &amp#27;[35m[ADB]&amp#27;[39m Current device property 'ro.product.model': CTGED02
[debug] &amp#27;[35m[ADB]&amp#27;[39m Running 'C:\Users\Nissim Automation\AppData\Local\Android\Sdk\platform-tools\adb.exe -P 5037 -s CTGED020000261 shell getprop ro.product.manufacturer'
[debug] &amp#27;[35m[ADB]&amp#27;[39m Current device property 'ro.product.manufacturer': sanmu
&amp#27;[35m[AndroidDriver]&amp#27;[39m No app sent in, not parsing package/activity
[debug] &amp#27;[35m[AndroidDriver]&amp#27;[39m No app capability. Assuming it is already on the device
[debug] &amp#27;[35m[AndroidBootstrap]&amp#27;[39m Watching for bootstrap disconnect
[debug] &amp#27;[35m[ADB]&amp#27;[39m Forwarding system: 4724 to device: 4724
[debug] &amp#27;[35m[ADB]&amp#27;[39m Running 'C:\Users\Nissim Automation\AppData\Local\Android\Sdk\platform-tools\adb.exe -P 5037 -s CTGED020000261 forward tcp:4724 tcp:4724'
[debug] &amp#27;[35m[UiAutomator]&amp#27;[39m Starting UiAutomator
[debug] &amp#27;[35m[UiAutomator]&amp#27;[39m Moving to state 'starting'
[debug] &amp#27;[35m[UiAutomator]&amp#27;[39m Parsing uiautomator jar
[debug] &amp#27;[35m[UiAutomator]&amp#27;[39m Found jar name: 'AppiumBootstrap.jar'
[debug] &amp#27;[35m[ADB]&amp#27;[39m Running 'C:\Users\Nissim Automation\AppData\Local\Android\Sdk\platform-tools\adb.exe -P 5037 -s CTGED020000261 shell mkdir -p /data/local'
[debug] &amp#27;[35m[ADB]&amp#27;[39m Running 'C:\Users\Nissim Automation\AppData\Local\Android\Sdk\platform-tools\adb.exe -P 5037 -s CTGED020000261 push 'C:\\Users\\Nissim Automation\\AppData\\Roaming\\npm\\node_modules\\appium\\node_modules\\appium-android-driver\\bootstrap\\bin\\AppiumBootstrap.jar' /data/local/tmp/'
[debug] &amp#27;[35m[ADB]&amp#27;[39m Attempting to kill all uiautomator processes
[debug] &amp#27;[35m[ADB]&amp#27;[39m Getting IDs of all 'uiautomator' processes
[debug] &amp#27;[35m[ADB]&amp#27;[39m Running 'C:\Users\Nissim Automation\AppData\Local\Android\Sdk\platform-tools\adb.exe -P 5037 -s CTGED020000261 shell pgrep -f \(\[\[:blank:\]\]\|\^\)uiautomator\(\[\[:blank:\]\]\|\$\)'
[debug] &amp#27;[35m[ADB]&amp#27;[39m Attempting to kill process 6520
[debug] &amp#27;[35m[ADB]&amp#27;[39m Running 'C:\Users\Nissim Automation\AppData\Local\Android\Sdk\platform-tools\adb.exe -P 5037 -s CTGED020000261 shell kill 6520'
[debug] &amp#27;[35m[UiAutomator]&amp#27;[39m Starting UIAutomator
[debug] &amp#27;[35m[ADB]&amp#27;[39m Creating ADB subprocess with args: ["-P",5037,"-s","CTGED020000261","shell","uiautomator","runtest","AppiumBootstrap.jar","-c","io.appium.android.bootstrap.Bootstrap","-e","pkg","com.communitake.mdc.supportsip","-e","disableAndroidWatchers",false,"-e","acceptSslCerts",false]
&amp#27;[35m[UiAutomator]&amp#27;[39m UiAutomator exited unexpectedly with code 143, signal null
[debug] &amp#27;[35m[UiAutomator]&amp#27;[39m Moving to state 'stopped'
&amp#27;[35m[Appium]&amp#27;[39m Closing session, cause was 'UiAUtomator shut down unexpectedly'
&amp#27;[35m[Appium]&amp#27;[39m Removing session '5cd22c4d-4e8c-4cc4-9b1e-bd37693ac2e2' from our master session list
[debug] &amp#27;[35m[AndroidDriver]&amp#27;[39m Shutting down Android driver
[debug] &amp#27;[35m[ADB]&amp#27;[39m Running 'C:\Users\Nissim Automation\AppData\Local\Android\Sdk\platform-tools\adb.exe -P 5037 -s CTGED020000261 shell am force-stop com.communitake.mdc.supportsip'
[debug] &amp#27;[35m[ADB]&amp#27;[39m Pressing the HOME button
[debug] &amp#27;[35m[ADB]&amp#27;[39m Running 'C:\Users\Nissim Automation\AppData\Local\Android\Sdk\platform-tools\adb.exe -P 5037 -s CTGED020000261 shell input keyevent 3'
[debug] &amp#27;[35m[UiAutomator]&amp#27;[39m Moving to state 'online'
&amp#27;[35m[AndroidBootstrap]&amp#27;[39m Android bootstrap socket is now connected
[debug] &amp#27;[35m[ADB]&amp#27;[39m Running 'C:\Users\Nissim Automation\AppData\Local\Android\Sdk\platform-tools\adb.exe -P 5037 -s CTGED020000261 shell dumpsys window'
[debug] &amp#27;[35m[AndroidBootstrap]&amp#27;[39m [BOOTSTRAP LOG] [debug] Client connected
&amp#27;[35m[AndroidDriver]&amp#27;[39m Screen already unlocked, doing nothing
[debug] &amp#27;[35m[ADB]&amp#27;[39m Running 'C:\Users\Nissim Automation\AppData\Local\Android\Sdk\platform-tools\adb.exe -P 5037 -s CTGED020000261 shell am start -W -n com.communitake.mdc.supportsip/com.communitake.mdc.SplashScreen -S -a android.intent.action.MAIN -c android.intent.category.LAUNCHER -f 0x10200000'
&amp#27;[35m[AndroidBootstrap]&amp#27;[39m Cannot shut down Android bootstrap; it has already shut down
[debug] &amp#27;[35m[Logcat]&amp#27;[39m Stopping logcat capture
[debug] &amp#27;[35m[ADB]&amp#27;[39m Running 'C:\Users\Nissim Automation\AppData\Local\Android\Sdk\platform-tools\adb.exe -P 5037 -s CTGED020000261 shell am force-stop io.appium.unlock'
&amp#27;[35m[Appium]&amp#27;[39m New AndroidDriver session created successfully, session 23670370-4a0e-433c-b64b-e1940a9176a9 added to master session list
[debug] &amp#27;[35m[BaseDriver]&amp#27;[39m Event 'newSessionStarted' logged at 1609740197298 (08:03:17 GMT+0200 (Israel Standard Time))
[debug] &amp#27;[35m[W3C (23670370)]&amp#27;[39m Cached the protocol value 'W3C' for the new session 23670370-4a0e-433c-b64b-e1940a9176a9
[debug] &amp#27;[35m[W3C (23670370)]&amp#27;[39m Responding to client with driver.createSession() result: {"capabilities":{"platform":"LINUX","webStorageEnabled":false,"takesScreenshot":true,"javascriptEnabled":true,"databaseEnabled":false,"networkConnectionEnabled":true,"locationContextEnabled":false,"warnings":{},"desired":{"browserName":"","platformName":"android","appActivity":"com.communitake.mdc.SplashScreen","appPackage":"com.communitake.mdc.supportsip","automationName":"UiAutomator1","deviceName":"CTGED02","noReset":true,"platformVersion":"9","udid":"CTGED020000261"},"browserName":"","platformName":"android","appActivity":"com.communitake.mdc.SplashScreen","appPackage":"com.communitake.mdc.supportsip","automationName":"UiAutomator1","deviceName":"CTGED020000261","noReset":true,"platformVersion":"9","udid":"CTGED020000261","deviceUDID":"CTGED020000261","deviceScreenSize":"720x1440","deviceModel":"CTGED02","deviceManufacturer":"sanmu"}}
&amp#27;[35m[HTTP]&amp#27;[39m &amp#27;[37m<-- POST /wd/hub/session &amp#27;[39m&amp#27;[32m200&amp#27;[39m &amp#27;[90m6535 ms - 911&amp#27;[39m
&amp#27;[35m[HTTP]&amp#27;[39m &amp#27;[90m&amp#27;[39m
false
&amp#27;[35m[HTTP]&amp#27;[39m &amp#27;[37m-->&amp#27;[39m &amp#27;[37mPOST&amp#27;[39m &amp#27;[37m/wd/hub/session/23670370-4a0e-433c-b64b-e1940a9176a9/timeouts&amp#27;[39m
&amp#27;[35m[HTTP]&amp#27;[39m &amp#27;[90m{"implicit":10000}&amp#27;[39m
[debug] &amp#27;[35m[W3C (23670370)]&amp#27;[39m Calling AppiumDriver.timeouts() with args: [null,null,null,null,10000,"23670370-4a0e-433c-b64b-e1940a9176a9"]
[debug] &amp#27;[35m[BaseDriver]&amp#27;[39m W3C timeout argument: {"implicit":10000}}
[debug] &amp#27;[35m[BaseDriver]&amp#27;[39m Set implicit wait to 10000ms
[debug] &amp#27;[35m[W3C (23670370)]&amp#27;[39m Responding to client with driver.timeouts() result: null
&amp#27;[35m[HTTP]&amp#27;[39m &amp#27;[37m<-- POST /wd/hub/session/23670370-4a0e-433c-b64b-e1940a9176a9/timeouts &amp#27;[39m&amp#27;[32m200&amp#27;[39m &amp#27;[90m2 ms - 14&amp#27;[39m
&amp#27;[35m[HTTP]&amp#27;[39m &amp#27;[90m&amp#27;[39m
&amp#27;[35m[HTTP]&amp#27;[39m &amp#27;[37m-->&amp#27;[39m &amp#27;[37mGET&amp#27;[39m &amp#27;[37m/wd/hub/session/23670370-4a0e-433c-b64b-e1940a9176a9/context&amp#27;[39m
&amp#27;[35m[HTTP]&amp#27;[39m &amp#27;[90m{}&amp#27;[39m
[debug] &amp#27;[35m[W3C (23670370)]&amp#27;[39m Calling AppiumDriver.getCurrentContext() with args: ["23670370-4a0e-433c-b64b-e1940a9176a9"]
[debug] &amp#27;[35m[W3C (23670370)]&amp#27;[39m Responding to client with driver.getCurrentContext() result: "NATIVE_APP"
&amp#27;[35m[HTTP]&amp#27;[39m &amp#27;[37m<-- GET /wd/hub/session/23670370-4a0e-433c-b64b-e1940a9176a9/context &amp#27;[39m&amp#27;[32m200&amp#27;[39m &amp#27;[90m4 ms - 22&amp#27;[39m
&amp#27;[35m[HTTP]&amp#27;[39m &amp#27;[90m&amp#27;[39m
&amp#27;[35m[HTTP]&amp#27;[39m &amp#27;[37m-->&amp#27;[39m &amp#27;[37mPOST&amp#27;[39m &amp#27;[37m/wd/hub/session/23670370-4a0e-433c-b64b-e1940a9176a9/element&amp#27;[39m
&amp#27;[35m[HTTP]&amp#27;[39m &amp#27;[90m{"using":"id","value":"com.communitake.mdc.supportsip:id/menuImage"}&amp#27;[39m
[debug] &amp#27;[35m[W3C (23670370)]&amp#27;[39m Calling AppiumDriver.findElement() with args: ["id","com.communitake.mdc.supportsip:id/menuImage","23670370-4a0e-433c-b64b-e1940a9176a9"]
[debug] &amp#27;[35m[BaseDriver]&amp#27;[39m Valid locator strategies for this request: xpath, id, class name, accessibility id, -android uiautomator
[debug] &amp#27;[35m[BaseDriver]&amp#27;[39m Waiting up to 10000 ms for condition
[debug] &amp#27;[35m[AndroidBootstrap]&amp#27;[39m Sending command to android: {"cmd":"action","action":"find","params":{"strategy":"id","selector":"com.communitake.mdc.supportsip:id/menuImage","context":"","multiple":false}}
[debug] &amp#27;[35m[AndroidBootstrap]&amp#27;[39m [BOOTSTRAP LOG] [debug] Got data from client: {"cmd":"action","action":"find","params":{"strategy":"id","selector":"com.communitake.mdc.supportsip:id/menuImage","context":"","multiple":false}}
[debug] &amp#27;[35m[AndroidBootstrap]&amp#27;[39m [BOOTSTRAP LOG] [debug] Got command of type ACTION
[debug] &amp#27;[35m[AndroidBootstrap]&amp#27;[39m [BOOTSTRAP LOG] [debug] Got command action: find
[debug] &amp#27;[35m[AndroidBootstrap]&amp#27;[39m [BOOTSTRAP LOG] [debug] Finding 'com.communitake.mdc.supportsip:id/menuImage' using 'ID' with the contextId: '' multiple: false
[debug] &amp#27;[35m[AndroidBootstrap]&amp#27;[39m [BOOTSTRAP LOG] [debug] Using: UiSelector[INSTANCE=0, RESOURCE_ID=com.communitake.mdc.supportsip:id/menuImage]
[debug] &amp#27;[35m[AndroidBootstrap]&amp#27;[39m [BOOTSTRAP LOG] [debug] Failed to locate element. Clearing Accessibility cache and retrying.
[debug] &amp#27;[35m[AndroidBootstrap]&amp#27;[39m [BOOTSTRAP LOG] [debug] Finding 'com.communitake.mdc.supportsip:id/menuImage' using 'ID' with the contextId: '' multiple: false
[debug] &amp#27;[35m[AndroidBootstrap]&amp#27;[39m [BOOTSTRAP LOG] [debug] Using: UiSelector[INSTANCE=0, RESOURCE_ID=com.communitake.mdc.supportsip:id/menuImage]
[debug] &amp#27;[35m[AndroidBootstrap]&amp#27;[39m [BOOTSTRAP LOG] [debug] Returning result: {"status":7,"value":"No element found"}
[debug] &amp#27;[35m[AndroidBootstrap]&amp#27;[39m Received command result from bootstrap
[debug] &amp#27;[35m[MJSONWP]&amp#27;[39m Matched JSONWP error code 7 to NoSuchElementError
[debug] &amp#27;[35m[BaseDriver]&amp#27;[39m Waited for 56 ms so far
[debug] &amp#27;[35m[AndroidBootstrap]&amp#27;[39m Sending command to android: {"cmd":"action","action":"find","params":{"strategy":"id","selector":"com.communitake.mdc.supportsip:id/menuImage","context":"","multiple":false}}
[debug] &amp#27;[35m[AndroidBootstrap]&amp#27;[39m [BOOTSTRAP LOG] [debug] Got data from client: {"cmd":"action","action":"find","params":{"strategy":"id","selector":"com.communitake.mdc.supportsip:id/menuImage","context":"","multiple":false}}
[debug] &amp#27;[35m[AndroidBootstrap]&amp#27;[39m [BOOTSTRAP LOG] [debug] Got command of type ACTION
[debug] &amp#27;[35m[AndroidBootstrap]&amp#27;[39m [BOOTSTRAP LOG] [debug] Got command action: find
[debug] &amp#27;[35m[AndroidBootstrap]&amp#27;[39m [BOOTSTRAP LOG] [debug] Finding 'com.communitake.mdc.supportsip:id/menuImage' using 'ID' with the contextId: '' multiple: false
[debug] &amp#27;[35m[AndroidBootstrap]&amp#27;[39m [BOOTSTRAP LOG] [debug] Using: UiSelector[INSTANCE=0, RESOURCE_ID=com.communitake.mdc.supportsip:id/menuImage]
[debug] &amp#27;[35m[AndroidBootstrap]&amp#27;[39m [BOOTSTRAP LOG] [debug] Failed to locate element. Clearing Accessibility cache and retrying.
[debug] &amp#27;[35m[AndroidBootstrap]&amp#27;[39m [BOOTSTRAP LOG] [debug] Finding 'com.communitake.mdc.supportsip:id/menuImage' using 'ID' with the contextId: '' multiple: false
[debug] &amp#27;[35m[AndroidBootstrap]&amp#27;[39m [BOOTSTRAP LOG] [debug] Using: UiSelector[INSTANCE=0, RESOURCE_ID=com.communitake.mdc.supportsip:id/menuImage]
[debug] &amp#27;[35m[AndroidBootstrap]&amp#27;[39m Received command result from bootstrap
[debug] &amp#27;[35m[MJSONWP]&amp#27;[39m Matched JSONWP error code 7 to NoSuchElementError
[debug] &amp#27;[35m[BaseDriver]&amp#27;[39m Waited for 5000 ms so far
[debug] &amp#27;[35m[AndroidBootstrap]&amp#27;[39m [BOOTSTRAP LOG] [debug] Returning result: {"status":7,"value":"No element found"}
[debug] &amp#27;[35m[AndroidBootstrap]&amp#27;[39m Sending command to android: {"cmd":"action","action":"find","params":{"strategy":"id","selector":"com.communitake.mdc.supportsip:id/menuImage","context":"","multiple":false}}
[debug] &amp#27;[35m[AndroidBootstrap]&amp#27;[39m [BOOTSTRAP LOG] [debug] Got data from client: {"cmd":"action","action":"find","params":{"strategy":"id","selector":"com.communitake.mdc.supportsip:id/menuImage","context":"","multiple":false}}
[debug] &amp#27;[35m[AndroidBootstrap]&amp#27;[39m [BOOTSTRAP LOG] [debug] Got command of type ACTION
[debug] &amp#27;[35m[AndroidBootstrap]&amp#27;[39m [BOOTSTRAP LOG] [debug] Got command action: find
[debug] &amp#27;[35m[AndroidBootstrap]&amp#27;[39m [BOOTSTRAP LOG] [debug] Finding 'com.communitake.mdc.supportsip:id/menuImage' using 'ID' with the contextId: '' multiple: false
[debug] &amp#27;[35m[AndroidBootstrap]&amp#27;[39m [BOOTSTRAP LOG] [debug] Using: UiSelector[INSTANCE=0, RESOURCE_ID=com.communitake.mdc.supportsip:id/menuImage]
[debug] &amp#27;[35m[AndroidBootstrap]&amp#27;[39m Received command result from bootstrap
[debug] &amp#27;[35m[AndroidBootstrap]&amp#27;[39m [BOOTSTRAP LOG] [debug] Returning result: {"status":0,"value":{"ELEMENT":"1"}}
[debug] &amp#27;[35m[W3C (23670370)]&amp#27;[39m Responding to client with driver.findElement() result: {"element-6066-11e4-a52e-4f735466cecf":"1","ELEMENT":"1"}
&amp#27;[35m[HTTP]&amp#27;[39m &amp#27;[37m<-- POST /wd/hub/session/23670370-4a0e-433c-b64b-e1940a9176a9/element &amp#27;[39m&amp#27;[32m200&amp#27;[39m &amp#27;[90m6117 ms - 67&amp#27;[39m
&amp#27;[35m[HTTP]&amp#27;[39m &amp#27;[90m&amp#27;[39m
&amp#27;[35m[HTTP]&amp#27;[39m &amp#27;[37m-->&amp#27;[39m &amp#27;[37mPOST&amp#27;[39m &amp#27;[37m/wd/hub/session/23670370-4a0e-433c-b64b-e1940a9176a9/element/1/click&amp#27;[39m
&amp#27;[35m[HTTP]&amp#27;[39m &amp#27;[90m{"id":"1"}&amp#27;[39m
[debug] &amp#27;[35m[W3C (23670370)]&amp#27;[39m Calling AppiumDriver.click() with args: ["1","23670370-4a0e-433c-b64b-e1940a9176a9"]
[debug] &amp#27;[35m[AndroidBootstrap]&amp#27;[39m Sending command to android: {"cmd":"action","action":"element:click","params":{"elementId":"1"}}
[debug] &amp#27;[35m[AndroidBootstrap]&amp#27;[39m [BOOTSTRAP LOG] [debug] Got data from client: {"cmd":"action","action":"element:click","params":{"elementId":"1"}}
[debug] &amp#27;[35m[AndroidBootstrap]&amp#27;[39m [BOOTSTRAP LOG] [debug] Got command of type ACTION
[debug] &amp#27;[35m[AndroidBootstrap]&amp#27;[39m [BOOTSTRAP LOG] [debug] Got command action: click
[debug] &amp#27;[35m[AndroidBootstrap]&amp#27;[39m [BOOTSTRAP LOG] [debug] Returning result: {"status":0,"value":true}
[debug] &amp#27;[35m[AndroidBootstrap]&amp#27;[39m Received command result from bootstrap
[debug] &amp#27;[35m[W3C (23670370)]&amp#27;[39m Responding to client with driver.click() result: true
&amp#27;[35m[HTTP]&amp#27;[39m &amp#27;[37m<-- POST /wd/hub/session/23670370-4a0e-433c-b64b-e1940a9176a9/element/1/click &amp#27;[39m&amp#27;[32m200&amp#27;[39m &amp#27;[90m337 ms - 14&amp#27;[39m
&amp#27;[35m[HTTP]&amp#27;[39m &amp#27;[90m&amp#27;[39m
&amp#27;[35m[HTTP]&amp#27;[39m &amp#27;[37m-->&amp#27;[39m &amp#27;[37mGET&amp#27;[39m &amp#27;[37m/wd/hub/session/23670370-4a0e-433c-b64b-e1940a9176a9/context&amp#27;[39m
&amp#27;[35m[HTTP]&amp#27;[39m &amp#27;[90m{}&amp#27;[39m
[debug] &amp#27;[35m[W3C (23670370)]&amp#27;[39m Calling AppiumDriver.getCurrentContext() with args: ["23670370-4a0e-433c-b64b-e1940a9176a9"]
[debug] &amp#27;[35m[W3C (23670370)]&amp#27;[39m Responding to client with driver.getCurrentContext() result: "NATIVE_APP"
&amp#27;[35m[HTTP]&amp#27;[39m &amp#27;[37m<-- GET /wd/hub/session/23670370-4a0e-433c-b64b-e1940a9176a9/context &amp#27;[39m&amp#27;[32m200&amp#27;[39m &amp#27;[90m5 ms - 22&amp#27;[39m
&amp#27;[35m[HTTP]&amp#27;[39m &amp#27;[90m&amp#27;[39m
&amp#27;[35m[HTTP]&amp#27;[39m &amp#27;[37m-->&amp#27;[39m &amp#27;[37mPOST&amp#27;[39m &amp#27;[37m/wd/hub/session/23670370-4a0e-433c-b64b-e1940a9176a9/elements&amp#27;[39m
&amp#27;[35m[HTTP]&amp#27;[39m &amp#27;[90m{"using":"id","value":"android:id/title"}&amp#27;[39m
[debug] &amp#27;[35m[W3C (23670370)]&amp#27;[39m Calling AppiumDriver.findElements() with args: ["id","android:id/title","23670370-4a0e-433c-b64b-e1940a9176a9"]
[debug] &amp#27;[35m[BaseDriver]&amp#27;[39m Valid locator strategies for this request: xpath, id, class name, accessibility id, -android uiautomator
[debug] &amp#27;[35m[BaseDriver]&amp#27;[39m Waiting up to 10000 ms for condition
[debug] &amp#27;[35m[AndroidBootstrap]&amp#27;[39m Sending command to android: {"cmd":"action","action":"find","params":{"strategy":"id","selector":"android:id/title","context":"","multiple":true}}
[debug] &amp#27;[35m[AndroidBootstrap]&amp#27;[39m [BOOTSTRAP LOG] [debug] Got data from client: {"cmd":"action","action":"find","params":{"strategy":"id","selector":"android:id/title","context":"","multiple":true}}
[debug] &amp#27;[35m[AndroidBootstrap]&amp#27;[39m [BOOTSTRAP LOG] [debug] Got command of type ACTION
[debug] &amp#27;[35m[AndroidBootstrap]&amp#27;[39m [BOOTSTRAP LOG] [debug] Got command action: find
[debug] &amp#27;[35m[AndroidBootstrap]&amp#27;[39m [BOOTSTRAP LOG] [debug] Finding 'android:id/title' using 'ID' with the contextId: '' multiple: true
[debug] &amp#27;[35m[AndroidBootstrap]&amp#27;[39m [BOOTSTRAP LOG] [debug] Using: UiSelector[RESOURCE_ID=android:id/title]
[debug] &amp#27;[35m[AndroidBootstrap]&amp#27;[39m [BOOTSTRAP LOG] [debug] getElements selector:UiSelector[RESOURCE_ID=android:id/title]
[debug] &amp#27;[35m[AndroidBootstrap]&amp#27;[39m [BOOTSTRAP LOG] [debug] Element[] is null: (0)
[debug] &amp#27;[35m[AndroidBootstrap]&amp#27;[39m [BOOTSTRAP LOG] [debug] getElements tmp selector:UiSelector[INSTANCE=0, RESOURCE_ID=android:id/title]
[debug] &amp#27;[35m[AndroidBootstrap]&amp#27;[39m [BOOTSTRAP LOG] [debug] Element[] is null: (1)
[debug] &amp#27;[35m[AndroidBootstrap]&amp#27;[39m [BOOTSTRAP LOG] [debug] getElements tmp selector:UiSelector[INSTANCE=1, RESOURCE_ID=android:id/title]
[debug] &amp#27;[35m[AndroidBootstrap]&amp#27;[39m [BOOTSTRAP LOG] [debug] Element[] is null: (2)
[debug] &amp#27;[35m[AndroidBootstrap]&amp#27;[39m [BOOTSTRAP LOG] [debug] getElements tmp selector:UiSelector[INSTANCE=2, RESOURCE_ID=android:id/title]
[debug] &amp#27;[35m[AndroidBootstrap]&amp#27;[39m Received command result from bootstrap
[debug] &amp#27;[35m[W3C (23670370)]&amp#27;[39m Responding to client with driver.findElements() result: [{"element-6066-11e4-a52e-4f735466cecf":"2","ELEMENT":"2"},{"element-6066-11e4-a52e-4f735466cecf":"3","ELEMENT":"3"}]
&amp#27;[35m[HTTP]&amp#27;[39m &amp#27;[37m<-- POST /wd/hub/session/23670370-4a0e-433c-b64b-e1940a9176a9/elements &amp#27;[39m&amp#27;[32m200&amp#27;[39m &amp#27;[90m879 ms - 127&amp#27;[39m
&amp#27;[35m[HTTP]&amp#27;[39m &amp#27;[90m&amp#27;[39m
[debug] &amp#27;[35m[AndroidBootstrap]&amp#27;[39m [BOOTSTRAP LOG] [debug] Returning result: {"status":0,"value":[{"ELEMENT":"2"},{"ELEMENT":"3"}]}
&amp#27;[35m[HTTP]&amp#27;[39m &amp#27;[37m-->&amp#27;[39m &amp#27;[37mPOST&amp#27;[39m &amp#27;[37m/wd/hub/session/23670370-4a0e-433c-b64b-e1940a9176a9/element/2/click&amp#27;[39m
&amp#27;[35m[HTTP]&amp#27;[39m &amp#27;[90m{"id":"2"}&amp#27;[39m
[debug] &amp#27;[35m[W3C (23670370)]&amp#27;[39m Calling AppiumDriver.click() with args: ["2","23670370-4a0e-433c-b64b-e1940a9176a9"]
[debug] &amp#27;[35m[AndroidBootstrap]&amp#27;[39m Sending command to android: {"cmd":"action","action":"element:click","params":{"elementId":"2"}}
[debug] &amp#27;[35m[AndroidBootstrap]&amp#27;[39m [BOOTSTRAP LOG] [debug] Got data from client: {"cmd":"action","action":"element:click","params":{"elementId":"2"}}
[debug] &amp#27;[35m[AndroidBootstrap]&amp#27;[39m [BOOTSTRAP LOG] [debug] Got command of type ACTION
[debug] &amp#27;[35m[AndroidBootstrap]&amp#27;[39m [BOOTSTRAP LOG] [debug] Got command action: click
[debug] &amp#27;[35m[AndroidBootstrap]&amp#27;[39m Received command result from bootstrap
[debug] &amp#27;[35m[W3C (23670370)]&amp#27;[39m Responding to client with driver.click() result: true
&amp#27;[35m[HTTP]&amp#27;[39m &amp#27;[37m<-- POST /wd/hub/session/23670370-4a0e-433c-b64b-e1940a9176a9/element/2/click &amp#27;[39m&amp#27;[32m200&amp#27;[39m &amp#27;[90m167 ms - 14&amp#27;[39m
&amp#27;[35m[HTTP]&amp#27;[39m &amp#27;[90m&amp#27;[39m
[debug] &amp#27;[35m[AndroidBootstrap]&amp#27;[39m [BOOTSTRAP LOG] [debug] Returning result: {"status":0,"value":true}
&amp#27;[35m[HTTP]&amp#27;[39m &amp#27;[37m-->&amp#27;[39m &amp#27;[37mGET&amp#27;[39m &amp#27;[37m/wd/hub/session/23670370-4a0e-433c-b64b-e1940a9176a9/context&amp#27;[39m
&amp#27;[35m[HTTP]&amp#27;[39m &amp#27;[90m{}&amp#27;[39m
[debug] &amp#27;[35m[W3C (23670370)]&amp#27;[39m Calling AppiumDriver.getCurrentContext() with args: ["23670370-4a0e-433c-b64b-e1940a9176a9"]
[debug] &amp#27;[35m[W3C (23670370)]&amp#27;[39m Responding to client with driver.getCurrentContext() result: "NATIVE_APP"
&amp#27;[35m[HTTP]&amp#27;[39m &amp#27;[37m<-- GET /wd/hub/session/23670370-4a0e-433c-b64b-e1940a9176a9/context &amp#27;[39m&amp#27;[32m200&amp#27;[39m &amp#27;[90m4 ms - 22&amp#27;[39m
&amp#27;[35m[HTTP]&amp#27;[39m &amp#27;[90m&amp#27;[39m
&amp#27;[35m[HTTP]&amp#27;[39m &amp#27;[37m-->&amp#27;[39m &amp#27;[37mPOST&amp#27;[39m &amp#27;[37m/wd/hub/session/23670370-4a0e-433c-b64b-e1940a9176a9/element&amp#27;[39m
&amp#27;[35m[HTTP]&amp#27;[39m &amp#27;[90m{"using":"id","value":"com.communitake.mdc.supportsip:id/menuImage"}&amp#27;[39m
[debug] &amp#27;[35m[W3C (23670370)]&amp#27;[39m Calling AppiumDriver.findElement() with args: ["id","com.communitake.mdc.supportsip:id/menuImage","23670370-4a0e-433c-b64b-e1940a9176a9"]
[debug] &amp#27;[35m[BaseDriver]&amp#27;[39m Valid locator strategies for this request: xpath, id, class name, accessibility id, -android uiautomator
[debug] &amp#27;[35m[BaseDriver]&amp#27;[39m Waiting up to 10000 ms for condition
[debug] &amp#27;[35m[AndroidBootstrap]&amp#27;[39m Sending command to android: {"cmd":"action","action":"find","params":{"strategy":"id","selector":"com.communitake.mdc.supportsip:id/menuImage","context":"","multiple":false}}
[debug] &amp#27;[35m[AndroidBootstrap]&amp#27;[39m [BOOTSTRAP LOG] [debug] Got data from client: {"cmd":"action","action":"find","params":{"strategy":"id","selector":"com.communitake.mdc.supportsip:id/menuImage","context":"","multiple":false}}
[debug] &amp#27;[35m[AndroidBootstrap]&amp#27;[39m [BOOTSTRAP LOG] [debug] Got command of type ACTION
[debug] &amp#27;[35m[AndroidBootstrap]&amp#27;[39m [BOOTSTRAP LOG] [debug] Got command action: find
[debug] &amp#27;[35m[AndroidBootstrap]&amp#27;[39m [BOOTSTRAP LOG] [debug] Finding 'com.communitake.mdc.supportsip:id/menuImage' using 'ID' with the contextId: '' multiple: false
[debug] &amp#27;[35m[AndroidBootstrap]&amp#27;[39m [BOOTSTRAP LOG] [debug] Using: UiSelector[INSTANCE=0, RESOURCE_ID=com.communitake.mdc.supportsip:id/menuImage]
[debug] &amp#27;[35m[AndroidBootstrap]&amp#27;[39m Received command result from bootstrap
[debug] &amp#27;[35m[AndroidBootstrap]&amp#27;[39m [BOOTSTRAP LOG] [debug] Returning result: {"status":0,"value":{"ELEMENT":"4"}}
[debug] &amp#27;[35m[W3C (23670370)]&amp#27;[39m Responding to client with driver.findElement() result: {"element-6066-11e4-a52e-4f735466cecf":"4","ELEMENT":"4"}
&amp#27;[35m[HTTP]&amp#27;[39m &amp#27;[37m<-- POST /wd/hub/session/23670370-4a0e-433c-b64b-e1940a9176a9/element &amp#27;[39m&amp#27;[32m200&amp#27;[39m &amp#27;[90m552 ms - 67&amp#27;[39m
&amp#27;[35m[HTTP]&amp#27;[39m &amp#27;[90m&amp#27;[39m
&amp#27;[35m[HTTP]&amp#27;[39m &amp#27;[37m-->&amp#27;[39m &amp#27;[37mPOST&amp#27;[39m &amp#27;[37m/wd/hub/session/23670370-4a0e-433c-b64b-e1940a9176a9/element/4/click&amp#27;[39m
&amp#27;[35m[HTTP]&amp#27;[39m &amp#27;[90m{"id":"4"}&amp#27;[39m
[debug] &amp#27;[35m[W3C (23670370)]&amp#27;[39m Calling AppiumDriver.click() with args: ["4","23670370-4a0e-433c-b64b-e1940a9176a9"]
[debug] &amp#27;[35m[AndroidBootstrap]&amp#27;[39m Sending command to android: {"cmd":"action","action":"element:click","params":{"elementId":"4"}}
[debug] &amp#27;[35m[AndroidBootstrap]&amp#27;[39m [BOOTSTRAP LOG] [debug] Got data from client: {"cmd":"action","action":"element:click","params":{"elementId":"4"}}
[debug] &amp#27;[35m[AndroidBootstrap]&amp#27;[39m [BOOTSTRAP LOG] [debug] Got command of type ACTION
[debug] &amp#27;[35m[AndroidBootstrap]&amp#27;[39m [BOOTSTRAP LOG] [debug] Got command action: click
[debug] &amp#27;[35m[AndroidBootstrap]&amp#27;[39m Received command result from bootstrap
[debug] &amp#27;[35m[W3C (23670370)]&amp#27;[39m Responding to client with driver.click() result: true
&amp#27;[35m[HTTP]&amp#27;[39m &amp#27;[37m<-- POST /wd/hub/session/23670370-4a0e-433c-b64b-e1940a9176a9/element/4/click &amp#27;[39m&amp#27;[32m200&amp#27;[39m &amp#27;[90m362 ms - 14&amp#27;[39m
&amp#27;[35m[HTTP]&amp#27;[39m &amp#27;[90m&amp#27;[39m
[debug] &amp#27;[35m[AndroidBootstrap]&amp#27;[39m [BOOTSTRAP LOG] [debug] Returning result: {"status":0,"value":true}
&amp#27;[35m[HTTP]&amp#27;[39m &amp#27;[37m-->&amp#27;[39m &amp#27;[37mGET&amp#27;[39m &amp#27;[37m/wd/hub/session/23670370-4a0e-433c-b64b-e1940a9176a9/context&amp#27;[39m
&amp#27;[35m[HTTP]&amp#27;[39m &amp#27;[90m{}&amp#27;[39m
[debug] &amp#27;[35m[W3C (23670370)]&amp#27;[39m Calling AppiumDriver.getCurrentContext() with args: ["23670370-4a0e-433c-b64b-e1940a9176a9"]
[debug] &amp#27;[35m[W3C (23670370)]&amp#27;[39m Responding to client with driver.getCurrentContext() result: "NATIVE_APP"
&amp#27;[35m[HTTP]&amp#27;[39m &amp#27;[37m<-- GET /wd/hub/session/23670370-4a0e-433c-b64b-e1940a9176a9/context &amp#27;[39m&amp#27;[32m200&amp#27;[39m &amp#27;[90m1 ms - 22&amp#27;[39m
&amp#27;[35m[HTTP]&amp#27;[39m &amp#27;[90m&amp#27;[39m
&amp#27;[35m[HTTP]&amp#27;[39m &amp#27;[37m-->&amp#27;[39m &amp#27;[37mPOST&amp#27;[39m &amp#27;[37m/wd/hub/session/23670370-4a0e-433c-b64b-e1940a9176a9/elements&amp#27;[39m
&amp#27;[35m[HTTP]&amp#27;[39m &amp#27;[90m{"using":"id","value":"android:id/title"}&amp#27;[39m
[debug] &amp#27;[35m[W3C (23670370)]&amp#27;[39m Calling AppiumDriver.findElements() with args: ["id","android:id/title","23670370-4a0e-433c-b64b-e1940a9176a9"]
[debug] &amp#27;[35m[BaseDriver]&amp#27;[39m Valid locator strategies for this request: xpath, id, class name, accessibility id, -android uiautomator
[debug] &amp#27;[35m[BaseDriver]&amp#27;[39m Waiting up to 10000 ms for condition
[debug] &amp#27;[35m[AndroidBootstrap]&amp#27;[39m Sending command to android: {"cmd":"action","action":"find","params":{"strategy":"id","selector":"android:id/title","context":"","multiple":true}}
[debug] &amp#27;[35m[AndroidBootstrap]&amp#27;[39m [BOOTSTRAP LOG] [debug] Got data from client: {"cmd":"action","action":"find","params":{"strategy":"id","selector":"android:id/title","context":"","multiple":true}}
[debug] &amp#27;[35m[AndroidBootstrap]&amp#27;[39m [BOOTSTRAP LOG] [debug] Got command of type ACTION
[debug] &amp#27;[35m[AndroidBootstrap]&amp#27;[39m [BOOTSTRAP LOG] [debug] Got command action: find
[debug] &amp#27;[35m[AndroidBootstrap]&amp#27;[39m [BOOTSTRAP LOG] [debug] Finding 'android:id/title' using 'ID' with the contextId: '' multiple: true
[debug] &amp#27;[35m[AndroidBootstrap]&amp#27;[39m [BOOTSTRAP LOG] [debug] Using: UiSelector[RESOURCE_ID=android:id/title]
[debug] &amp#27;[35m[AndroidBootstrap]&amp#27;[39m [BOOTSTRAP LOG] [debug] getElements selector:UiSelector[RESOURCE_ID=android:id/title]
[debug] &amp#27;[35m[AndroidBootstrap]&amp#27;[39m [BOOTSTRAP LOG] [debug] Element[] is null: (0)
[debug] &amp#27;[35m[AndroidBootstrap]&amp#27;[39m [BOOTSTRAP LOG] [debug] getElements tmp selector:UiSelector[INSTANCE=0, RESOURCE_ID=android:id/title]
[debug] &amp#27;[35m[AndroidBootstrap]&amp#27;[39m [BOOTSTRAP LOG] [debug] Element[] is null: (1)
[debug] &amp#27;[35m[AndroidBootstrap]&amp#27;[39m [BOOTSTRAP LOG] [debug] getElements tmp selector:UiSelector[INSTANCE=1, RESOURCE_ID=android:id/title]
[debug] &amp#27;[35m[AndroidBootstrap]&amp#27;[39m [BOOTSTRAP LOG] [debug] Element[] is null: (2)
[debug] &amp#27;[35m[AndroidBootstrap]&amp#27;[39m [BOOTSTRAP LOG] [debug] getElements tmp selector:UiSelector[INSTANCE=2, RESOURCE_ID=android:id/title]
[debug] &amp#27;[35m[AndroidBootstrap]&amp#27;[39m [BOOTSTRAP LOG] [debug] Element[] is null: (3)
[debug] &amp#27;[35m[AndroidBootstrap]&amp#27;[39m [BOOTSTRAP LOG] [debug] getElements tmp selector:UiSelector[INSTANCE=3, RESOURCE_ID=android:id/title]
[debug] &amp#27;[35m[AndroidBootstrap]&amp#27;[39m Received command result from bootstrap
[debug] &amp#27;[35m[W3C (23670370)]&amp#27;[39m Responding to client with driver.findElements() result: [{"element-6066-11e4-a52e-4f735466cecf":"5","ELEMENT":"5"},{"element-6066-11e4-a52e-4f735466cecf":"6","ELEMENT":"6"},{"element-6066-11e4-a52e-4f735466cecf":"7","ELEMENT":"7"}]
&amp#27;[35m[HTTP]&amp#27;[39m &amp#27;[37m<-- POST /wd/hub/session/23670370-4a0e-433c-b64b-e1940a9176a9/elements &amp#27;[39m&amp#27;[32m200&amp#27;[39m &amp#27;[90m802 ms - 185&amp#27;[39m
&amp#27;[35m[HTTP]&amp#27;[39m &amp#27;[90m&amp#27;[39m
[debug] &amp#27;[35m[AndroidBootstrap]&amp#27;[39m [BOOTSTRAP LOG] [debug] Returning result: {"status":0,"value":[{"ELEMENT":"5"},{"ELEMENT":"6"},{"ELEMENT":"7"}]}
&amp#27;[35m[HTTP]&amp#27;[39m &amp#27;[37m-->&amp#27;[39m &amp#27;[37mPOST&amp#27;[39m &amp#27;[37m/wd/hub/session/23670370-4a0e-433c-b64b-e1940a9176a9/element/5/click&amp#27;[39m
&amp#27;[35m[HTTP]&amp#27;[39m &amp#27;[90m{"id":"5"}&amp#27;[39m
[debug] &amp#27;[35m[W3C (23670370)]&amp#27;[39m Calling AppiumDriver.click() with args: ["5","23670370-4a0e-433c-b64b-e1940a9176a9"]
[debug] &amp#27;[35m[AndroidBootstrap]&amp#27;[39m Sending command to android: {"cmd":"action","action":"element:click","params":{"elementId":"5"}}
[debug] &amp#27;[35m[AndroidBootstrap]&amp#27;[39m [BOOTSTRAP LOG] [debug] Got data from client: {"cmd":"action","action":"element:click","params":{"elementId":"5"}}
[debug] &amp#27;[35m[AndroidBootstrap]&amp#27;[39m [BOOTSTRAP LOG] [debug] Got command of type ACTION
[debug] &amp#27;[35m[AndroidBootstrap]&amp#27;[39m [BOOTSTRAP LOG] [debug] Got command action: click
[debug] &amp#27;[35m[AndroidBootstrap]&amp#27;[39m Received command result from bootstrap
[debug] &amp#27;[35m[W3C (23670370)]&amp#27;[39m Responding to client with driver.click() result: true
&amp#27;[35m[HTTP]&amp#27;[39m &amp#27;[37m<-- POST /wd/hub/session/23670370-4a0e-433c-b64b-e1940a9176a9/element/5/click &amp#27;[39m&amp#27;[32m200&amp#27;[39m &amp#27;[90m156 ms - 14&amp#27;[39m
&amp#27;[35m[HTTP]&amp#27;[39m &amp#27;[90m&amp#27;[39m
[debug] &amp#27;[35m[AndroidBootstrap]&amp#27;[39m [BOOTSTRAP LOG] [debug] Returning result: {"status":0,"value":true}
&amp#27;[35m[HTTP]&amp#27;[39m &amp#27;[37m-->&amp#27;[39m &amp#27;[37mGET&amp#27;[39m &amp#27;[37m/wd/hub/session/23670370-4a0e-433c-b64b-e1940a9176a9/context&amp#27;[39m
&amp#27;[35m[HTTP]&amp#27;[39m &amp#27;[90m{}&amp#27;[39m
[debug] &amp#27;[35m[W3C (23670370)]&amp#27;[39m Calling AppiumDriver.getCurrentContext() with args: ["23670370-4a0e-433c-b64b-e1940a9176a9"]
[debug] &amp#27;[35m[W3C (23670370)]&amp#27;[39m Responding to client with driver.getCurrentContext() result: "NATIVE_APP"
&amp#27;[35m[HTTP]&amp#27;[39m &amp#27;[37m<-- GET /wd/hub/session/23670370-4a0e-433c-b64b-e1940a9176a9/context &amp#27;[39m&amp#27;[32m200&amp#27;[39m &amp#27;[90m2 ms - 22&amp#27;[39m
&amp#27;[35m[HTTP]&amp#27;[39m &amp#27;[90m&amp#27;[39m
&amp#27;[35m[HTTP]&amp#27;[39m &amp#27;[37m-->&amp#27;[39m &amp#27;[37mPOST&amp#27;[39m &amp#27;[37m/wd/hub/session/23670370-4a0e-433c-b64b-e1940a9176a9/element&amp#27;[39m
&amp#27;[35m[HTTP]&amp#27;[39m &amp#27;[90m{"using":"id","value":"com.communitake.mdc.supportsip:id/menuImage"}&amp#27;[39m
[debug] &amp#27;[35m[W3C (23670370)]&amp#27;[39m Calling AppiumDriver.findElement() with args: ["id","com.communitake.mdc.supportsip:id/menuImage","23670370-4a0e-433c-b64b-e1940a9176a9"]
[debug] &amp#27;[35m[BaseDriver]&amp#27;[39m Valid locator strategies for this request: xpath, id, class name, accessibility id, -android uiautomator
[debug] &amp#27;[35m[BaseDriver]&amp#27;[39m Waiting up to 10000 ms for condition
[debug] &amp#27;[35m[AndroidBootstrap]&amp#27;[39m Sending command to android: {"cmd":"action","action":"find","params":{"strategy":"id","selector":"com.communitake.mdc.supportsip:id/menuImage","context":"","multiple":false}}
[debug] &amp#27;[35m[AndroidBootstrap]&amp#27;[39m [BOOTSTRAP LOG] [debug] Got data from client: {"cmd":"action","action":"find","params":{"strategy":"id","selector":"com.communitake.mdc.supportsip:id/menuImage","context":"","multiple":false}}
[debug] &amp#27;[35m[AndroidBootstrap]&amp#27;[39m [BOOTSTRAP LOG] [debug] Got command of type ACTION
[debug] &amp#27;[35m[AndroidBootstrap]&amp#27;[39m [BOOTSTRAP LOG] [debug] Got command action: find
[debug] &amp#27;[35m[AndroidBootstrap]&amp#27;[39m [BOOTSTRAP LOG] [debug] Finding 'com.communitake.mdc.supportsip:id/menuImage' using 'ID' with the contextId: '' multiple: false
[debug] &amp#27;[35m[AndroidBootstrap]&amp#27;[39m [BOOTSTRAP LOG] [debug] Using: UiSelector[INSTANCE=0, RESOURCE_ID=com.communitake.mdc.supportsip:id/menuImage]
[debug] &amp#27;[35m[AndroidBootstrap]&amp#27;[39m [BOOTSTRAP LOG] [debug] Returning result: {"status":0,"value":{"ELEMENT":"8"}}
[debug] &amp#27;[35m[AndroidBootstrap]&amp#27;[39m Received command result from bootstrap
[debug] &amp#27;[35m[W3C (23670370)]&amp#27;[39m Responding to client with driver.findElement() result: {"element-6066-11e4-a52e-4f735466cecf":"8","ELEMENT":"8"}
&amp#27;[35m[HTTP]&amp#27;[39m &amp#27;[37m<-- POST /wd/hub/session/23670370-4a0e-433c-b64b-e1940a9176a9/element &amp#27;[39m&amp#27;[32m200&amp#27;[39m &amp#27;[90m547 ms - 67&amp#27;[39m
&amp#27;[35m[HTTP]&amp#27;[39m &amp#27;[90m&amp#27;[39m
&amp#27;[35m[HTTP]&amp#27;[39m &amp#27;[37m-->&amp#27;[39m &amp#27;[37mPOST&amp#27;[39m &amp#27;[37m/wd/hub/session/23670370-4a0e-433c-b64b-e1940a9176a9/element/8/click&amp#27;[39m
&amp#27;[35m[HTTP]&amp#27;[39m &amp#27;[90m{"id":"8"}&amp#27;[39m
[debug] &amp#27;[35m[W3C (23670370)]&amp#27;[39m Calling AppiumDriver.click() with args: ["8","23670370-4a0e-433c-b64b-e1940a9176a9"]
[debug] &amp#27;[35m[AndroidBootstrap]&amp#27;[39m Sending command to android: {"cmd":"action","action":"element:click","params":{"elementId":"8"}}
[debug] &amp#27;[35m[AndroidBootstrap]&amp#27;[39m [BOOTSTRAP LOG] [debug] Got data from client: {"cmd":"action","action":"element:click","params":{"elementId":"8"}}
[debug] &amp#27;[35m[AndroidBootstrap]&amp#27;[39m [BOOTSTRAP LOG] [debug] Got command of type ACTION
[debug] &amp#27;[35m[AndroidBootstrap]&amp#27;[39m [BOOTSTRAP LOG] [debug] Got command action: click
[debug] &amp#27;[35m[AndroidBootstrap]&amp#27;[39m [BOOTSTRAP LOG] [debug] Returning result: {"status":0,"value":true}
[debug] &amp#27;[35m[AndroidBootstrap]&amp#27;[39m Received command result from bootstrap
[debug] &amp#27;[35m[W3C (23670370)]&amp#27;[39m Responding to client with driver.click() result: true
&amp#27;[35m[HTTP]&amp#27;[39m &amp#27;[37m<-- POST /wd/hub/session/23670370-4a0e-433c-b64b-e1940a9176a9/element/8/click &amp#27;[39m&amp#27;[32m200&amp#27;[39m &amp#27;[90m378 ms - 14&amp#27;[39m
&amp#27;[35m[HTTP]&amp#27;[39m &amp#27;[90m&amp#27;[39m
&amp#27;[35m[HTTP]&amp#27;[39m &amp#27;[37m-->&amp#27;[39m &amp#27;[37mGET&amp#27;[39m &amp#27;[37m/wd/hub/session/23670370-4a0e-433c-b64b-e1940a9176a9/context&amp#27;[39m
&amp#27;[35m[HTTP]&amp#27;[39m &amp#27;[90m{}&amp#27;[39m
[debug] &amp#27;[35m[W3C (23670370)]&amp#27;[39m Calling AppiumDriver.getCurrentContext() with args: ["23670370-4a0e-433c-b64b-e1940a9176a9"]
[debug] &amp#27;[35m[W3C (23670370)]&amp#27;[39m Responding to client with driver.getCurrentContext() result: "NATIVE_APP"
&amp#27;[35m[HTTP]&amp#27;[39m &amp#27;[37m<-- GET /wd/hub/session/23670370-4a0e-433c-b64b-e1940a9176a9/context &amp#27;[39m&amp#27;[32m200&amp#27;[39m &amp#27;[90m1 ms - 22&amp#27;[39m
&amp#27;[35m[HTTP]&amp#27;[39m &amp#27;[90m&amp#27;[39m
&amp#27;[35m[HTTP]&amp#27;[39m &amp#27;[37m-->&amp#27;[39m &amp#27;[37mPOST&amp#27;[39m &amp#27;[37m/wd/hub/session/23670370-4a0e-433c-b64b-e1940a9176a9/elements&amp#27;[39m
&amp#27;[35m[HTTP]&amp#27;[39m &amp#27;[90m{"using":"id","value":"android:id/title"}&amp#27;[39m
[debug] &amp#27;[35m[W3C (23670370)]&amp#27;[39m Calling AppiumDriver.findElements() with args: ["id","android:id/title","23670370-4a0e-433c-b64b-e1940a9176a9"]
[debug] &amp#27;[35m[BaseDriver]&amp#27;[39m Valid locator strategies for this request: xpath, id, class name, accessibility id, -android uiautomator
[debug] &amp#27;[35m[BaseDriver]&amp#27;[39m Waiting up to 10000 ms for condition
[debug] &amp#27;[35m[AndroidBootstrap]&amp#27;[39m Sending command to android: {"cmd":"action","action":"find","params":{"strategy":"id","selector":"android:id/title","context":"","multiple":true}}
[debug] &amp#27;[35m[AndroidBootstrap]&amp#27;[39m [BOOTSTRAP LOG] [debug] Got data from client: {"cmd":"action","action":"find","params":{"strategy":"id","selector":"android:id/title","context":"","multiple":true}}
[debug] &amp#27;[35m[AndroidBootstrap]&amp#27;[39m [BOOTSTRAP LOG] [debug] Got command of type ACTION
[debug] &amp#27;[35m[AndroidBootstrap]&amp#27;[39m [BOOTSTRAP LOG] [debug] Got command action: find
[debug] &amp#27;[35m[AndroidBootstrap]&amp#27;[39m [BOOTSTRAP LOG] [debug] Finding 'android:id/title' using 'ID' with the contextId: '' multiple: true
[debug] &amp#27;[35m[AndroidBootstrap]&amp#27;[39m [BOOTSTRAP LOG] [debug] Using: UiSelector[RESOURCE_ID=android:id/title]
[debug] &amp#27;[35m[AndroidBootstrap]&amp#27;[39m [BOOTSTRAP LOG] [debug] getElements selector:UiSelector[RESOURCE_ID=android:id/title]
[debug] &amp#27;[35m[AndroidBootstrap]&amp#27;[39m [BOOTSTRAP LOG] [debug] Element[] is null: (0)
[debug] &amp#27;[35m[AndroidBootstrap]&amp#27;[39m [BOOTSTRAP LOG] [debug] getElements tmp selector:UiSelector[INSTANCE=0, RESOURCE_ID=android:id/title]
[debug] &amp#27;[35m[AndroidBootstrap]&amp#27;[39m [BOOTSTRAP LOG] [debug] Element[] is null: (1)
[debug] &amp#27;[35m[AndroidBootstrap]&amp#27;[39m [BOOTSTRAP LOG] [debug] getElements tmp selector:UiSelector[INSTANCE=1, RESOURCE_ID=android:id/title]
[debug] &amp#27;[35m[AndroidBootstrap]&amp#27;[39m [BOOTSTRAP LOG] [debug] Element[] is null: (2)
[debug] &amp#27;[35m[AndroidBootstrap]&amp#27;[39m [BOOTSTRAP LOG] [debug] getElements tmp selector:UiSelector[INSTANCE=2, RESOURCE_ID=android:id/title]
[debug] &amp#27;[35m[AndroidBootstrap]&amp#27;[39m [BOOTSTRAP LOG] [debug] Element[] is null: (3)
[debug] &amp#27;[35m[AndroidBootstrap]&amp#27;[39m [BOOTSTRAP LOG] [debug] getElements tmp selector:UiSelector[INSTANCE=3, RESOURCE_ID=android:id/title]
[debug] &amp#27;[35m[AndroidBootstrap]&amp#27;[39m Received command result from bootstrap
[debug] &amp#27;[35m[W3C (23670370)]&amp#27;[39m Responding to client with driver.findElements() result: [{"element-6066-11e4-a52e-4f735466cecf":"9","ELEMENT":"9"},{"element-6066-11e4-a52e-4f735466cecf":"10","ELEMENT":"10"},{"element-6066-11e4-a52e-4f735466cecf":"11","ELEMENT":"11"}]
&amp#27;[35m[HTTP]&amp#27;[39m &amp#27;[37m<-- POST /wd/hub/session/23670370-4a0e-433c-b64b-e1940a9176a9/elements &amp#27;[39m&amp#27;[32m200&amp#27;[39m &amp#27;[90m1065 ms - 189&amp#27;[39m
&amp#27;[35m[HTTP]&amp#27;[39m &amp#27;[90m&amp#27;[39m
[debug] &amp#27;[35m[AndroidBootstrap]&amp#27;[39m [BOOTSTRAP LOG] [debug] Returning result: {"status":0,"value":[{"ELEMENT":"9"},{"ELEMENT":"10"},{"ELEMENT":"11"}]}
&amp#27;[35m[HTTP]&amp#27;[39m &amp#27;[37m-->&amp#27;[39m &amp#27;[37mPOST&amp#27;[39m &amp#27;[37m/wd/hub/session/23670370-4a0e-433c-b64b-e1940a9176a9/element/9/click&amp#27;[39m
&amp#27;[35m[HTTP]&amp#27;[39m &amp#27;[90m{"id":"9"}&amp#27;[39m
[debug] &amp#27;[35m[W3C (23670370)]&amp#27;[39m Calling AppiumDriver.click() with args: ["9","23670370-4a0e-433c-b64b-e1940a9176a9"]
[debug] &amp#27;[35m[AndroidBootstrap]&amp#27;[39m Sending command to android: {"cmd":"action","action":"element:click","params":{"elementId":"9"}}
[debug] &amp#27;[35m[AndroidBootstrap]&amp#27;[39m [BOOTSTRAP LOG] [debug] Got data from client: {"cmd":"action","action":"element:click","params":{"elementId":"9"}}
[debug] &amp#27;[35m[AndroidBootstrap]&amp#27;[39m [BOOTSTRAP LOG] [debug] Got command of type ACTION
[debug] &amp#27;[35m[AndroidBootstrap]&amp#27;[39m [BOOTSTRAP LOG] [debug] Got command action: click
[debug] &amp#27;[35m[AndroidBootstrap]&amp#27;[39m [BOOTSTRAP LOG] [debug] Returning result: {"status":0,"value":true}
[debug] &amp#27;[35m[AndroidBootstrap]&amp#27;[39m Received command result from bootstrap
[debug] &amp#27;[35m[W3C (23670370)]&amp#27;[39m Responding to client with driver.click() result: true
&amp#27;[35m[HTTP]&amp#27;[39m &amp#27;[37m<-- POST /wd/hub/session/23670370-4a0e-433c-b64b-e1940a9176a9/element/9/click &amp#27;[39m&amp#27;[32m200&amp#27;[39m &amp#27;[90m197 ms - 14&amp#27;[39m
&amp#27;[35m[HTTP]&amp#27;[39m &amp#27;[90m&amp#27;[39m
&amp#27;[35m[HTTP]&amp#27;[39m &amp#27;[37m-->&amp#27;[39m &amp#27;[37mPOST&amp#27;[39m &amp#27;[37m/wd/hub/session/23670370-4a0e-433c-b64b-e1940a9176a9/appium/device/start_activity&amp#27;[39m
&amp#27;[35m[HTTP]&amp#27;[39m &amp#27;[90m{"appPackage":"com.android.settings","appActivity":".Settings","appWaitPackage":"","appWaitActivity":"","dontStopAppOnReset":false,"intentAction":"","intentCategory":"","intentFlags":"","optionalIntentArguments":""}&amp#27;[39m
[debug] &amp#27;[35m[W3C (23670370)]&amp#27;[39m Calling AppiumDriver.startActivity() with args: ["com.android.settings",".Settings","","","","","","",false,null,null,"23670370-4a0e-433c-b64b-e1940a9176a9"]
[debug] &amp#27;[35m[AndroidDriver]&amp#27;[39m Starting package 'com.android.settings' and activity '.Settings'
[debug] &amp#27;[35m[ADB]&amp#27;[39m Running 'C:\Users\Nissim Automation\AppData\Local\Android\Sdk\platform-tools\adb.exe -P 5037 -s CTGED020000261 shell am start -W -n com.android.settings/.Settings -S'
[debug] &amp#27;[35m[ADB]&amp#27;[39m Waiting up to 20000ms for activity matching pkg: 'com.android.settings' and activity: '.Settings' to be focused
[debug] &amp#27;[35m[ADB]&amp#27;[39m Possible activities, to be checked: 'com.android.settings.Settings'
[debug] &amp#27;[35m[ADB]&amp#27;[39m Getting focused package and activity
[debug] &amp#27;[35m[ADB]&amp#27;[39m Running 'C:\Users\Nissim Automation\AppData\Local\Android\Sdk\platform-tools\adb.exe -P 5037 -s CTGED020000261 shell dumpsys window windows'
[debug] &amp#27;[35m[ADB]&amp#27;[39m Found package: 'com.android.settings' and fully qualified activity name : 'com.android.settings.Settings'
[debug] &amp#27;[35m[W3C (23670370)]&amp#27;[39m Responding to client with driver.startActivity() result: null
&amp#27;[35m[HTTP]&amp#27;[39m &amp#27;[37m<-- POST /wd/hub/session/23670370-4a0e-433c-b64b-e1940a9176a9/appium/device/start_activity &amp#27;[39m&amp#27;[32m200&amp#27;[39m &amp#27;[90m1466 ms - 14&amp#27;[39m
&amp#27;[35m[HTTP]&amp#27;[39m &amp#27;[90m&amp#27;[39m
&amp#27;[35m[HTTP]&amp#27;[39m &amp#27;[37m-->&amp#27;[39m &amp#27;[37mGET&amp#27;[39m &amp#27;[37m/wd/hub/session/23670370-4a0e-433c-b64b-e1940a9176a9/context&amp#27;[39m
&amp#27;[35m[HTTP]&amp#27;[39m &amp#27;[90m{}&amp#27;[39m
[debug] &amp#27;[35m[W3C (23670370)]&amp#27;[39m Calling AppiumDriver.getCurrentContext() with args: ["23670370-4a0e-433c-b64b-e1940a9176a9"]
[debug] &amp#27;[35m[W3C (23670370)]&amp#27;[39m Responding to client with driver.getCurrentContext() result: "NATIVE_APP"
&amp#27;[35m[HTTP]&amp#27;[39m &amp#27;[37m<-- GET /wd/hub/session/23670370-4a0e-433c-b64b-e1940a9176a9/context &amp#27;[39m&amp#27;[32m200&amp#27;[39m &amp#27;[90m1 ms - 22&amp#27;[39m
&amp#27;[35m[HTTP]&amp#27;[39m &amp#27;[90m&amp#27;[39m
&amp#27;[35m[HTTP]&amp#27;[39m &amp#27;[37m-->&amp#27;[39m &amp#27;[37mPOST&amp#27;[39m &amp#27;[37m/wd/hub/session/23670370-4a0e-433c-b64b-e1940a9176a9/element&amp#27;[39m
&amp#27;[35m[HTTP]&amp#27;[39m &amp#27;[90m{"using":"xpath","value":"//*[@text='Bluetooth']"}&amp#27;[39m
[debug] &amp#27;[35m[W3C (23670370)]&amp#27;[39m Calling AppiumDriver.findElement() with args: ["xpath","//*[@text='Bluetooth']","23670370-4a0e-433c-b64b-e1940a9176a9"]
[debug] &amp#27;[35m[BaseDriver]&amp#27;[39m Valid locator strategies for this request: xpath, id, class name, accessibility id, -android uiautomator
[debug] &amp#27;[35m[BaseDriver]&amp#27;[39m Waiting up to 10000 ms for condition
[debug] &amp#27;[35m[AndroidBootstrap]&amp#27;[39m Sending command to android: {"cmd":"action","action":"find","params":{"strategy":"xpath","selector":"//*[@text='Bluetooth']","context":"","multiple":false}}
[debug] &amp#27;[35m[AndroidBootstrap]&amp#27;[39m [BOOTSTRAP LOG] [debug] Got data from client: {"cmd":"action","action":"find","params":{"strategy":"xpath","selector":"//*[@text='Bluetooth']","context":"","multiple":false}}
[debug] &amp#27;[35m[AndroidBootstrap]&amp#27;[39m [BOOTSTRAP LOG] [debug] Got command of type ACTION
[debug] &amp#27;[35m[AndroidBootstrap]&amp#27;[39m [BOOTSTRAP LOG] [debug] Got command action: find
[debug] &amp#27;[35m[AndroidBootstrap]&amp#27;[39m [BOOTSTRAP LOG] [debug] Finding '//*[@text='Bluetooth']' using 'XPATH' with the contextId: '' multiple: false
[debug] &amp#27;[35m[AndroidBootstrap]&amp#27;[39m [BOOTSTRAP LOG] [debug] Using: UiSelector[CLASS=android.widget.TextView, INSTANCE=6]
[debug] &amp#27;[35m[AndroidBootstrap]&amp#27;[39m [BOOTSTRAP LOG] [debug] Returning result: {"status":0,"value":{"ELEMENT":"12"}}
[debug] &amp#27;[35m[AndroidBootstrap]&amp#27;[39m Received command result from bootstrap
[debug] &amp#27;[35m[W3C (23670370)]&amp#27;[39m Responding to client with driver.findElement() result: {"element-6066-11e4-a52e-4f735466cecf":"12","ELEMENT":"12"}
&amp#27;[35m[HTTP]&amp#27;[39m &amp#27;[37m<-- POST /wd/hub/session/23670370-4a0e-433c-b64b-e1940a9176a9/element &amp#27;[39m&amp#27;[32m200&amp#27;[39m &amp#27;[90m811 ms - 69&amp#27;[39m
&amp#27;[35m[HTTP]&amp#27;[39m &amp#27;[90m&amp#27;[39m
&amp#27;[35m[HTTP]&amp#27;[39m &amp#27;[37m-->&amp#27;[39m &amp#27;[37mPOST&amp#27;[39m &amp#27;[37m/wd/hub/session/23670370-4a0e-433c-b64b-e1940a9176a9/element/12/click&amp#27;[39m
&amp#27;[35m[HTTP]&amp#27;[39m &amp#27;[90m{"id":"12"}&amp#27;[39m
[debug] &amp#27;[35m[W3C (23670370)]&amp#27;[39m Calling AppiumDriver.click() with args: ["12","23670370-4a0e-433c-b64b-e1940a9176a9"]
[debug] &amp#27;[35m[AndroidBootstrap]&amp#27;[39m Sending command to android: {"cmd":"action","action":"element:click","params":{"elementId":"12"}}
[debug] &amp#27;[35m[AndroidBootstrap]&amp#27;[39m [BOOTSTRAP LOG] [debug] Got data from client: {"cmd":"action","action":"element:click","params":{"elementId":"12"}}
[debug] &amp#27;[35m[AndroidBootstrap]&amp#27;[39m [BOOTSTRAP LOG] [debug] Got command of type ACTION
[debug] &amp#27;[35m[AndroidBootstrap]&amp#27;[39m [BOOTSTRAP LOG] [debug] Got command action: click
[debug] &amp#27;[35m[AndroidBootstrap]&amp#27;[39m Received command result from bootstrap
[debug] &amp#27;[35m[W3C (23670370)]&amp#27;[39m Responding to client with driver.click() result: true
&amp#27;[35m[HTTP]&amp#27;[39m &amp#27;[37m<-- POST /wd/hub/session/23670370-4a0e-433c-b64b-e1940a9176a9/element/12/click &amp#27;[39m&amp#27;[32m200&amp#27;[39m &amp#27;[90m621 ms - 14&amp#27;[39m
&amp#27;[35m[HTTP]&amp#27;[39m &amp#27;[90m&amp#27;[39m
[debug] &amp#27;[35m[AndroidBootstrap]&amp#27;[39m [BOOTSTRAP LOG] [debug] Returning result: {"status":0,"value":true}
&amp#27;[35m[HTTP]&amp#27;[39m &amp#27;[37m-->&amp#27;[39m &amp#27;[37mGET&amp#27;[39m &amp#27;[37m/wd/hub/session/23670370-4a0e-433c-b64b-e1940a9176a9/context&amp#27;[39m
&amp#27;[35m[HTTP]&amp#27;[39m &amp#27;[90m{}&amp#27;[39m
[debug] &amp#27;[35m[W3C (23670370)]&amp#27;[39m Calling AppiumDriver.getCurrentContext() with args: ["23670370-4a0e-433c-b64b-e1940a9176a9"]
[debug] &amp#27;[35m[W3C (23670370)]&amp#27;[39m Responding to client with driver.getCurrentContext() result: "NATIVE_APP"
&amp#27;[35m[HTTP]&amp#27;[39m &amp#27;[37m<-- GET /wd/hub/session/23670370-4a0e-433c-b64b-e1940a9176a9/context &amp#27;[39m&amp#27;[32m200&amp#27;[39m &amp#27;[90m4 ms - 22&amp#27;[39m
&amp#27;[35m[HTTP]&amp#27;[39m &amp#27;[90m&amp#27;[39m
&amp#27;[35m[HTTP]&amp#27;[39m &amp#27;[37m-->&amp#27;[39m &amp#27;[37mPOST&amp#27;[39m &amp#27;[37m/wd/hub/session/23670370-4a0e-433c-b64b-e1940a9176a9/element&amp#27;[39m
&amp#27;[35m[HTTP]&amp#27;[39m &amp#27;[90m{"using":"xpath","value":"//*[@text='Connection preferences']"}&amp#27;[39m
[debug] &amp#27;[35m[W3C (23670370)]&amp#27;[39m Calling AppiumDriver.findElement() with args: ["xpath","//*[@text='Connection preferences']","23670370-4a0e-433c-b64b-e1940a9176a9"]
[debug] &amp#27;[35m[BaseDriver]&amp#27;[39m Valid locator strategies for this request: xpath, id, class name, accessibility id, -android uiautomator
[debug] &amp#27;[35m[BaseDriver]&amp#27;[39m Waiting up to 10000 ms for condition
[debug] &amp#27;[35m[AndroidBootstrap]&amp#27;[39m Sending command to android: {"cmd":"action","action":"find","params":{"strategy":"xpath","selector":"//*[@text='Connection preferences']","context":"","multiple":false}}
[debug] &amp#27;[35m[AndroidBootstrap]&amp#27;[39m [BOOTSTRAP LOG] [debug] Got data from client: {"cmd":"action","action":"find","params":{"strategy":"xpath","selector":"//*[@text='Connection preferences']","context":"","multiple":false}}
[debug] &amp#27;[35m[AndroidBootstrap]&amp#27;[39m [BOOTSTRAP LOG] [debug] Got command of type ACTION
[debug] &amp#27;[35m[AndroidBootstrap]&amp#27;[39m [BOOTSTRAP LOG] [debug] Got command action: find
[debug] &amp#27;[35m[AndroidBootstrap]&amp#27;[39m [BOOTSTRAP LOG] [debug] Finding '//*[@text='Connection preferences']' using 'XPATH' with the contextId: '' multiple: false
[debug] &amp#27;[35m[AndroidBootstrap]&amp#27;[39m [BOOTSTRAP LOG] [debug] Using: UiSelector[CLASS=android.widget.TextView, INSTANCE=8]
[debug] &amp#27;[35m[AndroidBootstrap]&amp#27;[39m Received command result from bootstrap
[debug] &amp#27;[35m[W3C (23670370)]&amp#27;[39m Responding to client with driver.findElement() result: {"element-6066-11e4-a52e-4f735466cecf":"13","ELEMENT":"13"}
&amp#27;[35m[HTTP]&amp#27;[39m &amp#27;[37m<-- POST /wd/hub/session/23670370-4a0e-433c-b64b-e1940a9176a9/element &amp#27;[39m&amp#27;[32m200&amp#27;[39m &amp#27;[90m104 ms - 69&amp#27;[39m
&amp#27;[35m[HTTP]&amp#27;[39m &amp#27;[90m&amp#27;[39m
[debug] &amp#27;[35m[AndroidBootstrap]&amp#27;[39m [BOOTSTRAP LOG] [debug] Returning result: {"status":0,"value":{"ELEMENT":"13"}}
&amp#27;[35m[HTTP]&amp#27;[39m &amp#27;[37m-->&amp#27;[39m &amp#27;[37mPOST&amp#27;[39m &amp#27;[37m/wd/hub/session/23670370-4a0e-433c-b64b-e1940a9176a9/element/13/click&amp#27;[39m
&amp#27;[35m[HTTP]&amp#27;[39m &amp#27;[90m{"id":"13"}&amp#27;[39m
[debug] &amp#27;[35m[W3C (23670370)]&amp#27;[39m Calling AppiumDriver.click() with args: ["13","23670370-4a0e-433c-b64b-e1940a9176a9"]
[debug] &amp#27;[35m[AndroidBootstrap]&amp#27;[39m Sending command to android: {"cmd":"action","action":"element:click","params":{"elementId":"13"}}
[debug] &amp#27;[35m[AndroidBootstrap]&amp#27;[39m [BOOTSTRAP LOG] [debug] Got data from client: {"cmd":"action","action":"element:click","params":{"elementId":"13"}}
[debug] &amp#27;[35m[AndroidBootstrap]&amp#27;[39m [BOOTSTRAP LOG] [debug] Got command of type ACTION
[debug] &amp#27;[35m[AndroidBootstrap]&amp#27;[39m [BOOTSTRAP LOG] [debug] Got command action: click
[debug] &amp#27;[35m[AndroidBootstrap]&amp#27;[39m Received command result from bootstrap
[debug] &amp#27;[35m[W3C (23670370)]&amp#27;[39m Responding to client with driver.click() result: true
&amp#27;[35m[HTTP]&amp#27;[39m &amp#27;[37m<-- POST /wd/hub/session/23670370-4a0e-433c-b64b-e1940a9176a9/element/13/click &amp#27;[39m&amp#27;[32m200&amp#27;[39m &amp#27;[90m590 ms - 14&amp#27;[39m
&amp#27;[35m[HTTP]&amp#27;[39m &amp#27;[90m&amp#27;[39m
[debug] &amp#27;[35m[AndroidBootstrap]&amp#27;[39m [BOOTSTRAP LOG] [debug] Returning result: {"status":0,"value":true}
&amp#27;[35m[HTTP]&amp#27;[39m &amp#27;[37m-->&amp#27;[39m &amp#27;[37mGET&amp#27;[39m &amp#27;[37m/wd/hub/session/23670370-4a0e-433c-b64b-e1940a9176a9/context&amp#27;[39m
&amp#27;[35m[HTTP]&amp#27;[39m &amp#27;[90m{}&amp#27;[39m
[debug] &amp#27;[35m[W3C (23670370)]&amp#27;[39m Calling AppiumDriver.getCurrentContext() with args: ["23670370-4a0e-433c-b64b-e1940a9176a9"]
[debug] &amp#27;[35m[W3C (23670370)]&amp#27;[39m Responding to client with driver.getCurrentContext() result: "NATIVE_APP"
&amp#27;[35m[HTTP]&amp#27;[39m &amp#27;[37m<-- GET /wd/hub/session/23670370-4a0e-433c-b64b-e1940a9176a9/context &amp#27;[39m&amp#27;[32m200&amp#27;[39m &amp#27;[90m4 ms - 22&amp#27;[39m
&amp#27;[35m[HTTP]&amp#27;[39m &amp#27;[90m&amp#27;[39m
&amp#27;[35m[HTTP]&amp#27;[39m &amp#27;[37m-->&amp#27;[39m &amp#27;[37mPOST&amp#27;[39m &amp#27;[37m/wd/hub/session/23670370-4a0e-433c-b64b-e1940a9176a9/element&amp#27;[39m
&amp#27;[35m[HTTP]&amp#27;[39m &amp#27;[90m{"using":"xpath","value":"//*[@text='Bluetooth']"}&amp#27;[39m
[debug] &amp#27;[35m[W3C (23670370)]&amp#27;[39m Calling AppiumDriver.findElement() with args: ["xpath","//*[@text='Bluetooth']","23670370-4a0e-433c-b64b-e1940a9176a9"]
[debug] &amp#27;[35m[BaseDriver]&amp#27;[39m Valid locator strategies for this request: xpath, id, class name, accessibility id, -android uiautomator
[debug] &amp#27;[35m[BaseDriver]&amp#27;[39m Waiting up to 10000 ms for condition
[debug] &amp#27;[35m[AndroidBootstrap]&amp#27;[39m Sending command to android: {"cmd":"action","action":"find","params":{"strategy":"xpath","selector":"//*[@text='Bluetooth']","context":"","multiple":false}}
[debug] &amp#27;[35m[AndroidBootstrap]&amp#27;[39m [BOOTSTRAP LOG] [debug] Got data from client: {"cmd":"action","action":"find","params":{"strategy":"xpath","selector":"//*[@text='Bluetooth']","context":"","multiple":false}}
[debug] &amp#27;[35m[AndroidBootstrap]&amp#27;[39m [BOOTSTRAP LOG] [debug] Got command of type ACTION
[debug] &amp#27;[35m[AndroidBootstrap]&amp#27;[39m [BOOTSTRAP LOG] [debug] Got command action: find
[debug] &amp#27;[35m[AndroidBootstrap]&amp#27;[39m [BOOTSTRAP LOG] [debug] Finding '//*[@text='Bluetooth']' using 'XPATH' with the contextId: '' multiple: false
[debug] &amp#27;[35m[AndroidBootstrap]&amp#27;[39m [BOOTSTRAP LOG] [debug] Using: UiSelector[CLASS=android.widget.TextView, INSTANCE=2]
[debug] &amp#27;[35m[AndroidBootstrap]&amp#27;[39m Received command result from bootstrap
[debug] &amp#27;[35m[W3C (23670370)]&amp#27;[39m Responding to client with driver.findElement() result: {"element-6066-11e4-a52e-4f735466cecf":"14","ELEMENT":"14"}
&amp#27;[35m[HTTP]&amp#27;[39m &amp#27;[37m<-- POST /wd/hub/session/23670370-4a0e-433c-b64b-e1940a9176a9/element &amp#27;[39m&amp#27;[32m200&amp#27;[39m &amp#27;[90m125 ms - 69&amp#27;[39m
&amp#27;[35m[HTTP]&amp#27;[39m &amp#27;[90m&amp#27;[39m
[debug] &amp#27;[35m[AndroidBootstrap]&amp#27;[39m [BOOTSTRAP LOG] [debug] Returning result: {"status":0,"value":{"ELEMENT":"14"}}
&amp#27;[35m[HTTP]&amp#27;[39m &amp#27;[37m-->&amp#27;[39m &amp#27;[37mPOST&amp#27;[39m &amp#27;[37m/wd/hub/session/23670370-4a0e-433c-b64b-e1940a9176a9/element/14/click&amp#27;[39m
&amp#27;[35m[HTTP]&amp#27;[39m &amp#27;[90m{"id":"14"}&amp#27;[39m
[debug] &amp#27;[35m[W3C (23670370)]&amp#27;[39m Calling AppiumDriver.click() with args: ["14","23670370-4a0e-433c-b64b-e1940a9176a9"]
[debug] &amp#27;[35m[AndroidBootstrap]&amp#27;[39m Sending command to android: {"cmd":"action","action":"element:click","params":{"elementId":"14"}}
[debug] &amp#27;[35m[AndroidBootstrap]&amp#27;[39m [BOOTSTRAP LOG] [debug] Got data from client: {"cmd":"action","action":"element:click","params":{"elementId":"14"}}
[debug] &amp#27;[35m[AndroidBootstrap]&amp#27;[39m [BOOTSTRAP LOG] [debug] Got command of type ACTION
[debug] &amp#27;[35m[AndroidBootstrap]&amp#27;[39m [BOOTSTRAP LOG] [debug] Got command action: click
[debug] &amp#27;[35m[AndroidBootstrap]&amp#27;[39m [BOOTSTRAP LOG] [debug] Returning result: {"status":0,"value":true}
[debug] &amp#27;[35m[AndroidBootstrap]&amp#27;[39m Received command result from bootstrap
[debug] &amp#27;[35m[W3C (23670370)]&amp#27;[39m Responding to client with driver.click() result: true
&amp#27;[35m[HTTP]&amp#27;[39m &amp#27;[37m<-- POST /wd/hub/session/23670370-4a0e-433c-b64b-e1940a9176a9/element/14/click &amp#27;[39m&amp#27;[32m200&amp#27;[39m &amp#27;[90m357 ms - 14&amp#27;[39m
&amp#27;[35m[HTTP]&amp#27;[39m &amp#27;[90m&amp#27;[39m
&amp#27;[35m[HTTP]&amp#27;[39m &amp#27;[37m-->&amp#27;[39m &amp#27;[37mGET&amp#27;[39m &amp#27;[37m/wd/hub/session/23670370-4a0e-433c-b64b-e1940a9176a9/context&amp#27;[39m
&amp#27;[35m[HTTP]&amp#27;[39m &amp#27;[90m{}&amp#27;[39m
[debug] &amp#27;[35m[W3C (23670370)]&amp#27;[39m Calling AppiumDriver.getCurrentContext() with args: ["23670370-4a0e-433c-b64b-e1940a9176a9"]
[debug] &amp#27;[35m[W3C (23670370)]&amp#27;[39m Responding to client with driver.getCurrentContext() result: "NATIVE_APP"
&amp#27;[35m[HTTP]&amp#27;[39m &amp#27;[37m<-- GET /wd/hub/session/23670370-4a0e-433c-b64b-e1940a9176a9/context &amp#27;[39m&amp#27;[32m200&amp#27;[39m &amp#27;[90m3 ms - 22&amp#27;[39m
&amp#27;[35m[HTTP]&amp#27;[39m &amp#27;[90m&amp#27;[39m
&amp#27;[35m[HTTP]&amp#27;[39m &amp#27;[37m-->&amp#27;[39m &amp#27;[37mPOST&amp#27;[39m &amp#27;[37m/wd/hub/session/23670370-4a0e-433c-b64b-e1940a9176a9/element&amp#27;[39m
&amp#27;[35m[HTTP]&amp#27;[39m &amp#27;[90m{"using":"id","value":"com.android.settings:id/switch_widget"}&amp#27;[39m
[debug] &amp#27;[35m[W3C (23670370)]&amp#27;[39m Calling AppiumDriver.findElement() with args: ["id","com.android.settings:id/switch_widget","23670370-4a0e-433c-b64b-e1940a9176a9"]
[debug] &amp#27;[35m[BaseDriver]&amp#27;[39m Valid locator strategies for this request: xpath, id, class name, accessibility id, -android uiautomator
[debug] &amp#27;[35m[BaseDriver]&amp#27;[39m Waiting up to 10000 ms for condition
[debug] &amp#27;[35m[AndroidBootstrap]&amp#27;[39m Sending command to android: {"cmd":"action","action":"find","params":{"strategy":"id","selector":"com.android.settings:id/switch_widget","context":"","multiple":false}}
[debug] &amp#27;[35m[AndroidBootstrap]&amp#27;[39m [BOOTSTRAP LOG] [debug] Got data from client: {"cmd":"action","action":"find","params":{"strategy":"id","selector":"com.android.settings:id/switch_widget","context":"","multiple":false}}
[debug] &amp#27;[35m[AndroidBootstrap]&amp#27;[39m [BOOTSTRAP LOG] [debug] Got command of type ACTION
[debug] &amp#27;[35m[AndroidBootstrap]&amp#27;[39m [BOOTSTRAP LOG] [debug] Got command action: find
[debug] &amp#27;[35m[AndroidBootstrap]&amp#27;[39m [BOOTSTRAP LOG] [debug] Finding 'com.android.settings:id/switch_widget' using 'ID' with the contextId: '' multiple: false
[debug] &amp#27;[35m[AndroidBootstrap]&amp#27;[39m [BOOTSTRAP LOG] [debug] Using: UiSelector[INSTANCE=0, RESOURCE_ID=com.android.settings:id/switch_widget]
[debug] &amp#27;[35m[AndroidBootstrap]&amp#27;[39m [BOOTSTRAP LOG] [debug] Returning result: {"status":0,"value":{"ELEMENT":"15"}}
[debug] &amp#27;[35m[AndroidBootstrap]&amp#27;[39m Received command result from bootstrap
[debug] &amp#27;[35m[W3C (23670370)]&amp#27;[39m Responding to client with driver.findElement() result: {"element-6066-11e4-a52e-4f735466cecf":"15","ELEMENT":"15"}
&amp#27;[35m[HTTP]&amp#27;[39m &amp#27;[37m<-- POST /wd/hub/session/23670370-4a0e-433c-b64b-e1940a9176a9/element &amp#27;[39m&amp#27;[32m200&amp#27;[39m &amp#27;[90m23 ms - 69&amp#27;[39m
&amp#27;[35m[HTTP]&amp#27;[39m &amp#27;[90m&amp#27;[39m
&amp#27;[35m[HTTP]&amp#27;[39m &amp#27;[37m-->&amp#27;[39m &amp#27;[37mPOST&amp#27;[39m &amp#27;[37m/wd/hub/session/23670370-4a0e-433c-b64b-e1940a9176a9/element/15/click&amp#27;[39m
&amp#27;[35m[HTTP]&amp#27;[39m &amp#27;[90m{"id":"15"}&amp#27;[39m
[debug] &amp#27;[35m[W3C (23670370)]&amp#27;[39m Calling AppiumDriver.click() with args: ["15","23670370-4a0e-433c-b64b-e1940a9176a9"]
[debug] &amp#27;[35m[AndroidBootstrap]&amp#27;[39m Sending command to android: {"cmd":"action","action":"element:click","params":{"elementId":"15"}}
[debug] &amp#27;[35m[AndroidBootstrap]&amp#27;[39m [BOOTSTRAP LOG] [debug] Got data from client: {"cmd":"action","action":"element:click","params":{"elementId":"15"}}
[debug] &amp#27;[35m[AndroidBootstrap]&amp#27;[39m [BOOTSTRAP LOG] [debug] Got command of type ACTION
[debug] &amp#27;[35m[AndroidBootstrap]&amp#27;[39m [BOOTSTRAP LOG] [debug] Got command action: click
[debug] &amp#27;[35m[AndroidBootstrap]&amp#27;[39m [BOOTSTRAP LOG] [debug] Returning result: {"status":0,"value":true}
[debug] &amp#27;[35m[AndroidBootstrap]&amp#27;[39m Received command result from bootstrap
[debug] &amp#27;[35m[W3C (23670370)]&amp#27;[39m Responding to client with driver.click() result: true
&amp#27;[35m[HTTP]&amp#27;[39m &amp#27;[37m<-- POST /wd/hub/session/23670370-4a0e-433c-b64b-e1940a9176a9/element/15/click &amp#27;[39m&amp#27;[32m200&amp#27;[39m &amp#27;[90m184 ms - 14&amp#27;[39m
&amp#27;[35m[HTTP]&amp#27;[39m &amp#27;[90m&amp#27;[39m
&amp#27;[35m[HTTP]&amp#27;[39m &amp#27;[37m-->&amp#27;[39m &amp#27;[37mGET&amp#27;[39m &amp#27;[37m/wd/hub/session/23670370-4a0e-433c-b64b-e1940a9176a9/context&amp#27;[39m
&amp#27;[35m[HTTP]&amp#27;[39m &amp#27;[90m{}&amp#27;[39m
[debug] &amp#27;[35m[W3C (23670370)]&amp#27;[39m Calling AppiumDriver.getCurrentContext() with args: ["23670370-4a0e-433c-b64b-e1940a9176a9"]
[debug] &amp#27;[35m[W3C (23670370)]&amp#27;[39m Responding to client with driver.getCurrentContext() result: "NATIVE_APP"
&amp#27;[35m[HTTP]&amp#27;[39m &amp#27;[37m<-- GET /wd/hub/session/23670370-4a0e-433c-b64b-e1940a9176a9/context &amp#27;[39m&amp#27;[32m200&amp#27;[39m &amp#27;[90m4 ms - 22&amp#27;[39m
&amp#27;[35m[HTTP]&amp#27;[39m &amp#27;[90m&amp#27;[39m
&amp#27;[35m[HTTP]&amp#27;[39m &amp#27;[37m-->&amp#27;[39m &amp#27;[37mPOST&amp#27;[39m &amp#27;[37m/wd/hub/session/23670370-4a0e-433c-b64b-e1940a9176a9/element&amp#27;[39m
&amp#27;[35m[HTTP]&amp#27;[39m &amp#27;[90m{"using":"xpath","value":"//*[@text='OFF']"}&amp#27;[39m
[debug] &amp#27;[35m[W3C (23670370)]&amp#27;[39m Calling AppiumDriver.findElement() with args: ["xpath","//*[@text='OFF']","23670370-4a0e-433c-b64b-e1940a9176a9"]
[debug] &amp#27;[35m[BaseDriver]&amp#27;[39m Valid locator strategies for this request: xpath, id, class name, accessibility id, -android uiautomator
[debug] &amp#27;[35m[BaseDriver]&amp#27;[39m Waiting up to 10000 ms for condition
[debug] &amp#27;[35m[AndroidBootstrap]&amp#27;[39m Sending command to android: {"cmd":"action","action":"find","params":{"strategy":"xpath","selector":"//*[@text='OFF']","context":"","multiple":false}}
[debug] &amp#27;[35m[AndroidBootstrap]&amp#27;[39m [BOOTSTRAP LOG] [debug] Got data from client: {"cmd":"action","action":"find","params":{"strategy":"xpath","selector":"//*[@text='OFF']","context":"","multiple":false}}
[debug] &amp#27;[35m[AndroidBootstrap]&amp#27;[39m [BOOTSTRAP LOG] [debug] Got command of type ACTION
[debug] &amp#27;[35m[AndroidBootstrap]&amp#27;[39m [BOOTSTRAP LOG] [debug] Got command action: find
[debug] &amp#27;[35m[AndroidBootstrap]&amp#27;[39m [BOOTSTRAP LOG] [debug] Finding '//*[@text='OFF']' using 'XPATH' with the contextId: '' multiple: false
[debug] &amp#27;[35m[AndroidBootstrap]&amp#27;[39m [BOOTSTRAP LOG] [debug] Using: UiSelector[CLASS=android.widget.Switch, INSTANCE=0]
[debug] &amp#27;[35m[AndroidBootstrap]&amp#27;[39m [BOOTSTRAP LOG] [debug] Returning result: {"status":0,"value":{"ELEMENT":"16"}}
[debug] &amp#27;[35m[AndroidBootstrap]&amp#27;[39m Received command result from bootstrap
[debug] &amp#27;[35m[W3C (23670370)]&amp#27;[39m Responding to client with driver.findElement() result: {"element-6066-11e4-a52e-4f735466cecf":"16","ELEMENT":"16"}
&amp#27;[35m[HTTP]&amp#27;[39m &amp#27;[37m<-- POST /wd/hub/session/23670370-4a0e-433c-b64b-e1940a9176a9/element &amp#27;[39m&amp#27;[32m200&amp#27;[39m &amp#27;[90m73 ms - 69&amp#27;[39m
&amp#27;[35m[HTTP]&amp#27;[39m &amp#27;[90m&amp#27;[39m
&amp#27;[35m[HTTP]&amp#27;[39m &amp#27;[37m-->&amp#27;[39m &amp#27;[37mGET&amp#27;[39m &amp#27;[37m/wd/hub/session/23670370-4a0e-433c-b64b-e1940a9176a9/element/16/text&amp#27;[39m
&amp#27;[35m[HTTP]&amp#27;[39m &amp#27;[90m{}&amp#27;[39m
[debug] &amp#27;[35m[W3C (23670370)]&amp#27;[39m Calling AppiumDriver.getText() with args: ["16","23670370-4a0e-433c-b64b-e1940a9176a9"]
[debug] &amp#27;[35m[AndroidBootstrap]&amp#27;[39m Sending command to android: {"cmd":"action","action":"element:getText","params":{"elementId":"16"}}
[debug] &amp#27;[35m[AndroidBootstrap]&amp#27;[39m [BOOTSTRAP LOG] [debug] Got data from client: {"cmd":"action","action":"element:getText","params":{"elementId":"16"}}
[debug] &amp#27;[35m[AndroidBootstrap]&amp#27;[39m [BOOTSTRAP LOG] [debug] Got command of type ACTION
[debug] &amp#27;[35m[AndroidBootstrap]&amp#27;[39m [BOOTSTRAP LOG] [debug] Got command action: getText
[debug] &amp#27;[35m[AndroidBootstrap]&amp#27;[39m Received command result from bootstrap
[debug] &amp#27;[35m[W3C (23670370)]&amp#27;[39m Responding to client with driver.getText() result: "OFF"
&amp#27;[35m[HTTP]&amp#27;[39m &amp#27;[37m<-- GET /wd/hub/session/23670370-4a0e-433c-b64b-e1940a9176a9/element/16/text &amp#27;[39m&amp#27;[32m200&amp#27;[39m &amp#27;[90m17 ms - 15&amp#27;[39m
&amp#27;[35m[HTTP]&amp#27;[39m &amp#27;[90m&amp#27;[39m
[debug] &amp#27;[35m[AndroidBootstrap]&amp#27;[39m [BOOTSTRAP LOG] [debug] Returning result: {"status":0,"value":"OFF"}
]]></system-out>
    <system-err><![CDATA[SLF4J: Failed to load class "org.slf4j.impl.StaticLoggerBinder".
SLF4J: Defaulting to no-operation (NOP) logger implementation
SLF4J: See http://www.slf4j.org/codes.html#StaticLoggerBinder for further details.
Jan 04, 2021 8:03:00 AM io.appium.java_client.remote.AppiumCommandExecutor$1 lambda$0
INFO: Detected dialect: W3C
Starting ChromeDriver 87.0.4280.88 (89e2380a3e36c3464b5dd1302349b1382549290d-refs/branch-heads/4280@{#1761}) on port 2184
Only local connections are allowed.
Please see https://chromedriver.chromium.org/security-considerations for suggestions on keeping ChromeDriver safe.
ChromeDriver was started successfully.
Jan 04, 2021 8:03:03 AM org.openqa.selenium.remote.ProtocolHandshake createSession
INFO: Detected dialect: W3C
Jan 04, 2021 8:03:17 AM io.appium.java_client.remote.AppiumCommandExecutor$1 lambda$0
INFO: Detected dialect: W3C
]]></system-err>
  </testcase>
  <testcase name="blockCamera" classname="com.communitake.tests.automation.gms.FacilitiesTests" time="23.77">
    <system-out><![CDATA[&amp#27;[35m[HTTP]&amp#27;[39m &amp#27;[37m-->&amp#27;[39m &amp#27;[37mGET&amp#27;[39m &amp#27;[37m/wd/hub/status&amp#27;[39m
&amp#27;[35m[HTTP]&amp#27;[39m &amp#27;[90m{}&amp#27;[39m
[debug] &amp#27;[35m[GENERIC]&amp#27;[39m Calling AppiumDriver.getStatus() with args: []
[debug] &amp#27;[35m[GENERIC]&amp#27;[39m Responding to client with driver.getStatus() result: {"build":{"version":"1.19.1"}}
&amp#27;[35m[HTTP]&amp#27;[39m &amp#27;[37m<-- GET /wd/hub/status &amp#27;[39m&amp#27;[32m200&amp#27;[39m &amp#27;[90m1 ms - 68&amp#27;[39m
&amp#27;[35m[HTTP]&amp#27;[39m &amp#27;[90m&amp#27;[39m
&amp#27;[35m[HTTP]&amp#27;[39m &amp#27;[37m-->&amp#27;[39m &amp#27;[37mPOST&amp#27;[39m &amp#27;[37m/wd/hub/session&amp#27;[39m
&amp#27;[35m[HTTP]&amp#27;[39m &amp#27;[90m{"desiredCapabilities":{"appActivity":"com.communitake.mdc.SplashScreen","appPackage":"com.communitake.mdc.supportsip","noReset":"true","platformVersion":"9","automationName":"UiAutomator1","browserName":"","platformName":"Android","udid":"CTGED020000261","deviceName":"CTGED02"},"capabilities":{"firstMatch":[{"appium:appActivity":"com.communitake.mdc.SplashScreen","appium:appPackage":"com.communitake.mdc.supportsip","appium:automationName":"UiAutomator1","browserName":"","appium:deviceName":"CTGED02","appium:noReset":"true","platformName":"android","appium:platformVersion":"9","appium:udid":"CTGED020000261"}]}}&amp#27;[39m
[debug] &amp#27;[35m[W3C]&amp#27;[39m Calling AppiumDriver.createSession() with args: [{"appActivity":"com.communitake.mdc.SplashScreen","appPackage":"com.communitake.mdc.supportsip","noReset":"true","platformVersion":"9","automationName":"UiAutomator1","browserName":"","platformName":"Android","udid":"CTGED020000261","deviceName":"CTGED02"},null,{"firstMatch":[{"appium:appActivity":"com.communitake.mdc.SplashScreen","appium:appPackage":"com.communitake.mdc.supportsip","appium:automationName":"UiAutomator1","browserName":"","appium:deviceName":"CTGED02","appium:noReset":"true","platformName":"android","appium:platformVersion":"9","appium:udid":"CTGED020000261"}]}]
[debug] &amp#27;[35m[BaseDriver]&amp#27;[39m Event 'newSessionRequested' logged at 1609740231962 (08:03:51 GMT+0200 (Israel Standard Time))
&amp#27;[35m[Appium]&amp#27;[39m Appium v1.19.1 creating new AndroidDriver (v4.41.0) session
[debug] &amp#27;[35m[BaseDriver]&amp#27;[39m W3C capabilities and MJSONWP desired capabilities were provided
[debug] &amp#27;[35m[BaseDriver]&amp#27;[39m Creating session with W3C capabilities: {
[debug] &amp#27;[35m[BaseDriver]&amp#27;[39m   "alwaysMatch": {
[debug] &amp#27;[35m[BaseDriver]&amp#27;[39m     "browserName": "",
[debug] &amp#27;[35m[BaseDriver]&amp#27;[39m     "platformName": "android",
[debug] &amp#27;[35m[BaseDriver]&amp#27;[39m     "appium:appActivity": "com.communitake.mdc.SplashScreen",
[debug] &amp#27;[35m[BaseDriver]&amp#27;[39m     "appium:appPackage": "com.communitake.mdc.supportsip",
[debug] &amp#27;[35m[BaseDriver]&amp#27;[39m     "appium:automationName": "UiAutomator1",
[debug] &amp#27;[35m[BaseDriver]&amp#27;[39m     "appium:deviceName": "CTGED02",
[debug] &amp#27;[35m[BaseDriver]&amp#27;[39m     "appium:noReset": "true",
[debug] &amp#27;[35m[BaseDriver]&amp#27;[39m     "appium:platformVersion": "9",
[debug] &amp#27;[35m[BaseDriver]&amp#27;[39m     "appium:udid": "CTGED020000261"
[debug] &amp#27;[35m[BaseDriver]&amp#27;[39m   },
[debug] &amp#27;[35m[BaseDriver]&amp#27;[39m   "firstMatch": [
[debug] &amp#27;[35m[BaseDriver]&amp#27;[39m     {}
[debug] &amp#27;[35m[BaseDriver]&amp#27;[39m   ]
[debug] &amp#27;[35m[BaseDriver]&amp#27;[39m }
&amp#27;[35m[BaseDriver]&amp#27;[39m Capability 'noReset' changed from string to boolean. This may cause unexpected behavior
&amp#27;[35m[BaseDriver]&amp#27;[39m Session created with session id: 3a662eed-3955-4081-9c4a-fe3d07c6e4fb
&amp#27;[35m[ADB]&amp#27;[39m Using 'adb.exe' from 'C:\Users\Nissim Automation\AppData\Local\Android\Sdk\platform-tools\adb.exe'
[debug] &amp#27;[35m[ADB]&amp#27;[39m Running 'C:\Users\Nissim Automation\AppData\Local\Android\Sdk\platform-tools\adb.exe -P 5037 start-server'
&amp#27;[35m[AndroidDriver]&amp#27;[39m Retrieving device list
[debug] &amp#27;[35m[ADB]&amp#27;[39m Trying to find a connected android device
[debug] &amp#27;[35m[ADB]&amp#27;[39m Getting connected devices
[debug] &amp#27;[35m[ADB]&amp#27;[39m Connected devices: [{"udid":"CTGED020000261","state":"device"}]
&amp#27;[35m[AndroidDriver]&amp#27;[39m Using device: CTGED020000261
&amp#27;[35m[ADB]&amp#27;[39m Using 'adb.exe' from 'C:\Users\Nissim Automation\AppData\Local\Android\Sdk\platform-tools\adb.exe'
[debug] &amp#27;[35m[ADB]&amp#27;[39m Running 'C:\Users\Nissim Automation\AppData\Local\Android\Sdk\platform-tools\adb.exe -P 5037 start-server'
[debug] &amp#27;[35m[ADB]&amp#27;[39m Setting device id to CTGED020000261
[debug] &amp#27;[35m[ADB]&amp#27;[39m Running 'C:\Users\Nissim Automation\AppData\Local\Android\Sdk\platform-tools\adb.exe -P 5037 -s CTGED020000261 shell getprop ro.build.version.sdk'
[debug] &amp#27;[35m[ADB]&amp#27;[39m Current device property 'ro.build.version.sdk': 28
&amp#27;[35m[ADB]&amp#27;[39m Getting device platform version
[debug] &amp#27;[35m[ADB]&amp#27;[39m Running 'C:\Users\Nissim Automation\AppData\Local\Android\Sdk\platform-tools\adb.exe -P 5037 -s CTGED020000261 shell getprop ro.build.version.release'
[debug] &amp#27;[35m[ADB]&amp#27;[39m Current device property 'ro.build.version.release': 9
[debug] &amp#27;[35m[ADB]&amp#27;[39m Device API level: 28
&amp#27;[35m[AndroidDriver]&amp#27;[39m Consider setting 'automationName' capability to 'uiautomator2' on Android >= 6, since UIAutomator framework is not maintained anymore by the OS vendor.
&amp#27;[35m[AndroidDriver]&amp#27;[39m App file was not listed, instead we're going to run com.communitake.mdc.supportsip directly on the device
[debug] &amp#27;[35m[AndroidDriver]&amp#27;[39m Checking whether package is present on the device
[debug] &amp#27;[35m[ADB]&amp#27;[39m Running 'C:\Users\Nissim Automation\AppData\Local\Android\Sdk\platform-tools\adb.exe -P 5037 -s CTGED020000261 shell pm list packages com.communitake.mdc.supportsip'
&amp#27;[35m[AndroidDriver]&amp#27;[39m Starting Android session
[debug] &amp#27;[35m[ADB]&amp#27;[39m Running 'C:\Users\Nissim Automation\AppData\Local\Android\Sdk\platform-tools\adb.exe -P 5037 -s CTGED020000261 wait-for-device'
[debug] &amp#27;[35m[ADB]&amp#27;[39m Running 'C:\Users\Nissim Automation\AppData\Local\Android\Sdk\platform-tools\adb.exe -P 5037 -s CTGED020000261 shell echo ping'
[debug] &amp#27;[35m[AndroidDriver]&amp#27;[39m Pushing settings apk to device...
[debug] &amp#27;[35m[ADB]&amp#27;[39m Getting install status for io.appium.settings
[debug] &amp#27;[35m[ADB]&amp#27;[39m Running 'C:\Users\Nissim Automation\AppData\Local\Android\Sdk\platform-tools\adb.exe -P 5037 -s CTGED020000261 shell dumpsys package io.appium.settings'
[debug] &amp#27;[35m[ADB]&amp#27;[39m 'io.appium.settings' is installed
[debug] &amp#27;[35m[ADB]&amp#27;[39m Getting package info for 'io.appium.settings'
[debug] &amp#27;[35m[ADB]&amp#27;[39m Running 'C:\Users\Nissim Automation\AppData\Local\Android\Sdk\platform-tools\adb.exe -P 5037 -s CTGED020000261 shell dumpsys package io.appium.settings'
[debug] &amp#27;[35m[ADB]&amp#27;[39m The version name of the installed 'io.appium.settings' is greater or equal to the application version name ('3.2.1' >= '3.2.1')
[debug] &amp#27;[35m[ADB]&amp#27;[39m There is no need to install/upgrade 'C:\Users\Nissim Automation\AppData\Roaming\npm\node_modules\appium\node_modules\io.appium.settings\apks\settings_apk-debug.apk'
[debug] &amp#27;[35m[ADB]&amp#27;[39m Getting IDs of all 'io.appium.settings' processes
[debug] &amp#27;[35m[ADB]&amp#27;[39m Running 'C:\Users\Nissim Automation\AppData\Local\Android\Sdk\platform-tools\adb.exe -P 5037 -s CTGED020000261 shell 'pgrep --help; echo $?''
[debug] &amp#27;[35m[ADB]&amp#27;[39m Running 'C:\Users\Nissim Automation\AppData\Local\Android\Sdk\platform-tools\adb.exe -P 5037 -s CTGED020000261 shell pgrep -f \(\[\[:blank:\]\]\|\^\)io\.appium\.settings\(\[\[:blank:\]\]\|\$\)'
&amp#27;[35m[Appium]&amp#27;[39m Welcome to Appium v1.19.1
&amp#27;[35m[HTTP]&amp#27;[39m Could not start REST http interface listener. The requested port may already be in use. Please make sure there is no other instance of this server running already.
Fatal Error: listen EADDRINUSE: address already in use 0.0.0.0:4723
    at Server.setupListenHandle [as _listen2] (net.js:1318:16)
    at listenInCluster (net.js:1366:12)
    at doListen (net.js:1503:7)
    at processTicksAndRejections (internal/process/task_queues.js:81:21)
[debug] &amp#27;[35m[AndroidDriver]&amp#27;[39m io.appium.settings is already running. There is no need to reset its permissions.
[debug] &amp#27;[35m[ADB]&amp#27;[39m Running 'C:\Users\Nissim Automation\AppData\Local\Android\Sdk\platform-tools\adb.exe -P 5037 -s CTGED020000261 shell appops set io.appium.settings android:mock_location allow'
[debug] &amp#27;[35m[Logcat]&amp#27;[39m Starting logs capture with command: 'C:\\Users\\Nissim Automation\\AppData\\Local\\Android\\Sdk\\platform-tools\\adb.exe' -P 5037 -s CTGED020000261 logcat -v threadtime
&amp#27;[35m[ADB]&amp#27;[39m Getting device platform version
[debug] &amp#27;[35m[ADB]&amp#27;[39m Running 'C:\Users\Nissim Automation\AppData\Local\Android\Sdk\platform-tools\adb.exe -P 5037 -s CTGED020000261 shell getprop ro.build.version.release'
[debug] &amp#27;[35m[ADB]&amp#27;[39m Current device property 'ro.build.version.release': 9
[debug] &amp#27;[35m[ADB]&amp#27;[39m Running 'C:\Users\Nissim Automation\AppData\Local\Android\Sdk\platform-tools\adb.exe -P 5037 -s CTGED020000261 shell wm size'
[debug] &amp#27;[35m[ADB]&amp#27;[39m Running 'C:\Users\Nissim Automation\AppData\Local\Android\Sdk\platform-tools\adb.exe -P 5037 -s CTGED020000261 shell getprop ro.product.model'
[debug] &amp#27;[35m[ADB]&amp#27;[39m Current device property 'ro.product.model': CTGED02
[debug] &amp#27;[35m[ADB]&amp#27;[39m Running 'C:\Users\Nissim Automation\AppData\Local\Android\Sdk\platform-tools\adb.exe -P 5037 -s CTGED020000261 shell getprop ro.product.manufacturer'
[debug] &amp#27;[35m[ADB]&amp#27;[39m Current device property 'ro.product.manufacturer': sanmu
&amp#27;[35m[AndroidDriver]&amp#27;[39m No app sent in, not parsing package/activity
[debug] &amp#27;[35m[AndroidDriver]&amp#27;[39m No app capability. Assuming it is already on the device
[debug] &amp#27;[35m[AndroidBootstrap]&amp#27;[39m Watching for bootstrap disconnect
[debug] &amp#27;[35m[ADB]&amp#27;[39m Forwarding system: 4724 to device: 4724
[debug] &amp#27;[35m[ADB]&amp#27;[39m Running 'C:\Users\Nissim Automation\AppData\Local\Android\Sdk\platform-tools\adb.exe -P 5037 -s CTGED020000261 forward tcp:4724 tcp:4724'
[debug] &amp#27;[35m[UiAutomator]&amp#27;[39m Starting UiAutomator
[debug] &amp#27;[35m[UiAutomator]&amp#27;[39m Moving to state 'starting'
[debug] &amp#27;[35m[UiAutomator]&amp#27;[39m Parsing uiautomator jar
[debug] &amp#27;[35m[UiAutomator]&amp#27;[39m Found jar name: 'AppiumBootstrap.jar'
[debug] &amp#27;[35m[ADB]&amp#27;[39m Running 'C:\Users\Nissim Automation\AppData\Local\Android\Sdk\platform-tools\adb.exe -P 5037 -s CTGED020000261 shell mkdir -p /data/local'
[debug] &amp#27;[35m[ADB]&amp#27;[39m Running 'C:\Users\Nissim Automation\AppData\Local\Android\Sdk\platform-tools\adb.exe -P 5037 -s CTGED020000261 push 'C:\\Users\\Nissim Automation\\AppData\\Roaming\\npm\\node_modules\\appium\\node_modules\\appium-android-driver\\bootstrap\\bin\\AppiumBootstrap.jar' /data/local/tmp/'
[debug] &amp#27;[35m[ADB]&amp#27;[39m Attempting to kill all uiautomator processes
[debug] &amp#27;[35m[ADB]&amp#27;[39m Getting IDs of all 'uiautomator' processes
[debug] &amp#27;[35m[ADB]&amp#27;[39m Running 'C:\Users\Nissim Automation\AppData\Local\Android\Sdk\platform-tools\adb.exe -P 5037 -s CTGED020000261 shell pgrep -f \(\[\[:blank:\]\]\|\^\)uiautomator\(\[\[:blank:\]\]\|\$\)'
[debug] &amp#27;[35m[ADB]&amp#27;[39m Attempting to kill process 6782
[debug] &amp#27;[35m[ADB]&amp#27;[39m Running 'C:\Users\Nissim Automation\AppData\Local\Android\Sdk\platform-tools\adb.exe -P 5037 -s CTGED020000261 shell kill 6782'
[debug] &amp#27;[35m[UiAutomator]&amp#27;[39m Starting UIAutomator
[debug] &amp#27;[35m[ADB]&amp#27;[39m Creating ADB subprocess with args: ["-P",5037,"-s","CTGED020000261","shell","uiautomator","runtest","AppiumBootstrap.jar","-c","io.appium.android.bootstrap.Bootstrap","-e","pkg","com.communitake.mdc.supportsip","-e","disableAndroidWatchers",false,"-e","acceptSslCerts",false]
&amp#27;[35m[UiAutomator]&amp#27;[39m UiAutomator exited unexpectedly with code 143, signal null
[debug] &amp#27;[35m[UiAutomator]&amp#27;[39m Moving to state 'stopped'
&amp#27;[35m[Appium]&amp#27;[39m Closing session, cause was 'UiAUtomator shut down unexpectedly'
&amp#27;[35m[Appium]&amp#27;[39m Removing session '23670370-4a0e-433c-b64b-e1940a9176a9' from our master session list
[debug] &amp#27;[35m[AndroidDriver]&amp#27;[39m Shutting down Android driver
[debug] &amp#27;[35m[ADB]&amp#27;[39m Running 'C:\Users\Nissim Automation\AppData\Local\Android\Sdk\platform-tools\adb.exe -P 5037 -s CTGED020000261 shell am force-stop com.communitake.mdc.supportsip'
[debug] &amp#27;[35m[ADB]&amp#27;[39m Pressing the HOME button
[debug] &amp#27;[35m[ADB]&amp#27;[39m Running 'C:\Users\Nissim Automation\AppData\Local\Android\Sdk\platform-tools\adb.exe -P 5037 -s CTGED020000261 shell input keyevent 3'
[debug] &amp#27;[35m[UiAutomator]&amp#27;[39m Moving to state 'online'
&amp#27;[35m[AndroidBootstrap]&amp#27;[39m Android bootstrap socket is now connected
[debug] &amp#27;[35m[ADB]&amp#27;[39m Running 'C:\Users\Nissim Automation\AppData\Local\Android\Sdk\platform-tools\adb.exe -P 5037 -s CTGED020000261 shell dumpsys window'
[debug] &amp#27;[35m[AndroidBootstrap]&amp#27;[39m [BOOTSTRAP LOG] [debug] Registered crash watchers.
[debug] &amp#27;[35m[AndroidBootstrap]&amp#27;[39m [BOOTSTRAP LOG] [debug] Client connected
&amp#27;[35m[AndroidDriver]&amp#27;[39m Screen already unlocked, doing nothing
[debug] &amp#27;[35m[ADB]&amp#27;[39m Running 'C:\Users\Nissim Automation\AppData\Local\Android\Sdk\platform-tools\adb.exe -P 5037 -s CTGED020000261 shell am start -W -n com.communitake.mdc.supportsip/com.communitake.mdc.SplashScreen -S -a android.intent.action.MAIN -c android.intent.category.LAUNCHER -f 0x10200000'
&amp#27;[35m[AndroidBootstrap]&amp#27;[39m Cannot shut down Android bootstrap; it has already shut down
[debug] &amp#27;[35m[Logcat]&amp#27;[39m Stopping logcat capture
[debug] &amp#27;[35m[ADB]&amp#27;[39m Running 'C:\Users\Nissim Automation\AppData\Local\Android\Sdk\platform-tools\adb.exe -P 5037 -s CTGED020000261 shell am force-stop io.appium.unlock'
&amp#27;[35m[Appium]&amp#27;[39m New AndroidDriver session created successfully, session 3a662eed-3955-4081-9c4a-fe3d07c6e4fb added to master session list
[debug] &amp#27;[35m[BaseDriver]&amp#27;[39m Event 'newSessionStarted' logged at 1609740237289 (08:03:57 GMT+0200 (Israel Standard Time))
[debug] &amp#27;[35m[W3C (3a662eed)]&amp#27;[39m Cached the protocol value 'W3C' for the new session 3a662eed-3955-4081-9c4a-fe3d07c6e4fb
[debug] &amp#27;[35m[W3C (3a662eed)]&amp#27;[39m Responding to client with driver.createSession() result: {"capabilities":{"platform":"LINUX","webStorageEnabled":false,"takesScreenshot":true,"javascriptEnabled":true,"databaseEnabled":false,"networkConnectionEnabled":true,"locationContextEnabled":false,"warnings":{},"desired":{"browserName":"","platformName":"android","appActivity":"com.communitake.mdc.SplashScreen","appPackage":"com.communitake.mdc.supportsip","automationName":"UiAutomator1","deviceName":"CTGED02","noReset":true,"platformVersion":"9","udid":"CTGED020000261"},"browserName":"","platformName":"android","appActivity":"com.communitake.mdc.SplashScreen","appPackage":"com.communitake.mdc.supportsip","automationName":"UiAutomator1","deviceName":"CTGED020000261","noReset":true,"platformVersion":"9","udid":"CTGED020000261","deviceUDID":"CTGED020000261","deviceScreenSize":"720x1440","deviceModel":"CTGED02","deviceManufacturer":"sanmu"}}
&amp#27;[35m[HTTP]&amp#27;[39m &amp#27;[37m<-- POST /wd/hub/session &amp#27;[39m&amp#27;[32m200&amp#27;[39m &amp#27;[90m5329 ms - 911&amp#27;[39m
&amp#27;[35m[HTTP]&amp#27;[39m &amp#27;[90m&amp#27;[39m
false
&amp#27;[35m[HTTP]&amp#27;[39m &amp#27;[37m-->&amp#27;[39m &amp#27;[37mPOST&amp#27;[39m &amp#27;[37m/wd/hub/session/3a662eed-3955-4081-9c4a-fe3d07c6e4fb/timeouts&amp#27;[39m
&amp#27;[35m[HTTP]&amp#27;[39m &amp#27;[90m{"implicit":10000}&amp#27;[39m
[debug] &amp#27;[35m[W3C (3a662eed)]&amp#27;[39m Calling AppiumDriver.timeouts() with args: [null,null,null,null,10000,"3a662eed-3955-4081-9c4a-fe3d07c6e4fb"]
[debug] &amp#27;[35m[BaseDriver]&amp#27;[39m W3C timeout argument: {"implicit":10000}}
[debug] &amp#27;[35m[BaseDriver]&amp#27;[39m Set implicit wait to 10000ms
[debug] &amp#27;[35m[W3C (3a662eed)]&amp#27;[39m Responding to client with driver.timeouts() result: null
&amp#27;[35m[HTTP]&amp#27;[39m &amp#27;[37m<-- POST /wd/hub/session/3a662eed-3955-4081-9c4a-fe3d07c6e4fb/timeouts &amp#27;[39m&amp#27;[32m200&amp#27;[39m &amp#27;[90m1 ms - 14&amp#27;[39m
&amp#27;[35m[HTTP]&amp#27;[39m &amp#27;[90m&amp#27;[39m
&amp#27;[35m[HTTP]&amp#27;[39m &amp#27;[37m-->&amp#27;[39m &amp#27;[37mGET&amp#27;[39m &amp#27;[37m/wd/hub/session/3a662eed-3955-4081-9c4a-fe3d07c6e4fb/context&amp#27;[39m
&amp#27;[35m[HTTP]&amp#27;[39m &amp#27;[90m{}&amp#27;[39m
[debug] &amp#27;[35m[W3C (3a662eed)]&amp#27;[39m Calling AppiumDriver.getCurrentContext() with args: ["3a662eed-3955-4081-9c4a-fe3d07c6e4fb"]
[debug] &amp#27;[35m[W3C (3a662eed)]&amp#27;[39m Responding to client with driver.getCurrentContext() result: "NATIVE_APP"
&amp#27;[35m[HTTP]&amp#27;[39m &amp#27;[37m<-- GET /wd/hub/session/3a662eed-3955-4081-9c4a-fe3d07c6e4fb/context &amp#27;[39m&amp#27;[32m200&amp#27;[39m &amp#27;[90m1 ms - 22&amp#27;[39m
&amp#27;[35m[HTTP]&amp#27;[39m &amp#27;[90m&amp#27;[39m
&amp#27;[35m[HTTP]&amp#27;[39m &amp#27;[37m-->&amp#27;[39m &amp#27;[37mPOST&amp#27;[39m &amp#27;[37m/wd/hub/session/3a662eed-3955-4081-9c4a-fe3d07c6e4fb/element&amp#27;[39m
&amp#27;[35m[HTTP]&amp#27;[39m &amp#27;[90m{"using":"id","value":"com.communitake.mdc.supportsip:id/menuImage"}&amp#27;[39m
[debug] &amp#27;[35m[W3C (3a662eed)]&amp#27;[39m Calling AppiumDriver.findElement() with args: ["id","com.communitake.mdc.supportsip:id/menuImage","3a662eed-3955-4081-9c4a-fe3d07c6e4fb"]
[debug] &amp#27;[35m[BaseDriver]&amp#27;[39m Valid locator strategies for this request: xpath, id, class name, accessibility id, -android uiautomator
[debug] &amp#27;[35m[BaseDriver]&amp#27;[39m Waiting up to 10000 ms for condition
[debug] &amp#27;[35m[AndroidBootstrap]&amp#27;[39m Sending command to android: {"cmd":"action","action":"find","params":{"strategy":"id","selector":"com.communitake.mdc.supportsip:id/menuImage","context":"","multiple":false}}
[debug] &amp#27;[35m[AndroidBootstrap]&amp#27;[39m [BOOTSTRAP LOG] [debug] Got data from client: {"cmd":"action","action":"find","params":{"strategy":"id","selector":"com.communitake.mdc.supportsip:id/menuImage","context":"","multiple":false}}
[debug] &amp#27;[35m[AndroidBootstrap]&amp#27;[39m [BOOTSTRAP LOG] [debug] Got command of type ACTION
[debug] &amp#27;[35m[AndroidBootstrap]&amp#27;[39m [BOOTSTRAP LOG] [debug] Got command action: find
[debug] &amp#27;[35m[AndroidBootstrap]&amp#27;[39m [BOOTSTRAP LOG] [debug] Finding 'com.communitake.mdc.supportsip:id/menuImage' using 'ID' with the contextId: '' multiple: false
[debug] &amp#27;[35m[AndroidBootstrap]&amp#27;[39m [BOOTSTRAP LOG] [debug] Using: UiSelector[INSTANCE=0, RESOURCE_ID=com.communitake.mdc.supportsip:id/menuImage]
[debug] &amp#27;[35m[AndroidBootstrap]&amp#27;[39m [BOOTSTRAP LOG] [debug] Returning result: {"status":0,"value":{"ELEMENT":"1"}}
[debug] &amp#27;[35m[AndroidBootstrap]&amp#27;[39m Received command result from bootstrap
[debug] &amp#27;[35m[W3C (3a662eed)]&amp#27;[39m Responding to client with driver.findElement() result: {"element-6066-11e4-a52e-4f735466cecf":"1","ELEMENT":"1"}
&amp#27;[35m[HTTP]&amp#27;[39m &amp#27;[37m<-- POST /wd/hub/session/3a662eed-3955-4081-9c4a-fe3d07c6e4fb/element &amp#27;[39m&amp#27;[32m200&amp#27;[39m &amp#27;[90m49 ms - 67&amp#27;[39m
&amp#27;[35m[HTTP]&amp#27;[39m &amp#27;[90m&amp#27;[39m
&amp#27;[35m[HTTP]&amp#27;[39m &amp#27;[37m-->&amp#27;[39m &amp#27;[37mPOST&amp#27;[39m &amp#27;[37m/wd/hub/session/3a662eed-3955-4081-9c4a-fe3d07c6e4fb/element/1/click&amp#27;[39m
&amp#27;[35m[HTTP]&amp#27;[39m &amp#27;[90m{"id":"1"}&amp#27;[39m
[debug] &amp#27;[35m[W3C (3a662eed)]&amp#27;[39m Calling AppiumDriver.click() with args: ["1","3a662eed-3955-4081-9c4a-fe3d07c6e4fb"]
[debug] &amp#27;[35m[AndroidBootstrap]&amp#27;[39m Sending command to android: {"cmd":"action","action":"element:click","params":{"elementId":"1"}}
[debug] &amp#27;[35m[AndroidBootstrap]&amp#27;[39m [BOOTSTRAP LOG] [debug] Got data from client: {"cmd":"action","action":"element:click","params":{"elementId":"1"}}
[debug] &amp#27;[35m[AndroidBootstrap]&amp#27;[39m [BOOTSTRAP LOG] [debug] Got command of type ACTION
[debug] &amp#27;[35m[AndroidBootstrap]&amp#27;[39m [BOOTSTRAP LOG] [debug] Got command action: click
[debug] &amp#27;[35m[AndroidBootstrap]&amp#27;[39m [BOOTSTRAP LOG] [debug] Returning result: {"status":0,"value":true}
[debug] &amp#27;[35m[AndroidBootstrap]&amp#27;[39m Received command result from bootstrap
[debug] &amp#27;[35m[W3C (3a662eed)]&amp#27;[39m Responding to client with driver.click() result: true
&amp#27;[35m[HTTP]&amp#27;[39m &amp#27;[37m<-- POST /wd/hub/session/3a662eed-3955-4081-9c4a-fe3d07c6e4fb/element/1/click &amp#27;[39m&amp#27;[32m200&amp#27;[39m &amp#27;[90m416 ms - 14&amp#27;[39m
&amp#27;[35m[HTTP]&amp#27;[39m &amp#27;[90m&amp#27;[39m
&amp#27;[35m[HTTP]&amp#27;[39m &amp#27;[37m-->&amp#27;[39m &amp#27;[37mGET&amp#27;[39m &amp#27;[37m/wd/hub/session/3a662eed-3955-4081-9c4a-fe3d07c6e4fb/context&amp#27;[39m
&amp#27;[35m[HTTP]&amp#27;[39m &amp#27;[90m{}&amp#27;[39m
[debug] &amp#27;[35m[W3C (3a662eed)]&amp#27;[39m Calling AppiumDriver.getCurrentContext() with args: ["3a662eed-3955-4081-9c4a-fe3d07c6e4fb"]
[debug] &amp#27;[35m[W3C (3a662eed)]&amp#27;[39m Responding to client with driver.getCurrentContext() result: "NATIVE_APP"
&amp#27;[35m[HTTP]&amp#27;[39m &amp#27;[37m<-- GET /wd/hub/session/3a662eed-3955-4081-9c4a-fe3d07c6e4fb/context &amp#27;[39m&amp#27;[32m200&amp#27;[39m &amp#27;[90m2 ms - 22&amp#27;[39m
&amp#27;[35m[HTTP]&amp#27;[39m &amp#27;[90m&amp#27;[39m
&amp#27;[35m[HTTP]&amp#27;[39m &amp#27;[37m-->&amp#27;[39m &amp#27;[37mPOST&amp#27;[39m &amp#27;[37m/wd/hub/session/3a662eed-3955-4081-9c4a-fe3d07c6e4fb/elements&amp#27;[39m
&amp#27;[35m[HTTP]&amp#27;[39m &amp#27;[90m{"using":"id","value":"android:id/title"}&amp#27;[39m
[debug] &amp#27;[35m[W3C (3a662eed)]&amp#27;[39m Calling AppiumDriver.findElements() with args: ["id","android:id/title","3a662eed-3955-4081-9c4a-fe3d07c6e4fb"]
[debug] &amp#27;[35m[BaseDriver]&amp#27;[39m Valid locator strategies for this request: xpath, id, class name, accessibility id, -android uiautomator
[debug] &amp#27;[35m[BaseDriver]&amp#27;[39m Waiting up to 10000 ms for condition
[debug] &amp#27;[35m[AndroidBootstrap]&amp#27;[39m Sending command to android: {"cmd":"action","action":"find","params":{"strategy":"id","selector":"android:id/title","context":"","multiple":true}}
[debug] &amp#27;[35m[AndroidBootstrap]&amp#27;[39m [BOOTSTRAP LOG] [debug] Got data from client: {"cmd":"action","action":"find","params":{"strategy":"id","selector":"android:id/title","context":"","multiple":true}}
[debug] &amp#27;[35m[AndroidBootstrap]&amp#27;[39m [BOOTSTRAP LOG] [debug] Got command of type ACTION
[debug] &amp#27;[35m[AndroidBootstrap]&amp#27;[39m [BOOTSTRAP LOG] [debug] Got command action: find
[debug] &amp#27;[35m[AndroidBootstrap]&amp#27;[39m [BOOTSTRAP LOG] [debug] Finding 'android:id/title' using 'ID' with the contextId: '' multiple: true
[debug] &amp#27;[35m[AndroidBootstrap]&amp#27;[39m [BOOTSTRAP LOG] [debug] Using: UiSelector[RESOURCE_ID=android:id/title]
[debug] &amp#27;[35m[AndroidBootstrap]&amp#27;[39m [BOOTSTRAP LOG] [debug] getElements selector:UiSelector[RESOURCE_ID=android:id/title]
[debug] &amp#27;[35m[AndroidBootstrap]&amp#27;[39m [BOOTSTRAP LOG] [debug] Element[] is null: (0)
[debug] &amp#27;[35m[AndroidBootstrap]&amp#27;[39m [BOOTSTRAP LOG] [debug] getElements tmp selector:UiSelector[INSTANCE=0, RESOURCE_ID=android:id/title]
[debug] &amp#27;[35m[AndroidBootstrap]&amp#27;[39m [BOOTSTRAP LOG] [debug] Element[] is null: (1)
[debug] &amp#27;[35m[AndroidBootstrap]&amp#27;[39m [BOOTSTRAP LOG] [debug] getElements tmp selector:UiSelector[INSTANCE=1, RESOURCE_ID=android:id/title]
[debug] &amp#27;[35m[AndroidBootstrap]&amp#27;[39m [BOOTSTRAP LOG] [debug] Element[] is null: (2)
[debug] &amp#27;[35m[AndroidBootstrap]&amp#27;[39m [BOOTSTRAP LOG] [debug] getElements tmp selector:UiSelector[INSTANCE=2, RESOURCE_ID=android:id/title]
[debug] &amp#27;[35m[AndroidBootstrap]&amp#27;[39m [BOOTSTRAP LOG] [debug] Element[] is null: (3)
[debug] &amp#27;[35m[AndroidBootstrap]&amp#27;[39m [BOOTSTRAP LOG] [debug] getElements tmp selector:UiSelector[INSTANCE=3, RESOURCE_ID=android:id/title]
[debug] &amp#27;[35m[AndroidBootstrap]&amp#27;[39m [BOOTSTRAP LOG] [debug] Returning result: {"status":0,"value":[{"ELEMENT":"2"},{"ELEMENT":"3"},{"ELEMENT":"4"}]}
[debug] &amp#27;[35m[AndroidBootstrap]&amp#27;[39m Received command result from bootstrap
[debug] &amp#27;[35m[W3C (3a662eed)]&amp#27;[39m Responding to client with driver.findElements() result: [{"element-6066-11e4-a52e-4f735466cecf":"2","ELEMENT":"2"},{"element-6066-11e4-a52e-4f735466cecf":"3","ELEMENT":"3"},{"element-6066-11e4-a52e-4f735466cecf":"4","ELEMENT":"4"}]
&amp#27;[35m[HTTP]&amp#27;[39m &amp#27;[37m<-- POST /wd/hub/session/3a662eed-3955-4081-9c4a-fe3d07c6e4fb/elements &amp#27;[39m&amp#27;[32m200&amp#27;[39m &amp#27;[90m890 ms - 185&amp#27;[39m
&amp#27;[35m[HTTP]&amp#27;[39m &amp#27;[90m&amp#27;[39m
&amp#27;[35m[HTTP]&amp#27;[39m &amp#27;[37m-->&amp#27;[39m &amp#27;[37mPOST&amp#27;[39m &amp#27;[37m/wd/hub/session/3a662eed-3955-4081-9c4a-fe3d07c6e4fb/element/2/click&amp#27;[39m
&amp#27;[35m[HTTP]&amp#27;[39m &amp#27;[90m{"id":"2"}&amp#27;[39m
[debug] &amp#27;[35m[W3C (3a662eed)]&amp#27;[39m Calling AppiumDriver.click() with args: ["2","3a662eed-3955-4081-9c4a-fe3d07c6e4fb"]
[debug] &amp#27;[35m[AndroidBootstrap]&amp#27;[39m Sending command to android: {"cmd":"action","action":"element:click","params":{"elementId":"2"}}
[debug] &amp#27;[35m[AndroidBootstrap]&amp#27;[39m [BOOTSTRAP LOG] [debug] Got data from client: {"cmd":"action","action":"element:click","params":{"elementId":"2"}}
[debug] &amp#27;[35m[AndroidBootstrap]&amp#27;[39m [BOOTSTRAP LOG] [debug] Got command of type ACTION
[debug] &amp#27;[35m[AndroidBootstrap]&amp#27;[39m [BOOTSTRAP LOG] [debug] Got command action: click
[debug] &amp#27;[35m[AndroidBootstrap]&amp#27;[39m Received command result from bootstrap
[debug] &amp#27;[35m[W3C (3a662eed)]&amp#27;[39m Responding to client with driver.click() result: true
&amp#27;[35m[HTTP]&amp#27;[39m &amp#27;[37m<-- POST /wd/hub/session/3a662eed-3955-4081-9c4a-fe3d07c6e4fb/element/2/click &amp#27;[39m&amp#27;[32m200&amp#27;[39m &amp#27;[90m172 ms - 14&amp#27;[39m
&amp#27;[35m[HTTP]&amp#27;[39m &amp#27;[90m&amp#27;[39m
[debug] &amp#27;[35m[AndroidBootstrap]&amp#27;[39m [BOOTSTRAP LOG] [debug] Returning result: {"status":0,"value":true}
&amp#27;[35m[HTTP]&amp#27;[39m &amp#27;[37m-->&amp#27;[39m &amp#27;[37mGET&amp#27;[39m &amp#27;[37m/wd/hub/session/3a662eed-3955-4081-9c4a-fe3d07c6e4fb/context&amp#27;[39m
&amp#27;[35m[HTTP]&amp#27;[39m &amp#27;[90m{}&amp#27;[39m
[debug] &amp#27;[35m[W3C (3a662eed)]&amp#27;[39m Calling AppiumDriver.getCurrentContext() with args: ["3a662eed-3955-4081-9c4a-fe3d07c6e4fb"]
[debug] &amp#27;[35m[W3C (3a662eed)]&amp#27;[39m Responding to client with driver.getCurrentContext() result: "NATIVE_APP"
&amp#27;[35m[HTTP]&amp#27;[39m &amp#27;[37m<-- GET /wd/hub/session/3a662eed-3955-4081-9c4a-fe3d07c6e4fb/context &amp#27;[39m&amp#27;[32m200&amp#27;[39m &amp#27;[90m1 ms - 22&amp#27;[39m
&amp#27;[35m[HTTP]&amp#27;[39m &amp#27;[90m&amp#27;[39m
&amp#27;[35m[HTTP]&amp#27;[39m &amp#27;[37m-->&amp#27;[39m &amp#27;[37mPOST&amp#27;[39m &amp#27;[37m/wd/hub/session/3a662eed-3955-4081-9c4a-fe3d07c6e4fb/element&amp#27;[39m
&amp#27;[35m[HTTP]&amp#27;[39m &amp#27;[90m{"using":"id","value":"com.communitake.mdc.supportsip:id/menuImage"}&amp#27;[39m
[debug] &amp#27;[35m[W3C (3a662eed)]&amp#27;[39m Calling AppiumDriver.findElement() with args: ["id","com.communitake.mdc.supportsip:id/menuImage","3a662eed-3955-4081-9c4a-fe3d07c6e4fb"]
[debug] &amp#27;[35m[BaseDriver]&amp#27;[39m Valid locator strategies for this request: xpath, id, class name, accessibility id, -android uiautomator
[debug] &amp#27;[35m[BaseDriver]&amp#27;[39m Waiting up to 10000 ms for condition
[debug] &amp#27;[35m[AndroidBootstrap]&amp#27;[39m Sending command to android: {"cmd":"action","action":"find","params":{"strategy":"id","selector":"com.communitake.mdc.supportsip:id/menuImage","context":"","multiple":false}}
[debug] &amp#27;[35m[AndroidBootstrap]&amp#27;[39m [BOOTSTRAP LOG] [debug] Got data from client: {"cmd":"action","action":"find","params":{"strategy":"id","selector":"com.communitake.mdc.supportsip:id/menuImage","context":"","multiple":false}}
[debug] &amp#27;[35m[AndroidBootstrap]&amp#27;[39m [BOOTSTRAP LOG] [debug] Got command of type ACTION
[debug] &amp#27;[35m[AndroidBootstrap]&amp#27;[39m [BOOTSTRAP LOG] [debug] Got command action: find
[debug] &amp#27;[35m[AndroidBootstrap]&amp#27;[39m [BOOTSTRAP LOG] [debug] Finding 'com.communitake.mdc.supportsip:id/menuImage' using 'ID' with the contextId: '' multiple: false
[debug] &amp#27;[35m[AndroidBootstrap]&amp#27;[39m [BOOTSTRAP LOG] [debug] Using: UiSelector[INSTANCE=0, RESOURCE_ID=com.communitake.mdc.supportsip:id/menuImage]
[debug] &amp#27;[35m[AndroidBootstrap]&amp#27;[39m Received command result from bootstrap
[debug] &amp#27;[35m[W3C (3a662eed)]&amp#27;[39m Responding to client with driver.findElement() result: {"element-6066-11e4-a52e-4f735466cecf":"5","ELEMENT":"5"}
&amp#27;[35m[HTTP]&amp#27;[39m &amp#27;[37m<-- POST /wd/hub/session/3a662eed-3955-4081-9c4a-fe3d07c6e4fb/element &amp#27;[39m&amp#27;[32m200&amp#27;[39m &amp#27;[90m590 ms - 67&amp#27;[39m
&amp#27;[35m[HTTP]&amp#27;[39m &amp#27;[90m&amp#27;[39m
&amp#27;[35m[HTTP]&amp#27;[39m &amp#27;[37m-->&amp#27;[39m &amp#27;[37mPOST&amp#27;[39m &amp#27;[37m/wd/hub/session/3a662eed-3955-4081-9c4a-fe3d07c6e4fb/element/5/click&amp#27;[39m
&amp#27;[35m[HTTP]&amp#27;[39m &amp#27;[90m{"id":"5"}&amp#27;[39m
[debug] &amp#27;[35m[W3C (3a662eed)]&amp#27;[39m Calling AppiumDriver.click() with args: ["5","3a662eed-3955-4081-9c4a-fe3d07c6e4fb"]
[debug] &amp#27;[35m[AndroidBootstrap]&amp#27;[39m Sending command to android: {"cmd":"action","action":"element:click","params":{"elementId":"5"}}
[debug] &amp#27;[35m[AndroidBootstrap]&amp#27;[39m [BOOTSTRAP LOG] [debug] Returning result: {"status":0,"value":{"ELEMENT":"5"}}
[debug] &amp#27;[35m[AndroidBootstrap]&amp#27;[39m [BOOTSTRAP LOG] [debug] Got data from client: {"cmd":"action","action":"element:click","params":{"elementId":"5"}}
[debug] &amp#27;[35m[AndroidBootstrap]&amp#27;[39m [BOOTSTRAP LOG] [debug] Got command of type ACTION
[debug] &amp#27;[35m[AndroidBootstrap]&amp#27;[39m [BOOTSTRAP LOG] [debug] Got command action: click
[debug] &amp#27;[35m[AndroidBootstrap]&amp#27;[39m [BOOTSTRAP LOG] [debug] Returning result: {"status":0,"value":true}
[debug] &amp#27;[35m[AndroidBootstrap]&amp#27;[39m Received command result from bootstrap
[debug] &amp#27;[35m[W3C (3a662eed)]&amp#27;[39m Responding to client with driver.click() result: true
&amp#27;[35m[HTTP]&amp#27;[39m &amp#27;[37m<-- POST /wd/hub/session/3a662eed-3955-4081-9c4a-fe3d07c6e4fb/element/5/click &amp#27;[39m&amp#27;[32m200&amp#27;[39m &amp#27;[90m415 ms - 14&amp#27;[39m
&amp#27;[35m[HTTP]&amp#27;[39m &amp#27;[90m&amp#27;[39m
&amp#27;[35m[HTTP]&amp#27;[39m &amp#27;[37m-->&amp#27;[39m &amp#27;[37mGET&amp#27;[39m &amp#27;[37m/wd/hub/session/3a662eed-3955-4081-9c4a-fe3d07c6e4fb/context&amp#27;[39m
&amp#27;[35m[HTTP]&amp#27;[39m &amp#27;[90m{}&amp#27;[39m
[debug] &amp#27;[35m[W3C (3a662eed)]&amp#27;[39m Calling AppiumDriver.getCurrentContext() with args: ["3a662eed-3955-4081-9c4a-fe3d07c6e4fb"]
[debug] &amp#27;[35m[W3C (3a662eed)]&amp#27;[39m Responding to client with driver.getCurrentContext() result: "NATIVE_APP"
&amp#27;[35m[HTTP]&amp#27;[39m &amp#27;[37m<-- GET /wd/hub/session/3a662eed-3955-4081-9c4a-fe3d07c6e4fb/context &amp#27;[39m&amp#27;[32m200&amp#27;[39m &amp#27;[90m2 ms - 22&amp#27;[39m
&amp#27;[35m[HTTP]&amp#27;[39m &amp#27;[90m&amp#27;[39m
&amp#27;[35m[HTTP]&amp#27;[39m &amp#27;[37m-->&amp#27;[39m &amp#27;[37mPOST&amp#27;[39m &amp#27;[37m/wd/hub/session/3a662eed-3955-4081-9c4a-fe3d07c6e4fb/elements&amp#27;[39m
&amp#27;[35m[HTTP]&amp#27;[39m &amp#27;[90m{"using":"id","value":"android:id/title"}&amp#27;[39m
[debug] &amp#27;[35m[W3C (3a662eed)]&amp#27;[39m Calling AppiumDriver.findElements() with args: ["id","android:id/title","3a662eed-3955-4081-9c4a-fe3d07c6e4fb"]
[debug] &amp#27;[35m[BaseDriver]&amp#27;[39m Valid locator strategies for this request: xpath, id, class name, accessibility id, -android uiautomator
[debug] &amp#27;[35m[BaseDriver]&amp#27;[39m Waiting up to 10000 ms for condition
[debug] &amp#27;[35m[AndroidBootstrap]&amp#27;[39m Sending command to android: {"cmd":"action","action":"find","params":{"strategy":"id","selector":"android:id/title","context":"","multiple":true}}
[debug] &amp#27;[35m[AndroidBootstrap]&amp#27;[39m [BOOTSTRAP LOG] [debug] Got data from client: {"cmd":"action","action":"find","params":{"strategy":"id","selector":"android:id/title","context":"","multiple":true}}
[debug] &amp#27;[35m[AndroidBootstrap]&amp#27;[39m [BOOTSTRAP LOG] [debug] Got command of type ACTION
[debug] &amp#27;[35m[AndroidBootstrap]&amp#27;[39m [BOOTSTRAP LOG] [debug] Got command action: find
[debug] &amp#27;[35m[AndroidBootstrap]&amp#27;[39m [BOOTSTRAP LOG] [debug] Finding 'android:id/title' using 'ID' with the contextId: '' multiple: true
[debug] &amp#27;[35m[AndroidBootstrap]&amp#27;[39m [BOOTSTRAP LOG] [debug] Using: UiSelector[RESOURCE_ID=android:id/title]
[debug] &amp#27;[35m[AndroidBootstrap]&amp#27;[39m [BOOTSTRAP LOG] [debug] getElements selector:UiSelector[RESOURCE_ID=android:id/title]
[debug] &amp#27;[35m[AndroidBootstrap]&amp#27;[39m [BOOTSTRAP LOG] [debug] Element[] is null: (0)
[debug] &amp#27;[35m[AndroidBootstrap]&amp#27;[39m [BOOTSTRAP LOG] [debug] getElements tmp selector:UiSelector[INSTANCE=0, RESOURCE_ID=android:id/title]
[debug] &amp#27;[35m[AndroidBootstrap]&amp#27;[39m [BOOTSTRAP LOG] [debug] Element[] is null: (1)
[debug] &amp#27;[35m[AndroidBootstrap]&amp#27;[39m [BOOTSTRAP LOG] [debug] getElements tmp selector:UiSelector[INSTANCE=1, RESOURCE_ID=android:id/title]
[debug] &amp#27;[35m[AndroidBootstrap]&amp#27;[39m [BOOTSTRAP LOG] [debug] Element[] is null: (2)
[debug] &amp#27;[35m[AndroidBootstrap]&amp#27;[39m [BOOTSTRAP LOG] [debug] getElements tmp selector:UiSelector[INSTANCE=2, RESOURCE_ID=android:id/title]
[debug] &amp#27;[35m[AndroidBootstrap]&amp#27;[39m [BOOTSTRAP LOG] [debug] Element[] is null: (3)
[debug] &amp#27;[35m[AndroidBootstrap]&amp#27;[39m [BOOTSTRAP LOG] [debug] getElements tmp selector:UiSelector[INSTANCE=3, RESOURCE_ID=android:id/title]
[debug] &amp#27;[35m[AndroidBootstrap]&amp#27;[39m Received command result from bootstrap
[debug] &amp#27;[35m[W3C (3a662eed)]&amp#27;[39m Responding to client with driver.findElements() result: [{"element-6066-11e4-a52e-4f735466cecf":"6","ELEMENT":"6"},{"element-6066-11e4-a52e-4f735466cecf":"7","ELEMENT":"7"},{"element-6066-11e4-a52e-4f735466cecf":"8","ELEMENT":"8"}]
&amp#27;[35m[HTTP]&amp#27;[39m &amp#27;[37m<-- POST /wd/hub/session/3a662eed-3955-4081-9c4a-fe3d07c6e4fb/elements &amp#27;[39m&amp#27;[32m200&amp#27;[39m &amp#27;[90m1014 ms - 185&amp#27;[39m
&amp#27;[35m[HTTP]&amp#27;[39m &amp#27;[90m&amp#27;[39m
&amp#27;[35m[HTTP]&amp#27;[39m &amp#27;[37m-->&amp#27;[39m &amp#27;[37mPOST&amp#27;[39m &amp#27;[37m/wd/hub/session/3a662eed-3955-4081-9c4a-fe3d07c6e4fb/element/6/click&amp#27;[39m
&amp#27;[35m[HTTP]&amp#27;[39m &amp#27;[90m{"id":"6"}&amp#27;[39m
[debug] &amp#27;[35m[W3C (3a662eed)]&amp#27;[39m Calling AppiumDriver.click() with args: ["6","3a662eed-3955-4081-9c4a-fe3d07c6e4fb"]
[debug] &amp#27;[35m[AndroidBootstrap]&amp#27;[39m Sending command to android: {"cmd":"action","action":"element:click","params":{"elementId":"6"}}
[debug] &amp#27;[35m[AndroidBootstrap]&amp#27;[39m [BOOTSTRAP LOG] [debug] Returning result: {"status":0,"value":[{"ELEMENT":"6"},{"ELEMENT":"7"},{"ELEMENT":"8"}]}
[debug] &amp#27;[35m[AndroidBootstrap]&amp#27;[39m [BOOTSTRAP LOG] [debug] Got data from client: {"cmd":"action","action":"element:click","params":{"elementId":"6"}}
[debug] &amp#27;[35m[AndroidBootstrap]&amp#27;[39m [BOOTSTRAP LOG] [debug] Got command of type ACTION
[debug] &amp#27;[35m[AndroidBootstrap]&amp#27;[39m [BOOTSTRAP LOG] [debug] Got command action: click
[debug] &amp#27;[35m[AndroidBootstrap]&amp#27;[39m Received command result from bootstrap
[debug] &amp#27;[35m[W3C (3a662eed)]&amp#27;[39m Responding to client with driver.click() result: true
&amp#27;[35m[HTTP]&amp#27;[39m &amp#27;[37m<-- POST /wd/hub/session/3a662eed-3955-4081-9c4a-fe3d07c6e4fb/element/6/click &amp#27;[39m&amp#27;[32m200&amp#27;[39m &amp#27;[90m206 ms - 14&amp#27;[39m
&amp#27;[35m[HTTP]&amp#27;[39m &amp#27;[90m&amp#27;[39m
&amp#27;[35m[HTTP]&amp#27;[39m &amp#27;[37m-->&amp#27;[39m &amp#27;[37mGET&amp#27;[39m &amp#27;[37m/wd/hub/session/3a662eed-3955-4081-9c4a-fe3d07c6e4fb/context&amp#27;[39m
&amp#27;[35m[HTTP]&amp#27;[39m &amp#27;[90m{}&amp#27;[39m
[debug] &amp#27;[35m[W3C (3a662eed)]&amp#27;[39m Calling AppiumDriver.getCurrentContext() with args: ["3a662eed-3955-4081-9c4a-fe3d07c6e4fb"]
[debug] &amp#27;[35m[W3C (3a662eed)]&amp#27;[39m Responding to client with driver.getCurrentContext() result: "NATIVE_APP"
&amp#27;[35m[HTTP]&amp#27;[39m &amp#27;[37m<-- GET /wd/hub/session/3a662eed-3955-4081-9c4a-fe3d07c6e4fb/context &amp#27;[39m&amp#27;[32m200&amp#27;[39m &amp#27;[90m3 ms - 22&amp#27;[39m
&amp#27;[35m[HTTP]&amp#27;[39m &amp#27;[90m&amp#27;[39m
&amp#27;[35m[HTTP]&amp#27;[39m &amp#27;[37m-->&amp#27;[39m &amp#27;[37mPOST&amp#27;[39m &amp#27;[37m/wd/hub/session/3a662eed-3955-4081-9c4a-fe3d07c6e4fb/element&amp#27;[39m
&amp#27;[35m[HTTP]&amp#27;[39m &amp#27;[90m{"using":"id","value":"com.communitake.mdc.supportsip:id/menuImage"}&amp#27;[39m
[debug] &amp#27;[35m[W3C (3a662eed)]&amp#27;[39m Calling AppiumDriver.findElement() with args: ["id","com.communitake.mdc.supportsip:id/menuImage","3a662eed-3955-4081-9c4a-fe3d07c6e4fb"]
[debug] &amp#27;[35m[BaseDriver]&amp#27;[39m Valid locator strategies for this request: xpath, id, class name, accessibility id, -android uiautomator
[debug] &amp#27;[35m[BaseDriver]&amp#27;[39m Waiting up to 10000 ms for condition
[debug] &amp#27;[35m[AndroidBootstrap]&amp#27;[39m Sending command to android: {"cmd":"action","action":"find","params":{"strategy":"id","selector":"com.communitake.mdc.supportsip:id/menuImage","context":"","multiple":false}}
[debug] &amp#27;[35m[AndroidBootstrap]&amp#27;[39m [BOOTSTRAP LOG] [debug] Returning result: {"status":0,"value":true}
[debug] &amp#27;[35m[AndroidBootstrap]&amp#27;[39m [BOOTSTRAP LOG] [debug] Got data from client: {"cmd":"action","action":"find","params":{"strategy":"id","selector":"com.communitake.mdc.supportsip:id/menuImage","context":"","multiple":false}}
[debug] &amp#27;[35m[AndroidBootstrap]&amp#27;[39m [BOOTSTRAP LOG] [debug] Got command of type ACTION
[debug] &amp#27;[35m[AndroidBootstrap]&amp#27;[39m [BOOTSTRAP LOG] [debug] Got command action: find
[debug] &amp#27;[35m[AndroidBootstrap]&amp#27;[39m [BOOTSTRAP LOG] [debug] Finding 'com.communitake.mdc.supportsip:id/menuImage' using 'ID' with the contextId: '' multiple: false
[debug] &amp#27;[35m[AndroidBootstrap]&amp#27;[39m [BOOTSTRAP LOG] [debug] Using: UiSelector[INSTANCE=0, RESOURCE_ID=com.communitake.mdc.supportsip:id/menuImage]
[debug] &amp#27;[35m[AndroidBootstrap]&amp#27;[39m [BOOTSTRAP LOG] [debug] Returning result: {"status":0,"value":{"ELEMENT":"9"}}
[debug] &amp#27;[35m[AndroidBootstrap]&amp#27;[39m Received command result from bootstrap
[debug] &amp#27;[35m[W3C (3a662eed)]&amp#27;[39m Responding to client with driver.findElement() result: {"element-6066-11e4-a52e-4f735466cecf":"9","ELEMENT":"9"}
&amp#27;[35m[HTTP]&amp#27;[39m &amp#27;[37m<-- POST /wd/hub/session/3a662eed-3955-4081-9c4a-fe3d07c6e4fb/element &amp#27;[39m&amp#27;[32m200&amp#27;[39m &amp#27;[90m582 ms - 67&amp#27;[39m
&amp#27;[35m[HTTP]&amp#27;[39m &amp#27;[90m&amp#27;[39m
&amp#27;[35m[HTTP]&amp#27;[39m &amp#27;[37m-->&amp#27;[39m &amp#27;[37mPOST&amp#27;[39m &amp#27;[37m/wd/hub/session/3a662eed-3955-4081-9c4a-fe3d07c6e4fb/element/9/click&amp#27;[39m
&amp#27;[35m[HTTP]&amp#27;[39m &amp#27;[90m{"id":"9"}&amp#27;[39m
[debug] &amp#27;[35m[W3C (3a662eed)]&amp#27;[39m Calling AppiumDriver.click() with args: ["9","3a662eed-3955-4081-9c4a-fe3d07c6e4fb"]
[debug] &amp#27;[35m[AndroidBootstrap]&amp#27;[39m Sending command to android: {"cmd":"action","action":"element:click","params":{"elementId":"9"}}
[debug] &amp#27;[35m[AndroidBootstrap]&amp#27;[39m [BOOTSTRAP LOG] [debug] Got data from client: {"cmd":"action","action":"element:click","params":{"elementId":"9"}}
[debug] &amp#27;[35m[AndroidBootstrap]&amp#27;[39m [BOOTSTRAP LOG] [debug] Got command of type ACTION
[debug] &amp#27;[35m[AndroidBootstrap]&amp#27;[39m [BOOTSTRAP LOG] [debug] Got command action: click
[debug] &amp#27;[35m[AndroidBootstrap]&amp#27;[39m Received command result from bootstrap
[debug] &amp#27;[35m[AndroidBootstrap]&amp#27;[39m [BOOTSTRAP LOG] [debug] Returning result: {"status":0,"value":true}
[debug] &amp#27;[35m[W3C (3a662eed)]&amp#27;[39m Responding to client with driver.click() result: true
&amp#27;[35m[HTTP]&amp#27;[39m &amp#27;[37m<-- POST /wd/hub/session/3a662eed-3955-4081-9c4a-fe3d07c6e4fb/element/9/click &amp#27;[39m&amp#27;[32m200&amp#27;[39m &amp#27;[90m140 ms - 14&amp#27;[39m
&amp#27;[35m[HTTP]&amp#27;[39m &amp#27;[90m&amp#27;[39m
&amp#27;[35m[HTTP]&amp#27;[39m &amp#27;[37m-->&amp#27;[39m &amp#27;[37mGET&amp#27;[39m &amp#27;[37m/wd/hub/session/3a662eed-3955-4081-9c4a-fe3d07c6e4fb/context&amp#27;[39m
&amp#27;[35m[HTTP]&amp#27;[39m &amp#27;[90m{}&amp#27;[39m
[debug] &amp#27;[35m[W3C (3a662eed)]&amp#27;[39m Calling AppiumDriver.getCurrentContext() with args: ["3a662eed-3955-4081-9c4a-fe3d07c6e4fb"]
[debug] &amp#27;[35m[W3C (3a662eed)]&amp#27;[39m Responding to client with driver.getCurrentContext() result: "NATIVE_APP"
&amp#27;[35m[HTTP]&amp#27;[39m &amp#27;[37m<-- GET /wd/hub/session/3a662eed-3955-4081-9c4a-fe3d07c6e4fb/context &amp#27;[39m&amp#27;[32m200&amp#27;[39m &amp#27;[90m1 ms - 22&amp#27;[39m
&amp#27;[35m[HTTP]&amp#27;[39m &amp#27;[90m&amp#27;[39m
&amp#27;[35m[HTTP]&amp#27;[39m &amp#27;[37m-->&amp#27;[39m &amp#27;[37mPOST&amp#27;[39m &amp#27;[37m/wd/hub/session/3a662eed-3955-4081-9c4a-fe3d07c6e4fb/elements&amp#27;[39m
&amp#27;[35m[HTTP]&amp#27;[39m &amp#27;[90m{"using":"id","value":"android:id/title"}&amp#27;[39m
[debug] &amp#27;[35m[W3C (3a662eed)]&amp#27;[39m Calling AppiumDriver.findElements() with args: ["id","android:id/title","3a662eed-3955-4081-9c4a-fe3d07c6e4fb"]
[debug] &amp#27;[35m[BaseDriver]&amp#27;[39m Valid locator strategies for this request: xpath, id, class name, accessibility id, -android uiautomator
[debug] &amp#27;[35m[BaseDriver]&amp#27;[39m Waiting up to 10000 ms for condition
[debug] &amp#27;[35m[AndroidBootstrap]&amp#27;[39m Sending command to android: {"cmd":"action","action":"find","params":{"strategy":"id","selector":"android:id/title","context":"","multiple":true}}
[debug] &amp#27;[35m[AndroidBootstrap]&amp#27;[39m [BOOTSTRAP LOG] [debug] Got data from client: {"cmd":"action","action":"find","params":{"strategy":"id","selector":"android:id/title","context":"","multiple":true}}
[debug] &amp#27;[35m[AndroidBootstrap]&amp#27;[39m [BOOTSTRAP LOG] [debug] Got command of type ACTION
[debug] &amp#27;[35m[AndroidBootstrap]&amp#27;[39m [BOOTSTRAP LOG] [debug] Got command action: find
[debug] &amp#27;[35m[AndroidBootstrap]&amp#27;[39m [BOOTSTRAP LOG] [debug] Finding 'android:id/title' using 'ID' with the contextId: '' multiple: true
[debug] &amp#27;[35m[AndroidBootstrap]&amp#27;[39m [BOOTSTRAP LOG] [debug] Using: UiSelector[RESOURCE_ID=android:id/title]
[debug] &amp#27;[35m[AndroidBootstrap]&amp#27;[39m [BOOTSTRAP LOG] [debug] getElements selector:UiSelector[RESOURCE_ID=android:id/title]
[debug] &amp#27;[35m[AndroidBootstrap]&amp#27;[39m [BOOTSTRAP LOG] [debug] Element[] is null: (0)
[debug] &amp#27;[35m[AndroidBootstrap]&amp#27;[39m [BOOTSTRAP LOG] [debug] getElements tmp selector:UiSelector[INSTANCE=0, RESOURCE_ID=android:id/title]
[debug] &amp#27;[35m[AndroidBootstrap]&amp#27;[39m [BOOTSTRAP LOG] [debug] Element[] is null: (1)
[debug] &amp#27;[35m[AndroidBootstrap]&amp#27;[39m [BOOTSTRAP LOG] [debug] getElements tmp selector:UiSelector[INSTANCE=1, RESOURCE_ID=android:id/title]
[debug] &amp#27;[35m[AndroidBootstrap]&amp#27;[39m [BOOTSTRAP LOG] [debug] Element[] is null: (2)
[debug] &amp#27;[35m[AndroidBootstrap]&amp#27;[39m [BOOTSTRAP LOG] [debug] getElements tmp selector:UiSelector[INSTANCE=2, RESOURCE_ID=android:id/title]
[debug] &amp#27;[35m[AndroidBootstrap]&amp#27;[39m [BOOTSTRAP LOG] [debug] Element[] is null: (3)
[debug] &amp#27;[35m[AndroidBootstrap]&amp#27;[39m [BOOTSTRAP LOG] [debug] getElements tmp selector:UiSelector[INSTANCE=3, RESOURCE_ID=android:id/title]
[debug] &amp#27;[35m[AndroidBootstrap]&amp#27;[39m [BOOTSTRAP LOG] [debug] Returning result: {"status":0,"value":[{"ELEMENT":"10"},{"ELEMENT":"11"},{"ELEMENT":"12"}]}
[debug] &amp#27;[35m[AndroidBootstrap]&amp#27;[39m Received command result from bootstrap
[debug] &amp#27;[35m[W3C (3a662eed)]&amp#27;[39m Responding to client with driver.findElements() result: [{"element-6066-11e4-a52e-4f735466cecf":"10","ELEMENT":"10"},{"element-6066-11e4-a52e-4f735466cecf":"11","ELEMENT":"11"},{"element-6066-11e4-a52e-4f735466cecf":"12","ELEMENT":"12"}]
&amp#27;[35m[HTTP]&amp#27;[39m &amp#27;[37m<-- POST /wd/hub/session/3a662eed-3955-4081-9c4a-fe3d07c6e4fb/elements &amp#27;[39m&amp#27;[32m200&amp#27;[39m &amp#27;[90m970 ms - 191&amp#27;[39m
&amp#27;[35m[HTTP]&amp#27;[39m &amp#27;[90m&amp#27;[39m
&amp#27;[35m[HTTP]&amp#27;[39m &amp#27;[37m-->&amp#27;[39m &amp#27;[37mPOST&amp#27;[39m &amp#27;[37m/wd/hub/session/3a662eed-3955-4081-9c4a-fe3d07c6e4fb/element/10/click&amp#27;[39m
&amp#27;[35m[HTTP]&amp#27;[39m &amp#27;[90m{"id":"10"}&amp#27;[39m
[debug] &amp#27;[35m[W3C (3a662eed)]&amp#27;[39m Calling AppiumDriver.click() with args: ["10","3a662eed-3955-4081-9c4a-fe3d07c6e4fb"]
[debug] &amp#27;[35m[AndroidBootstrap]&amp#27;[39m Sending command to android: {"cmd":"action","action":"element:click","params":{"elementId":"10"}}
[debug] &amp#27;[35m[AndroidBootstrap]&amp#27;[39m [BOOTSTRAP LOG] [debug] Got data from client: {"cmd":"action","action":"element:click","params":{"elementId":"10"}}
[debug] &amp#27;[35m[AndroidBootstrap]&amp#27;[39m [BOOTSTRAP LOG] [debug] Got command of type ACTION
[debug] &amp#27;[35m[AndroidBootstrap]&amp#27;[39m [BOOTSTRAP LOG] [debug] Got command action: click
[debug] &amp#27;[35m[AndroidBootstrap]&amp#27;[39m Received command result from bootstrap
[debug] &amp#27;[35m[W3C (3a662eed)]&amp#27;[39m Responding to client with driver.click() result: true
&amp#27;[35m[HTTP]&amp#27;[39m &amp#27;[37m<-- POST /wd/hub/session/3a662eed-3955-4081-9c4a-fe3d07c6e4fb/element/10/click &amp#27;[39m&amp#27;[32m200&amp#27;[39m &amp#27;[90m143 ms - 14&amp#27;[39m
&amp#27;[35m[HTTP]&amp#27;[39m &amp#27;[90m&amp#27;[39m
[debug] &amp#27;[35m[AndroidBootstrap]&amp#27;[39m [BOOTSTRAP LOG] [debug] Returning result: {"status":0,"value":true}
&amp#27;[35m[HTTP]&amp#27;[39m &amp#27;[37m-->&amp#27;[39m &amp#27;[37mPOST&amp#27;[39m &amp#27;[37m/wd/hub/session/3a662eed-3955-4081-9c4a-fe3d07c6e4fb/appium/device/press_keycode&amp#27;[39m
&amp#27;[35m[HTTP]&amp#27;[39m &amp#27;[90m{"keycode":3}&amp#27;[39m
[debug] &amp#27;[35m[W3C (3a662eed)]&amp#27;[39m Calling AppiumDriver.pressKeyCode() with args: [3,null,null,null,null,"3a662eed-3955-4081-9c4a-fe3d07c6e4fb"]
[debug] &amp#27;[35m[AndroidBootstrap]&amp#27;[39m Sending command to android: {"cmd":"action","action":"pressKeyCode","params":{"keycode":3,"metastate":null}}
[debug] &amp#27;[35m[AndroidBootstrap]&amp#27;[39m [BOOTSTRAP LOG] [debug] Got data from client: {"cmd":"action","action":"pressKeyCode","params":{"keycode":3,"metastate":null}}
[debug] &amp#27;[35m[AndroidBootstrap]&amp#27;[39m [BOOTSTRAP LOG] [debug] Got command of type ACTION
[debug] &amp#27;[35m[AndroidBootstrap]&amp#27;[39m [BOOTSTRAP LOG] [debug] Got command action: pressKeyCode
[debug] &amp#27;[35m[AndroidBootstrap]&amp#27;[39m Received command result from bootstrap
[debug] &amp#27;[35m[W3C (3a662eed)]&amp#27;[39m Responding to client with driver.pressKeyCode() result: true
&amp#27;[35m[HTTP]&amp#27;[39m &amp#27;[37m<-- POST /wd/hub/session/3a662eed-3955-4081-9c4a-fe3d07c6e4fb/appium/device/press_keycode &amp#27;[39m&amp#27;[32m200&amp#27;[39m &amp#27;[90m61 ms - 14&amp#27;[39m
&amp#27;[35m[HTTP]&amp#27;[39m &amp#27;[90m&amp#27;[39m
[debug] &amp#27;[35m[AndroidBootstrap]&amp#27;[39m [BOOTSTRAP LOG] [debug] Returning result: {"status":0,"value":true}
&amp#27;[35m[HTTP]&amp#27;[39m &amp#27;[37m-->&amp#27;[39m &amp#27;[37mGET&amp#27;[39m &amp#27;[37m/wd/hub/session/3a662eed-3955-4081-9c4a-fe3d07c6e4fb/context&amp#27;[39m
&amp#27;[35m[HTTP]&amp#27;[39m &amp#27;[90m{}&amp#27;[39m
[debug] &amp#27;[35m[W3C (3a662eed)]&amp#27;[39m Calling AppiumDriver.getCurrentContext() with args: ["3a662eed-3955-4081-9c4a-fe3d07c6e4fb"]
[debug] &amp#27;[35m[W3C (3a662eed)]&amp#27;[39m Responding to client with driver.getCurrentContext() result: "NATIVE_APP"
&amp#27;[35m[HTTP]&amp#27;[39m &amp#27;[37m<-- GET /wd/hub/session/3a662eed-3955-4081-9c4a-fe3d07c6e4fb/context &amp#27;[39m&amp#27;[32m200&amp#27;[39m &amp#27;[90m1 ms - 22&amp#27;[39m
&amp#27;[35m[HTTP]&amp#27;[39m &amp#27;[90m&amp#27;[39m
&amp#27;[35m[HTTP]&amp#27;[39m &amp#27;[37m-->&amp#27;[39m &amp#27;[37mPOST&amp#27;[39m &amp#27;[37m/wd/hub/session/3a662eed-3955-4081-9c4a-fe3d07c6e4fb/element&amp#27;[39m
&amp#27;[35m[HTTP]&amp#27;[39m &amp#27;[90m{"using":"id","value":"Camera"}&amp#27;[39m
[debug] &amp#27;[35m[W3C (3a662eed)]&amp#27;[39m Calling AppiumDriver.findElement() with args: ["id","Camera","3a662eed-3955-4081-9c4a-fe3d07c6e4fb"]
[debug] &amp#27;[35m[BaseDriver]&amp#27;[39m Valid locator strategies for this request: xpath, id, class name, accessibility id, -android uiautomator
[debug] &amp#27;[35m[BaseDriver]&amp#27;[39m Waiting up to 10000 ms for condition
[debug] &amp#27;[35m[AndroidBootstrap]&amp#27;[39m Sending command to android: {"cmd":"action","action":"find","params":{"strategy":"id","selector":"Camera","context":"","multiple":false}}
[debug] &amp#27;[35m[AndroidBootstrap]&amp#27;[39m [BOOTSTRAP LOG] [debug] Got data from client: {"cmd":"action","action":"find","params":{"strategy":"id","selector":"Camera","context":"","multiple":false}}
[debug] &amp#27;[35m[AndroidBootstrap]&amp#27;[39m [BOOTSTRAP LOG] [debug] Got command of type ACTION
[debug] &amp#27;[35m[AndroidBootstrap]&amp#27;[39m [BOOTSTRAP LOG] [debug] Got command action: find
[debug] &amp#27;[35m[AndroidBootstrap]&amp#27;[39m [BOOTSTRAP LOG] [debug] Finding 'Camera' using 'ID' with the contextId: '' multiple: false
[debug] &amp#27;[35m[AndroidBootstrap]&amp#27;[39m [BOOTSTRAP LOG] [debug] Using: UiSelector[INSTANCE=0, RESOURCE_ID=com.communitake.mdc.supportsip:id/Camera]
[debug] &amp#27;[35m[AndroidBootstrap]&amp#27;[39m [BOOTSTRAP LOG] [debug] Using: UiSelector[INSTANCE=0, RESOURCE_ID=android:id/Camera]
[debug] &amp#27;[35m[AndroidBootstrap]&amp#27;[39m [BOOTSTRAP LOG] [debug] Using: UiSelector[INSTANCE=0, RESOURCE_ID=Camera]
[debug] &amp#27;[35m[AndroidBootstrap]&amp#27;[39m [BOOTSTRAP LOG] [debug] Using: UiSelector[DESCRIPTION=Camera, INSTANCE=0]
[debug] &amp#27;[35m[AndroidBootstrap]&amp#27;[39m Received command result from bootstrap
[debug] &amp#27;[35m[AndroidBootstrap]&amp#27;[39m [BOOTSTRAP LOG] [debug] Returning result: {"status":0,"value":{"ELEMENT":"13"}}
[debug] &amp#27;[35m[W3C (3a662eed)]&amp#27;[39m Responding to client with driver.findElement() result: {"element-6066-11e4-a52e-4f735466cecf":"13","ELEMENT":"13"}
&amp#27;[35m[HTTP]&amp#27;[39m &amp#27;[37m<-- POST /wd/hub/session/3a662eed-3955-4081-9c4a-fe3d07c6e4fb/element &amp#27;[39m&amp#27;[32m200&amp#27;[39m &amp#27;[90m1272 ms - 69&amp#27;[39m
&amp#27;[35m[HTTP]&amp#27;[39m &amp#27;[90m&amp#27;[39m
&amp#27;[35m[HTTP]&amp#27;[39m &amp#27;[37m-->&amp#27;[39m &amp#27;[37mPOST&amp#27;[39m &amp#27;[37m/wd/hub/session/3a662eed-3955-4081-9c4a-fe3d07c6e4fb/element/13/click&amp#27;[39m
&amp#27;[35m[HTTP]&amp#27;[39m &amp#27;[90m{"id":"13"}&amp#27;[39m
[debug] &amp#27;[35m[W3C (3a662eed)]&amp#27;[39m Calling AppiumDriver.click() with args: ["13","3a662eed-3955-4081-9c4a-fe3d07c6e4fb"]
[debug] &amp#27;[35m[AndroidBootstrap]&amp#27;[39m Sending command to android: {"cmd":"action","action":"element:click","params":{"elementId":"13"}}
[debug] &amp#27;[35m[AndroidBootstrap]&amp#27;[39m [BOOTSTRAP LOG] [debug] Got data from client: {"cmd":"action","action":"element:click","params":{"elementId":"13"}}
[debug] &amp#27;[35m[AndroidBootstrap]&amp#27;[39m [BOOTSTRAP LOG] [debug] Got command of type ACTION
[debug] &amp#27;[35m[AndroidBootstrap]&amp#27;[39m [BOOTSTRAP LOG] [debug] Got command action: click
[debug] &amp#27;[35m[AndroidBootstrap]&amp#27;[39m Received command result from bootstrap
[debug] &amp#27;[35m[W3C (3a662eed)]&amp#27;[39m Responding to client with driver.click() result: true
&amp#27;[35m[HTTP]&amp#27;[39m &amp#27;[37m<-- POST /wd/hub/session/3a662eed-3955-4081-9c4a-fe3d07c6e4fb/element/13/click &amp#27;[39m&amp#27;[32m200&amp#27;[39m &amp#27;[90m305 ms - 14&amp#27;[39m
&amp#27;[35m[HTTP]&amp#27;[39m &amp#27;[90m&amp#27;[39m
[debug] &amp#27;[35m[AndroidBootstrap]&amp#27;[39m [BOOTSTRAP LOG] [debug] Returning result: {"status":0,"value":true}
&amp#27;[35m[HTTP]&amp#27;[39m &amp#27;[37m-->&amp#27;[39m &amp#27;[37mGET&amp#27;[39m &amp#27;[37m/wd/hub/session/3a662eed-3955-4081-9c4a-fe3d07c6e4fb/context&amp#27;[39m
&amp#27;[35m[HTTP]&amp#27;[39m &amp#27;[90m{}&amp#27;[39m
[debug] &amp#27;[35m[W3C (3a662eed)]&amp#27;[39m Calling AppiumDriver.getCurrentContext() with args: ["3a662eed-3955-4081-9c4a-fe3d07c6e4fb"]
[debug] &amp#27;[35m[W3C (3a662eed)]&amp#27;[39m Responding to client with driver.getCurrentContext() result: "NATIVE_APP"
&amp#27;[35m[HTTP]&amp#27;[39m &amp#27;[37m<-- GET /wd/hub/session/3a662eed-3955-4081-9c4a-fe3d07c6e4fb/context &amp#27;[39m&amp#27;[32m200&amp#27;[39m &amp#27;[90m1 ms - 22&amp#27;[39m
&amp#27;[35m[HTTP]&amp#27;[39m &amp#27;[90m&amp#27;[39m
&amp#27;[35m[HTTP]&amp#27;[39m &amp#27;[37m-->&amp#27;[39m &amp#27;[37mPOST&amp#27;[39m &amp#27;[37m/wd/hub/session/3a662eed-3955-4081-9c4a-fe3d07c6e4fb/element&amp#27;[39m
&amp#27;[35m[HTTP]&amp#27;[39m &amp#27;[90m{"using":"id","value":"android:id/message"}&amp#27;[39m
[debug] &amp#27;[35m[W3C (3a662eed)]&amp#27;[39m Calling AppiumDriver.findElement() with args: ["id","android:id/message","3a662eed-3955-4081-9c4a-fe3d07c6e4fb"]
[debug] &amp#27;[35m[BaseDriver]&amp#27;[39m Valid locator strategies for this request: xpath, id, class name, accessibility id, -android uiautomator
[debug] &amp#27;[35m[BaseDriver]&amp#27;[39m Waiting up to 10000 ms for condition
[debug] &amp#27;[35m[AndroidBootstrap]&amp#27;[39m Sending command to android: {"cmd":"action","action":"find","params":{"strategy":"id","selector":"android:id/message","context":"","multiple":false}}
[debug] &amp#27;[35m[AndroidBootstrap]&amp#27;[39m [BOOTSTRAP LOG] [debug] Got data from client: {"cmd":"action","action":"find","params":{"strategy":"id","selector":"android:id/message","context":"","multiple":false}}
[debug] &amp#27;[35m[AndroidBootstrap]&amp#27;[39m [BOOTSTRAP LOG] [debug] Got command of type ACTION
[debug] &amp#27;[35m[AndroidBootstrap]&amp#27;[39m [BOOTSTRAP LOG] [debug] Got command action: find
[debug] &amp#27;[35m[AndroidBootstrap]&amp#27;[39m [BOOTSTRAP LOG] [debug] Finding 'android:id/message' using 'ID' with the contextId: '' multiple: false
[debug] &amp#27;[35m[AndroidBootstrap]&amp#27;[39m [BOOTSTRAP LOG] [debug] Using: UiSelector[INSTANCE=0, RESOURCE_ID=android:id/message]
[debug] &amp#27;[35m[AndroidBootstrap]&amp#27;[39m Received command result from bootstrap
[debug] &amp#27;[35m[W3C (3a662eed)]&amp#27;[39m Responding to client with driver.findElement() result: {"element-6066-11e4-a52e-4f735466cecf":"14","ELEMENT":"14"}
&amp#27;[35m[HTTP]&amp#27;[39m &amp#27;[37m<-- POST /wd/hub/session/3a662eed-3955-4081-9c4a-fe3d07c6e4fb/element &amp#27;[39m&amp#27;[32m200&amp#27;[39m &amp#27;[90m762 ms - 69&amp#27;[39m
&amp#27;[35m[HTTP]&amp#27;[39m &amp#27;[90m&amp#27;[39m
[debug] &amp#27;[35m[AndroidBootstrap]&amp#27;[39m [BOOTSTRAP LOG] [debug] Returning result: {"status":0,"value":{"ELEMENT":"14"}}
&amp#27;[35m[HTTP]&amp#27;[39m &amp#27;[37m-->&amp#27;[39m &amp#27;[37mGET&amp#27;[39m &amp#27;[37m/wd/hub/session/3a662eed-3955-4081-9c4a-fe3d07c6e4fb/element/14/text&amp#27;[39m
&amp#27;[35m[HTTP]&amp#27;[39m &amp#27;[90m{}&amp#27;[39m
[debug] &amp#27;[35m[W3C (3a662eed)]&amp#27;[39m Calling AppiumDriver.getText() with args: ["14","3a662eed-3955-4081-9c4a-fe3d07c6e4fb"]
[debug] &amp#27;[35m[AndroidBootstrap]&amp#27;[39m Sending command to android: {"cmd":"action","action":"element:getText","params":{"elementId":"14"}}
[debug] &amp#27;[35m[AndroidBootstrap]&amp#27;[39m [BOOTSTRAP LOG] [debug] Got data from client: {"cmd":"action","action":"element:getText","params":{"elementId":"14"}}
[debug] &amp#27;[35m[AndroidBootstrap]&amp#27;[39m [BOOTSTRAP LOG] [debug] Got command of type ACTION
[debug] &amp#27;[35m[AndroidBootstrap]&amp#27;[39m [BOOTSTRAP LOG] [debug] Got command action: getText
[debug] &amp#27;[35m[AndroidBootstrap]&amp#27;[39m Received command result from bootstrap
[debug] &amp#27;[35m[W3C (3a662eed)]&amp#27;[39m Responding to client with driver.getText() result: "Camera has been disabled because of security policies."
&amp#27;[35m[HTTP]&amp#27;[39m &amp#27;[37m<-- GET /wd/hub/session/3a662eed-3955-4081-9c4a-fe3d07c6e4fb/element/14/text &amp#27;[39m&amp#27;[32m200&amp#27;[39m &amp#27;[90m29 ms -]]></system-out>
    <system-err><![CDATA[Jan 04, 2021 8:03:57 AM io.appium.java_client.remote.AppiumCommandExecutor$1 lambda$0
INFO: Detected dialect: W3C
]]></system-err>
  </testcase>
  <testcase name="blockGps" classname="com.communitake.tests.automation.gms.FacilitiesTests" time="37.538">
    <system-out><![CDATA[ 66&amp#27;[39m
&amp#27;[35m[HTTP]&amp#27;[39m &amp#27;[90m&amp#27;[39m
[debug] &amp#27;[35m[AndroidBootstrap]&amp#27;[39m [BOOTSTRAP LOG] [debug] Returning result: {"status":0,"value":"Camera has been disabled because of security policies."}
&amp#27;[35m[HTTP]&amp#27;[39m &amp#27;[37m-->&amp#27;[39m &amp#27;[37mGET&amp#27;[39m &amp#27;[37m/wd/hub/status&amp#27;[39m
&amp#27;[35m[HTTP]&amp#27;[39m &amp#27;[90m{}&amp#27;[39m
[debug] &amp#27;[35m[GENERIC]&amp#27;[39m Calling AppiumDriver.getStatus() with args: []
[debug] &amp#27;[35m[GENERIC]&amp#27;[39m Responding to client with driver.getStatus() result: {"build":{"version":"1.19.1"}}
&amp#27;[35m[HTTP]&amp#27;[39m &amp#27;[37m<-- GET /wd/hub/status &amp#27;[39m&amp#27;[32m200&amp#27;[39m &amp#27;[90m1 ms - 68&amp#27;[39m
&amp#27;[35m[HTTP]&amp#27;[39m &amp#27;[90m&amp#27;[39m
&amp#27;[35m[HTTP]&amp#27;[39m &amp#27;[37m-->&amp#27;[39m &amp#27;[37mPOST&amp#27;[39m &amp#27;[37m/wd/hub/session&amp#27;[39m
&amp#27;[35m[HTTP]&amp#27;[39m &amp#27;[90m{"desiredCapabilities":{"appActivity":"com.communitake.mdc.SplashScreen","appPackage":"com.communitake.mdc.supportsip","noReset":"true","platformVersion":"9","automationName":"UiAutomator1","browserName":"","platformName":"Android","udid":"CTGED020000261","deviceName":"CTGED02"},"capabilities":{"firstMatch":[{"appium:appActivity":"com.communitake.mdc.SplashScreen","appium:appPackage":"com.communitake.mdc.supportsip","appium:automationName":"UiAutomator1","browserName":"","appium:deviceName":"CTGED02","appium:noReset":"true","platformName":"android","appium:platformVersion":"9","appium:udid":"CTGED020000261"}]}}&amp#27;[39m
[debug] &amp#27;[35m[W3C]&amp#27;[39m Calling AppiumDriver.createSession() with args: [{"appActivity":"com.communitake.mdc.SplashScreen","appPackage":"com.communitake.mdc.supportsip","noReset":"true","platformVersion":"9","automationName":"UiAutomator1","browserName":"","platformName":"Android","udid":"CTGED020000261","deviceName":"CTGED02"},null,{"firstMatch":[{"appium:appActivity":"com.communitake.mdc.SplashScreen","appium:appPackage":"com.communitake.mdc.supportsip","appium:automationName":"UiAutomator1","browserName":"","appium:deviceName":"CTGED02","appium:noReset":"true","platformName":"android","appium:platformVersion":"9","appium:udid":"CTGED020000261"}]}]
[debug] &amp#27;[35m[BaseDriver]&amp#27;[39m Event 'newSessionRequested' logged at 1609740261485 (08:04:21 GMT+0200 (Israel Standard Time))
&amp#27;[35m[Appium]&amp#27;[39m Appium v1.19.1 creating new AndroidDriver (v4.41.0) session
[debug] &amp#27;[35m[BaseDriver]&amp#27;[39m W3C capabilities and MJSONWP desired capabilities were provided
[debug] &amp#27;[35m[BaseDriver]&amp#27;[39m Creating session with W3C capabilities: {
[debug] &amp#27;[35m[BaseDriver]&amp#27;[39m   "alwaysMatch": {
[debug] &amp#27;[35m[BaseDriver]&amp#27;[39m     "browserName": "",
[debug] &amp#27;[35m[BaseDriver]&amp#27;[39m     "platformName": "android",
[debug] &amp#27;[35m[BaseDriver]&amp#27;[39m     "appium:appActivity": "com.communitake.mdc.SplashScreen",
[debug] &amp#27;[35m[BaseDriver]&amp#27;[39m     "appium:appPackage": "com.communitake.mdc.supportsip",
[debug] &amp#27;[35m[BaseDriver]&amp#27;[39m     "appium:automationName": "UiAutomator1",
[debug] &amp#27;[35m[BaseDriver]&amp#27;[39m     "appium:deviceName": "CTGED02",
[debug] &amp#27;[35m[BaseDriver]&amp#27;[39m     "appium:noReset": "true",
[debug] &amp#27;[35m[BaseDriver]&amp#27;[39m     "appium:platformVersion": "9",
[debug] &amp#27;[35m[BaseDriver]&amp#27;[39m     "appium:udid": "CTGED020000261"
[debug] &amp#27;[35m[BaseDriver]&amp#27;[39m   },
[debug] &amp#27;[35m[BaseDriver]&amp#27;[39m   "firstMatch": [
[debug] &amp#27;[35m[BaseDriver]&amp#27;[39m     {}
[debug] &amp#27;[35m[BaseDriver]&amp#27;[39m   ]
[debug] &amp#27;[35m[BaseDriver]&amp#27;[39m }
&amp#27;[35m[BaseDriver]&amp#27;[39m Capability 'noReset' changed from string to boolean. This may cause unexpected behavior
&amp#27;[35m[BaseDriver]&amp#27;[39m Session created with session id: 3286656c-1cfd-4abc-b005-f50a65ac05d1
&amp#27;[35m[ADB]&amp#27;[39m Using 'adb.exe' from 'C:\Users\Nissim Automation\AppData\Local\Android\Sdk\platform-tools\adb.exe'
[debug] &amp#27;[35m[ADB]&amp#27;[39m Running 'C:\Users\Nissim Automation\AppData\Local\Android\Sdk\platform-tools\adb.exe -P 5037 start-server'
&amp#27;[35m[AndroidDriver]&amp#27;[39m Retrieving device list
[debug] &amp#27;[35m[ADB]&amp#27;[39m Trying to find a connected android device
[debug] &amp#27;[35m[ADB]&amp#27;[39m Getting connected devices
[debug] &amp#27;[35m[ADB]&amp#27;[39m Connected devices: [{"udid":"CTGED020000261","state":"device"}]
&amp#27;[35m[AndroidDriver]&amp#27;[39m Using device: CTGED020000261
&amp#27;[35m[ADB]&amp#27;[39m Using 'adb.exe' from 'C:\Users\Nissim Automation\AppData\Local\Android\Sdk\platform-tools\adb.exe'
[debug] &amp#27;[35m[ADB]&amp#27;[39m Running 'C:\Users\Nissim Automation\AppData\Local\Android\Sdk\platform-tools\adb.exe -P 5037 start-server'
[debug] &amp#27;[35m[ADB]&amp#27;[39m Setting device id to CTGED020000261
[debug] &amp#27;[35m[ADB]&amp#27;[39m Running 'C:\Users\Nissim Automation\AppData\Local\Android\Sdk\platform-tools\adb.exe -P 5037 -s CTGED020000261 shell getprop ro.build.version.sdk'
[debug] &amp#27;[35m[ADB]&amp#27;[39m Current device property 'ro.build.version.sdk': 28
&amp#27;[35m[ADB]&amp#27;[39m Getting device platform version
[debug] &amp#27;[35m[ADB]&amp#27;[39m Running 'C:\Users\Nissim Automation\AppData\Local\Android\Sdk\platform-tools\adb.exe -P 5037 -s CTGED020000261 shell getprop ro.build.version.release'
[debug] &amp#27;[35m[ADB]&amp#27;[39m Current device property 'ro.build.version.release': 9
[debug] &amp#27;[35m[ADB]&amp#27;[39m Device API level: 28
&amp#27;[35m[AndroidDriver]&amp#27;[39m Consider setting 'automationName' capability to 'uiautomator2' on Android >= 6, since UIAutomator framework is not maintained anymore by the OS vendor.
&amp#27;[35m[AndroidDriver]&amp#27;[39m App file was not listed, instead we're going to run com.communitake.mdc.supportsip directly on the device
[debug] &amp#27;[35m[AndroidDriver]&amp#27;[39m Checking whether package is present on the device
[debug] &amp#27;[35m[ADB]&amp#27;[39m Running 'C:\Users\Nissim Automation\AppData\Local\Android\Sdk\platform-tools\adb.exe -P 5037 -s CTGED020000261 shell pm list packages com.communitake.mdc.supportsip'
&amp#27;[35m[AndroidDriver]&amp#27;[39m Starting Android session
[debug] &amp#27;[35m[ADB]&amp#27;[39m Running 'C:\Users\Nissim Automation\AppData\Local\Android\Sdk\platform-tools\adb.exe -P 5037 -s CTGED020000261 wait-for-device'
[debug] &amp#27;[35m[ADB]&amp#27;[39m Running 'C:\Users\Nissim Automation\AppData\Local\Android\Sdk\platform-tools\adb.exe -P 5037 -s CTGED020000261 shell echo ping'
[debug] &amp#27;[35m[AndroidDriver]&amp#27;[39m Pushing settings apk to device...
[debug] &amp#27;[35m[ADB]&amp#27;[39m Getting install status for io.appium.settings
[debug] &amp#27;[35m[ADB]&amp#27;[39m Running 'C:\Users\Nissim Automation\AppData\Local\Android\Sdk\platform-tools\adb.exe -P 5037 -s CTGED020000261 shell dumpsys package io.appium.settings'
[debug] &amp#27;[35m[ADB]&amp#27;[39m 'io.appium.settings' is installed
[debug] &amp#27;[35m[ADB]&amp#27;[39m Getting package info for 'io.appium.settings'
[debug] &amp#27;[35m[ADB]&amp#27;[39m Running 'C:\Users\Nissim Automation\AppData\Local\Android\Sdk\platform-tools\adb.exe -P 5037 -s CTGED020000261 shell dumpsys package io.appium.settings'
&amp#27;[35m[Appium]&amp#27;[39m Welcome to Appium v1.19.1
&amp#27;[35m[HTTP]&amp#27;[39m Could not start REST http interface listener. The requested port may already be in use. Please make sure there is no other instance of this server running already.
Fatal Error: listen EADDRINUSE: address already in use 0.0.0.0:4723
    at Server.setupListenHandle [as _listen2] (net.js:1318:16)
    at listenInCluster (net.js:1366:12)
    at doListen (net.js:1503:7)
    at processTicksAndRejections (internal/process/task_queues.js:81:21)
[debug] &amp#27;[35m[ADB]&amp#27;[39m The version name of the installed 'io.appium.settings' is greater or equal to the application version name ('3.2.1' >= '3.2.1')
[debug] &amp#27;[35m[ADB]&amp#27;[39m There is no need to install/upgrade 'C:\Users\Nissim Automation\AppData\Roaming\npm\node_modules\appium\node_modules\io.appium.settings\apks\settings_apk-debug.apk'
[debug] &amp#27;[35m[ADB]&amp#27;[39m Getting IDs of all 'io.appium.settings' processes
[debug] &amp#27;[35m[ADB]&amp#27;[39m Running 'C:\Users\Nissim Automation\AppData\Local\Android\Sdk\platform-tools\adb.exe -P 5037 -s CTGED020000261 shell 'pgrep --help; echo $?''
[debug] &amp#27;[35m[ADB]&amp#27;[39m Running 'C:\Users\Nissim Automation\AppData\Local\Android\Sdk\platform-tools\adb.exe -P 5037 -s CTGED020000261 shell pgrep -f \(\[\[:blank:\]\]\|\^\)io\.appium\.settings\(\[\[:blank:\]\]\|\$\)'
[debug] &amp#27;[35m[AndroidDriver]&amp#27;[39m io.appium.settings is already running. There is no need to reset its permissions.
[debug] &amp#27;[35m[ADB]&amp#27;[39m Running 'C:\Users\Nissim Automation\AppData\Local\Android\Sdk\platform-tools\adb.exe -P 5037 -s CTGED020000261 shell appops set io.appium.settings android:mock_location allow'
[debug] &amp#27;[35m[Logcat]&amp#27;[39m Starting logs capture with command: 'C:\\Users\\Nissim Automation\\AppData\\Local\\Android\\Sdk\\platform-tools\\adb.exe' -P 5037 -s CTGED020000261 logcat -v threadtime
&amp#27;[35m[ADB]&amp#27;[39m Getting device platform version
[debug] &amp#27;[35m[ADB]&amp#27;[39m Running 'C:\Users\Nissim Automation\AppData\Local\Android\Sdk\platform-tools\adb.exe -P 5037 -s CTGED020000261 shell getprop ro.build.version.release'
[debug] &amp#27;[35m[ADB]&amp#27;[39m Current device property 'ro.build.version.release': 9
[debug] &amp#27;[35m[ADB]&amp#27;[39m Running 'C:\Users\Nissim Automation\AppData\Local\Android\Sdk\platform-tools\adb.exe -P 5037 -s CTGED020000261 shell wm size'
[debug] &amp#27;[35m[ADB]&amp#27;[39m Running 'C:\Users\Nissim Automation\AppData\Local\Android\Sdk\platform-tools\adb.exe -P 5037 -s CTGED020000261 shell getprop ro.product.model'
[debug] &amp#27;[35m[ADB]&amp#27;[39m Current device property 'ro.product.model': CTGED02
[debug] &amp#27;[35m[ADB]&amp#27;[39m Running 'C:\Users\Nissim Automation\AppData\Local\Android\Sdk\platform-tools\adb.exe -P 5037 -s CTGED020000261 shell getprop ro.product.manufacturer'
[debug] &amp#27;[35m[ADB]&amp#27;[39m Current device property 'ro.product.manufacturer': sanmu
&amp#27;[35m[AndroidDriver]&amp#27;[39m No app sent in, not parsing package/activity
[debug] &amp#27;[35m[AndroidDriver]&amp#27;[39m No app capability. Assuming it is already on the device
[debug] &amp#27;[35m[AndroidBootstrap]&amp#27;[39m Watching for bootstrap disconnect
[debug] &amp#27;[35m[ADB]&amp#27;[39m Forwarding system: 4724 to device: 4724
[debug] &amp#27;[35m[ADB]&amp#27;[39m Running 'C:\Users\Nissim Automation\AppData\Local\Android\Sdk\platform-tools\adb.exe -P 5037 -s CTGED020000261 forward tcp:4724 tcp:4724'
[debug] &amp#27;[35m[UiAutomator]&amp#27;[39m Starting UiAutomator
[debug] &amp#27;[35m[UiAutomator]&amp#27;[39m Moving to state 'starting'
[debug] &amp#27;[35m[UiAutomator]&amp#27;[39m Parsing uiautomator jar
[debug] &amp#27;[35m[UiAutomator]&amp#27;[39m Found jar name: 'AppiumBootstrap.jar'
[debug] &amp#27;[35m[ADB]&amp#27;[39m Running 'C:\Users\Nissim Automation\AppData\Local\Android\Sdk\platform-tools\adb.exe -P 5037 -s CTGED020000261 shell mkdir -p /data/local'
[debug] &amp#27;[35m[ADB]&amp#27;[39m Running 'C:\Users\Nissim Automation\AppData\Local\Android\Sdk\platform-tools\adb.exe -P 5037 -s CTGED020000261 push 'C:\\Users\\Nissim Automation\\AppData\\Roaming\\npm\\node_modules\\appium\\node_modules\\appium-android-driver\\bootstrap\\bin\\AppiumBootstrap.jar' /data/local/tmp/'
[debug] &amp#27;[35m[ADB]&amp#27;[39m Attempting to kill all uiautomator processes
[debug] &amp#27;[35m[ADB]&amp#27;[39m Getting IDs of all 'uiautomator' processes
[debug] &amp#27;[35m[ADB]&amp#27;[39m Running 'C:\Users\Nissim Automation\AppData\Local\Android\Sdk\platform-tools\adb.exe -P 5037 -s CTGED020000261 shell pgrep -f \(\[\[:blank:\]\]\|\^\)uiautomator\(\[\[:blank:\]\]\|\$\)'
[debug] &amp#27;[35m[ADB]&amp#27;[39m Attempting to kill process 7235
[debug] &amp#27;[35m[ADB]&amp#27;[39m Running 'C:\Users\Nissim Automation\AppData\Local\Android\Sdk\platform-tools\adb.exe -P 5037 -s CTGED020000261 shell kill 7235'
[debug] &amp#27;[35m[UiAutomator]&amp#27;[39m Starting UIAutomator
[debug] &amp#27;[35m[ADB]&amp#27;[39m Creating ADB subprocess with args: ["-P",5037,"-s","CTGED020000261","shell","uiautomator","runtest","AppiumBootstrap.jar","-c","io.appium.android.bootstrap.Bootstrap","-e","pkg","com.communitake.mdc.supportsip","-e","disableAndroidWatchers",false,"-e","acceptSslCerts",false]
&amp#27;[35m[UiAutomator]&amp#27;[39m UiAutomator exited unexpectedly with code 143, signal null
[debug] &amp#27;[35m[UiAutomator]&amp#27;[39m Moving to state 'stopped'
&amp#27;[35m[Appium]&amp#27;[39m Closing session, cause was 'UiAUtomator shut down unexpectedly'
&amp#27;[35m[Appium]&amp#27;[39m Removing session '3a662eed-3955-4081-9c4a-fe3d07c6e4fb' from our master session list
[debug] &amp#27;[35m[AndroidDriver]&amp#27;[39m Shutting down Android driver
[debug] &amp#27;[35m[ADB]&amp#27;[39m Running 'C:\Users\Nissim Automation\AppData\Local\Android\Sdk\platform-tools\adb.exe -P 5037 -s CTGED020000261 shell am force-stop com.communitake.mdc.supportsip'
[debug] &amp#27;[35m[ADB]&amp#27;[39m Pressing the HOME button
[debug] &amp#27;[35m[ADB]&amp#27;[39m Running 'C:\Users\Nissim Automation\AppData\Local\Android\Sdk\platform-tools\adb.exe -P 5037 -s CTGED020000261 shell input keyevent 3'
[debug] &amp#27;[35m[UiAutomator]&amp#27;[39m Moving to state 'online'
&amp#27;[35m[AndroidBootstrap]&amp#27;[39m Android bootstrap socket is now connected
[debug] &amp#27;[35m[ADB]&amp#27;[39m Running 'C:\Users\Nissim Automation\AppData\Local\Android\Sdk\platform-tools\adb.exe -P 5037 -s CTGED020000261 shell dumpsys window'
[debug] &amp#27;[35m[AndroidBootstrap]&amp#27;[39m [BOOTSTRAP LOG] [debug] Client connected
&amp#27;[35m[AndroidDriver]&amp#27;[39m Screen already unlocked, doing nothing
[debug] &amp#27;[35m[ADB]&amp#27;[39m Running 'C:\Users\Nissim Automation\AppData\Local\Android\Sdk\platform-tools\adb.exe -P 5037 -s CTGED020000261 shell am start -W -n com.communitake.mdc.supportsip/com.communitake.mdc.SplashScreen -S -a android.intent.action.MAIN -c android.intent.category.LAUNCHER -f 0x10200000'
&amp#27;[35m[AndroidBootstrap]&amp#27;[39m Cannot shut down Android bootstrap; it has already shut down
[debug] &amp#27;[35m[Logcat]&amp#27;[39m Stopping logcat capture
[debug] &amp#27;[35m[ADB]&amp#27;[39m Running 'C:\Users\Nissim Automation\AppData\Local\Android\Sdk\platform-tools\adb.exe -P 5037 -s CTGED020000261 shell am force-stop io.appium.unlock'
&amp#27;[35m[Appium]&amp#27;[39m New AndroidDriver session created successfully, session 3286656c-1cfd-4abc-b005-f50a65ac05d1 added to master session list
[debug] &amp#27;[35m[BaseDriver]&amp#27;[39m Event 'newSessionStarted' logged at 1609740266655 (08:04:26 GMT+0200 (Israel Standard Time))
[debug] &amp#27;[35m[W3C (3286656c)]&amp#27;[39m Cached the protocol value 'W3C' for the new session 3286656c-1cfd-4abc-b005-f50a65ac05d1
[debug] &amp#27;[35m[W3C (3286656c)]&amp#27;[39m Responding to client with driver.createSession() result: {"capabilities":{"platform":"LINUX","webStorageEnabled":false,"takesScreenshot":true,"javascriptEnabled":true,"databaseEnabled":false,"networkConnectionEnabled":true,"locationContextEnabled":false,"warnings":{},"desired":{"browserName":"","platformName":"android","appActivity":"com.communitake.mdc.SplashScreen","appPackage":"com.communitake.mdc.supportsip","automationName":"UiAutomator1","deviceName":"CTGED02","noReset":true,"platformVersion":"9","udid":"CTGED020000261"},"browserName":"","platformName":"android","appActivity":"com.communitake.mdc.SplashScreen","appPackage":"com.communitake.mdc.supportsip","automationName":"UiAutomator1","deviceName":"CTGED020000261","noReset":true,"platformVersion":"9","udid":"CTGED020000261","deviceUDID":"CTGED020000261","deviceScreenSize":"720x1440","deviceModel":"CTGED02","deviceManufacturer":"sanmu"}}
&amp#27;[35m[HTTP]&amp#27;[39m &amp#27;[37m<-- POST /wd/hub/session &amp#27;[39m&amp#27;[32m200&amp#27;[39m &amp#27;[90m5171 ms - 911&amp#27;[39m
&amp#27;[35m[HTTP]&amp#27;[39m &amp#27;[90m&amp#27;[39m
false
&amp#27;[35m[HTTP]&amp#27;[39m &amp#27;[37m-->&amp#27;[39m &amp#27;[37mPOST&amp#27;[39m &amp#27;[37m/wd/hub/session/3286656c-1cfd-4abc-b005-f50a65ac05d1/timeouts&amp#27;[39m
&amp#27;[35m[HTTP]&amp#27;[39m &amp#27;[90m{"implicit":10000}&amp#27;[39m
[debug] &amp#27;[35m[W3C (3286656c)]&amp#27;[39m Calling AppiumDriver.timeouts() with args: [null,null,null,null,10000,"3286656c-1cfd-4abc-b005-f50a65ac05d1"]
[debug] &amp#27;[35m[BaseDriver]&amp#27;[39m W3C timeout argument: {"implicit":10000}}
[debug] &amp#27;[35m[BaseDriver]&amp#27;[39m Set implicit wait to 10000ms
[debug] &amp#27;[35m[W3C (3286656c)]&amp#27;[39m Responding to client with driver.timeouts() result: null
&amp#27;[35m[HTTP]&amp#27;[39m &amp#27;[37m<-- POST /wd/hub/session/3286656c-1cfd-4abc-b005-f50a65ac05d1/timeouts &amp#27;[39m&amp#27;[32m200&amp#27;[39m &amp#27;[90m1 ms - 14&amp#27;[39m
&amp#27;[35m[HTTP]&amp#27;[39m &amp#27;[90m&amp#27;[39m
&amp#27;[35m[HTTP]&amp#27;[39m &amp#27;[37m-->&amp#27;[39m &amp#27;[37mGET&amp#27;[39m &amp#27;[37m/wd/hub/session/3286656c-1cfd-4abc-b005-f50a65ac05d1/context&amp#27;[39m
&amp#27;[35m[HTTP]&amp#27;[39m &amp#27;[90m{}&amp#27;[39m
[debug] &amp#27;[35m[W3C (3286656c)]&amp#27;[39m Calling AppiumDriver.getCurrentContext() with args: ["3286656c-1cfd-4abc-b005-f50a65ac05d1"]
[debug] &amp#27;[35m[W3C (3286656c)]&amp#27;[39m Responding to client with driver.getCurrentContext() result: "NATIVE_APP"
&amp#27;[35m[HTTP]&amp#27;[39m &amp#27;[37m<-- GET /wd/hub/session/3286656c-1cfd-4abc-b005-f50a65ac05d1/context &amp#27;[39m&amp#27;[32m200&amp#27;[39m &amp#27;[90m1 ms - 22&amp#27;[39m
&amp#27;[35m[HTTP]&amp#27;[39m &amp#27;[90m&amp#27;[39m
&amp#27;[35m[HTTP]&amp#27;[39m &amp#27;[37m-->&amp#27;[39m &amp#27;[37mPOST&amp#27;[39m &amp#27;[37m/wd/hub/session/3286656c-1cfd-4abc-b005-f50a65ac05d1/element&amp#27;[39m
&amp#27;[35m[HTTP]&amp#27;[39m &amp#27;[90m{"using":"id","value":"com.communitake.mdc.supportsip:id/menuImage"}&amp#27;[39m
[debug] &amp#27;[35m[W3C (3286656c)]&amp#27;[39m Calling AppiumDriver.findElement() with args: ["id","com.communitake.mdc.supportsip:id/menuImage","3286656c-1cfd-4abc-b005-f50a65ac05d1"]
[debug] &amp#27;[35m[BaseDriver]&amp#27;[39m Valid locator strategies for this request: xpath, id, class name, accessibility id, -android uiautomator
[debug] &amp#27;[35m[BaseDriver]&amp#27;[39m Waiting up to 10000 ms for condition
[debug] &amp#27;[35m[AndroidBootstrap]&amp#27;[39m Sending command to android: {"cmd":"action","action":"find","params":{"strategy":"id","selector":"com.communitake.mdc.supportsip:id/menuImage","context":"","multiple":false}}
[debug] &amp#27;[35m[AndroidBootstrap]&amp#27;[39m [BOOTSTRAP LOG] [debug] Got data from client: {"cmd":"action","action":"find","params":{"strategy":"id","selector":"com.communitake.mdc.supportsip:id/menuImage","context":"","multiple":false}}
[debug] &amp#27;[35m[AndroidBootstrap]&amp#27;[39m [BOOTSTRAP LOG] [debug] Got command of type ACTION
[debug] &amp#27;[35m[AndroidBootstrap]&amp#27;[39m [BOOTSTRAP LOG] [debug] Got command action: find
[debug] &amp#27;[35m[AndroidBootstrap]&amp#27;[39m [BOOTSTRAP LOG] [debug] Finding 'com.communitake.mdc.supportsip:id/menuImage' using 'ID' with the contextId: '' multiple: false
[debug] &amp#27;[35m[AndroidBootstrap]&amp#27;[39m [BOOTSTRAP LOG] [debug] Using: UiSelector[INSTANCE=0, RESOURCE_ID=com.communitake.mdc.supportsip:id/menuImage]
[debug] &amp#27;[35m[AndroidBootstrap]&amp#27;[39m [BOOTSTRAP LOG] [debug] Failed to locate element. Clearing Accessibility cache and retrying.
[debug] &amp#27;[35m[AndroidBootstrap]&amp#27;[39m [BOOTSTRAP LOG] [debug] Finding 'com.communitake.mdc.supportsip:id/menuImage' using 'ID' with the contextId: '' multiple: false
[debug] &amp#27;[35m[AndroidBootstrap]&amp#27;[39m [BOOTSTRAP LOG] [debug] Using: UiSelector[INSTANCE=0, RESOURCE_ID=com.communitake.mdc.supportsip:id/menuImage]
[debug] &amp#27;[35m[AndroidBootstrap]&amp#27;[39m [BOOTSTRAP LOG] [debug] Returning result: {"status":7,"value":"No element found"}
[debug] &amp#27;[35m[AndroidBootstrap]&amp#27;[39m Received command result from bootstrap
[debug] &amp#27;[35m[MJSONWP]&amp#27;[39m Matched JSONWP error code 7 to NoSuchElementError
[debug] &amp#27;[35m[BaseDriver]&amp#27;[39m Waited for 58 ms so far
[debug] &amp#27;[35m[AndroidBootstrap]&amp#27;[39m Sending command to android: {"cmd":"action","action":"find","params":{"strategy":"id","selector":"com.communitake.mdc.supportsip:id/menuImage","context":"","multiple":false}}
[debug] &amp#27;[35m[AndroidBootstrap]&amp#27;[39m [BOOTSTRAP LOG] [debug] Got data from client: {"cmd":"action","action":"find","params":{"strategy":"id","selector":"com.communitake.mdc.supportsip:id/menuImage","context":"","multiple":false}}
[debug] &amp#27;[35m[AndroidBootstrap]&amp#27;[39m [BOOTSTRAP LOG] [debug] Got command of type ACTION
[debug] &amp#27;[35m[AndroidBootstrap]&amp#27;[39m [BOOTSTRAP LOG] [debug] Got command action: find
[debug] &amp#27;[35m[AndroidBootstrap]&amp#27;[39m [BOOTSTRAP LOG] [debug] Finding 'com.communitake.mdc.supportsip:id/menuImage' using 'ID' with the contextId: '' multiple: false
[debug] &amp#27;[35m[AndroidBootstrap]&amp#27;[39m [BOOTSTRAP LOG] [debug] Using: UiSelector[INSTANCE=0, RESOURCE_ID=com.communitake.mdc.supportsip:id/menuImage]
[debug] &amp#27;[35m[AndroidBootstrap]&amp#27;[39m [BOOTSTRAP LOG] [debug] Failed to locate element. Clearing Accessibility cache and retrying.
[debug] &amp#27;[35m[AndroidBootstrap]&amp#27;[39m [BOOTSTRAP LOG] [debug] Finding 'com.communitake.mdc.supportsip:id/menuImage' using 'ID' with the contextId: '' multiple: false
[debug] &amp#27;[35m[AndroidBootstrap]&amp#27;[39m [BOOTSTRAP LOG] [debug] Using: UiSelector[INSTANCE=0, RESOURCE_ID=com.communitake.mdc.supportsip:id/menuImage]
[debug] &amp#27;[35m[AndroidBootstrap]&amp#27;[39m [BOOTSTRAP LOG] [debug] Returning result: {"status":7,"value":"No element found"}
[debug] &amp#27;[35m[AndroidBootstrap]&amp#27;[39m Received command result from bootstrap
[debug] &amp#27;[35m[MJSONWP]&amp#27;[39m Matched JSONWP error code 7 to NoSuchElementError
[debug] &amp#27;[35m[BaseDriver]&amp#27;[39m Waited for 663 ms so far
[debug] &amp#27;[35m[AndroidBootstrap]&amp#27;[39m Sending command to android: {"cmd":"action","action":"find","params":{"strategy":"id","selector":"com.communitake.mdc.supportsip:id/menuImage","context":"","multiple":false}}
[debug] &amp#27;[35m[AndroidBootstrap]&amp#27;[39m [BOOTSTRAP LOG] [debug] Got data from client: {"cmd":"action","action":"find","params":{"strategy":"id","selector":"com.communitake.mdc.supportsip:id/menuImage","context":"","multiple":false}}
[debug] &amp#27;[35m[AndroidBootstrap]&amp#27;[39m [BOOTSTRAP LOG] [debug] Got command of type ACTION
[debug] &amp#27;[35m[AndroidBootstrap]&amp#27;[39m [BOOTSTRAP LOG] [debug] Got command action: find
[debug] &amp#27;[35m[AndroidBootstrap]&amp#27;[39m [BOOTSTRAP LOG] [debug] Finding 'com.communitake.mdc.supportsip:id/menuImage' using 'ID' with the contextId: '' multiple: false
[debug] &amp#27;[35m[AndroidBootstrap]&amp#27;[39m [BOOTSTRAP LOG] [debug] Using: UiSelector[INSTANCE=0, RESOURCE_ID=com.communitake.mdc.supportsip:id/menuImage]
[debug] &amp#27;[35m[AndroidBootstrap]&amp#27;[39m [BOOTSTRAP LOG] [debug] Failed to locate element. Clearing Accessibility cache and retrying.
[debug] &amp#27;[35m[AndroidBootstrap]&amp#27;[39m [BOOTSTRAP LOG] [debug] Finding 'com.communitake.mdc.supportsip:id/menuImage' using 'ID' with the contextId: '' multiple: false
[debug] &amp#27;[35m[AndroidBootstrap]&amp#27;[39m [BOOTSTRAP LOG] [debug] Using: UiSelector[INSTANCE=0, RESOURCE_ID=com.communitake.mdc.supportsip:id/menuImage]
[debug] &amp#27;[35m[AndroidBootstrap]&amp#27;[39m [BOOTSTRAP LOG] [debug] Returning result: {"status":0,"value":{"ELEMENT":"1"}}
[debug] &amp#27;[35m[AndroidBootstrap]&amp#27;[39m Received command result from bootstrap
[debug] &amp#27;[35m[W3C (3286656c)]&amp#27;[39m Responding to client with driver.findElement() result: {"element-6066-11e4-a52e-4f735466cecf":"1","ELEMENT":"1"}
&amp#27;[35m[HTTP]&amp#27;[39m &amp#27;[37m<-- POST /wd/hub/session/3286656c-1cfd-4abc-b005-f50a65ac05d1/element &amp#27;[39m&amp#27;[32m200&amp#27;[39m &amp#27;[90m6124 ms - 67&amp#27;[39m
&amp#27;[35m[HTTP]&amp#27;[39m &amp#27;[90m&amp#27;[39m
&amp#27;[35m[HTTP]&amp#27;[39m &amp#27;[37m-->&amp#27;[39m &amp#27;[37mPOST&amp#27;[39m &amp#27;[37m/wd/hub/session/3286656c-1cfd-4abc-b005-f50a65ac05d1/element/1/click&amp#27;[39m
&amp#27;[35m[HTTP]&amp#27;[39m &amp#27;[90m{"id":"1"}&amp#27;[39m
[debug] &amp#27;[35m[W3C (3286656c)]&amp#27;[39m Calling AppiumDriver.click() with args: ["1","3286656c-1cfd-4abc-b005-f50a65ac05d1"]
[debug] &amp#27;[35m[AndroidBootstrap]&amp#27;[39m Sending command to android: {"cmd":"action","action":"element:click","params":{"elementId":"1"}}
[debug] &amp#27;[35m[AndroidBootstrap]&amp#27;[39m [BOOTSTRAP LOG] [debug] Got data from client: {"cmd":"action","action":"element:click","params":{"elementId":"1"}}
[debug] &amp#27;[35m[AndroidBootstrap]&amp#27;[39m [BOOTSTRAP LOG] [debug] Got command of type ACTION
[debug] &amp#27;[35m[AndroidBootstrap]&amp#27;[39m [BOOTSTRAP LOG] [debug] Got command action: click
[debug] &amp#27;[35m[AndroidBootstrap]&amp#27;[39m Received command result from bootstrap
[debug] &amp#27;[35m[W3C (3286656c)]&amp#27;[39m Responding to client with driver.click() result: true
&amp#27;[35m[HTTP]&amp#27;[39m &amp#27;[37m<-- POST /wd/hub/session/3286656c-1cfd-4abc-b005-f50a65ac05d1/element/1/click &amp#27;[39m&amp#27;[32m200&amp#27;[39m &amp#27;[90m829 ms - 14&amp#27;[39m
&amp#27;[35m[HTTP]&amp#27;[39m &amp#27;[90m&amp#27;[39m
[debug] &amp#27;[35m[AndroidBootstrap]&amp#27;[39m [BOOTSTRAP LOG] [debug] Returning result: {"status":0,"value":true}
&amp#27;[35m[HTTP]&amp#27;[39m &amp#27;[37m-->&amp#27;[39m &amp#27;[37mGET&amp#27;[39m &amp#27;[37m/wd/hub/session/3286656c-1cfd-4abc-b005-f50a65ac05d1/context&amp#27;[39m
&amp#27;[35m[HTTP]&amp#27;[39m &amp#27;[90m{}&amp#27;[39m
[debug] &amp#27;[35m[W3C (3286656c)]&amp#27;[39m Calling AppiumDriver.getCurrentContext() with args: ["3286656c-1cfd-4abc-b005-f50a65ac05d1"]
[debug] &amp#27;[35m[W3C (3286656c)]&amp#27;[39m Responding to client with driver.getCurrentContext() result: "NATIVE_APP"
&amp#27;[35m[HTTP]&amp#27;[39m &amp#27;[37m<-- GET /wd/hub/session/3286656c-1cfd-4abc-b005-f50a65ac05d1/context &amp#27;[39m&amp#27;[32m200&amp#27;[39m &amp#27;[90m1 ms - 22&amp#27;[39m
&amp#27;[35m[HTTP]&amp#27;[39m &amp#27;[90m&amp#27;[39m
&amp#27;[35m[HTTP]&amp#27;[39m &amp#27;[37m-->&amp#27;[39m &amp#27;[37mPOST&amp#27;[39m &amp#27;[37m/wd/hub/session/3286656c-1cfd-4abc-b005-f50a65ac05d1/elements&amp#27;[39m
&amp#27;[35m[HTTP]&amp#27;[39m &amp#27;[90m{"using":"id","value":"android:id/title"}&amp#27;[39m
[debug] &amp#27;[35m[W3C (3286656c)]&amp#27;[39m Calling AppiumDriver.findElements() with args: ["id","android:id/title","3286656c-1cfd-4abc-b005-f50a65ac05d1"]
[debug] &amp#27;[35m[BaseDriver]&amp#27;[39m Valid locator strategies for this request: xpath, id, class name, accessibility id, -android uiautomator
[debug] &amp#27;[35m[BaseDriver]&amp#27;[39m Waiting up to 10000 ms for condition
[debug] &amp#27;[35m[AndroidBootstrap]&amp#27;[39m Sending command to android: {"cmd":"action","action":"find","params":{"strategy":"id","selector":"android:id/title","context":"","multiple":true}}
[debug] &amp#27;[35m[AndroidBootstrap]&amp#27;[39m [BOOTSTRAP LOG] [debug] Got data from client: {"cmd":"action","action":"find","params":{"strategy":"id","selector":"android:id/title","context":"","multiple":true}}
[debug] &amp#27;[35m[AndroidBootstrap]&amp#27;[39m [BOOTSTRAP LOG] [debug] Got command of type ACTION
[debug] &amp#27;[35m[AndroidBootstrap]&amp#27;[39m [BOOTSTRAP LOG] [debug] Got command action: find
[debug] &amp#27;[35m[AndroidBootstrap]&amp#27;[39m [BOOTSTRAP LOG] [debug] Finding 'android:id/title' using 'ID' with the contextId: '' multiple: true
[debug] &amp#27;[35m[AndroidBootstrap]&amp#27;[39m [BOOTSTRAP LOG] [debug] Using: UiSelector[RESOURCE_ID=android:id/title]
[debug] &amp#27;[35m[AndroidBootstrap]&amp#27;[39m [BOOTSTRAP LOG] [debug] getElements selector:UiSelector[RESOURCE_ID=android:id/title]
[debug] &amp#27;[35m[AndroidBootstrap]&amp#27;[39m [BOOTSTRAP LOG] [debug] Element[] is null: (0)
[debug] &amp#27;[35m[AndroidBootstrap]&amp#27;[39m [BOOTSTRAP LOG] [debug] getElements tmp selector:UiSelector[INSTANCE=0, RESOURCE_ID=android:id/title]
[debug] &amp#27;[35m[AndroidBootstrap]&amp#27;[39m [BOOTSTRAP LOG] [debug] Element[] is null: (1)
[debug] &amp#27;[35m[AndroidBootstrap]&amp#27;[39m [BOOTSTRAP LOG] [debug] getElements tmp selector:UiSelector[INSTANCE=1, RESOURCE_ID=android:id/title]
[debug] &amp#27;[35m[AndroidBootstrap]&amp#27;[39m [BOOTSTRAP LOG] [debug] Element[] is null: (2)
[debug] &amp#27;[35m[AndroidBootstrap]&amp#27;[39m [BOOTSTRAP LOG] [debug] getElements tmp selector:UiSelector[INSTANCE=2, RESOURCE_ID=android:id/title]
[debug] &amp#27;[35m[AndroidBootstrap]&amp#27;[39m [BOOTSTRAP LOG] [debug] Returning result: {"status":0,"value":[{"ELEMENT":"2"},{"ELEMENT":"3"}]}
[debug] &amp#27;[35m[AndroidBootstrap]&amp#27;[39m Received command result from bootstrap
[debug] &amp#27;[35m[W3C (3286656c)]&amp#27;[39m Responding to client with driver.findElements() result: [{"element-6066-11e4-a52e-4f735466cecf":"2","ELEMENT":"2"},{"element-6066-11e4-a52e-4f735466cecf":"3","ELEMENT":"3"}]
&amp#27;[35m[HTTP]&amp#27;[39m &amp#27;[37m<-- POST /wd/hub/session/3286656c-1cfd-4abc-b005-f50a65ac05d1/elements &amp#27;[39m&amp#27;[32m200&amp#27;[39m &amp#27;[90m934 ms - 127&amp#27;[39m
&amp#27;[35m[HTTP]&amp#27;[39m &amp#27;[90m&amp#27;[39m
&amp#27;[35m[HTTP]&amp#27;[39m &amp#27;[37m-->&amp#27;[39m &amp#27;[37mPOST&amp#27;[39m &amp#27;[37m/wd/hub/session/3286656c-1cfd-4abc-b005-f50a65ac05d1/element/2/click&amp#27;[39m
&amp#27;[35m[HTTP]&amp#27;[39m &amp#27;[90m{"id":"2"}&amp#27;[39m
[debug] &amp#27;[35m[W3C (3286656c)]&amp#27;[39m Calling AppiumDriver.click() with args: ["2","3286656c-1cfd-4abc-b005-f50a65ac05d1"]
[debug] &amp#27;[35m[AndroidBootstrap]&amp#27;[39m Sending command to android: {"cmd":"action","action":"element:click","params":{"elementId":"2"}}
[debug] &amp#27;[35m[AndroidBootstrap]&amp#27;[39m [BOOTSTRAP LOG] [debug] Got data from client: {"cmd":"action","action":"element:click","params":{"elementId":"2"}}
[debug] &amp#27;[35m[AndroidBootstrap]&amp#27;[39m [BOOTSTRAP LOG] [debug] Got command of type ACTION
[debug] &amp#27;[35m[AndroidBootstrap]&amp#27;[39m [BOOTSTRAP LOG] [debug] Got command action: click
[debug] &amp#27;[35m[AndroidBootstrap]&amp#27;[39m Received command result from bootstrap
[debug] &amp#27;[35m[W3C (3286656c)]&amp#27;[39m Responding to client with driver.click() result: true
&amp#27;[35m[HTTP]&amp#27;[39m &amp#27;[37m<-- POST /wd/hub/session/3286656c-1cfd-4abc-b005-f50a65ac05d1/element/2/click &amp#27;[39m&amp#27;[32m200&amp#27;[39m &amp#27;[90m172 ms - 14&amp#27;[39m
&amp#27;[35m[HTTP]&amp#27;[39m &amp#27;[90m&amp#27;[39m
[debug] &amp#27;[35m[AndroidBootstrap]&amp#27;[39m [BOOTSTRAP LOG] [debug] Returning result: {"status":0,"value":true}
&amp#27;[35m[HTTP]&amp#27;[39m &amp#27;[37m-->&amp#27;[39m &amp#27;[37mGET&amp#27;[39m &amp#27;[37m/wd/hub/session/3286656c-1cfd-4abc-b005-f50a65ac05d1/context&amp#27;[39m
&amp#27;[35m[HTTP]&amp#27;[39m &amp#27;[90m{}&amp#27;[39m
[debug] &amp#27;[35m[W3C (3286656c)]&amp#27;[39m Calling AppiumDriver.getCurrentContext() with args: ["3286656c-1cfd-4abc-b005-f50a65ac05d1"]
[debug] &amp#27;[35m[W3C (3286656c)]&amp#27;[39m Responding to client with driver.getCurrentContext() result: "NATIVE_APP"
&amp#27;[35m[HTTP]&amp#27;[39m &amp#27;[37m<-- GET /wd/hub/session/3286656c-1cfd-4abc-b005-f50a65ac05d1/context &amp#27;[39m&amp#27;[32m200&amp#27;[39m &amp#27;[90m3 ms - 22&amp#27;[39m
&amp#27;[35m[HTTP]&amp#27;[39m &amp#27;[90m&amp#27;[39m
&amp#27;[35m[HTTP]&amp#27;[39m &amp#27;[37m-->&amp#27;[39m &amp#27;[37mPOST&amp#27;[39m &amp#27;[37m/wd/hub/session/3286656c-1cfd-4abc-b005-f50a65ac05d1/element&amp#27;[39m
&amp#27;[35m[HTTP]&amp#27;[39m &amp#27;[90m{"using":"id","value":"com.communitake.mdc.supportsip:id/menuImage"}&amp#27;[39m
[debug] &amp#27;[35m[W3C (3286656c)]&amp#27;[39m Calling AppiumDriver.findElement() with args: ["id","com.communitake.mdc.supportsip:id/menuImage","3286656c-1cfd-4abc-b005-f50a65ac05d1"]
[debug] &amp#27;[35m[BaseDriver]&amp#27;[39m Valid locator strategies for this request: xpath, id, class name, accessibility id, -android uiautomator
[debug] &amp#27;[35m[BaseDriver]&amp#27;[39m Waiting up to 10000 ms for condition
[debug] &amp#27;[35m[AndroidBootstrap]&amp#27;[39m Sending command to android: {"cmd":"action","action":"find","params":{"strategy":"id","selector":"com.communitake.mdc.supportsip:id/menuImage","context":"","multiple":false}}
[debug] &amp#27;[35m[AndroidBootstrap]&amp#27;[39m [BOOTSTRAP LOG] [debug] Got data from client: {"cmd":"action","action":"find","params":{"strategy":"id","selector":"com.communitake.mdc.supportsip:id/menuImage","context":"","multiple":false}}
[debug] &amp#27;[35m[AndroidBootstrap]&amp#27;[39m [BOOTSTRAP LOG] [debug] Got command of type ACTION
[debug] &amp#27;[35m[AndroidBootstrap]&amp#27;[39m [BOOTSTRAP LOG] [debug] Got command action: find
[debug] &amp#27;[35m[AndroidBootstrap]&amp#27;[39m [BOOTSTRAP LOG] [debug] Finding 'com.communitake.mdc.supportsip:id/menuImage' using 'ID' with the contextId: '' multiple: false
[debug] &amp#27;[35m[AndroidBootstrap]&amp#27;[39m [BOOTSTRAP LOG] [debug] Using: UiSelector[INSTANCE=0, RESOURCE_ID=com.communitake.mdc.supportsip:id/menuImage]
[debug] &amp#27;[35m[AndroidBootstrap]&amp#27;[39m [BOOTSTRAP LOG] [debug] Returning result: {"status":0,"value":{"ELEMENT":"4"}}
[debug] &amp#27;[35m[AndroidBootstrap]&amp#27;[39m Received command result from bootstrap
[debug] &amp#27;[35m[W3C (3286656c)]&amp#27;[39m Responding to client with driver.findElement() result: {"element-6066-11e4-a52e-4f735466cecf":"4","ELEMENT":"4"}
&amp#27;[35m[HTTP]&amp#27;[39m &amp#27;[37m<-- POST /wd/hub/session/3286656c-1cfd-4abc-b005-f50a65ac05d1/element &amp#27;[39m&amp#27;[32m200&amp#27;[39m &amp#27;[90m540 ms - 67&amp#27;[39m
&amp#27;[35m[HTTP]&amp#27;[39m &amp#27;[90m&amp#27;[39m
&amp#27;[35m[HTTP]&amp#27;[39m &amp#27;[37m-->&amp#27;[39m &amp#27;[37mPOST&amp#27;[39m &amp#27;[37m/wd/hub/session/3286656c-1cfd-4abc-b005-f50a65ac05d1/element/4/click&amp#27;[39m
&amp#27;[35m[HTTP]&amp#27;[39m &amp#27;[90m{"id":"4"}&amp#27;[39m
[debug] &amp#27;[35m[W3C (3286656c)]&amp#27;[39m Calling AppiumDriver.click() with args: ["4","3286656c-1cfd-4abc-b005-f50a65ac05d1"]
[debug] &amp#27;[35m[AndroidBootstrap]&amp#27;[39m Sending command to android: {"cmd":"action","action":"element:click","params":{"elementId":"4"}}
[debug] &amp#27;[35m[AndroidBootstrap]&amp#27;[39m [BOOTSTRAP LOG] [debug] Got data from client: {"cmd":"action","action":"element:click","params":{"elementId":"4"}}
[debug] &amp#27;[35m[AndroidBootstrap]&amp#27;[39m [BOOTSTRAP LOG] [debug] Got command of type ACTION
[debug] &amp#27;[35m[AndroidBootstrap]&amp#27;[39m [BOOTSTRAP LOG] [debug] Got command action: click
[debug] &amp#27;[35m[AndroidBootstrap]&amp#27;[39m Received command result from bootstrap
[debug] &amp#27;[35m[W3C (3286656c)]&amp#27;[39m Responding to client with driver.click() result: true
&amp#27;[35m[HTTP]&amp#27;[39m &amp#27;[37m<-- POST /wd/hub/session/3286656c-1cfd-4abc-b005-f50a65ac05d1/element/4/click &amp#27;[39m&amp#27;[32m200&amp#27;[39m &amp#27;[90m339 ms - 14&amp#27;[39m
&amp#27;[35m[HTTP]&amp#27;[39m &amp#27;[90m&amp#27;[39m
[debug] &amp#27;[35m[AndroidBootstrap]&amp#27;[39m [BOOTSTRAP LOG] [debug] Returning result: {"status":0,"value":true}
&amp#27;[35m[HTTP]&amp#27;[39m &amp#27;[37m-->&amp#27;[39m &amp#27;[37mGET&amp#27;[39m &amp#27;[37m/wd/hub/session/3286656c-1cfd-4abc-b005-f50a65ac05d1/context&amp#27;[39m
&amp#27;[35m[HTTP]&amp#27;[39m &amp#27;[90m{}&amp#27;[39m
[debug] &amp#27;[35m[W3C (3286656c)]&amp#27;[39m Calling AppiumDriver.getCurrentContext() with args: ["3286656c-1cfd-4abc-b005-f50a65ac05d1"]
[debug] &amp#27;[35m[W3C (3286656c)]&amp#27;[39m Responding to client with driver.getCurrentContext() result: "NATIVE_APP"
&amp#27;[35m[HTTP]&amp#27;[39m &amp#27;[37m<-- GET /wd/hub/session/3286656c-1cfd-4abc-b005-f50a65ac05d1/context &amp#27;[39m&amp#27;[32m200&amp#27;[39m &amp#27;[90m1 ms - 22&amp#27;[39m
&amp#27;[35m[HTTP]&amp#27;[39m &amp#27;[90m&amp#27;[39m
&amp#27;[35m[HTTP]&amp#27;[39m &amp#27;[37m-->&amp#27;[39m &amp#27;[37mPOST&amp#27;[39m &amp#27;[37m/wd/hub/session/3286656c-1cfd-4abc-b005-f50a65ac05d1/elements&amp#27;[39m
&amp#27;[35m[HTTP]&amp#27;[39m &amp#27;[90m{"using":"id","value":"android:id/title"}&amp#27;[39m
[debug] &amp#27;[35m[W3C (3286656c)]&amp#27;[39m Calling AppiumDriver.findElements() with args: ["id","android:id/title","3286656c-1cfd-4abc-b005-f50a65ac05d1"]
[debug] &amp#27;[35m[BaseDriver]&amp#27;[39m Valid locator strategies for this request: xpath, id, class name, accessibility id, -android uiautomator
[debug] &amp#27;[35m[BaseDriver]&amp#27;[39m Waiting up to 10000 ms for condition
[debug] &amp#27;[35m[AndroidBootstrap]&amp#27;[39m Sending command to android: {"cmd":"action","action":"find","params":{"strategy":"id","selector":"android:id/title","context":"","multiple":true}}
[debug] &amp#27;[35m[AndroidBootstrap]&amp#27;[39m [BOOTSTRAP LOG] [debug] Got data from client: {"cmd":"action","action":"find","params":{"strategy":"id","selector":"android:id/title","context":"","multiple":true}}
[debug] &amp#27;[35m[AndroidBootstrap]&amp#27;[39m [BOOTSTRAP LOG] [debug] Got command of type ACTION
[debug] &amp#27;[35m[AndroidBootstrap]&amp#27;[39m [BOOTSTRAP LOG] [debug] Got command action: find
[debug] &amp#27;[35m[AndroidBootstrap]&amp#27;[39m [BOOTSTRAP LOG] [debug] Finding 'android:id/title' using 'ID' with the contextId: '' multiple: true
[debug] &amp#27;[35m[AndroidBootstrap]&amp#27;[39m [BOOTSTRAP LOG] [debug] Using: UiSelector[RESOURCE_ID=android:id/title]
[debug] &amp#27;[35m[AndroidBootstrap]&amp#27;[39m [BOOTSTRAP LOG] [debug] getElements selector:UiSelector[RESOURCE_ID=android:id/title]
[debug] &amp#27;[35m[AndroidBootstrap]&amp#27;[39m [BOOTSTRAP LOG] [debug] Element[] is null: (0)
[debug] &amp#27;[35m[AndroidBootstrap]&amp#27;[39m [BOOTSTRAP LOG] [debug] getElements tmp selector:UiSelector[INSTANCE=0, RESOURCE_ID=android:id/title]
[debug] &amp#27;[35m[AndroidBootstrap]&amp#27;[39m [BOOTSTRAP LOG] [debug] Element[] is null: (1)
[debug] &amp#27;[35m[AndroidBootstrap]&amp#27;[39m [BOOTSTRAP LOG] [debug] getElements tmp selector:UiSelector[INSTANCE=1, RESOURCE_ID=android:id/title]
[debug] &amp#27;[35m[AndroidBootstrap]&amp#27;[39m [BOOTSTRAP LOG] [debug] Element[] is null: (2)
[debug] &amp#27;[35m[AndroidBootstrap]&amp#27;[39m [BOOTSTRAP LOG] [debug] getElements tmp selector:UiSelector[INSTANCE=2, RESOURCE_ID=android:id/title]
[debug] &amp#27;[35m[AndroidBootstrap]&amp#27;[39m [BOOTSTRAP LOG] [debug] Element[] is null: (3)
[debug] &amp#27;[35m[AndroidBootstrap]&amp#27;[39m [BOOTSTRAP LOG] [debug] getElements tmp selector:UiSelector[INSTANCE=3, RESOURCE_ID=android:id/title]
[debug] &amp#27;[35m[AndroidBootstrap]&amp#27;[39m [BOOTSTRAP LOG] [debug] Returning result: {"status":0,"value":[{"ELEMENT":"5"},{"ELEMENT":"6"},{"ELEMENT":"7"}]}
[debug] &amp#27;[35m[AndroidBootstrap]&amp#27;[39m Received command result from bootstrap
[debug] &amp#27;[35m[W3C (3286656c)]&amp#27;[39m Responding to client with driver.findElements() result: [{"element-6066-11e4-a52e-4f735466cecf":"5","ELEMENT":"5"},{"element-6066-11e4-a52e-4f735466cecf":"6","ELEMENT":"6"},{"element-6066-11e4-a52e-4f735466cecf":"7","ELEMENT":"7"}]
&amp#27;[35m[HTTP]&amp#27;[39m &amp#27;[37m<-- POST /wd/hub/session/3286656c-1cfd-4abc-b005-f50a65ac05d1/elements &amp#27;[39m&amp#27;[32m200&amp#27;[39m &amp#27;[90m890 ms - 185&amp#27;[39m
&amp#27;[35m[HTTP]&amp#27;[39m &amp#27;[90m&amp#27;[39m
&amp#27;[35m[HTTP]&amp#27;[39m &amp#27;[37m-->&amp#27;[39m &amp#27;[37mPOST&amp#27;[39m &amp#27;[37m/wd/hub/session/3286656c-1cfd-4abc-b005-f50a65ac05d1/element/5/click&amp#27;[39m
&amp#27;[35m[HTTP]&amp#27;[39m &amp#27;[90m{"id":"5"}&amp#27;[39m
[debug] &amp#27;[35m[W3C (3286656c)]&amp#27;[39m Calling AppiumDriver.click() with args: ["5","3286656c-1cfd-4abc-b005-f50a65ac05d1"]
[debug] &amp#27;[35m[AndroidBootstrap]&amp#27;[39m Sending command to android: {"cmd":"action","action":"element:click","params":{"elementId":"5"}}
[debug] &amp#27;[35m[AndroidBootstrap]&amp#27;[39m [BOOTSTRAP LOG] [debug] Got data from client: {"cmd":"action","action":"element:click","params":{"elementId":"5"}}
[debug] &amp#27;[35m[AndroidBootstrap]&amp#27;[39m [BOOTSTRAP LOG] [debug] Got command of type ACTION
[debug] &amp#27;[35m[AndroidBootstrap]&amp#27;[39m [BOOTSTRAP LOG] [debug] Got command action: click
[debug] &amp#27;[35m[AndroidBootstrap]&amp#27;[39m [BOOTSTRAP LOG] [debug] Returning result: {"status":0,"value":true}
[debug] &amp#27;[35m[AndroidBootstrap]&amp#27;[39m Received command result from bootstrap
[debug] &amp#27;[35m[W3C (3286656c)]&amp#27;[39m Responding to client with driver.click() result: true
&amp#27;[35m[HTTP]&amp#27;[39m &amp#27;[37m<-- POST /wd/hub/session/3286656c-1cfd-4abc-b005-f50a65ac05d1/element/5/click &amp#27;[39m&amp#27;[32m200&amp#27;[39m &amp#27;[90m176 ms - 14&amp#27;[39m
&amp#27;[35m[HTTP]&amp#27;[39m &amp#27;[90m&amp#27;[39m
&amp#27;[35m[HTTP]&amp#27;[39m &amp#27;[37m-->&amp#27;[39m &amp#27;[37mGET&amp#27;[39m &amp#27;[37m/wd/hub/session/3286656c-1cfd-4abc-b005-f50a65ac05d1/context&amp#27;[39m
&amp#27;[35m[HTTP]&amp#27;[39m &amp#27;[90m{}&amp#27;[39m
[debug] &amp#27;[35m[W3C (3286656c)]&amp#27;[39m Calling AppiumDriver.getCurrentContext() with args: ["3286656c-1cfd-4abc-b005-f50a65ac05d1"]
[debug] &amp#27;[35m[W3C (3286656c)]&amp#27;[39m Responding to client with driver.getCurrentContext() result: "NATIVE_APP"
&amp#27;[35m[HTTP]&amp#27;[39m &amp#27;[37m<-- GET /wd/hub/session/3286656c-1cfd-4abc-b005-f50a65ac05d1/context &amp#27;[39m&amp#27;[32m200&amp#27;[39m &amp#27;[90m1 ms - 22&amp#27;[39m
&amp#27;[35m[HTTP]&amp#27;[39m &amp#27;[90m&amp#27;[39m
&amp#27;[35m[HTTP]&amp#27;[39m &amp#27;[37m-->&amp#27;[39m &amp#27;[37mPOST&amp#27;[39m &amp#27;[37m/wd/hub/session/3286656c-1cfd-4abc-b005-f50a65ac05d1/element&amp#27;[39m
&amp#27;[35m[HTTP]&amp#27;[39m &amp#27;[90m{"using":"id","value":"com.communitake.mdc.supportsip:id/menuImage"}&amp#27;[39m
[debug] &amp#27;[35m[W3C (3286656c)]&amp#27;[39m Calling AppiumDriver.findElement() with args: ["id","com.communitake.mdc.supportsip:id/menuImage","3286656c-1cfd-4abc-b005-f50a65ac05d1"]
[debug] &amp#27;[35m[BaseDriver]&amp#27;[39m Valid locator strategies for this request: xpath, id, class name, accessibility id, -android uiautomator
[debug] &amp#27;[35m[BaseDriver]&amp#27;[39m Waiting up to 10000 ms for condition
[debug] &amp#27;[35m[AndroidBootstrap]&amp#27;[39m Sending command to android: {"cmd":"action","action":"find","params":{"strategy":"id","selector":"com.communitake.mdc.supportsip:id/menuImage","context":"","multiple":false}}
[debug] &amp#27;[35m[AndroidBootstrap]&amp#27;[39m [BOOTSTRAP LOG] [debug] Got data from client: {"cmd":"action","action":"find","params":{"strategy":"id","selector":"com.communitake.mdc.supportsip:id/menuImage","context":"","multiple":false}}
[debug] &amp#27;[35m[AndroidBootstrap]&amp#27;[39m [BOOTSTRAP LOG] [debug] Got command of type ACTION
[debug] &amp#27;[35m[AndroidBootstrap]&amp#27;[39m [BOOTSTRAP LOG] [debug] Got command action: find
[debug] &amp#27;[35m[AndroidBootstrap]&amp#27;[39m [BOOTSTRAP LOG] [debug] Finding 'com.communitake.mdc.supportsip:id/menuImage' using 'ID' with the contextId: '' multiple: false
[debug] &amp#27;[35m[AndroidBootstrap]&amp#27;[39m [BOOTSTRAP LOG] [debug] Using: UiSelector[INSTANCE=0, RESOURCE_ID=com.communitake.mdc.supportsip:id/menuImage]
[debug] &amp#27;[35m[AndroidBootstrap]&amp#27;[39m [BOOTSTRAP LOG] [debug] Returning result: {"status":0,"value":{"ELEMENT":"8"}}
[debug] &amp#27;[35m[AndroidBootstrap]&amp#27;[39m Received command result from bootstrap
[debug] &amp#27;[35m[W3C (3286656c)]&amp#27;[39m Responding to client with driver.findElement() result: {"element-6066-11e4-a52e-4f735466cecf":"8","ELEMENT":"8"}
&amp#27;[35m[HTTP]&amp#27;[39m &amp#27;[37m<-- POST /wd/hub/session/3286656c-1cfd-4abc-b005-f50a65ac05d1/element &amp#27;[39m&amp#27;[32m200&amp#27;[39m &amp#27;[90m587 ms - 67&amp#27;[39m
&amp#27;[35m[HTTP]&amp#27;[39m &amp#27;[90m&amp#27;[39m
&amp#27;[35m[HTTP]&amp#27;[39m &amp#27;[37m-->&amp#27;[39m &amp#27;[37mPOST&amp#27;[39m &amp#27;[37m/wd/hub/session/3286656c-1cfd-4abc-b005-f50a65ac05d1/element/8/click&amp#27;[39m
&amp#27;[35m[HTTP]&amp#27;[39m &amp#27;[90m{"id":"8"}&amp#27;[39m
[debug] &amp#27;[35m[W3C (3286656c)]&amp#27;[39m Calling AppiumDriver.click() with args: ["8","3286656c-1cfd-4abc-b005-f50a65ac05d1"]
[debug] &amp#27;[35m[AndroidBootstrap]&amp#27;[39m Sending command to android: {"cmd":"action","action":"element:click","params":{"elementId":"8"}}
[debug] &amp#27;[35m[AndroidBootstrap]&amp#27;[39m [BOOTSTRAP LOG] [debug] Got data from client: {"cmd":"action","action":"element:click","params":{"elementId":"8"}}
[debug] &amp#27;[35m[AndroidBootstrap]&amp#27;[39m [BOOTSTRAP LOG] [debug] Got command of type ACTION
[debug] &amp#27;[35m[AndroidBootstrap]&amp#27;[39m [BOOTSTRAP LOG] [debug] Got command action: click
[debug] &amp#27;[35m[AndroidBootstrap]&amp#27;[39m [BOOTSTRAP LOG] [debug] Returning result: {"status":0,"value":true}
[debug] &amp#27;[35m[AndroidBootstrap]&amp#27;[39m Received command result from bootstrap
[debug] &amp#27;[35m[W3C (3286656c)]&amp#27;[39m Responding to client with driver.click() result: true
&amp#27;[35m[HTTP]&amp#27;[39m &amp#27;[37m<-- POST /wd/hub/session/3286656c-1cfd-4abc-b005-f50a65ac05d1/element/8/click &amp#27;[39m&amp#27;[32m200&amp#27;[39m &amp#27;[90m366 ms - 14&amp#27;[39m
&amp#27;[35m[HTTP]&amp#27;[39m &amp#27;[90m&amp#27;[39m
&amp#27;[35m[HTTP]&amp#27;[39m &amp#27;[37m-->&amp#27;[39m &amp#27;[37mGET&amp#27;[39m &amp#27;[37m/wd/hub/session/3286656c-1cfd-4abc-b005-f50a65ac05d1/context&amp#27;[39m
&amp#27;[35m[HTTP]&amp#27;[39m &amp#27;[90m{}&amp#27;[39m
[debug] &amp#27;[35m[W3C (3286656c)]&amp#27;[39m Calling AppiumDriver.getCurrentContext() with args: ["3286656c-1cfd-4abc-b005-f50a65ac05d1"]
[debug] &amp#27;[35m[W3C (3286656c)]&amp#27;[39m Responding to client with driver.getCurrentContext() result: "NATIVE_APP"
&amp#27;[35m[HTTP]&amp#27;[39m &amp#27;[37m<-- GET /wd/hub/session/3286656c-1cfd-4abc-b005-f50a65ac05d1/context &amp#27;[39m&amp#27;[32m200&amp#27;[39m &amp#27;[90m3 ms - 22&amp#27;[39m
&amp#27;[35m[HTTP]&amp#27;[39m &amp#27;[90m&amp#27;[39m
&amp#27;[35m[HTTP]&amp#27;[39m &amp#27;[37m-->&amp#27;[39m &amp#27;[37mPOST&amp#27;[39m &amp#27;[37m/wd/hub/session/3286656c-1cfd-4abc-b005-f50a65ac05d1/elements&amp#27;[39m
&amp#27;[35m[HTTP]&amp#27;[39m &amp#27;[90m{"using":"id","value":"android:id/title"}&amp#27;[39m
[debug] &amp#27;[35m[W3C (3286656c)]&amp#27;[39m Calling AppiumDriver.findElements() with args: ["id","android:id/title","3286656c-1cfd-4abc-b005-f50a65ac05d1"]
[debug] &amp#27;[35m[BaseDriver]&amp#27;[39m Valid locator strategies for this request: xpath, id, class name, accessibility id, -android uiautomator
[debug] &amp#27;[35m[BaseDriver]&amp#27;[39m Waiting up to 10000 ms for condition
[debug] &amp#27;[35m[AndroidBootstrap]&amp#27;[39m Sending command to android: {"cmd":"action","action":"find","params":{"strategy":"id","selector":"android:id/title","context":"","multiple":true}}
[debug] &amp#27;[35m[AndroidBootstrap]&amp#27;[39m [BOOTSTRAP LOG] [debug] Got data from client: {"cmd":"action","action":"find","params":{"strategy":"id","selector":"android:id/title","context":"","multiple":true}}
[debug] &amp#27;[35m[AndroidBootstrap]&amp#27;[39m [BOOTSTRAP LOG] [debug] Got command of type ACTION
[debug] &amp#27;[35m[AndroidBootstrap]&amp#27;[39m [BOOTSTRAP LOG] [debug] Got command action: find
[debug] &amp#27;[35m[AndroidBootstrap]&amp#27;[39m [BOOTSTRAP LOG] [debug] Finding 'android:id/title' using 'ID' with the contextId: '' multiple: true
[debug] &amp#27;[35m[AndroidBootstrap]&amp#27;[39m [BOOTSTRAP LOG] [debug] Using: UiSelector[RESOURCE_ID=android:id/title]
[debug] &amp#27;[35m[AndroidBootstrap]&amp#27;[39m [BOOTSTRAP LOG] [debug] getElements selector:UiSelector[RESOURCE_ID=android:id/title]
[debug] &amp#27;[35m[AndroidBootstrap]&amp#27;[39m [BOOTSTRAP LOG] [debug] Element[] is null: (0)
[debug] &amp#27;[35m[AndroidBootstrap]&amp#27;[39m [BOOTSTRAP LOG] [debug] getElements tmp selector:UiSelector[INSTANCE=0, RESOURCE_ID=android:id/title]
[debug] &amp#27;[35m[AndroidBootstrap]&amp#27;[39m [BOOTSTRAP LOG] [debug] Element[] is null: (1)
[debug] &amp#27;[35m[AndroidBootstrap]&amp#27;[39m [BOOTSTRAP LOG] [debug] getElements tmp selector:UiSelector[INSTANCE=1, RESOURCE_ID=android:id/title]
[debug] &amp#27;[35m[AndroidBootstrap]&amp#27;[39m [BOOTSTRAP LOG] [debug] Element[] is null: (2)
[debug] &amp#27;[35m[AndroidBootstrap]&amp#27;[39m [BOOTSTRAP LOG] [debug] getElements tmp selector:UiSelector[INSTANCE=2, RESOURCE_ID=android:id/title]
[debug] &amp#27;[35m[AndroidBootstrap]&amp#27;[39m [BOOTSTRAP LOG] [debug] Element[] is null: (3)
[debug] &amp#27;[35m[AndroidBootstrap]&amp#27;[39m [BOOTSTRAP LOG] [debug] getElements tmp selector:UiSelector[INSTANCE=3, RESOURCE_ID=android:id/title]
[debug] &amp#27;[35m[AndroidBootstrap]&amp#27;[39m [BOOTSTRAP LOG] [debug] Returning result: {"status":0,"value":[{"ELEMENT":"9"},{"ELEMENT":"10"},{"ELEMENT":"11"}]}
[debug] &amp#27;[35m[AndroidBootstrap]&amp#27;[39m Received command result from bootstrap
[debug] &amp#27;[35m[W3C (3286656c)]&amp#27;[39m Responding to client with driver.findElements() result: [{"element-6066-11e4-a52e-4f735466cecf":"9","ELEMENT":"9"},{"element-6066-11e4-a52e-4f735466cecf":"10","ELEMENT":"10"},{"element-6066-11e4-a52e-4f735466cecf":"11","ELEMENT":"11"}]
&amp#27;[35m[HTTP]&amp#27;[39m &amp#27;[37m<-- POST /wd/hub/session/3286656c-1cfd-4abc-b005-f50a65ac05d1/elements &amp#27;[39m&amp#27;[32m200&amp#27;[39m &amp#27;[90m984 ms - 189&amp#27;[39m
&amp#27;[35m[HTTP]&amp#27;[39m &amp#27;[90m&amp#27;[39m
&amp#27;[35m[HTTP]&amp#27;[39m &amp#27;[37m-->&amp#27;[39m &amp#27;[37mPOST&amp#27;[39m &amp#27;[37m/wd/hub/session/3286656c-1cfd-4abc-b005-f50a65ac05d1/element/9/click&amp#27;[39m
&amp#27;[35m[HTTP]&amp#27;[39m &amp#27;[90m{"id":"9"}&amp#27;[39m
[debug] &amp#27;[35m[W3C (3286656c)]&amp#27;[39m Calling AppiumDriver.click() with args: ["9","3286656c-1cfd-4abc-b005-f50a65ac05d1"]
[debug] &amp#27;[35m[AndroidBootstrap]&amp#27;[39m Sending command to android: {"cmd":"action","action":"element:click","params":{"elementId":"9"}}
[debug] &amp#27;[35m[AndroidBootstrap]&amp#27;[39m [BOOTSTRAP LOG] [debug] Got data from client: {"cmd":"action","action":"element:click","params":{"elementId":"9"}}
[debug] &amp#27;[35m[AndroidBootstrap]&amp#27;[39m [BOOTSTRAP LOG] [debug] Got command of type ACTION
[debug] &amp#27;[35m[AndroidBootstrap]&amp#27;[39m [BOOTSTRAP LOG] [debug] Got command action: click
[debug] &amp#27;[35m[AndroidBootstrap]&amp#27;[39m Received command result from bootstrap
[debug] &amp#27;[35m[W3C (3286656c)]&amp#27;[39m Responding to client with driver.click() result: true
&amp#27;[35m[HTTP]&amp#27;[39m &amp#27;[37m<-- POST /wd/hub/session/3286656c-1cfd-4abc-b005-f50a65ac05d1/element/9/click &amp#27;[39m&amp#27;[32m200&amp#27;[39m &amp#27;[90m169 ms - 14&amp#27;[39m
&amp#27;[35m[HTTP]&amp#27;[39m &amp#27;[90m&amp#27;[39m
[debug] &amp#27;[35m[AndroidBootstrap]&amp#27;[39m [BOOTSTRAP LOG] [debug] Returning result: {"status":0,"value":true}
&amp#27;[35m[HTTP]&amp#27;[39m &amp#27;[37m-->&amp#27;[39m &amp#27;[37mPOST&amp#27;[39m &amp#27;[37m/wd/hub/session/3286656c-1cfd-4abc-b005-f50a65ac05d1/appium/device/start_activity&amp#27;[39m
&amp#27;[35m[HTTP]&amp#27;[39m &amp#27;[90m{"appPackage":"com.android.settings","appActivity":".Settings","appWaitPackage":"","appWaitActivity":"","dontStopAppOnReset":false,"intentAction":"","intentCategory":"","intentFlags":"","optionalIntentArguments":""}&amp#27;[39m
[debug] &amp#27;[35m[W3C (3286656c)]&amp#27;[39m Calling AppiumDriver.startActivity() with args: ["com.android.settings",".Settings","","","","","","",false,null,null,"3286656c-1cfd-4abc-b005-f50a65ac05d1"]
[debug] &amp#27;[35m[AndroidDriver]&amp#27;[39m Starting package 'com.android.settings' and activity '.Settings'
[debug] &amp#27;[35m[ADB]&amp#27;[39m Running 'C:\Users\Nissim Automation\AppData\Local\Android\Sdk\platform-tools\adb.exe -P 5037 -s CTGED020000261 shell am start -W -n com.android.settings/.Settings -S'
[debug] &amp#27;[35m[ADB]&amp#27;[39m Waiting up to 20000ms for activity matching pkg: 'com.android.settings' and activity: '.Settings' to be focused
[debug] &amp#27;[35m[ADB]&amp#27;[39m Possible activities, to be checked: 'com.android.settings.Settings'
[debug] &amp#27;[35m[ADB]&amp#27;[39m Getting focused package and activity
[debug] &amp#27;[35m[ADB]&amp#27;[39m Running 'C:\Users\Nissim Automation\AppData\Local\Android\Sdk\platform-tools\adb.exe -P 5037 -s CTGED020000261 shell dumpsys window windows'
[debug] &amp#27;[35m[ADB]&amp#27;[39m Found package: 'com.android.settings' and fully qualified activity name : 'com.android.settings.Settings'
[debug] &amp#27;[35m[W3C (3286656c)]&amp#27;[39m Responding to client with driver.startActivity() result: null
&amp#27;[35m[HTTP]&amp#27;[39m &amp#27;[37m<-- POST /wd/hub/session/3286656c-1cfd-4abc-b005-f50a65ac05d1/appium/device/start_activity &amp#27;[39m&amp#27;[32m200&amp#27;[39m &amp#27;[90m1484 ms - 14&amp#27;[39m
&amp#27;[35m[HTTP]&amp#27;[39m &amp#27;[90m&amp#27;[39m
&amp#27;[35m[HTTP]&amp#27;[39m &amp#27;[37m-->&amp#27;[39m &amp#27;[37mGET&amp#27;[39m &amp#27;[37m/wd/hub/session/3286656c-1cfd-4abc-b005-f50a65ac05d1/context&amp#27;[39m
&amp#27;[35m[HTTP]&amp#27;[39m &amp#27;[90m{}&amp#27;[39m
[debug] &amp#27;[35m[W3C (3286656c)]&amp#27;[39m Calling AppiumDriver.getCurrentContext() with args: ["3286656c-1cfd-4abc-b005-f50a65ac05d1"]
[debug] &amp#27;[35m[W3C (3286656c)]&amp#27;[39m Responding to client with driver.getCurrentContext() result: "NATIVE_APP"
&amp#27;[35m[HTTP]&amp#27;[39m &amp#27;[37m<-- GET /wd/hub/session/3286656c-1cfd-4abc-b005-f50a65ac05d1/context &amp#27;[39m&amp#27;[32m200&amp#27;[39m &amp#27;[90m1 ms - 22&amp#27;[39m
&amp#27;[35m[HTTP]&amp#27;[39m &amp#27;[90m&amp#27;[39m
&amp#27;[35m[HTTP]&amp#27;[39m &amp#27;[37m-->&amp#27;[39m &amp#27;[37mPOST&amp#27;[39m &amp#27;[37m/wd/hub/session/3286656c-1cfd-4abc-b005-f50a65ac05d1/element&amp#27;[39m
&amp#27;[35m[HTTP]&amp#27;[39m &amp#27;[90m{"using":"id","value":"Navigate up"}&amp#27;[39m
[debug] &amp#27;[35m[W3C (3286656c)]&amp#27;[39m Calling AppiumDriver.findElement() with args: ["id","Navigate up","3286656c-1cfd-4abc-b005-f50a65ac05d1"]
[debug] &amp#27;[35m[BaseDriver]&amp#27;[39m Valid locator strategies for this request: xpath, id, class name, accessibility id, -android uiautomator
[debug] &amp#27;[35m[BaseDriver]&amp#27;[39m Waiting up to 10000 ms for condition
[debug] &amp#27;[35m[AndroidBootstrap]&amp#27;[39m Sending command to android: {"cmd":"action","action":"find","params":{"strategy":"id","selector":"Navigate up","context":"","multiple":false}}
[debug] &amp#27;[35m[AndroidBootstrap]&amp#27;[39m [BOOTSTRAP LOG] [debug] Got data from client: {"cmd":"action","action":"find","params":{"strategy":"id","selector":"Navigate up","context":"","multiple":false}}
[debug] &amp#27;[35m[AndroidBootstrap]&amp#27;[39m [BOOTSTRAP LOG] [debug] Got command of type ACTION
[debug] &amp#27;[35m[AndroidBootstrap]&amp#27;[39m [BOOTSTRAP LOG] [debug] Got command action: find
[debug] &amp#27;[35m[AndroidBootstrap]&amp#27;[39m [BOOTSTRAP LOG] [debug] Finding 'Navigate up' using 'ID' with the contextId: '' multiple: false
[debug] &amp#27;[35m[AndroidBootstrap]&amp#27;[39m [BOOTSTRAP LOG] [debug] Using: UiSelector[INSTANCE=0, RESOURCE_ID=com.communitake.mdc.supportsip:id/Navigate up]
[debug] &amp#27;[35m[AndroidBootstrap]&amp#27;[39m [BOOTSTRAP LOG] [debug] Using: UiSelector[INSTANCE=0, RESOURCE_ID=android:id/Navigate up]
[debug] &amp#27;[35m[AndroidBootstrap]&amp#27;[39m [BOOTSTRAP LOG] [debug] Using: UiSelector[INSTANCE=0, RESOURCE_ID=Navigate up]
[debug] &amp#27;[35m[AndroidBootstrap]&amp#27;[39m [BOOTSTRAP LOG] [debug] Using: UiSelector[DESCRIPTION=Navigate up, INSTANCE=0]
[debug] &amp#27;[35m[AndroidBootstrap]&amp#27;[39m Received command result from bootstrap
[debug] &amp#27;[35m[W3C (3286656c)]&amp#27;[39m Responding to client with driver.findElement() result: {"element-6066-11e4-a52e-4f735466cecf":"12","ELEMENT":"12"}
&amp#27;[35m[HTTP]&amp#27;[39m &amp#27;[37m<-- POST /wd/hub/session/3286656c-1cfd-4abc-b005-f50a65ac05d1/element &amp#27;[39m&amp#27;[32m200&amp#27;[39m &amp#27;[90m1018 ms - 69&amp#27;[39m
&amp#27;[35m[HTTP]&amp#27;[39m &amp#27;[90m&amp#27;[39m
[debug] &amp#27;[35m[AndroidBootstrap]&amp#27;[39m [BOOTSTRAP LOG] [debug] Returning result: {"status":0,"value":{"ELEMENT":"12"}}
&amp#27;[35m[HTTP]&amp#27;[39m &amp#27;[37m-->&amp#27;[39m &amp#27;[37mPOST&amp#27;[39m &amp#27;[37m/wd/hub/session/3286656c-1cfd-4abc-b005-f50a65ac05d1/element/12/click&amp#27;[39m
&amp#27;[35m[HTTP]&amp#27;[39m &amp#27;[90m{"id":"12"}&amp#27;[39m
[debug] &amp#27;[35m[W3C (3286656c)]&amp#27;[39m Calling AppiumDriver.click() with args: ["12","3286656c-1cfd-4abc-b005-f50a65ac05d1"]
[debug] &amp#27;[35m[AndroidBootstrap]&amp#27;[39m Sending command to android: {"cmd":"action","action":"element:click","params":{"elementId":"12"}}
[debug] &amp#27;[35m[AndroidBootstrap]&amp#27;[39m [BOOTSTRAP LOG] [debug] Got data from client: {"cmd":"action","action":"element:click","params":{"elementId":"12"}}
[debug] &amp#27;[35m[AndroidBootstrap]&amp#27;[39m [BOOTSTRAP LOG] [debug] Got command of type ACTION
[debug] &amp#27;[35m[AndroidBootstrap]&amp#27;[39m [BOOTSTRAP LOG] [debug] Got command action: click
[debug] &amp#27;[35m[AndroidBootstrap]&amp#27;[39m [BOOTSTRAP LOG] [debug] Returning result: {"status":0,"value":true}
[debug] &amp#27;[35m[AndroidBootstrap]&amp#27;[39m Received command result from bootstrap
[debug] &amp#27;[35m[W3C (3286656c)]&amp#27;[39m Responding to client with driver.click() result: true
&amp#27;[35m[HTTP]&amp#27;[39m &amp#27;[37m<-- POST /wd/hub/session/3286656c-1cfd-4abc-b005-f50a65ac05d1/element/12/click &amp#27;[39m&amp#27;[32m200&amp#27;[39m &amp#27;[90m458 ms - 14&amp#27;[39m
&amp#27;[35m[HTTP]&amp#27;[39m &amp#27;[90m&amp#27;[39m
&amp#27;[35m[HTTP]&amp#27;[39m &amp#27;[37m-->&amp#27;[39m &amp#27;[37mGET&amp#27;[39m &amp#27;[37m/wd/hub/session/3286656c-1cfd-4abc-b005-f50a65ac05d1/context&amp#27;[39m
&amp#27;[35m[HTTP]&amp#27;[39m &amp#27;[90m{}&amp#27;[39m
[debug] &amp#27;[35m[W3C (3286656c)]&amp#27;[39m Calling AppiumDriver.getCurrentContext() with args: ["3286656c-1cfd-4abc-b005-f50a65ac05d1"]
[debug] &amp#27;[35m[W3C (3286656c)]&amp#27;[39m Responding to client with driver.getCurrentContext() result: "NATIVE_APP"
&amp#27;[35m[HTTP]&amp#27;[39m &amp#27;[37m<-- GET /wd/hub/session/3286656c-1cfd-4abc-b005-f50a65ac05d1/context &amp#27;[39m&amp#27;[32m200&amp#27;[39m &amp#27;[90m1 ms - 22&amp#27;[39m
&amp#27;[35m[HTTP]&amp#27;[39m &amp#27;[90m&amp#27;[39m
&amp#27;[35m[HTTP]&amp#27;[39m &amp#27;[37m-->&amp#27;[39m &amp#27;[37mPOST&amp#27;[39m &amp#27;[37m/wd/hub/session/3286656c-1cfd-4abc-b005-f50a65ac05d1/element&amp#27;[39m
&amp#27;[35m[HTTP]&amp#27;[39m &amp#27;[90m{"using":"id","value":"android:id/search_src_text"}&amp#27;[39m
[debug] &amp#27;[35m[W3C (3286656c)]&amp#27;[39m Calling AppiumDriver.findElement() with args: ["id","android:id/search_src_text","3286656c-1cfd-4abc-b005-f50a65ac05d1"]
[debug] &amp#27;[35m[BaseDriver]&amp#27;[39m Valid locator strategies for this request: xpath, id, class name, accessibility id, -android uiautomator
[debug] &amp#27;[35m[BaseDriver]&amp#27;[39m Waiting up to 10000 ms for condition
[debug] &amp#27;[35m[AndroidBootstrap]&amp#27;[39m Sending command to android: {"cmd":"action","action":"find","params":{"strategy":"id","selector":"android:id/search_src_text","context":"","multiple":false}}
[debug] &amp#27;[35m[AndroidBootstrap]&amp#27;[39m [BOOTSTRAP LOG] [debug] Got data from client: {"cmd":"action","action":"find","params":{"strategy":"id","selector":"android:id/search_src_text","context":"","multiple":false}}
[debug] &amp#27;[35m[AndroidBootstrap]&amp#27;[39m [BOOTSTRAP LOG] [debug] Got command of type ACTION
[debug] &amp#27;[35m[AndroidBootstrap]&amp#27;[39m [BOOTSTRAP LOG] [debug] Got command action: find
[debug] &amp#27;[35m[AndroidBootstrap]&amp#27;[39m [BOOTSTRAP LOG] [debug] Finding 'android:id/search_src_text' using 'ID' with the contextId: '' multiple: false
[debug] &amp#27;[35m[AndroidBootstrap]&amp#27;[39m [BOOTSTRAP LOG] [debug] Using: UiSelector[INSTANCE=0, RESOURCE_ID=android:id/search_src_text]
[debug] &amp#27;[35m[AndroidBootstrap]&amp#27;[39m [BOOTSTRAP LOG] [debug] Returning result: {"status":0,"value":{"ELEMENT":"13"}}
[debug] &amp#27;[35m[AndroidBootstrap]&amp#27;[39m Received command result from bootstrap
[debug] &amp#27;[35m[W3C (3286656c)]&amp#27;[39m Responding to client with driver.findElement() result: {"element-6066-11e4-a52e-4f735466cecf":"13","ELEMENT":"13"}
&amp#27;[35m[HTTP]&amp#27;[39m &amp#27;[37m<-- POST /wd/hub/session/3286656c-1cfd-4abc-b005-f50a65ac05d1/element &amp#27;[39m&amp#27;[32m200&amp#27;[39m &amp#27;[90m629 ms - 69&amp#27;[39m
&amp#27;[35m[HTTP]&amp#27;[39m &amp#27;[90m&amp#27;[39m
&amp#27;[35m[HTTP]&amp#27;[39m &amp#27;[37m-->&amp#27;[39m &amp#27;[37mPOST&amp#27;[39m &amp#27;[37m/wd/hub/session/3286656c-1cfd-4abc-b005-f50a65ac05d1/element/13/clear&amp#27;[39m
&amp#27;[35m[HTTP]&amp#27;[39m &amp#27;[90m{"id":"13"}&amp#27;[39m
[debug] &amp#27;[35m[W3C (3286656c)]&amp#27;[39m Calling AppiumDriver.clear() with args: ["13","3286656c-1cfd-4abc-b005-f50a65ac05d1"]
[debug] &amp#27;[35m[AndroidBootstrap]&amp#27;[39m Sending command to android: {"cmd":"action","action":"element:getText","params":{"elementId":"13"}}
[debug] &amp#27;[35m[AndroidBootstrap]&amp#27;[39m [BOOTSTRAP LOG] [debug] Got data from client: {"cmd":"action","action":"element:getText","params":{"elementId":"13"}}
[debug] &amp#27;[35m[AndroidBootstrap]&amp#27;[39m [BOOTSTRAP LOG] [debug] Got command of type ACTION
[debug] &amp#27;[35m[AndroidBootstrap]&amp#27;[39m [BOOTSTRAP LOG] [debug] Got command action: getText
[debug] &amp#27;[35m[AndroidBootstrap]&amp#27;[39m [BOOTSTRAP LOG] [debug] Returning result: {"status":0,"value":"Searchâ€¦"}
[debug] &amp#27;[35m[AndroidBootstrap]&amp#27;[39m Received command result from bootstrap
[debug] &amp#27;[35m[AndroidBootstrap]&amp#27;[39m Sending command to android: {"cmd":"action","action":"element:click","params":{"elementId":"13"}}
[debug] &amp#27;[35m[AndroidBootstrap]&amp#27;[39m [BOOTSTRAP LOG] [debug] Got data from client: {"cmd":"action","action":"element:click","params":{"elementId":"13"}}
[debug] &amp#27;[35m[AndroidBootstrap]&amp#27;[39m [BOOTSTRAP LOG] [debug] Got command of type ACTION
[debug] &amp#27;[35m[AndroidBootstrap]&amp#27;[39m [BOOTSTRAP LOG] [debug] Got command action: click
[debug] &amp#27;[35m[AndroidBootstrap]&amp#27;[39m [BOOTSTRAP LOG] [debug] Returning result: {"status":0,"value":true}
[debug] &amp#27;[35m[AndroidBootstrap]&amp#27;[39m Received command result from bootstrap
[debug] &amp#27;[35m[AndroidDriver]&amp#27;[39m Sending up to 7 clear characters to device
[debug] &amp#27;[35m[AndroidDriver]&amp#27;[39m Sending 7 clear characters to device
[debug] &amp#27;[35m[ADB]&amp#27;[39m Clearing up to 7 characters
[debug] &amp#27;[35m[ADB]&amp#27;[39m Running 'C:\Users\Nissim Automation\AppData\Local\Android\Sdk\platform-tools\adb.exe -P 5037 -s CTGED020000261 shell input keyevent 67 112 67 112 67 112 67 112 67 112 67 112 67 112'
[debug] &amp#27;[35m[W3C (3286656c)]&amp#27;[39m Responding to client with driver.clear() result: null
&amp#27;[35m[HTTP]&amp#27;[39m &amp#27;[37m<-- POST /wd/hub/session/3286656c-1cfd-4abc-b005-f50a65ac05d1/element/13/clear &amp#27;[39m&amp#27;[32m200&amp#27;[39m &amp#27;[90m2313 ms - 14&amp#27;[39m
&amp#27;[35m[HTTP]&amp#27;[39m &amp#27;[90m&amp#27;[39m
&amp#27;[35m[HTTP]&amp#27;[39m &amp#27;[37m-->&amp#27;[39m &amp#27;[37mGET&amp#27;[39m &amp#27;[37m/wd/hub/session/3286656c-1cfd-4abc-b005-f50a65ac05d1/context&amp#27;[39m
&amp#27;[35m[HTTP]&amp#27;[39m &amp#27;[90m{}&amp#27;[39m
[debug] &amp#27;[35m[W3C (3286656c)]&amp#27;[39m Calling AppiumDriver.getCurrentContext() with args: ["3286656c-1cfd-4abc-b005-f50a65ac05d1"]
[debug] &amp#27;[35m[W3C (3286656c)]&amp#27;[39m Responding to client with driver.getCurrentContext() result: "NATIVE_APP"
&amp#27;[35m[HTTP]&amp#27;[39m &amp#27;[37m<-- GET /wd/hub/session/3286656c-1cfd-4abc-b005-f50a65ac05d1/context &amp#27;[39m&amp#27;[32m200&amp#27;[39m &amp#27;[90m1 ms - 22&amp#27;[39m
&amp#27;[35m[HTTP]&amp#27;[39m &amp#27;[90m&amp#27;[39m
&amp#27;[35m[HTTP]&amp#27;[39m &amp#27;[37m-->&amp#27;[39m &amp#27;[37mPOST&amp#27;[39m &amp#27;[37m/wd/hub/session/3286656c-1cfd-4abc-b005-f50a65ac05d1/element&amp#27;[39m
&amp#27;[35m[HTTP]&amp#27;[39m &amp#27;[90m{"using":"id","value":"android:id/search_src_text"}&amp#27;[39m
[debug] &amp#27;[35m[W3C (3286656c)]&amp#27;[39m Calling AppiumDriver.findElement() with args: ["id","android:id/search_src_text","3286656c-1cfd-4abc-b005-f50a65ac05d1"]
[debug] &amp#27;[35m[BaseDriver]&amp#27;[39m Valid locator strategies for this request: xpath, id, class name, accessibility id, -android uiautomator
[debug] &amp#27;[35m[BaseDriver]&amp#27;[39m Waiting up to 10000 ms for condition
[debug] &amp#27;[35m[AndroidBootstrap]&amp#27;[39m Sending command to android: {"cmd":"action","action":"find","params":{"strategy":"id","selector":"android:id/search_src_text","context":"","multiple":false}}
[debug] &amp#27;[35m[AndroidBootstrap]&amp#27;[39m [BOOTSTRAP LOG] [debug] Got data from client: {"cmd":"action","action":"find","params":{"strategy":"id","selector":"android:id/search_src_text","context":"","multiple":false}}
[debug] &amp#27;[35m[AndroidBootstrap]&amp#27;[39m [BOOTSTRAP LOG] [debug] Got command of type ACTION
[debug] &amp#27;[35m[AndroidBootstrap]&amp#27;[39m [BOOTSTRAP LOG] [debug] Got command action: find
[debug] &amp#27;[35m[AndroidBootstrap]&amp#27;[39m [BOOTSTRAP LOG] [debug] Finding 'android:id/search_src_text' using 'ID' with the contextId: '' multiple: false
[debug] &amp#27;[35m[AndroidBootstrap]&amp#27;[39m [BOOTSTRAP LOG] [debug] Using: UiSelector[INSTANCE=0, RESOURCE_ID=android:id/search_src_text]
[debug] &amp#27;[35m[AndroidBootstrap]&amp#27;[39m [BOOTSTRAP LOG] [debug] Returning result: {"status":0,"value":{"ELEMENT":"14"}}
[debug] &amp#27;[35m[AndroidBootstrap]&amp#27;[39m Received command result from bootstrap
[debug] &amp#27;[35m[W3C (3286656c)]&amp#27;[39m Responding to client with driver.findElement() result: {"element-6066-11e4-a52e-4f735466cecf":"14","ELEMENT":"14"}
&amp#27;[35m[HTTP]&amp#27;[39m &amp#27;[37m<-- POST /wd/hub/session/3286656c-1cfd-4abc-b005-f50a65ac05d1/element &amp#27;[39m&amp#27;[32m200&amp#27;[39m &amp#27;[90m22 ms - 69&amp#27;[39m
&amp#27;[35m[HTTP]&amp#27;[39m &amp#27;[90m&amp#27;[39m
&amp#27;[35m[HTTP]&amp#27;[39m &amp#27;[37m-->&amp#27;[39m &amp#27;[37mPOST&amp#27;[39m &amp#27;[37m/wd/hub/session/3286656c-1cfd-4abc-b005-f50a65ac05d1/element/14/value&amp#27;[39m
&amp#27;[35m[HTTP]&amp#27;[39m &amp#27;[90m{"id":"14","text":"loc","value":["l","o","c"]}&amp#27;[39m
[debug] &amp#27;[35m[W3C (3286656c)]&amp#27;[39m Calling AppiumDriver.setValue() with args: [["l","o","c"],"14","3286656c-1cfd-4abc-b005-f50a65ac05d1"]
[debug] &amp#27;[35m[AndroidBootstrap]&amp#27;[39m Sending command to android: {"cmd":"action","action":"element:setText","params":{"elementId":"14","text":"loc","replace":false}}
[debug] &amp#27;[35m[AndroidBootstrap]&amp#27;[39m [BOOTSTRAP LOG] [debug] Got data from client: {"cmd":"action","action":"element:setText","params":{"elementId":"14","text":"loc","replace":false}}
[debug] &amp#27;[35m[AndroidBootstrap]&amp#27;[39m [BOOTSTRAP LOG] [debug] Got command of type ACTION
[debug] &amp#27;[35m[AndroidBootstrap]&amp#27;[39m [BOOTSTRAP LOG] [debug] Got command action: setText
[debug] &amp#27;[35m[AndroidBootstrap]&amp#27;[39m [BOOTSTRAP LOG] [debug] Using element passed in: 14
[debug] &amp#27;[35m[AndroidBootstrap]&amp#27;[39m [BOOTSTRAP LOG] [debug] Attempting to clear using UiObject.clearText().
[debug] &amp#27;[35m[AndroidBootstrap]&amp#27;[39m [BOOTSTRAP LOG] [debug] Text remains after clearing, but it appears to be hint text.
[debug] &amp#27;[35m[AndroidBootstrap]&amp#27;[39m [BOOTSTRAP LOG] [debug] Text not cleared. Assuming remainder is hint text.
[debug] &amp#27;[35m[AndroidBootstrap]&amp#27;[39m [BOOTSTRAP LOG] [debug] Sending plain text to element: loc
[debug] &amp#27;[35m[AndroidBootstrap]&amp#27;[39m [BOOTSTRAP LOG] [debug] Returning result: {"status":0,"value":true}
[debug] &amp#27;[35m[AndroidBootstrap]&amp#27;[39m Received command result from bootstrap
[debug] &amp#27;[35m[W3C (3286656c)]&amp#27;[39m Responding to client with driver.setValue() result: true
&amp#27;[35m[HTTP]&amp#27;[39m &amp#27;[37m<-- POST /wd/hub/session/3286656c-1cfd-4abc-b005-f50a65ac05d1/element/14/value &amp#27;[39m&amp#27;[32m200&amp#27;[39m &amp#27;[90m5075 ms - 14&amp#27;[39m
&amp#27;[35m[HTTP]&amp#27;[39m &amp#27;[90m&amp#27;[39m
&amp#27;[35m[HTTP]&amp#27;[39m &amp#27;[37m-->&amp#27;[39m &amp#27;[37mPOST&amp#27;[39m &amp#27;[37m/wd/hub/session/3286656c-1cfd-4abc-b005-f50a65ac05d1/element&amp#27;[39m
&amp#27;[35m[HTTP]&amp#27;[39m &amp#27;[90m{"using":"-android uiautomator","value":"new UiScrollable(new UiSelector()).scrollIntoView(text(\"Location\"));"}&amp#27;[39m
[debug] &amp#27;[35m[W3C (3286656c)]&amp#27;[39m Calling AppiumDriver.findElement() with args: ["-android uiautomator","new UiScrollable(new UiSelector()).scrollIntoView(text(\"Location\"));","3286656c-1cfd-4abc-b005-f50a65ac05d1"]
[debug] &amp#27;[35m[BaseDriver]&amp#27;[39m Valid locator strategies for this request: xpath, id, class name, accessibility id, -android uiautomator
[debug] &amp#27;[35m[BaseDriver]&amp#27;[39m Waiting up to 10000 ms for condition
[debug] &amp#27;[35m[AndroidBootstrap]&amp#27;[39m Sending command to android: {"cmd":"action","action":"find","params":{"strategy":"-android uiautomator","selector":"new UiScrollable(new UiSelector()).scrollIntoView(text(\"Location\"));","context":"","multiple":false}}
[debug] &amp#27;[35m[AndroidBootstrap]&amp#27;[39m [BOOTSTRAP LOG] [debug] Got data from client: {"cmd":"action","action":"find","params":{"strategy":"-android uiautomator","selector":"new UiScrollable(new UiSelector()).scrollIntoView(text(\"Location\"));","context":"","multiple":false}}
[debug] &amp#27;[35m[AndroidBootstrap]&amp#27;[39m [BOOTSTRAP LOG] [debug] Got command of type ACTION
[debug] &amp#27;[35m[AndroidBootstrap]&amp#27;[39m [BOOTSTRAP LOG] [debug] Got command action: find
[debug] &amp#27;[35m[AndroidBootstrap]&amp#27;[39m [BOOTSTRAP LOG] [debug] Finding 'new UiScrollable(new UiSelector()).scrollIntoView(text("Location"));' using 'ANDROID_UIAUTOMATOR' with the contextId: '' multiple: false
[debug] &amp#27;[35m[AndroidBootstrap]&amp#27;[39m [BOOTSTRAP LOG] [debug] Parsing scrollable: new UiScrollable(new UiSelector()).scrollIntoView(text("Location"))
[debug] &amp#27;[35m[AndroidBootstrap]&amp#27;[39m [BOOTSTRAP LOG] [debug] UiScrollable invoking method: public boolean com.android.uiautomator.core.UiScrollable.scrollIntoView(com.android.uiautomator.core.UiObject) throws com.android.uiautomator.core.UiObjectNotFoundException args: text("Location"),
[debug] &amp#27;[35m[AndroidBootstrap]&amp#27;[39m [BOOTSTRAP LOG] [debug] UiScrollable coerce type: class com.android.uiautomator.core.UiObject arg: text("Location")
[debug] &amp#27;[35m[AndroidBootstrap]&amp#27;[39m [BOOTSTRAP LOG] [debug] UiSelector coerce type: class java.lang.String arg: "Location"
[debug] &amp#27;[35m[AndroidBootstrap]&amp#27;[39m [BOOTSTRAP LOG] [debug] Method name: scrollIntoView
[debug] &amp#27;[35m[AndroidBootstrap]&amp#27;[39m [BOOTSTRAP LOG] [debug] Setting uiObject for scrollIntoView
[debug] &amp#27;[35m[AndroidBootstrap]&amp#27;[39m [BOOTSTRAP LOG] [debug] Invoking method: public boolean com.android.uiautomator.core.UiScrollable.scrollIntoView(com.android.uiautomator.core.UiObject) throws com.android.uiautomator.core.UiObjectNotFoundException with: com.android.uiautomator.core.UiObject@4ea4029
[debug] &amp#27;[35m[AndroidBootstrap]&amp#27;[39m [BOOTSTRAP LOG] [debug] Invoke complete.
[debug] &amp#27;[35m[AndroidBootstrap]&amp#27;[39m [BOOTSTRAP LOG] [debug] Using: UiSelector[TEXT=Location]
[debug] &amp#27;[35m[AndroidBootstrap]&amp#27;[39m [BOOTSTRAP LOG] [debug] Returning result: {"status":0,"value":{"ELEMENT":"15"}}
[debug] &amp#27;[35m[AndroidBootstrap]&amp#27;[39m Received command result from bootstrap
[debug] &amp#27;[35m[W3C (3286656c)]&amp#27;[39m Responding to client with driver.findElement() result: {"element-6066-11e4-a52e-4f735466cecf":"15","ELEMENT":"15"}
&amp#27;[35m[HTTP]&amp#27;[39m &amp#27;[37m<-- POST /wd/hub/session/3286656c-1cfd-4abc-b005-f50a65ac05d1/element &amp#27;[39m&amp#27;[32m200&amp#27;[39m &amp#27;[90m1798 ms - 69&amp#27;[39m
&amp#27;[35m[HTTP]&amp#27;[39m &amp#27;[90m&amp#27;[39m
&amp#27;[35m[HTTP]&amp#27;[39m &amp#27;[37m-->&amp#27;[39m &amp#27;[37mGET&amp#27;[39m &amp#27;[37m/wd/hub/session/3286656c-1cfd-4abc-b005-f50a65ac05d1/context&amp#27;[39m
&amp#27;[35m[HTTP]&amp#27;[39m &amp#27;[90m{}&amp#27;[39m
[debug] &amp#27;[35m[W3C (3286656c)]&amp#27;[39m Calling AppiumDriver.getCurrentContext() with args: ["3286656c-1cfd-4abc-b005-f50a65ac05d1"]
[debug] &amp#27;[35m[W3C (3286656c)]&amp#27;[39m Responding to client with driver.getCurrentContext() result: "NATIVE_APP"
&amp#27;[35m[HTTP]&amp#27;[39m &amp#27;[37m<-- GET /wd/hub/session/3286656c-1cfd-4abc-b005-f50a65ac05d1/context &amp#27;[39m&amp#27;[32m200&amp#27;[39m &amp#27;[90m1 ms - 22&amp#27;[39m
&amp#27;[35m[HTTP]&amp#27;[39m &amp#27;[90m&amp#27;[39m
&amp#27;[35m[HTTP]&amp#27;[39m &amp#27;[37m-->&amp#27;[39m &amp#27;[37mPOST&amp#27;[39m &amp#27;[37m/wd/hub/session/3286656c-1cfd-4abc-b005-f50a65ac05d1/element&amp#27;[39m
&amp#27;[35m[HTTP]&amp#27;[39m &amp#27;[90m{"using":"xpath","value":"//*[@text='Location']"}&amp#27;[39m
[debug] &amp#27;[35m[W3C (3286656c)]&amp#27;[39m Calling AppiumDriver.findElement() with args: ["xpath","//*[@text='Location']","3286656c-1cfd-4abc-b005-f50a65ac05d1"]
[debug] &amp#27;[35m[BaseDriver]&amp#27;[39m Valid locator strategies for this request: xpath, id, class name, accessibility id, -android uiautomator
[debug] &amp#27;[35m[BaseDriver]&amp#27;[39m Waiting up to 10000 ms for condition
[debug] &amp#27;[35m[AndroidBootstrap]&amp#27;[39m Sending command to android: {"cmd":"action","action":"find","params":{"strategy":"xpath","selector":"//*[@text='Location']","context":"","multiple":false}}
[debug] &amp#27;[35m[AndroidBootstrap]&amp#27;[39m [BOOTSTRAP LOG] [debug] Got data from client: {"cmd":"action","action":"find","params":{"strategy":"xpath","selector":"//*[@text='Location']","context":"","multiple":false}}
[debug] &amp#27;[35m[AndroidBootstrap]&amp#27;[39m [BOOTSTRAP LOG] [debug] Got command of type ACTION
[debug] &amp#27;[35m[AndroidBootstrap]&amp#27;[39m [BOOTSTRAP LOG] [debug] Got command action: find
[debug] &amp#27;[35m[AndroidBootstrap]&amp#27;[39m [BOOTSTRAP LOG] [debug] Finding '//*[@text='Location']' using 'XPATH' with the contextId: '' multiple: false
[debug] &amp#27;[35m[AndroidBootstrap]&amp#27;[39m [BOOTSTRAP LOG] [debug] Using: UiSelector[CLASS=android.widget.TextView, INSTANCE=0]
[debug] &amp#27;[35m[AndroidBootstrap]&amp#27;[39m [BOOTSTRAP LOG] [debug] Returning result: {"status":0,"value":{"ELEMENT":"16"}}
[debug] &amp#27;[35m[AndroidBootstrap]&amp#27;[39m Received command result from bootstrap
[debug] &amp#27;[35m[W3C (3286656c)]&amp#27;[39m Responding to client with driver.findElement() result: {"element-6066-11e4-a52e-4f735466cecf":"16","ELEMENT":"16"}
&amp#27;[35m[HTTP]&amp#27;[39m &amp#27;[37m<-- POST /wd/hub/session/3286656c-1cfd-4abc-b005-f50a65ac05d1/element &amp#27;[39m&amp#27;[32m200&amp#27;[39m &amp#27;[90m502 ms - 69&amp#27;[39m
&amp#27;[35m[HTTP]&amp#27;[39m &amp#27;[90m&amp#27;[39m
&amp#27;[35m[HTTP]&amp#27;[39m &amp#27;[37m-->&amp#27;[39m &amp#27;[37mPOST&amp#27;[39m &amp#27;[37m/wd/hub/session/3286656c-1cfd-4abc-b005-f50a65ac05d1/element/16/click&amp#27;[39m
&amp#27;[35m[HTTP]&amp#27;[39m &amp#27;[90m{"id":"16"}&amp#27;[39m
[debug] &amp#27;[35m[W3C (3286656c)]&amp#27;[39m Calling AppiumDriver.click() with args: ["16","3286656c-1cfd-4abc-b005-f50a65ac05d1"]
[debug] &amp#27;[35m[AndroidBootstrap]&amp#27;[39m Sending command to android: {"cmd":"action","action":"element:click","params":{"elementId":"16"}}
[debug] &amp#27;[35m[AndroidBootstrap]&amp#27;[39m [BOOTSTRAP LOG] [debug] Got data from client: {"cmd":"action","action":"element:click","params":{"elementId":"16"}}
[debug] &amp#27;[35m[AndroidBootstrap]&amp#27;[39m [BOOTSTRAP LOG] [debug] Got command of type ACTION
[debug] &amp#27;[35m[AndroidBootstrap]&amp#27;[39m [BOOTSTRAP LOG] [debug] Got command action: click
[debug] &amp#27;[35m[AndroidBootstrap]&amp#27;[39m [BOOTSTRAP LOG] [debug] Returning result: {"status":0,"value":true}
[debug] &amp#27;[35m[AndroidBootstrap]&amp#27;[39m Received command result from bootstrap
[debug] &amp#27;[35m[W3C (3286656c)]&amp#27;[39m Responding to client with driver.click() result: true
&amp#27;[35m[HTTP]&amp#27;[39m &amp#27;[37m<-- POST /wd/hub/session/3286656c-1cfd-4abc-b005-f50a65ac05d1/element/16/click &amp#27;[39m&amp#27;[32m200&amp#27;[39m &amp#27;[90m652 ms - 14&amp#27;[39m
&amp#27;[35m[HTTP]&amp#27;[39m &amp#27;[90m&amp#27;[39m
&amp#27;[35m[HTTP]&amp#27;[39m &amp#27;[37m-->&amp#27;[39m &amp#27;[37mGET&amp#27;[39m &amp#27;[37m/wd/hub/session/3286656c-1cfd-4abc-b005-f50a65ac05d1/context&amp#27;[39m
&amp#27;[35m[HTTP]&amp#27;[39m &amp#27;[90m{}&amp#27;[39m
[debug] &amp#27;[35m[W3C (3286656c)]&amp#27;[39m Calling AppiumDriver.getCurrentContext() with args: ["3286656c-1cfd-4abc-b005-f50a65ac05d1"]
[debug] &amp#27;[35m[W3C (3286656c)]&amp#27;[39m Responding to client with driver.getCurrentContext() result: "NATIVE_APP"
&amp#27;[35m[HTTP]&amp#27;[39m &amp#27;[37m<-- GET /wd/hub/session/3286656c-1cfd-4abc-b005-f50a65ac05d1/context &amp#27;[39m&amp#27;[32m200&amp#27;[39m &amp#27;[90m1 ms - 22&amp#27;[39m
&amp#27;[35m[HTTP]&amp#27;[39m &amp#27;[90m&amp#27;[39m
&amp#27;[35m[HTTP]&amp#27;[39m &amp#27;[37m-->&amp#27;[39m &amp#27;[37mPOST&amp#27;[39m &amp#27;[37m/wd/hub/session/3286656c-1cfd-4abc-b005-f50a65ac05d1/element&amp#27;[39m
&amp#27;[35m[HTTP]&amp#27;[39m &amp#27;[90m{"using":"id","value":"com.android.settings:id/switch_widget"}&amp#27;[39m
[debug] &amp#27;[35m[W3C (3286656c)]&amp#27;[39m Calling AppiumDriver.findElement() with args: ["id","com.android.settings:id/switch_widget","3286656c-1cfd-4abc-b005-f50a65ac05d1"]
[debug] &amp#27;[35m[BaseDriver]&amp#27;[39m Valid locator strategies for this request: xpath, id, class name, accessibility id, -android uiautomator
[debug] &amp#27;[35m[BaseDriver]&amp#27;[39m Waiting up to 10000 ms for condition
[debug] &amp#27;[35m[AndroidBootstrap]&amp#27;[39m Sending command to android: {"cmd":"action","action":"find","params":{"strategy":"id","selector":"com.android.settings:id/switch_widget","context":"","multiple":false}}
[debug] &amp#27;[35m[AndroidBootstrap]&amp#27;[39m [BOOTSTRAP LOG] [debug] Got data from client: {"cmd":"action","action":"find","params":{"strategy":"id","selector":"com.android.settings:id/switch_widget","context":"","multiple":false}}
[debug] &amp#27;[35m[AndroidBootstrap]&amp#27;[39m [BOOTSTRAP LOG] [debug] Got command of type ACTION
[debug] &amp#27;[35m[AndroidBootstrap]&amp#27;[39m [BOOTSTRAP LOG] [debug] Got command action: find
[debug] &amp#27;[35m[AndroidBootstrap]&amp#27;[39m [BOOTSTRAP LOG] [debug] Finding 'com.android.settings:id/switch_widget' using 'ID' with the contextId: '' multiple: false
[debug] &amp#27;[35m[AndroidBootstrap]&amp#27;[39m [BOOTSTRAP LOG] [debug] Using: UiSelector[INSTANCE=0, RESOURCE_ID=com.android.settings:id/switch_widget]
[debug] &amp#27;[35m[AndroidBootstrap]&amp#27;[39m [BOOTSTRAP LOG] [debug] Returning result: {"status":0,"value":{"ELEMENT":"17"}}
[debug] &amp#27;[35m[AndroidBootstrap]&amp#27;[39m Received command result from bootstrap
[debug] &amp#27;[35m[W3C (3286656c)]&amp#27;[39m Responding to client with driver.findElement() result: {"element-6066-11e4-a52e-4f735466cecf":"17","ELEMENT":"17"}
&amp#27;[35m[HTTP]&amp#27;[39m &amp#27;[37m<-- POST /wd/hub/session/3286656c-1cfd-4abc-b005-f50a65ac05d1/element &amp#27;[39m&amp#27;[32m200&amp#27;[39m &amp#27;[90m897 ms - 69&amp#27;[39m
&amp#27;[35m[HTTP]&amp#27;[39m &amp#27;[90m&amp#27;[39m
&amp#27;[35m[HTTP]&amp#27;[39m &amp#27;[37m-->&amp#27;[39m &amp#27;[37mPOST&amp#27;[39m &amp#27;[37m/wd/hub/session/3286656c-1cfd-4abc-b005-f50a65ac05d1/element/17/click&amp#27;[39m
&amp#27;[35m[HTTP]&amp#27;[39m &amp#27;[90m{"id":"17"}&amp#27;[39m
[debug] &amp#27;[35m[W3C (3286656c)]&amp#27;[39m Calling AppiumDriver.click() with args: ["17","3286656c-1cfd-4abc-b005-f50a65ac05d1"]
[debug] &amp#27;[35m[AndroidBootstrap]&amp#27;[39m Sending command to android: {"cmd":"action","action":"element:click","params":{"elementId":"17"}}
[debug] &amp#27;[35m[AndroidBootstrap]&amp#27;[39m [BOOTSTRAP LOG] [debug] Got data from client: {"cmd":"action","action":"element:click","params":{"elementId":"17"}}
[debug] &amp#27;[35m[AndroidBootstrap]&amp#27;[39m [BOOTSTRAP LOG] [debug] Got command of type ACTION
[debug] &amp#27;[35m[AndroidBootstrap]&amp#27;[39m [BOOTSTRAP LOG] [debug] Got command action: click
[debug] &amp#27;[35m[AndroidBootstrap]&amp#27;[39m Received command result from bootstrap
[debug] &amp#27;[35m[W3C (3286656c)]&amp#27;[39m Responding to client with driver.click() result: true
&amp#27;[35m[HTTP]&amp#27;[39m &amp#27;[37m<-- POST /wd/hub/session/3286656c-1cfd-4abc-b005-f50a65ac05d1/element/17/click &amp#27;[39m&amp#27;[32m200&amp#27;[39m &amp#27;[90m221 ms - 14&amp#27;[39m
&amp#27;[35m[HTTP]&amp#27;[39m &amp#27;[90m&amp#27;[39m
[debug] &amp#27;[35m[AndroidBootstrap]&amp#27;[39m [BOOTSTRAP LOG] [debug] Returning result: {"status":0,"value":true}
&amp#27;[35m[HTTP]&amp#27;[39m &amp#27;[37m-->&amp#27;[39m &amp#27;[37mGET&amp#27;[39m &amp#27;[37m/wd/hub/session/3286656c-1cfd-4abc-b005-f50a65ac05d1/context&amp#27;[39m
&amp#27;[35m[HTTP]&amp#27;[39m &amp#27;[90m{}&amp#27;[39m
[debug] &amp#27;[35m[W3C (3286656c)]&amp#27;[39m Calling AppiumDriver.getCurrentContext() with args: ["3286656c-1cfd-4abc-b005-f50a65ac05d1"]
[debug] &amp#27;[35m[W3C (3286656c)]&amp#27;[39m Responding to client with driver.getCurrentContext() result: "NATIVE_APP"
&amp#27;[35m[HTTP]&amp#27;[39m &amp#27;[37m<-- GET /wd/hub/session/3286656c-1cfd-4abc-b005-f50a65ac05d1/context &amp#27;[39m&amp#27;[32m200&amp#27;[39m &amp#27;[90m3 ms - 22&amp#27;[39m
&amp#27;[35m[HTTP]&amp#27;[39m &amp#27;[90m&amp#27;[39m
&amp#27;[35m[HTTP]&amp#27;[39m &amp#27;[37m-->&amp#27;[39m &amp#27;[37mPOST&amp#27;[39m &amp#27;[37m/wd/hub/session/3286656c-1cfd-4abc-b005-f50a65ac05d1/element&amp#27;[39m
&amp#27;[35m[HTTP]&amp#27;[39m &amp#27;[90m{"using":"id","value":"com.android.settings:id/switch_widget"}&amp#27;[39m
[debug] &amp#27;[35m[W3C (3286656c)]&amp#27;[39m Calling AppiumDriver.findElement() with args: ["id","com.android.settings:id/switch_widget","3286656c-1cfd-4abc-b005-f50a65ac05d1"]
[debug] &amp#27;[35m[BaseDriver]&amp#27;[39m Valid locator strategies for this request: xpath, id, class name, accessibility id, -android uiautomator
[debug] &amp#27;[35m[BaseDriver]&amp#27;[39m Waiting up to 10000 ms for condition
[debug] &amp#27;[35m[AndroidBootstrap]&amp#27;[39m Sending command to android: {"cmd":"action","action":"find","params":{"strategy":"id","selector":"com.android.settings:id/switch_widget","context":"","multiple":false}}
[debug] &amp#27;[35m[AndroidBootstrap]&amp#27;[39m [BOOTSTRAP LOG] [debug] Got data from client: {"cmd":"action","action":"find","params":{"strategy":"id","selector":"com.android.settings:id/switch_widget","context":"","multiple":false}}
[debug] &amp#27;[35m[AndroidBootstrap]&amp#27;[39m [BOOTSTRAP LOG] [debug] Got command of type ACTION
[debug] &amp#27;[35m[AndroidBootstrap]&amp#27;[39m [BOOTSTRAP LOG] [debug] Got command action: find
[debug] &amp#27;[35m[AndroidBootstrap]&amp#27;[39m [BOOTSTRAP LOG] [debug] Finding 'com.android.settings:id/switch_widget' using 'ID' with the contextId: '' multiple: false
[debug] &amp#27;[35m[AndroidBootstrap]&amp#27;[39m [BOOTSTRAP LOG] [debug] Using: UiSelector[INSTANCE=0, RESOURCE_ID=com.android.settings:id/switch_widget]
[debug] &amp#27;[35m[AndroidBootstrap]&amp#27;[39m Received command result from bootstrap
[debug] &amp#27;[35m[W3C (3286656c)]&amp#27;[39m Responding to client with driver.findElement() result: {"element-6066-11e4-a52e-4f735466cecf":"18","ELEMENT":"18"}
&amp#27;[35m[HTTP]&amp#27;[39m &amp#27;[37m<-- POST /wd/hub/session/3286656c-1cfd-4abc-b005-f50a65ac05d1/element &amp#27;[39m&amp#27;[32m200&amp#27;[39m &amp#27;[90m20 ms - 69&amp#27;[39m
&amp#27;[35m[HTTP]&amp#27;[39m &amp#27;[90m&amp#27;[39m
&amp#27;[35m[HTTP]&amp#27;[39m &amp#27;[37m-->&amp#27;[39m &amp#27;[37mGET&amp#27;[39m &amp#27;[37m/wd/hub/session/3286656c-1cfd-4abc-b005-f50a65ac05d1/element/18/text&amp#27;[39m
&amp#27;[35m[HTTP]&amp#27;[39m &amp#27;[90m{}&amp#27;[39m
[debug] &amp#27;[35m[W3C (3286656c)]&amp#27;[39m Calling AppiumDriver.getText() with args: ["18","3286656c-1cfd-4abc-b005-f50a65ac05d1"]
[debug] &amp#27;[35m[AndroidBootstrap]&amp#27;[39m Sending command to android: {"cmd":"action","action":"element:getText","params":{"elementId":"18"}}
[debug] &amp#27;[35m[AndroidBootstrap]&amp#27;[39m [BOOTSTRAP LOG] [debug] Returning result: {"status":0,"value":{"ELEMENT":"18"}}
[debug] &amp#27;[35m[AndroidBootstrap]&amp#27;[39m [BOOTSTRAP LOG] [debug] Got data from client: {"cmd":"action","action":"element:getText","params":{"elementId":"18"}}
[debug] &amp#27;[35m[AndroidBootstrap]&amp#27;[39m [BOOTSTRAP LOG] [debug] Got command of type ACTION
[debug] &amp#27;[35m[AndroidBootstrap]&amp#27;[39m [BOOTSTRAP LOG] [debug] Got command action: getText
[debug] &amp#27;[35m[AndroidBootstrap]&amp#27;[39m Received command result from bootstrap
[debug] &amp#27;[35m[W3C (3286656c)]&amp#27;[39m Responding to client with driver.getText() result: "OFF"
&amp#27;[35m[HTTP]&amp#27;[39m &amp#27;[37m<-- GET /wd/hub/session/3286656c-1cfd-4abc-b005-f50a65ac05d1/element/18/text &amp#27;[39m&amp#27;[32m200&amp#27;[39m &amp#27;[90m20 ms - 15&amp#27;[39m
&amp#27;[35m[HTTP]&amp#27;[39m &amp#27;[90m&amp#27;[39m
]]></system-out>
    <system-err><![CDATA[Jan 04, 2021 8:04:26 AM io.appium.java_client.remote.AppiumCommandExecutor$1 lambda$0
INFO: Detected dialect: W3C
]]></system-err>
  </testcase>
  <testcase name="blockMobileData" classname="com.communitake.tests.automation.gms.FacilitiesTests" time="29.568">
    <system-out><![CDATA[[debug] &amp#27;[35m[AndroidBootstrap]&amp#27;[39m [BOOTSTRAP LOG] [debug] Returning result: {"status":0,"value":"OFF"}
&amp#27;[35m[HTTP]&amp#27;[39m &amp#27;[37m-->&amp#27;[39m &amp#27;[37mGET&amp#27;[39m &amp#27;[37m/wd/hub/status&amp#27;[39m
&amp#27;[35m[HTTP]&amp#27;[39m &amp#27;[90m{}&amp#27;[39m
[debug] &amp#27;[35m[GENERIC]&amp#27;[39m Calling AppiumDriver.getStatus() with args: []
[debug] &amp#27;[35m[GENERIC]&amp#27;[39m Responding to client with driver.getStatus() result: {"build":{"version":"1.19.1"}}
&amp#27;[35m[HTTP]&amp#27;[39m &amp#27;[37m<-- GET /wd/hub/status &amp#27;[39m&amp#27;[32m200&amp#27;[39m &amp#27;[90m1 ms - 68&amp#27;[39m
&amp#27;[35m[HTTP]&amp#27;[39m &amp#27;[90m&amp#27;[39m
&amp#27;[35m[HTTP]&amp#27;[39m &amp#27;[37m-->&amp#27;[39m &amp#27;[37mPOST&amp#27;[39m &amp#27;[37m/wd/hub/session&amp#27;[39m
&amp#27;[35m[HTTP]&amp#27;[39m &amp#27;[90m{"desiredCapabilities":{"appActivity":"com.communitake.mdc.SplashScreen","appPackage":"com.communitake.mdc.supportsip","noReset":"true","platformVersion":"9","automationName":"UiAutomator1","browserName":"","platformName":"Android","udid":"CTGED020000261","deviceName":"CTGED02"},"capabilities":{"firstMatch":[{"appium:appActivity":"com.communitake.mdc.SplashScreen","appium:appPackage":"com.communitake.mdc.supportsip","appium:automationName":"UiAutomator1","browserName":"","appium:deviceName":"CTGED02","appium:noReset":"true","platformName":"android","appium:platformVersion":"9","appium:udid":"CTGED020000261"}]}}&amp#27;[39m
[debug] &amp#27;[35m[W3C]&amp#27;[39m Calling AppiumDriver.createSession() with args: [{"appActivity":"com.communitake.mdc.SplashScreen","appPackage":"com.communitake.mdc.supportsip","noReset":"true","platformVersion":"9","automationName":"UiAutomator1","browserName":"","platformName":"Android","udid":"CTGED020000261","deviceName":"CTGED02"},null,{"firstMatch":[{"appium:appActivity":"com.communitake.mdc.SplashScreen","appium:appPackage":"com.communitake.mdc.supportsip","appium:automationName":"UiAutomator1","browserName":"","appium:deviceName":"CTGED02","appium:noReset":"true","platformName":"android","appium:platformVersion":"9","appium:udid":"CTGED020000261"}]}]
[debug] &amp#27;[35m[BaseDriver]&amp#27;[39m Event 'newSessionRequested' logged at 1609740304608 (08:05:04 GMT+0200 (Israel Standard Time))
&amp#27;[35m[Appium]&amp#27;[39m Appium v1.19.1 creating new AndroidDriver (v4.41.0) session
[debug] &amp#27;[35m[BaseDriver]&amp#27;[39m W3C capabilities and MJSONWP desired capabilities were provided
[debug] &amp#27;[35m[BaseDriver]&amp#27;[39m Creating session with W3C capabilities: {
[debug] &amp#27;[35m[BaseDriver]&amp#27;[39m   "alwaysMatch": {
[debug] &amp#27;[35m[BaseDriver]&amp#27;[39m     "browserName": "",
[debug] &amp#27;[35m[BaseDriver]&amp#27;[39m     "platformName": "android",
[debug] &amp#27;[35m[BaseDriver]&amp#27;[39m     "appium:appActivity": "com.communitake.mdc.SplashScreen",
[debug] &amp#27;[35m[BaseDriver]&amp#27;[39m     "appium:appPackage": "com.communitake.mdc.supportsip",
[debug] &amp#27;[35m[BaseDriver]&amp#27;[39m     "appium:automationName": "UiAutomator1",
[debug] &amp#27;[35m[BaseDriver]&amp#27;[39m     "appium:deviceName": "CTGED02",
[debug] &amp#27;[35m[BaseDriver]&amp#27;[39m     "appium:noReset": "true",
[debug] &amp#27;[35m[BaseDriver]&amp#27;[39m     "appium:platformVersion": "9",
[debug] &amp#27;[35m[BaseDriver]&amp#27;[39m     "appium:udid": "CTGED020000261"
[debug] &amp#27;[35m[BaseDriver]&amp#27;[39m   },
[debug] &amp#27;[35m[BaseDriver]&amp#27;[39m   "firstMatch": [
[debug] &amp#27;[35m[BaseDriver]&amp#27;[39m     {}
[debug] &amp#27;[35m[BaseDriver]&amp#27;[39m   ]
[debug] &amp#27;[35m[BaseDriver]&amp#27;[39m }
&amp#27;[35m[BaseDriver]&amp#27;[39m Capability 'noReset' changed from string to boolean. This may cause unexpected behavior
&amp#27;[35m[BaseDriver]&amp#27;[39m Session created with session id: f9f9ce03-8680-42d8-ad02-c4aeca3fd647
&amp#27;[35m[ADB]&amp#27;[39m Using 'adb.exe' from 'C:\Users\Nissim Automation\AppData\Local\Android\Sdk\platform-tools\adb.exe'
[debug] &amp#27;[35m[ADB]&amp#27;[39m Running 'C:\Users\Nissim Automation\AppData\Local\Android\Sdk\platform-tools\adb.exe -P 5037 start-server'
&amp#27;[35m[AndroidDriver]&amp#27;[39m Retrieving device list
[debug] &amp#27;[35m[ADB]&amp#27;[39m Trying to find a connected android device
[debug] &amp#27;[35m[ADB]&amp#27;[39m Getting connected devices
[debug] &amp#27;[35m[ADB]&amp#27;[39m Connected devices: [{"udid":"CTGED020000261","state":"device"}]
&amp#27;[35m[AndroidDriver]&amp#27;[39m Using device: CTGED020000261
&amp#27;[35m[ADB]&amp#27;[39m Using 'adb.exe' from 'C:\Users\Nissim Automation\AppData\Local\Android\Sdk\platform-tools\adb.exe'
[debug] &amp#27;[35m[ADB]&amp#27;[39m Running 'C:\Users\Nissim Automation\AppData\Local\Android\Sdk\platform-tools\adb.exe -P 5037 start-server'
[debug] &amp#27;[35m[ADB]&amp#27;[39m Setting device id to CTGED020000261
[debug] &amp#27;[35m[ADB]&amp#27;[39m Running 'C:\Users\Nissim Automation\AppData\Local\Android\Sdk\platform-tools\adb.exe -P 5037 -s CTGED020000261 shell getprop ro.build.version.sdk'
[debug] &amp#27;[35m[ADB]&amp#27;[39m Current device property 'ro.build.version.sdk': 28
&amp#27;[35m[ADB]&amp#27;[39m Getting device platform version
[debug] &amp#27;[35m[ADB]&amp#27;[39m Running 'C:\Users\Nissim Automation\AppData\Local\Android\Sdk\platform-tools\adb.exe -P 5037 -s CTGED020000261 shell getprop ro.build.version.release'
[debug] &amp#27;[35m[ADB]&amp#27;[39m Current device property 'ro.build.version.release': 9
[debug] &amp#27;[35m[ADB]&amp#27;[39m Device API level: 28
&amp#27;[35m[AndroidDriver]&amp#27;[39m Consider setting 'automationName' capability to 'uiautomator2' on Android >= 6, since UIAutomator framework is not maintained anymore by the OS vendor.
&amp#27;[35m[AndroidDriver]&amp#27;[39m App file was not listed, instead we're going to run com.communitake.mdc.supportsip directly on the device
[debug] &amp#27;[35m[AndroidDriver]&amp#27;[39m Checking whether package is present on the device
[debug] &amp#27;[35m[ADB]&amp#27;[39m Running 'C:\Users\Nissim Automation\AppData\Local\Android\Sdk\platform-tools\adb.exe -P 5037 -s CTGED020000261 shell pm list packages com.communitake.mdc.supportsip'
&amp#27;[35m[AndroidDriver]&amp#27;[39m Starting Android session
[debug] &amp#27;[35m[ADB]&amp#27;[39m Running 'C:\Users\Nissim Automation\AppData\Local\Android\Sdk\platform-tools\adb.exe -P 5037 -s CTGED020000261 wait-for-device'
[debug] &amp#27;[35m[ADB]&amp#27;[39m Running 'C:\Users\Nissim Automation\AppData\Local\Android\Sdk\platform-tools\adb.exe -P 5037 -s CTGED020000261 shell echo ping'
[debug] &amp#27;[35m[AndroidDriver]&amp#27;[39m Pushing settings apk to device...
[debug] &amp#27;[35m[ADB]&amp#27;[39m Getting install status for io.appium.settings
[debug] &amp#27;[35m[ADB]&amp#27;[39m Running 'C:\Users\Nissim Automation\AppData\Local\Android\Sdk\platform-tools\adb.exe -P 5037 -s CTGED020000261 shell dumpsys package io.appium.settings'
[debug] &amp#27;[35m[ADB]&amp#27;[39m 'io.appium.settings' is installed
[debug] &amp#27;[35m[ADB]&amp#27;[39m Getting package info for 'io.appium.settings'
[debug] &amp#27;[35m[ADB]&amp#27;[39m Running 'C:\Users\Nissim Automation\AppData\Local\Android\Sdk\platform-tools\adb.exe -P 5037 -s CTGED020000261 shell dumpsys package io.appium.settings'
[debug] &amp#27;[35m[ADB]&amp#27;[39m The version name of the installed 'io.appium.settings' is greater or equal to the application version name ('3.2.1' >= '3.2.1')
[debug] &amp#27;[35m[ADB]&amp#27;[39m There is no need to install/upgrade 'C:\Users\Nissim Automation\AppData\Roaming\npm\node_modules\appium\node_modules\io.appium.settings\apks\settings_apk-debug.apk'
[debug] &amp#27;[35m[ADB]&amp#27;[39m Getting IDs of all 'io.appium.settings' processes
[debug] &amp#27;[35m[ADB]&amp#27;[39m Running 'C:\Users\Nissim Automation\AppData\Local\Android\Sdk\platform-tools\adb.exe -P 5037 -s CTGED020000261 shell 'pgrep --help; echo $?''
&amp#27;[35m[Appium]&amp#27;[39m Welcome to Appium v1.19.1
[debug] &amp#27;[35m[ADB]&amp#27;[39m Running 'C:\Users\Nissim Automation\AppData\Local\Android\Sdk\platform-tools\adb.exe -P 5037 -s CTGED020000261 shell pgrep -f \(\[\[:blank:\]\]\|\^\)io\.appium\.settings\(\[\[:blank:\]\]\|\$\)'
&amp#27;[35m[HTTP]&amp#27;[39m Could not start REST http interface listener. The requested port may already be in use. Please make sure there is no other instance of this server running already.
Fatal Error: listen EADDRINUSE: address already in use 0.0.0.0:4723
    at Server.setupListenHandle [as _listen2] (net.js:1318:16)
    at listenInCluster (net.js:1366:12)
    at doListen (net.js:1503:7)
    at processTicksAndRejections (internal/process/task_queues.js:81:21)
[debug] &amp#27;[35m[AndroidDriver]&amp#27;[39m io.appium.settings is already running. There is no need to reset its permissions.
[debug] &amp#27;[35m[ADB]&amp#27;[39m Running 'C:\Users\Nissim Automation\AppData\Local\Android\Sdk\platform-tools\adb.exe -P 5037 -s CTGED020000261 shell appops set io.appium.settings android:mock_location allow'
[debug] &amp#27;[35m[Logcat]&amp#27;[39m Starting logs capture with command: 'C:\\Users\\Nissim Automation\\AppData\\Local\\Android\\Sdk\\platform-tools\\adb.exe' -P 5037 -s CTGED020000261 logcat -v threadtime
&amp#27;[35m[ADB]&amp#27;[39m Getting device platform version
[debug] &amp#27;[35m[ADB]&amp#27;[39m Running 'C:\Users\Nissim Automation\AppData\Local\Android\Sdk\platform-tools\adb.exe -P 5037 -s CTGED020000261 shell getprop ro.build.version.release'
[debug] &amp#27;[35m[ADB]&amp#27;[39m Current device property 'ro.build.version.release': 9
[debug] &amp#27;[35m[ADB]&amp#27;[39m Running 'C:\Users\Nissim Automation\AppData\Local\Android\Sdk\platform-tools\adb.exe -P 5037 -s CTGED020000261 shell wm size'
[debug] &amp#27;[35m[ADB]&amp#27;[39m Running 'C:\Users\Nissim Automation\AppData\Local\Android\Sdk\platform-tools\adb.exe -P 5037 -s CTGED020000261 shell getprop ro.product.model'
[debug] &amp#27;[35m[ADB]&amp#27;[39m Current device property 'ro.product.model': CTGED02
[debug] &amp#27;[35m[ADB]&amp#27;[39m Running 'C:\Users\Nissim Automation\AppData\Local\Android\Sdk\platform-tools\adb.exe -P 5037 -s CTGED020000261 shell getprop ro.product.manufacturer'
[debug] &amp#27;[35m[ADB]&amp#27;[39m Current device property 'ro.product.manufacturer': sanmu
&amp#27;[35m[AndroidDriver]&amp#27;[39m No app sent in, not parsing package/activity
[debug] &amp#27;[35m[AndroidDriver]&amp#27;[39m No app capability. Assuming it is already on the device
[debug] &amp#27;[35m[AndroidBootstrap]&amp#27;[39m Watching for bootstrap disconnect
[debug] &amp#27;[35m[ADB]&amp#27;[39m Forwarding system: 4724 to device: 4724
[debug] &amp#27;[35m[ADB]&amp#27;[39m Running 'C:\Users\Nissim Automation\AppData\Local\Android\Sdk\platform-tools\adb.exe -P 5037 -s CTGED020000261 forward tcp:4724 tcp:4724'
[debug] &amp#27;[35m[UiAutomator]&amp#27;[39m Starting UiAutomator
[debug] &amp#27;[35m[UiAutomator]&amp#27;[39m Moving to state 'starting'
[debug] &amp#27;[35m[UiAutomator]&amp#27;[39m Parsing uiautomator jar
[debug] &amp#27;[35m[UiAutomator]&amp#27;[39m Found jar name: 'AppiumBootstrap.jar'
[debug] &amp#27;[35m[ADB]&amp#27;[39m Running 'C:\Users\Nissim Automation\AppData\Local\Android\Sdk\platform-tools\adb.exe -P 5037 -s CTGED020000261 shell mkdir -p /data/local'
[debug] &amp#27;[35m[ADB]&amp#27;[39m Running 'C:\Users\Nissim Automation\AppData\Local\Android\Sdk\platform-tools\adb.exe -P 5037 -s CTGED020000261 push 'C:\\Users\\Nissim Automation\\AppData\\Roaming\\npm\\node_modules\\appium\\node_modules\\appium-android-driver\\bootstrap\\bin\\AppiumBootstrap.jar' /data/local/tmp/'
[debug] &amp#27;[35m[ADB]&amp#27;[39m Attempting to kill all uiautomator processes
[debug] &amp#27;[35m[ADB]&amp#27;[39m Getting IDs of all 'uiautomator' processes
[debug] &amp#27;[35m[ADB]&amp#27;[39m Running 'C:\Users\Nissim Automation\AppData\Local\Android\Sdk\platform-tools\adb.exe -P 5037 -s CTGED020000261 shell pgrep -f \(\[\[:blank:\]\]\|\^\)uiautomator\(\[\[:blank:\]\]\|\$\)'
[debug] &amp#27;[35m[ADB]&amp#27;[39m Attempting to kill process 7546
[debug] &amp#27;[35m[ADB]&amp#27;[39m Running 'C:\Users\Nissim Automation\AppData\Local\Android\Sdk\platform-tools\adb.exe -P 5037 -s CTGED020000261 shell kill 7546'
[debug] &amp#27;[35m[UiAutomator]&amp#27;[39m Starting UIAutomator
[debug] &amp#27;[35m[ADB]&amp#27;[39m Creating ADB subprocess with args: ["-P",5037,"-s","CTGED020000261","shell","uiautomator","runtest","AppiumBootstrap.jar","-c","io.appium.android.bootstrap.Bootstrap","-e","pkg","com.communitake.mdc.supportsip","-e","disableAndroidWatchers",false,"-e","acceptSslCerts",false]
&amp#27;[35m[UiAutomator]&amp#27;[39m UiAutoma[tdoerb uegxi] t&amp#27;e[d 35umn[eUxipAecuttoemdlayto rwi]t&amp#27;[h3 c9om dMe o1v4i3n,g  stiog nsatla tneu l'lst
opped'
&amp#27;[35m[Appium]&amp#27;[39m Closing session, cause was 'UiAUtomator shut down unexpectedly'
&amp#27;[35m[Appium]&amp#27;[39m Removing session '3286656c-1cfd-4abc-b005-f50a65ac05d1' from our master session list
[debug] &amp#27;[35m[AndroidDriver]&amp#27;[39m Shutting down Android driver
[debug] &amp#27;[35m[ADB]&amp#27;[39m Running 'C:\Users\Nissim Automation\AppData\Local\Android\Sdk\platform-tools\adb.exe -P 5037 -s CTGED020000261 shell am force-stop com.communitake.mdc.supportsip'
[debug] &amp#27;[35m[ADB]&amp#27;[39m Pressing the HOME button
[debug] &amp#27;[35m[ADB]&amp#27;[39m Running 'C:\Users\Nissim Automation\AppData\Local\Android\Sdk\platform-tools\adb.exe -P 5037 -s CTGED020000261 shell input keyevent 3'
[debug] &amp#27;[35m[UiAutomator]&amp#27;[39m Moving to state 'online'
&amp#27;[35m[AndroidBootstrap]&amp#27;[39m Android bootstrap socket is now connected
[debug] &amp#27;[35m[ADB]&amp#27;[39m Running 'C:\Users\Nissim Automation\AppData\Local\Android\Sdk\platform-tools\adb.exe -P 5037 -s CTGED020000261 shell dumpsys window'
[debug] &amp#27;[35m[AndroidBootstrap]&amp#27;[39m [BOOTSTRAP LOG] [debug] Client connected
&amp#27;[35m[AndroidDriver]&amp#27;[39m Screen already unlocked, doing nothing
[debug] &amp#27;[35m[ADB]&amp#27;[39m Running 'C:\Users\Nissim Automation\AppData\Local\Android\Sdk\platform-tools\adb.exe -P 5037 -s CTGED020000261 shell am start -W -n com.communitake.mdc.supportsip/com.communitake.mdc.SplashScreen -S -a android.intent.action.MAIN -c android.intent.category.LAUNCHER -f 0x10200000'
&amp#27;[35m[AndroidBootstrap]&amp#27;[39m Cannot shut down Android bootstrap; it has already shut down
[debug] &amp#27;[35m[Logcat]&amp#27;[39m Stopping logcat capture
[debug] &amp#27;[35m[ADB]&amp#27;[39m Running 'C:\Users\Nissim Automation\AppData\Local\Android\Sdk\platform-tools\adb.exe -P 5037 -s CTGED020000261 shell am force-stop io.appium.unlock'
&amp#27;[35m[Appium]&amp#27;[39m New AndroidDriver session created successfully, session f9f9ce03-8680-42d8-ad02-c4aeca3fd647 added to master session list
[debug] &amp#27;[35m[BaseDriver]&amp#27;[39m Event 'newSessionStarted' logged at 1609740309897 (08:05:09 GMT+0200 (Israel Standard Time))
[debug] &amp#27;[35m[W3C (f9f9ce03)]&amp#27;[39m Cached the protocol value 'W3C' for the new session f9f9ce03-8680-42d8-ad02-c4aeca3fd647
[debug] &amp#27;[35m[W3C (f9f9ce03)]&amp#27;[39m Responding to client with driver.createSession() result: {"capabilities":{"platform":"LINUX","webStorageEnabled":false,"takesScreenshot":true,"javascriptEnabled":true,"databaseEnabled":false,"networkConnectionEnabled":true,"locationContextEnabled":false,"warnings":{},"desired":{"browserName":"","platformName":"android","appActivity":"com.communitake.mdc.SplashScreen","appPackafalse
ge":"com.communitake.mdc.supportsip","automationName":"UiAutomator1","deviceName":"CTGED02","noReset":true,"platformVersion":"9","udid":"CTGED020000261"},"browserName":"","platformName":"android","appActivity":"com.communitake.mdc.SplashScreen","appPackage":"com.communitake.mdc.supportsip","automationName":"UiAutomator1","deviceName":"CTGED020000261","noReset":true,"platformVersion":"9","udid":"CTGED020000261","deviceUDID":"CTGED020000261","deviceScreenSize":"720x1440","deviceModel":"CTGED02","deviceManufacturer":"sanmu"}}
&amp#27;[35m[HTTP]&amp#27;[39m &amp#27;[37m<-- POST /wd/hub/session &amp#27;[39m&amp#27;[32m200&amp#27;[39m &amp#27;[90m5290 ms - 911&amp#27;[39m
&amp#27;[35m[HTTP]&amp#27;[39m &amp#27;[90m&amp#27;[39m
&amp#27;[35m[HTTP]&amp#27;[39m &amp#27;[37m-->&amp#27;[39m &amp#27;[37mPOST&amp#27;[39m &amp#27;[37m/wd/hub/session/f9f9ce03-8680-42d8-ad02-c4aeca3fd647/timeouts&amp#27;[39m
&amp#27;[35m[HTTP]&amp#27;[39m &amp#27;[90m{"implicit":10000}&amp#27;[39m
[debug] &amp#27;[35m[W3C (f9f9ce03)]&amp#27;[39m Calling AppiumDriver.timeouts() with args: [null,null,null,null,10000,"f9f9ce03-8680-42d8-ad02-c4aeca3fd647"]
[debug] &amp#27;[35m[BaseDriver]&amp#27;[39m W3C timeout argument: {"implicit":10000}}
[debug] &amp#27;[35m[BaseDriver]&amp#27;[39m Set implicit wait to 10000ms
[debug] &amp#27;[35m[W3C (f9f9ce03)]&amp#27;[39m Responding to client with driver.timeouts() result: null
&amp#27;[35m[HTTP]&amp#27;[39m &amp#27;[37m<-- POST /wd/hub/session/f9f9ce03-8680-42d8-ad02-c4aeca3fd647/timeouts &amp#27;[39m&amp#27;[32m200&amp#27;[39m &amp#27;[90m1 ms - 14&amp#27;[39m
&amp#27;[35m[HTTP]&amp#27;[39m &amp#27;[90m&amp#27;[39m
&amp#27;[35m[HTTP]&amp#27;[39m &amp#27;[37m-->&amp#27;[39m &amp#27;[37mGET&amp#27;[39m &amp#27;[37m/wd/hub/session/f9f9ce03-8680-42d8-ad02-c4aeca3fd647/context&amp#27;[39m
&amp#27;[35m[HTTP]&amp#27;[39m &amp#27;[90m{}&amp#27;[39m
[debug] &amp#27;[35m[W3C (f9f9ce03)]&amp#27;[39m Calling AppiumDriver.getCurrentContext() with args: ["f9f9ce03-8680-42d8-ad02-c4aeca3fd647"]
[debug] &amp#27;[35m[W3C (f9f9ce03)]&amp#27;[39m Responding to client with driver.getCurrentContext() result: "NATIVE_APP"
&amp#27;[35m[HTTP]&amp#27;[39m &amp#27;[37m<-- GET /wd/hub/session/f9f9ce03-8680-42d8-ad02-c4aeca3fd647/context &amp#27;[39m&amp#27;[32m200&amp#27;[39m &amp#27;[90m3 ms - 22&amp#27;[39m
&amp#27;[35m[HTTP]&amp#27;[39m &amp#27;[90m&amp#27;[39m
&amp#27;[35m[HTTP]&amp#27;[39m &amp#27;[37m-->&amp#27;[39m &amp#27;[37mPOST&amp#27;[39m &amp#27;[37m/wd/hub/session/f9f9ce03-8680-42d8-ad02-c4aeca3fd647/element&amp#27;[39m
&amp#27;[35m[HTTP]&amp#27;[39m &amp#27;[90m{"using":"id","value":"com.communitake.mdc.supportsip:id/menuImage"}&amp#27;[39m
[debug] &amp#27;[35m[W3C (f9f9ce03)]&amp#27;[39m Calling AppiumDriver.findElement() with args: ["id","com.communitake.mdc.supportsip:id/menuImage","f9f9ce03-8680-42d8-ad02-c4aeca3fd647"]
[debug] &amp#27;[35m[BaseDriver]&amp#27;[39m Valid locator strategies for this request: xpath, id, class name, accessibility id, -android uiautomator
[debug] &amp#27;[35m[BaseDriver]&amp#27;[39m Waiting up to 10000 ms for condition
[debug] &amp#27;[35m[AndroidBootstrap]&amp#27;[39m Sending command to android: {"cmd":"action","action":"find","params":{"strategy":"id","selector":"com.communitake.mdc.supportsip:id/menuImage","context":"","multiple":false}}
[debug] &amp#27;[35m[AndroidBootstrap]&amp#27;[39m [BOOTSTRAP LOG] [debug] Got data from client: {"cmd":"action","action":"find","params":{"strategy":"id","selector":"com.communitake.mdc.supportsip:id/menuImage","context":"","multiple":false}}
[debug] &amp#27;[35m[AndroidBootstrap]&amp#27;[39m [BOOTSTRAP LOG] [debug] Got command of type ACTION
[debug] &amp#27;[35m[AndroidBootstrap]&amp#27;[39m [BOOTSTRAP LOG] [debug] Got command action: find
[debug] &amp#27;[35m[AndroidBootstrap]&amp#27;[39m [BOOTSTRAP LOG] [debug] Finding 'com.communitake.mdc.supportsip:id/menuImage' using 'ID' with the contextId: '' multiple: false
[debug] &amp#27;[35m[AndroidBootstrap]&amp#27;[39m [BOOTSTRAP LOG] [debug] Using: UiSelector[INSTANCE=0, RESOURCE_ID=com.communitake.mdc.supportsip:id/menuImage]
[debug] &amp#27;[35m[AndroidBootstrap]&amp#27;[39m [BOOTSTRAP LOG] [debug] Failed to locate element. Clearing Accessibility cache and retrying.
[debug] &amp#27;[35m[AndroidBootstrap]&amp#27;[39m [BOOTSTRAP LOG] [debug] Finding 'com.communitake.mdc.supportsip:id/menuImage' using 'ID' with the contextId: '' multiple: false
[debug] &amp#27;[35m[AndroidBootstrap]&amp#27;[39m [BOOTSTRAP LOG] [debug] Using: UiSelector[INSTANCE=0, RESOURCE_ID=com.communitake.mdc.supportsip:id/menuImage]
[debug] &amp#27;[35m[AndroidBootstrap]&amp#27;[39m [BOOTSTRAP LOG] [debug] Returning result: {"status":7,"value":"No element found"}
[debug] &amp#27;[35m[AndroidBootstrap]&amp#27;[39m Received command result from bootstrap
[debug] &amp#27;[35m[MJSONWP]&amp#27;[39m Matched JSONWP error code 7 to NoSuchElementError
[debug] &amp#27;[35m[BaseDriver]&amp#27;[39m Waited for 56 ms so far
[debug] &amp#27;[35m[AndroidBootstrap]&amp#27;[39m Sending command to android: {"cmd":"action","action":"find","params":{"strategy":"id","selector":"com.communitake.mdc.supportsip:id/menuImage","context":"","multiple":false}}
[debug] &amp#27;[35m[AndroidBootstrap]&amp#27;[39m [BOOTSTRAP LOG] [debug] Got data from client: {"cmd":"action","action":"find","params":{"strategy":"id","selector":"com.communitake.mdc.supportsip:id/menuImage","context":"","multiple":false}}
[debug] &amp#27;[35m[AndroidBootstrap]&amp#27;[39m [BOOTSTRAP LOG] [debug] Got command of type ACTION
[debug] &amp#27;[35m[AndroidBootstrap]&amp#27;[39m [BOOTSTRAP LOG] [debug] Got command action: find
[debug] &amp#27;[35m[AndroidBootstrap]&amp#27;[39m [BOOTSTRAP LOG] [debug] Finding 'com.communitake.mdc.supportsip:id/menuImage' using 'ID' with the contextId: '' multiple: false
[debug] &amp#27;[35m[AndroidBootstrap]&amp#27;[39m [BOOTSTRAP LOG] [debug] Using: UiSelector[INSTANCE=0, RESOURCE_ID=com.communitake.mdc.supportsip:id/menuImage]
[debug] &amp#27;[35m[AndroidBootstrap]&amp#27;[39m [BOOTSTRAP LOG] [debug] Failed to locate element. Clearing Accessibility cache and retrying.
[debug] &amp#27;[35m[AndroidBootstrap]&amp#27;[39m [BOOTSTRAP LOG] [debug] Finding 'com.communitake.mdc.supportsip:id/menuImage' using 'ID' with the contextId: '' multiple: false
[debug] &amp#27;[35m[AndroidBootstrap]&amp#27;[39m [BOOTSTRAP LOG] [debug] Using: UiSelector[INSTANCE=0, RESOURCE_ID=com.communitake.mdc.supportsip:id/menuImage]
[debug] &amp#27;[35m[AndroidBootstrap]&amp#27;[39m [BOOTSTRAP LOG] [debug] Returning result: {"status":7,"value":"No element found"}
[debug] &amp#27;[35m[AndroidBootstrap]&amp#27;[39m Received command result from bootstrap
[debug] &amp#27;[35m[MJSONWP]&amp#27;[39m Matched JSONWP error code 7 to NoSuchElementError
[debug] &amp#27;[35m[BaseDriver]&amp#27;[39m Waited for 626 ms so far
[debug] &amp#27;[35m[AndroidBootstrap]&amp#27;[39m Sending command to android: {"cmd":"action","action":"find","params":{"strategy":"id","selector":"com.communitake.mdc.supportsip:id/menuImage","context":"","multiple":false}}
[debug] &amp#27;[35m[AndroidBootstrap]&amp#27;[39m [BOOTSTRAP LOG] [debug] Got data from client: {"cmd":"action","action":"find","params":{"strategy":"id","selector":"com.communitake.mdc.supportsip:id/menuImage","context":"","multiple":false}}
[debug] &amp#27;[35m[AndroidBootstrap]&amp#27;[39m [BOOTSTRAP LOG] [debug] Got command of type ACTION
[debug] &amp#27;[35m[AndroidBootstrap]&amp#27;[39m [BOOTSTRAP LOG] [debug] Got command action: find
[debug] &amp#27;[35m[AndroidBootstrap]&amp#27;[39m [BOOTSTRAP LOG] [debug] Finding 'com.communitake.mdc.supportsip:id/menuImage' using 'ID' with the contextId: '' multiple: false
[debug] &amp#27;[35m[AndroidBootstrap]&amp#27;[39m [BOOTSTRAP LOG] [debug] Using: UiSelector[INSTANCE=0, RESOURCE_ID=com.communitake.mdc.supportsip:id/menuImage]
[debug] &amp#27;[35m[AndroidBootstrap]&amp#27;[39m [BOOTSTRAP LOG] [debug] Failed to locate element. Clearing Accessibility cache and retrying.
[debug] &amp#27;[35m[AndroidBootstrap]&amp#27;[39m [BOOTSTRAP LOG] [debug] Finding 'com.communitake.mdc.supportsip:id/menuImage' using 'ID' with the contextId: '' multiple: false
[debug] &amp#27;[35m[AndroidBootstrap]&amp#27;[39m [BOOTSTRAP LOG] [debug] Using: UiSelector[INSTANCE=0, RESOURCE_ID=com.communitake.mdc.supportsip:id/menuImage]
[debug] &amp#27;[35m[AndroidBootstrap]&amp#27;[39m [BOOTSTRAP LOG] [debug] Returning result: {"status":7,"value":"No element found"}
[debug] &amp#27;[35m[AndroidBootstrap]&amp#27;[39m Received command result from bootstrap
[debug] &amp#27;[35m[MJSONWP]&amp#27;[39m Matched JSONWP error code 7 to NoSuchElementError
[debug] &amp#27;[35m[BaseDriver]&amp#27;[39m Waited for 1229 ms so far
[debug] &amp#27;[35m[AndroidBootstrap]&amp#27;[39m Sending command to android: {"cmd":"action","action":"find","params":{"strategy":"id","selector":"com.communitake.mdc.supportsip:id/menuImage","context":"","multiple":false}}
[debug] &amp#27;[35m[AndroidBootstrap]&amp#27;[39m [BOOTSTRAP LOG] [debug] Got data from client: {"cmd":"action","action":"find","params":{"strategy":"id","selector":"com.communitake.mdc.supportsip:id/menuImage","context":"","multiple":false}}
[debug] &amp#27;[35m[AndroidBootstrap]&amp#27;[39m [BOOTSTRAP LOG] [debug] Got command of type ACTION
[debug] &amp#27;[35m[AndroidBootstrap]&amp#27;[39m [BOOTSTRAP LOG] [debug] Got command action: find
[debug] &amp#27;[35m[AndroidBootstrap]&amp#27;[39m [BOOTSTRAP LOG] [debug] Finding 'com.communitake.mdc.supportsip:id/menuImage' using 'ID' with the contextId: '' multiple: false
[debug] &amp#27;[35m[AndroidBootstrap]&amp#27;[39m [BOOTSTRAP LOG] [debug] Using: UiSelector[INSTANCE=0, RESOURCE_ID=com.communitake.mdc.supportsip:id/menuImage]
[debug] &amp#27;[35m[AndroidBootstrap]&amp#27;[39m [BOOTSTRAP LOG] [debug] Failed to locate element. Clearing Accessibility cache and retrying.
[debug] &amp#27;[35m[AndroidBootstrap]&amp#27;[39m [BOOTSTRAP LOG] [debug] Finding 'com.communitake.mdc.supportsip:id/menuImage' using 'ID' with the contextId: '' multiple: false
[debug] &amp#27;[35m[AndroidBootstrap]&amp#27;[39m [BOOTSTRAP LOG] [debug] Using: UiSelector[INSTANCE=0, RESOURCE_ID=com.communitake.mdc.supportsip:id/menuImage]
[debug] &amp#27;[35m[AndroidBootstrap]&amp#27;[39m Received command result from bootstrap
[debug] &amp#27;[35m[MJSONWP]&amp#27;[39m Matched JSONWP error code 7 to NoSuchElementError
[debug] &amp#27;[35m[BaseDriver]&amp#27;[39m Waited for 7029 ms so far
[debug] &amp#27;[35m[AndroidBootstrap]&amp#27;[39m [BOOTSTRAP LOG] [debug] Returning result: {"status":7,"value":"No element found"}
[debug] &amp#27;[35m[AndroidBootstrap]&amp#27;[39m Sending command to android: {"cmd":"action","action":"find","params":{"strategy":"id","selector":"com.communitake.mdc.supportsip:id/menuImage","context":"","multiple":false}}
[debug] &amp#27;[35m[AndroidBootstrap]&amp#27;[39m [BOOTSTRAP LOG] [debug] Got data from client: {"cmd":"action","action":"find","params":{"strategy":"id","selector":"com.communitake.mdc.supportsip:id/menuImage","context":"","multiple":false}}
[debug] &amp#27;[35m[AndroidBootstrap]&amp#27;[39m [BOOTSTRAP LOG] [debug] Got command of type ACTION
[debug] &amp#27;[35m[AndroidBootstrap]&amp#27;[39m [BOOTSTRAP LOG] [debug] Got command action: find
[debug] &amp#27;[35m[AndroidBootstrap]&amp#27;[39m [BOOTSTRAP LOG] [debug] Finding 'com.communitake.mdc.supportsip:id/menuImage' using 'ID' with the contextId: '' multiple: false
[debug] &amp#27;[35m[AndroidBootstrap]&amp#27;[39m [BOOTSTRAP LOG] [debug] Using: UiSelector[INSTANCE=0, RESOURCE_ID=com.communitake.mdc.supportsip:id/menuImage]
[debug] &amp#27;[35m[AndroidBootstrap]&amp#27;[39m [BOOTSTRAP LOG] [debug] Returning result: {"status":0,"value":{"ELEMENT":"1"}}
[debug] &amp#27;[35m[AndroidBootstrap]&amp#27;[39m Received command result from bootstrap
[debug] &amp#27;[35m[W3C (f9f9ce03)]&amp#27;[39m Responding to client with driver.findElement() result: {"element-6066-11e4-a52e-4f735466cecf":"1","ELEMENT":"1"}
&amp#27;[35m[HTTP]&amp#27;[39m &amp#27;[37m<-- POST /wd/hub/session/f9f9ce03-8680-42d8-ad02-c4aeca3fd647/element &amp#27;[39m&amp#27;[32m200&amp#27;[39m &amp#27;[90m7584 ms - 67&amp#27;[39m
&amp#27;[35m[HTTP]&amp#27;[39m &amp#27;[90m&amp#27;[39m
&amp#27;[35m[HTTP]&amp#27;[39m &amp#27;[37m-->&amp#27;[39m &amp#27;[37mPOST&amp#27;[39m &amp#27;[37m/wd/hub/session/f9f9ce03-8680-42d8-ad02-c4aeca3fd647/element/1/click&amp#27;[39m
&amp#27;[35m[HTTP]&amp#27;[39m &amp#27;[90m{"id":"1"}&amp#27;[39m
[debug] &amp#27;[35m[W3C (f9f9ce03)]&amp#27;[39m Calling AppiumDriver.click() with args: ["1","f9f9ce03-8680-42d8-ad02-c4aeca3fd647"]
[debug] &amp#27;[35m[AndroidBootstrap]&amp#27;[39m Sending command to android: {"cmd":"action","action":"element:click","params":{"elementId":"1"}}
[debug] &amp#27;[35m[AndroidBootstrap]&amp#27;[39m [BOOTSTRAP LOG] [debug] Got data from client: {"cmd":"action","action":"element:click","params":{"elementId":"1"}}
[debug] &amp#27;[35m[AndroidBootstrap]&amp#27;[39m [BOOTSTRAP LOG] [debug] Got command of type ACTION
[debug] &amp#27;[35m[AndroidBootstrap]&amp#27;[39m [BOOTSTRAP LOG] [debug] Got command action: click
[debug] &amp#27;[35m[AndroidBootstrap]&amp#27;[39m Received command result from bootstrap
[debug] &amp#27;[35m[W3C (f9f9ce03)]&amp#27;[39m Responding to client with driver.click() result: true
&amp#27;[35m[HTTP]&amp#27;[39m &amp#27;[37m<-- POST /wd/hub/session/f9f9ce03-8680-42d8-ad02-c4aeca3fd647/element/1/click &amp#27;[39m&amp#27;[32m200&amp#27;[39m &amp#27;[90m380 ms - 14&amp#27;[39m
&amp#27;[35m[HTTP]&amp#27;[39m &amp#27;[90m&amp#27;[39m
[debug] &amp#27;[35m[AndroidBootstrap]&amp#27;[39m [BOOTSTRAP LOG] [debug] Returning result: {"status":0,"value":true}
&amp#27;[35m[HTTP]&amp#27;[39m &amp#27;[37m-->&amp#27;[39m &amp#27;[37mGET&amp#27;[39m &amp#27;[37m/wd/hub/session/f9f9ce03-8680-42d8-ad02-c4aeca3fd647/context&amp#27;[39m
&amp#27;[35m[HTTP]&amp#27;[39m &amp#27;[90m{}&amp#27;[39m
[debug] &amp#27;[35m[W3C (f9f9ce03)]&amp#27;[39m Calling AppiumDriver.getCurrentContext() with args: ["f9f9ce03-8680-42d8-ad02-c4aeca3fd647"]
[debug] &amp#27;[35m[W3C (f9f9ce03)]&amp#27;[39m Responding to client with driver.getCurrentContext() result: "NATIVE_APP"
&amp#27;[35m[HTTP]&amp#27;[39m &amp#27;[37m<-- GET /wd/hub/session/f9f9ce03-8680-42d8-ad02-c4aeca3fd647/context &amp#27;[39m&amp#27;[32m200&amp#27;[39m &amp#27;[90m3 ms - 22&amp#27;[39m
&amp#27;[35m[HTTP]&amp#27;[39m &amp#27;[90m&amp#27;[39m
&amp#27;[35m[HTTP]&amp#27;[39m &amp#27;[37m-->&amp#27;[39m &amp#27;[37mPOST&amp#27;[39m &amp#27;[37m/wd/hub/session/f9f9ce03-8680-42d8-ad02-c4aeca3fd647/elements&amp#27;[39m
&amp#27;[35m[HTTP]&amp#27;[39m &amp#27;[90m{"using":"id","value":"android:id/title"}&amp#27;[39m
[debug] &amp#27;[35m[W3C (f9f9ce03)]&amp#27;[39m Calling AppiumDriver.findElements() with args: ["id","android:id/title","f9f9ce03-8680-42d8-ad02-c4aeca3fd647"]
[debug] &amp#27;[35m[BaseDriver]&amp#27;[39m Valid locator strategies for this request: xpath, id, class name, accessibility id, -android uiautomator
[debug] &amp#27;[35m[BaseDriver]&amp#27;[39m Waiting up to 10000 ms for condition
[debug] &amp#27;[35m[AndroidBootstrap]&amp#27;[39m Sending command to android: {"cmd":"action","action":"find","params":{"strategy":"id","selector":"android:id/title","context":"","multiple":true}}
[debug] &amp#27;[35m[AndroidBootstrap]&amp#27;[39m [BOOTSTRAP LOG] [debug] Got data from client: {"cmd":"action","action":"find","params":{"strategy":"id","selector":"android:id/title","context":"","multiple":true}}
[debug] &amp#27;[35m[AndroidBootstrap]&amp#27;[39m [BOOTSTRAP LOG] [debug] Got command of type ACTION
[debug] &amp#27;[35m[AndroidBootstrap]&amp#27;[39m [BOOTSTRAP LOG] [debug] Got command action: find
[debug] &amp#27;[35m[AndroidBootstrap]&amp#27;[39m [BOOTSTRAP LOG] [debug] Finding 'android:id/title' using 'ID' with the contextId: '' multiple: true
[debug] &amp#27;[35m[AndroidBootstrap]&amp#27;[39m [BOOTSTRAP LOG] [debug] Using: UiSelector[RESOURCE_ID=android:id/title]
[debug] &amp#27;[35m[AndroidBootstrap]&amp#27;[39m [BOOTSTRAP LOG] [debug] getElements selector:UiSelector[RESOURCE_ID=android:id/title]
[debug] &amp#27;[35m[AndroidBootstrap]&amp#27;[39m [BOOTSTRAP LOG] [debug] Element[] is null: (0)
[debug] &amp#27;[35m[AndroidBootstrap]&amp#27;[39m [BOOTSTRAP LOG] [debug] getElements tmp selector:UiSelector[INSTANCE=0, RESOURCE_ID=android:id/title]
[debug] &amp#27;[35m[AndroidBootstrap]&amp#27;[39m [BOOTSTRAP LOG] [debug] Element[] is null: (1)
[debug] &amp#27;[35m[AndroidBootstrap]&amp#27;[39m [BOOTSTRAP LOG] [debug] getElements tmp selector:UiSelector[INSTANCE=1, RESOURCE_ID=android:id/title]
[debug] &amp#27;[35m[AndroidBootstrap]&amp#27;[39m [BOOTSTRAP LOG] [debug] Element[] is null: (2)
[debug] &amp#27;[35m[AndroidBootstrap]&amp#27;[39m [BOOTSTRAP LOG] [debug] getElements tmp selector:UiSelector[INSTANCE=2, RESOURCE_ID=android:id/title]
[debug] &amp#27;[35m[AndroidBootstrap]&amp#27;[39m [BOOTSTRAP LOG] [debug] Returning result: {"status":0,"value":[{"ELEMENT":"2"},{"ELEMENT":"3"}]}
[debug] &amp#27;[35m[AndroidBootstrap]&amp#27;[39m Received command result from bootstrap
[debug] &amp#27;[35m[W3C (f9f9ce03)]&amp#27;[39m Responding to client with driver.findElements() result: [{"element-6066-11e4-a52e-4f735466cecf":"2","ELEMENT":"2"},{"element-6066-11e4-a52e-4f735466cecf":"3","ELEMENT":"3"}]
&amp#27;[35m[HTTP]&amp#27;[39m &amp#27;[37m<-- POST /wd/hub/session/f9f9ce03-8680-42d8-ad02-c4aeca3fd647/elements &amp#27;[39m&amp#27;[32m200&amp#27;[39m &amp#27;[90m861 ms - 127&amp#27;[39m
&amp#27;[35m[HTTP]&amp#27;[39m &amp#27;[90m&amp#27;[39m
&amp#27;[35m[HTTP]&amp#27;[39m &amp#27;[37m-->&amp#27;[39m &amp#27;[37mPOST&amp#27;[39m &amp#27;[37m/wd/hub/session/f9f9ce03-8680-42d8-ad02-c4aeca3fd647/element/2/click&amp#27;[39m
&amp#27;[35m[HTTP]&amp#27;[39m &amp#27;[90m{"id":"2"}&amp#27;[39m
[debug] &amp#27;[35m[W3C (f9f9ce03)]&amp#27;[39m Calling AppiumDriver.click() with args: ["2","f9f9ce03-8680-42d8-ad02-c4aeca3fd647"]
[debug] &amp#27;[35m[AndroidBootstrap]&amp#27;[39m Sending command to android: {"cmd":"action","action":"element:click","params":{"elementId":"2"}}
[debug] &amp#27;[35m[AndroidBootstrap]&amp#27;[39m [BOOTSTRAP LOG] [debug] Got data from client: {"cmd":"action","action":"element:click","params":{"elementId":"2"}}
[debug] &amp#27;[35m[AndroidBootstrap]&amp#27;[39m [BOOTSTRAP LOG] [debug] Got command of type ACTION
[debug] &amp#27;[35m[AndroidBootstrap]&amp#27;[39m [BOOTSTRAP LOG] [debug] Got command action: click
[debug] &amp#27;[35m[AndroidBootstrap]&amp#27;[39m Received command result from bootstrap
[debug] &amp#27;[35m[W3C (f9f9ce03)]&amp#27;[39m Responding to client with driver.click() result: true
&amp#27;[35m[HTTP]&amp#27;[39m &amp#27;[37m<-- POST /wd/hub/session/f9f9ce03-8680-42d8-ad02-c4aeca3fd647/element/2/click &amp#27;[39m&amp#27;[32m200&amp#27;[39m &amp#27;[90m172 ms - 14&amp#27;[39m
&amp#27;[35m[HTTP]&amp#27;[39m &amp#27;[90m&amp#27;[39m
[debug] &amp#27;[35m[AndroidBootstrap]&amp#27;[39m [BOOTSTRAP LOG] [debug] Returning result: {"status":0,"value":true}
&amp#27;[35m[HTTP]&amp#27;[39m &amp#27;[37m-->&amp#27;[39m &amp#27;[37mGET&amp#27;[39m &amp#27;[37m/wd/hub/session/f9f9ce03-8680-42d8-ad02-c4aeca3fd647/context&amp#27;[39m
&amp#27;[35m[HTTP]&amp#27;[39m &amp#27;[90m{}&amp#27;[39m
[debug] &amp#27;[35m[W3C (f9f9ce03)]&amp#27;[39m Calling AppiumDriver.getCurrentContext() with args: ["f9f9ce03-8680-42d8-ad02-c4aeca3fd647"]
[debug] &amp#27;[35m[W3C (f9f9ce03)]&amp#27;[39m Responding to client with driver.getCurrentContext() result: "NATIVE_APP"
&amp#27;[35m[HTTP]&amp#27;[39m &amp#27;[37m<-- GET /wd/hub/session/f9f9ce03-8680-42d8-ad02-c4aeca3fd647/context &amp#27;[39m&amp#27;[32m200&amp#27;[39m &amp#27;[90m1 ms - 22&amp#27;[39m
&amp#27;[35m[HTTP]&amp#27;[39m &amp#27;[90m&amp#27;[39m
&amp#27;[35m[HTTP]&amp#27;[39m &amp#27;[37m-->&amp#27;[39m &amp#27;[37mPOST&amp#27;[39m &amp#27;[37m/wd/hub/session/f9f9ce03-8680-42d8-ad02-c4aeca3fd647/element&amp#27;[39m
&amp#27;[35m[HTTP]&amp#27;[39m &amp#27;[90m{"using":"id","value":"com.communitake.mdc.supportsip:id/menuImage"}&amp#27;[39m
[debug] &amp#27;[35m[W3C (f9f9ce03)]&amp#27;[39m Calling AppiumDriver.findElement() with args: ["id","com.communitake.mdc.supportsip:id/menuImage","f9f9ce03-8680-42d8-ad02-c4aeca3fd647"]
[debug] &amp#27;[35m[BaseDriver]&amp#27;[39m Valid locator strategies for this request: xpath, id, class name, accessibility id, -android uiautomator
[debug] &amp#27;[35m[BaseDriver]&amp#27;[39m Waiting up to 10000 ms for condition
[debug] &amp#27;[35m[AndroidBootstrap]&amp#27;[39m Sending command to android: {"cmd":"action","action":"find","params":{"strategy":"id","selector":"com.communitake.mdc.supportsip:id/menuImage","context":"","multiple":false}}
[debug] &amp#27;[35m[AndroidBootstrap]&amp#27;[39m [BOOTSTRAP LOG] [debug] Got data from client: {"cmd":"action","action":"find","params":{"strategy":"id","selector":"com.communitake.mdc.supportsip:id/menuImage","context":"","multiple":false}}
[debug] &amp#27;[35m[AndroidBootstrap]&amp#27;[39m [BOOTSTRAP LOG] [debug] Got command of type ACTION
[debug] &amp#27;[35m[AndroidBootstrap]&amp#27;[39m [BOOTSTRAP LOG] [debug] Got command action: find
[debug] &amp#27;[35m[AndroidBootstrap]&amp#27;[39m [BOOTSTRAP LOG] [debug] Finding 'com.communitake.mdc.supportsip:id/menuImage' using 'ID' with the contextId: '' multiple: false
[debug] &amp#27;[35m[AndroidBootstrap]&amp#27;[39m [BOOTSTRAP LOG] [debug] Using: UiSelector[INSTANCE=0, RESOURCE_ID=com.communitake.mdc.supportsip:id/menuImage]
[debug] &amp#27;[35m[AndroidBootstrap]&amp#27;[39m Received command result from bootstrap
[debug] &amp#27;[35m[W3C (f9f9ce03)]&amp#27;[39m Responding to client with driver.findElement() result: {"element-6066-11e4-a52e-4f735466cecf":"4","ELEMENT":"4"}
&amp#27;[35m[HTTP]&amp#27;[39m &amp#27;[37m<-- POST /wd/hub/session/f9f9ce03-8680-42d8-ad02-c4aeca3fd647/element &amp#27;[39m&amp#27;[32m200&amp#27;[39m &amp#27;[90m538 ms - 67&amp#27;[39m
&amp#27;[35m[HTTP]&amp#27;[39m &amp#27;[90m&amp#27;[39m
[debug] &amp#27;[35m[AndroidBootstrap]&amp#27;[39m [BOOTSTRAP LOG] [debug] Returning result: {"status":0,"value":{"ELEMENT":"4"}}
&amp#27;[35m[HTTP]&amp#27;[39m &amp#27;[37m-->&amp#27;[39m &amp#27;[37mPOST&amp#27;[39m &amp#27;[37m/wd/hub/session/f9f9ce03-8680-42d8-ad02-c4aeca3fd647/element/4/click&amp#27;[39m
&amp#27;[35m[HTTP]&amp#27;[39m &amp#27;[90m{"id":"4"}&amp#27;[39m
[debug] &amp#27;[35m[W3C (f9f9ce03)]&amp#27;[39m Calling AppiumDriver.click() with args: ["4","f9f9ce03-8680-42d8-ad02-c4aeca3fd647"]
[debug] &amp#27;[35m[AndroidBootstrap]&amp#27;[39m Sending command to android: {"cmd":"action","action":"element:click","params":{"elementId":"4"}}
[debug] &amp#27;[35m[AndroidBootstrap]&amp#27;[39m [BOOTSTRAP LOG] [debug] Got data from client: {"cmd":"action","action":"element:click","params":{"elementId":"4"}}
[debug] &amp#27;[35m[AndroidBootstrap]&amp#27;[39m [BOOTSTRAP LOG] [debug] Got command of type ACTION
[debug] &amp#27;[35m[AndroidBootstrap]&amp#27;[39m [BOOTSTRAP LOG] [debug] Got command action: click
[debug] &amp#27;[35m[AndroidBootstrap]&amp#27;[39m [BOOTSTRAP LOG] [debug] Returning result: {"status":0,"value":true}
[debug] &amp#27;[35m[AndroidBootstrap]&amp#27;[39m Received command result from bootstrap
[debug] &amp#27;[35m[W3C (f9f9ce03)]&amp#27;[39m Responding to client with driver.click() result: true
&amp#27;[35m[HTTP]&amp#27;[39m &amp#27;[37m<-- POST /wd/hub/session/f9f9ce03-8680-42d8-ad02-c4aeca3fd647/element/4/click &amp#27;[39m&amp#27;[32m200&amp#27;[39m &amp#27;[90m331 ms - 14&amp#27;[39m
&amp#27;[35m[HTTP]&amp#27;[39m &amp#27;[90m&amp#27;[39m
&amp#27;[35m[HTTP]&amp#27;[39m &amp#27;[37m-->&amp#27;[39m &amp#27;[37mGET&amp#27;[39m &amp#27;[37m/wd/hub/session/f9f9ce03-8680-42d8-ad02-c4aeca3fd647/context&amp#27;[39m
&amp#27;[35m[HTTP]&amp#27;[39m &amp#27;[90m{}&amp#27;[39m
[debug] &amp#27;[35m[W3C (f9f9ce03)]&amp#27;[39m Calling AppiumDriver.getCurrentContext() with args: ["f9f9ce03-8680-42d8-ad02-c4aeca3fd647"]
[debug] &amp#27;[35m[W3C (f9f9ce03)]&amp#27;[39m Responding to client with driver.getCurrentContext() result: "NATIVE_APP"
&amp#27;[35m[HTTP]&amp#27;[39m &amp#27;[37m<-- GET /wd/hub/session/f9f9ce03-8680-42d8-ad02-c4aeca3fd647/context &amp#27;[39m&amp#27;[32m200&amp#27;[39m &amp#27;[90m3 ms - 22&amp#27;[39m
&amp#27;[35m[HTTP]&amp#27;[39m &amp#27;[90m&amp#27;[39m
&amp#27;[35m[HTTP]&amp#27;[39m &amp#27;[37m-->&amp#27;[39m &amp#27;[37mPOST&amp#27;[39m &amp#27;[37m/wd/hub/session/f9f9ce03-8680-42d8-ad02-c4aeca3fd647/elements&amp#27;[39m
&amp#27;[35m[HTTP]&amp#27;[39m &amp#27;[90m{"using":"id","value":"android:id/title"}&amp#27;[39m
[debug] &amp#27;[35m[W3C (f9f9ce03)]&amp#27;[39m Calling AppiumDriver.findElements() with args: ["id","android:id/title","f9f9ce03-8680-42d8-ad02-c4aeca3fd647"]
[debug] &amp#27;[35m[BaseDriver]&amp#27;[39m Valid locator strategies for this request: xpath, id, class name, accessibility id, -android uiautomator
[debug] &amp#27;[35m[BaseDriver]&amp#27;[39m Waiting up to 10000 ms for condition
[debug] &amp#27;[35m[AndroidBootstrap]&amp#27;[39m Sending command to android: {"cmd":"action","action":"find","params":{"strategy":"id","selector":"android:id/title","context":"","multiple":true}}
[debug] &amp#27;[35m[AndroidBootstrap]&amp#27;[39m [BOOTSTRAP LOG] [debug] Got data from client: {"cmd":"action","action":"find","params":{"strategy":"id","selector":"android:id/title","context":"","multiple":true}}
[debug] &amp#27;[35m[AndroidBootstrap]&amp#27;[39m [BOOTSTRAP LOG] [debug] Got command of type ACTION
[debug] &amp#27;[35m[AndroidBootstrap]&amp#27;[39m [BOOTSTRAP LOG] [debug] Got command action: find
[debug] &amp#27;[35m[AndroidBootstrap]&amp#27;[39m [BOOTSTRAP LOG] [debug] Finding 'android:id/title' using 'ID' with the contextId: '' multiple: true
[debug] &amp#27;[35m[AndroidBootstrap]&amp#27;[39m [BOOTSTRAP LOG] [debug] Using: UiSelector[RESOURCE_ID=android:id/title]
[debug] &amp#27;[35m[AndroidBootstrap]&amp#27;[39m [BOOTSTRAP LOG] [debug] getElements selector:UiSelector[RESOURCE_ID=android:id/title]
[debug] &amp#27;[35m[AndroidBootstrap]&amp#27;[39m [BOOTSTRAP LOG] [debug] Element[] is null: (0)
[debug] &amp#27;[35m[AndroidBootstrap]&amp#27;[39m [BOOTSTRAP LOG] [debug] getElements tmp selector:UiSelector[INSTANCE=0, RESOURCE_ID=android:id/title]
[debug] &amp#27;[35m[AndroidBootstrap]&amp#27;[39m [BOOTSTRAP LOG] [debug] Element[] is null: (1)
[debug] &amp#27;[35m[AndroidBootstrap]&amp#27;[39m [BOOTSTRAP LOG] [debug] getElements tmp selector:UiSelector[INSTANCE=1, RESOURCE_ID=android:id/title]
[debug] &amp#27;[35m[AndroidBootstrap]&amp#27;[39m [BOOTSTRAP LOG] [debug] Element[] is null: (2)
[debug] &amp#27;[35m[AndroidBootstrap]&amp#27;[39m [BOOTSTRAP LOG] [debug] getElements tmp selector:UiSelector[INSTANCE=2, RESOURCE_ID=android:id/title]
[debug] &amp#27;[35m[AndroidBootstrap]&amp#27;[39m [BOOTSTRAP LOG] [debug] Element[] is null: (3)
[debug] &amp#27;[35m[AndroidBootstrap]&amp#27;[39m [BOOTSTRAP LOG] [debug] getElements tmp selector:UiSelector[INSTANCE=3, RESOURCE_ID=android:id/title]
[debug] &amp#27;[35m[AndroidBootstrap]&amp#27;[39m [BOOTSTRAP LOG] [debug] Returning result: {"status":0,"value":[{"ELEMENT":"5"},{"ELEMENT":"6"},{"ELEMENT":"7"}]}
[debug] &amp#27;[35m[AndroidBootstrap]&amp#27;[39m Received command result from bootstrap
[debug] &amp#27;[35m[W3C (f9f9ce03)]&amp#27;[39m Responding to client with driver.findElements() result: [{"element-6066-11e4-a52e-4f735466cecf":"5","ELEMENT":"5"},{"element-6066-11e4-a52e-4f735466cecf":"6","ELEMENT":"6"},{"element-6066-11e4-a52e-4f735466cecf":"7","ELEMENT":"7"}]
&amp#27;[35m[HTTP]&amp#27;[39m &amp#27;[37m<-- POST /wd/hub/session/f9f9ce03-8680-42d8-ad02-c4aeca3fd647/elements &amp#27;[39m&amp#27;[32m200&amp#27;[39m &amp#27;[90m1024 ms - 185&amp#27;[39m
&amp#27;[35m[HTTP]&amp#27;[39m &amp#27;[90m&amp#27;[39m
&amp#27;[35m[HTTP]&amp#27;[39m &amp#27;[37m-->&amp#27;[39m &amp#27;[37mPOST&amp#27;[39m &amp#27;[37m/wd/hub/session/f9f9ce03-8680-42d8-ad02-c4aeca3fd647/element/5/click&amp#27;[39m
&amp#27;[35m[HTTP]&amp#27;[39m &amp#27;[90m{"id":"5"}&amp#27;[39m
[debug] &amp#27;[35m[W3C (f9f9ce03)]&amp#27;[39m Calling AppiumDriver.click() with args: ["5","f9f9ce03-8680-42d8-ad02-c4aeca3fd647"]
[debug] &amp#27;[35m[AndroidBootstrap]&amp#27;[39m Sending command to android: {"cmd":"action","action":"element:click","params":{"elementId":"5"}}
[debug] &amp#27;[35m[AndroidBootstrap]&amp#27;[39m [BOOTSTRAP LOG] [debug] Got data from client: {"cmd":"action","action":"element:click","params":{"elementId":"5"}}
[debug] &amp#27;[35m[AndroidBootstrap]&amp#27;[39m [BOOTSTRAP LOG] [debug] Got command of type ACTION
[debug] &amp#27;[35m[AndroidBootstrap]&amp#27;[39m [BOOTSTRAP LOG] [debug] Got command action: click
[debug] &amp#27;[35m[AndroidBootstrap]&amp#27;[39m Received command result from bootstrap
[debug] &amp#27;[35m[W3C (f9f9ce03)]&amp#27;[39m Responding to client with driver.click() result: true
&amp#27;[35m[HTTP]&amp#27;[39m &amp#27;[37m<-- POST /wd/hub/session/f9f9ce03-8680-42d8-ad02-c4aeca3fd647/element/5/click &amp#27;[39m&amp#27;[32m200&amp#27;[39m &amp#27;[90m149 ms - 14&amp#27;[39m
&amp#27;[35m[HTTP]&amp#27;[39m &amp#27;[90m&amp#27;[39m
[debug] &amp#27;[35m[AndroidBootstrap]&amp#27;[39m [BOOTSTRAP LOG] [debug] Returning result: {"status":0,"value":true}
&amp#27;[35m[HTTP]&amp#27;[39m &amp#27;[37m-->&amp#27;[39m &amp#27;[37mGET&amp#27;[39m &amp#27;[37m/wd/hub/session/f9f9ce03-8680-42d8-ad02-c4aeca3fd647/context&amp#27;[39m
&amp#27;[35m[HTTP]&amp#27;[39m &amp#27;[90m{}&amp#27;[39m
[debug] &amp#27;[35m[W3C (f9f9ce03)]&amp#27;[39m Calling AppiumDriver.getCurrentContext() with args: ["f9f9ce03-8680-42d8-ad02-c4aeca3fd647"]
[debug] &amp#27;[35m[W3C (f9f9ce03)]&amp#27;[39m Responding to client with driver.getCurrentContext() result: "NATIVE_APP"
&amp#27;[35m[HTTP]&amp#27;[39m &amp#27;[37m<-- GET /wd/hub/session/f9f9ce03-8680-42d8-ad02-c4aeca3fd647/context &amp#27;[39m&amp#27;[32m200&amp#27;[39m &amp#27;[90m1 ms - 22&amp#27;[39m
&amp#27;[35m[HTTP]&amp#27;[39m &amp#27;[90m&amp#27;[39m
&amp#27;[35m[HTTP]&amp#27;[39m &amp#27;[37m-->&amp#27;[39m &amp#27;[37mPOST&amp#27;[39m &amp#27;[37m/wd/hub/session/f9f9ce03-8680-42d8-ad02-c4aeca3fd647/element&amp#27;[39m
&amp#27;[35m[HTTP]&amp#27;[39m &amp#27;[90m{"using":"id","value":"com.communitake.mdc.supportsip:id/menuImage"}&amp#27;[39m
[debug] &amp#27;[35m[W3C (f9f9ce03)]&amp#27;[39m Calling AppiumDriver.findElement() with args: ["id","com.communitake.mdc.supportsip:id/menuImage","f9f9ce03-8680-42d8-ad02-c4aeca3fd647"]
[debug] &amp#27;[35m[BaseDriver]&amp#27;[39m Valid locator strategies for this request: xpath, id, class name, accessibility id, -android uiautomator
[debug] &amp#27;[35m[BaseDriver]&amp#27;[39m Waiting up to 10000 ms for condition
[debug] &amp#27;[35m[AndroidBootstrap]&amp#27;[39m Sending command to android: {"cmd":"action","action":"find","params":{"strategy":"id","selector":"com.communitake.mdc.supportsip:id/menuImage","context":"","multiple":false}}
[debug] &amp#27;[35m[AndroidBootstrap]&amp#27;[39m [BOOTSTRAP LOG] [debug] Got data from client: {"cmd":"action","action":"find","params":{"strategy":"id","selector":"com.communitake.mdc.supportsip:id/menuImage","context":"","multiple":false}}
[debug] &amp#27;[35m[AndroidBootstrap]&amp#27;[39m [BOOTSTRAP LOG] [debug] Got command of type ACTION
[debug] &amp#27;[35m[AndroidBootstrap]&amp#27;[39m [BOOTSTRAP LOG] [debug] Got command action: find
[debug] &amp#27;[35m[AndroidBootstrap]&amp#27;[39m [BOOTSTRAP LOG] [debug] Finding 'com.communitake.mdc.supportsip:id/menuImage' using 'ID' with the contextId: '' multiple: false
[debug] &amp#27;[35m[AndroidBootstrap]&amp#27;[39m [BOOTSTRAP LOG] [debug] Using: UiSelector[INSTANCE=0, RESOURCE_ID=com.communitake.mdc.supportsip:id/menuImage]
[debug] &amp#27;[35m[AndroidBootstrap]&amp#27;[39m Received command result from bootstrap
[debug] &amp#27;[35m[W3C (f9f9ce03)]&amp#27;[39m Responding to client with driver.findElement() result: {"element-6066-11e4-a52e-4f735466cecf":"8","ELEMENT":"8"}
&amp#27;[35m[HTTP]&amp#27;[39m &amp#27;[37m<-- POST /wd/hub/session/f9f9ce03-8680-42d8-ad02-c4aeca3fd647/element &amp#27;[39m&amp#27;[32m200&amp#27;[39m &amp#27;[90m571 ms - 67&amp#27;[39m
&amp#27;[35m[HTTP]&amp#27;[39m &amp#27;[90m&amp#27;[39m
&amp#27;[35m[HTTP]&amp#27;[39m &amp#27;[37m-->&amp#27;[39m &amp#27;[37mPOST&amp#27;[39m &amp#27;[37m/wd/hub/session/f9f9ce03-8680-42d8-ad02-c4aeca3fd647/element/8/click&amp#27;[39m
&amp#27;[35m[HTTP]&amp#27;[39m &amp#27;[90m{"id":"8"}&amp#27;[39m
[debug] &amp#27;[35m[W3C (f9f9ce03)]&amp#27;[39m Calling AppiumDriver.click() with args: ["8","f9f9ce03-8680-42d8-ad02-c4aeca3fd647"]
[debug] &amp#27;[35m[AndroidBootstrap]&amp#27;[39m Sending command to android: {"cmd":"action","action":"element:click","params":{"elementId":"8"}}
[debug] &amp#27;[35m[AndroidBootstrap]&amp#27;[39m [BOOTSTRAP LOG] [debug] Returning result: {"status":0,"value":{"ELEMENT":"8"}}
[debug] &amp#27;[35m[AndroidBootstrap]&amp#27;[39m [BOOTSTRAP LOG] [debug] Got data from client: {"cmd":"action","action":"element:click","params":{"elementId":"8"}}
[debug] &amp#27;[35m[AndroidBootstrap]&amp#27;[39m [BOOTSTRAP LOG] [debug] Got command of type ACTION
[debug] &amp#27;[35m[AndroidBootstrap]&amp#27;[39m [BOOTSTRAP LOG] [debug] Got command action: click
[debug] &amp#27;[35m[AndroidBootstrap]&amp#27;[39m [BOOTSTRAP LOG] [debug] Returning result: {"status":0,"value":true}
[debug] &amp#27;[35m[AndroidBootstrap]&amp#27;[39m Received command result from bootstrap
[debug] &amp#27;[35m[W3C (f9f9ce03)]&amp#27;[39m Responding to client with driver.click() result: true
&amp#27;[35m[HTTP]&amp#27;[39m &amp#27;[37m<-- POST /wd/hub/session/f9f9ce03-8680-42d8-ad02-c4aeca3fd647/element/8/click &amp#27;[39m&amp#27;[32m200&amp#27;[39m &amp#27;[90m368 ms - 14&amp#27;[39m
&amp#27;[35m[HTTP]&amp#27;[39m &amp#27;[90m&amp#27;[39m
&amp#27;[35m[HTTP]&amp#27;[39m &amp#27;[37m-->&amp#27;[39m &amp#27;[37mGET&amp#27;[39m &amp#27;[37m/wd/hub/session/f9f9ce03-8680-42d8-ad02-c4aeca3fd647/context&amp#27;[39m
&amp#27;[35m[HTTP]&amp#27;[39m &amp#27;[90m{}&amp#27;[39m
[debug] &amp#27;[35m[W3C (f9f9ce03)]&amp#27;[39m Calling AppiumDriver.getCurrentContext() with args: ["f9f9ce03-8680-42d8-ad02-c4aeca3fd647"]
[debug] &amp#27;[35m[W3C (f9f9ce03)]&amp#27;[39m Responding to client with driver.getCurrentContext() result: "NATIVE_APP"
&amp#27;[35m[HTTP]&amp#27;[39m &amp#27;[37m<-- GET /wd/hub/session/f9f9ce03-8680-42d8-ad02-c4aeca3fd647/context &amp#27;[39m&amp#27;[32m200&amp#27;[39m &amp#27;[90m1 ms - 22&amp#27;[39m
&amp#27;[35m[HTTP]&amp#27;[39m &amp#27;[90m&amp#27;[39m
&amp#27;[35m[HTTP]&amp#27;[39m &amp#27;[37m-->&amp#27;[39m &amp#27;[37mPOST&amp#27;[39m &amp#27;[37m/wd/hub/session/f9f9ce03-8680-42d8-ad02-c4aeca3fd647/elements&amp#27;[39m
&amp#27;[35m[HTTP]&amp#27;[39m &amp#27;[90m{"using":"id","value":"android:id/title"}&amp#27;[39m
[debug] &amp#27;[35m[W3C (f9f9ce03)]&amp#27;[39m Calling AppiumDriver.findElements() with args: ["id","android:id/title","f9f9ce03-8680-42d8-ad02-c4aeca3fd647"]
[debug] &amp#27;[35m[BaseDriver]&amp#27;[39m Valid locator strategies for this request: xpath, id, class name, accessibility id, -android uiautomator
[debug] &amp#27;[35m[BaseDriver]&amp#27;[39m Waiting up to 10000 ms for condition
[debug] &amp#27;[35m[AndroidBootstrap]&amp#27;[39m Sending command to android: {"cmd":"action","action":"find","params":{"strategy":"id","selector":"android:id/title","context":"","multiple":true}}
[debug] &amp#27;[35m[AndroidBootstrap]&amp#27;[39m [BOOTSTRAP LOG] [debug] Got data from client: {"cmd":"action","action":"find","params":{"strategy":"id","selector":"android:id/title","context":"","multiple":true}}
[debug] &amp#27;[35m[AndroidBootstrap]&amp#27;[39m [BOOTSTRAP LOG] [debug] Got command of type ACTION
[debug] &amp#27;[35m[AndroidBootstrap]&amp#27;[39m [BOOTSTRAP LOG] [debug] Got command action: find
[debug] &amp#27;[35m[AndroidBootstrap]&amp#27;[39m [BOOTSTRAP LOG] [debug] Finding 'android:id/title' using 'ID' with the contextId: '' multiple: true
[debug] &amp#27;[35m[AndroidBootstrap]&amp#27;[39m [BOOTSTRAP LOG] [debug] Using: UiSelector[RESOURCE_ID=android:id/title]
[debug] &amp#27;[35m[AndroidBootstrap]&amp#27;[39m [BOOTSTRAP LOG] [debug] getElements selector:UiSelector[RESOURCE_ID=android:id/title]
[debug] &amp#27;[35m[AndroidBootstrap]&amp#27;[39m [BOOTSTRAP LOG] [debug] Element[] is null: (0)
[debug] &amp#27;[35m[AndroidBootstrap]&amp#27;[39m [BOOTSTRAP LOG] [debug] getElements tmp selector:UiSelector[INSTANCE=0, RESOURCE_ID=android:id/title]
[debug] &amp#27;[35m[AndroidBootstrap]&amp#27;[39m [BOOTSTRAP LOG] [debug] Element[] is null: (1)
[debug] &amp#27;[35m[AndroidBootstrap]&amp#27;[39m [BOOTSTRAP LOG] [debug] getElements tmp selector:UiSelector[INSTANCE=1, RESOURCE_ID=android:id/title]
[debug] &amp#27;[35m[AndroidBootstrap]&amp#27;[39m [BOOTSTRAP LOG] [debug] Element[] is null: (2)
[debug] &amp#27;[35m[AndroidBootstrap]&amp#27;[39m [BOOTSTRAP LOG] [debug] getElements tmp selector:UiSelector[INSTANCE=2, RESOURCE_ID=android:id/title]
[debug] &amp#27;[35m[AndroidBootstrap]&amp#27;[39m [BOOTSTRAP LOG] [debug] Element[] is null: (3)
[debug] &amp#27;[35m[AndroidBootstrap]&amp#27;[39m [BOOTSTRAP LOG] [debug] getElements tmp selector:UiSelector[INSTANCE=3, RESOURCE_ID=android:id/title]
[debug] &amp#27;[35m[AndroidBootstrap]&amp#27;[39m [BOOTSTRAP LOG] [debug] Returning result: {"status":0,"value":[{"ELEMENT":"9"},{"ELEMENT":"10"},{"ELEMENT":"11"}]}
[debug] &amp#27;[35m[AndroidBootstrap]&amp#27;[39m Received command result from bootstrap
[debug] &amp#27;[35m[W3C (f9f9ce03)]&amp#27;[39m Responding to client with driver.findElements() result: [{"element-6066-11e4-a52e-4f735466cecf":"9","ELEMENT":"9"},{"element-6066-11e4-a52e-4f735466cecf":"10","ELEMENT":"10"},{"element-6066-11e4-a52e-4f735466cecf":"11","ELEMENT":"11"}]
&amp#27;[35m[HTTP]&amp#27;[39m &amp#27;[37m<-- POST /wd/hub/session/f9f9ce03-8680-42d8-ad02-c4aeca3fd647/elements &amp#27;[39m&amp#27;[32m200&amp#27;[39m &amp#27;[90m914 ms - 189&amp#27;[39m
&amp#27;[35m[HTTP]&amp#27;[39m &amp#27;[90m&amp#27;[39m
&amp#27;[35m[HTTP]&amp#27;[39m &amp#27;[37m-->&amp#27;[39m &amp#27;[37mPOST&amp#27;[39m &amp#27;[37m/wd/hub/session/f9f9ce03-8680-42d8-ad02-c4aeca3fd647/element/9/click&amp#27;[39m
&amp#27;[35m[HTTP]&amp#27;[39m &amp#27;[90m{"id":"9"}&amp#27;[39m
[debug] &amp#27;[35m[W3C (f9f9ce03)]&amp#27;[39m Calling AppiumDriver.click() with args: ["9","f9f9ce03-8680-42d8-ad02-c4aeca3fd647"]
[debug] &amp#27;[35m[AndroidBootstrap]&amp#27;[39m Sending command to android: {"cmd":"action","action":"element:click","params":{"elementId":"9"}}
[debug] &amp#27;[35m[AndroidBootstrap]&amp#27;[39m [BOOTSTRAP LOG] [debug] Got data from client: {"cmd":"action","action":"element:click","params":{"elementId":"9"}}
[debug] &amp#27;[35m[AndroidBootstrap]&amp#27;[39m [BOOTSTRAP LOG] [debug] Got command of type ACTION
[debug] &amp#27;[35m[AndroidBootstrap]&amp#27;[39m [BOOTSTRAP LOG] [debug] Got command action: click
[debug] &amp#27;[35m[AndroidBootstrap]&amp#27;[39m Received command result from bootstrap
[debug] &amp#27;[35m[W3C (f9f9ce03)]&amp#27;[39m Responding to client with driver.click() result: true
&amp#27;[35m[HTTP]&amp#27;[39m &amp#27;[37m<-- POST /wd/hub/session/f9f9ce03-8680-42d8-ad02-c4aeca3fd647/element/9/click &amp#27;[39m&amp#27;[32m200&amp#27;[39m &amp#27;[90m159 ms - 14&amp#27;[39m
&amp#27;[35m[HTTP]&amp#27;[39m &amp#27;[90m&amp#27;[39m
[debug] &amp#27;[35m[AndroidBootstrap]&amp#27;[39m [BOOTSTRAP LOG] [debug] Returning result: {"status":0,"value":true}
&amp#27;[35m[HTTP]&amp#27;[39m &amp#27;[37m-->&amp#27;[39m &amp#27;[37mPOST&amp#27;[39m &amp#27;[37m/wd/hub/session/f9f9ce03-8680-42d8-ad02-c4aeca3fd647/appium/device/start_activity&amp#27;[39m
&amp#27;[35m[HTTP]&amp#27;[39m &amp#27;[90m{"appPackage":"com.android.settings","appActivity":".Settings","appWaitPackage":"","appWaitActivity":"","dontStopAppOnReset":false,"intentAction":"","intentCategory":"","intentFlags":"","optionalIntentArguments":""}&amp#27;[39m
[debug] &amp#27;[35m[W3C (f9f9ce03)]&amp#27;[39m Calling AppiumDriver.startActivity() with args: ["com.android.settings",".Settings","","","","","","",false,null,null,"f9f9ce03-8680-42d8-ad02-c4aeca3fd647"]
[debug] &amp#27;[35m[AndroidDriver]&amp#27;[39m Starting package 'com.android.settings' and activity '.Settings'
[debug] &amp#27;[35m[ADB]&amp#27;[39m Running 'C:\Users\Nissim Automation\AppData\Local\Android\Sdk\platform-tools\adb.exe -P 5037 -s CTGED020000261 shell am start -W -n com.android.settings/.Settings -S'
[debug] &amp#27;[35m[ADB]&amp#27;[39m Waiting up to 20000ms for activity matching pkg: 'com.android.settings' and activity: '.Settings' to be focused
[debug] &amp#27;[35m[ADB]&amp#27;[39m Possible activities, to be checked: 'com.android.settings.Settings'
[debug] &amp#27;[35m[ADB]&amp#27;[39m Getting focused package and activity
[debug] &amp#27;[35m[ADB]&amp#27;[39m Running 'C:\Users\Nissim Automation\AppData\Local\Android\Sdk\platform-tools\adb.exe -P 5037 -s CTGED020000261 shell dumpsys window windows'
[debug] &amp#27;[35m[ADB]&amp#27;[39m Found package: 'com.android.settings' and fully qualified activity name : 'com.android.settings.Settings'
[debug] &amp#27;[35m[W3C (f9f9ce03)]&amp#27;[39m Responding to client with driver.startActivity() result: null
&amp#27;[35m[HTTP]&amp#27;[39m &amp#27;[37m<-- POST /wd/hub/session/f9f9ce03-8680-42d8-ad02-c4aeca3fd647/appium/device/start_activity &amp#27;[39m&amp#27;[32m200&amp#27;[39m &amp#27;[90m1508 ms - 14&amp#27;[39m
&amp#27;[35m[HTTP]&amp#27;[39m &amp#27;[90m&amp#27;[39m
&amp#27;[35m[HTTP]&amp#27;[39m &amp#27;[37m-->&amp#27;[39m &amp#27;[37mGET&amp#27;[39m &amp#27;[37m/wd/hub/session/f9f9ce03-8680-42d8-ad02-c4aeca3fd647/context&amp#27;[39m
&amp#27;[35m[HTTP]&amp#27;[39m &amp#27;[90m{}&amp#27;[39m
[debug] &amp#27;[35m[W3C (f9f9ce03)]&amp#27;[39m Calling AppiumDriver.getCurrentContext() with args: ["f9f9ce03-8680-42d8-ad02-c4aeca3fd647"]
[debug] &amp#27;[35m[W3C (f9f9ce03)]&amp#27;[39m Responding to client with driver.getCurrentContext() result: "NATIVE_APP"
&amp#27;[35m[HTTP]&amp#27;[39m &amp#27;[37m<-- GET /wd/hub/session/f9f9ce03-8680-42d8-ad02-c4aeca3fd647/context &amp#27;[39m&amp#27;[32m200&amp#27;[39m &amp#27;[90m3 ms - 22&amp#27;[39m
&amp#27;[35m[HTTP]&amp#27;[39m &amp#27;[90m&amp#27;[39m
&amp#27;[35m[HTTP]&amp#27;[39m &amp#27;[37m-->&amp#27;[39m &amp#27;[37mPOST&amp#27;[39m &amp#27;[37m/wd/hub/session/f9f9ce03-8680-42d8-ad02-c4aeca3fd647/element&amp#27;[39m
&amp#27;[35m[HTTP]&amp#27;[39m &amp#27;[90m{"using":"xpath","value":"//*[@text='Network & internet']"}&amp#27;[39m
[debug] &amp#27;[35m[W3C (f9f9ce03)]&amp#27;[39m Calling AppiumDriver.findElement() with args: ["xpath","//*[@text='Network & internet']","f9f9ce03-8680-42d8-ad02-c4aeca3fd647"]
[debug] &amp#27;[35m[BaseDriver]&amp#27;[39m Valid locator strategies for this request: xpath, id, class name, accessibility id, -android uiautomator
[debug] &amp#27;[35m[BaseDriver]&amp#27;[39m Waiting up to 10000 ms for condition
[debug] &amp#27;[35m[AndroidBootstrap]&amp#27;[39m Sending command to android: {"cmd":"action","action":"find","params":{"strategy":"xpath","selector":"//*[@text='Network & internet']","context":"","multiple":false}}
[debug] &amp#27;[35m[AndroidBootstrap]&amp#27;[39m [BOOTSTRAP LOG] [debug] Got data from client: {"cmd":"action","action":"find","params":{"strategy":"xpath","selector":"//*[@text='Network & internet']","context":"","multiple":false}}
[debug] &amp#27;[35m[AndroidBootstrap]&amp#27;[39m [BOOTSTRAP LOG] [debug] Got command of type ACTION
[debug] &amp#27;[35m[AndroidBootstrap]&amp#27;[39m [BOOTSTRAP LOG] [debug] Got command action: find
[debug] &amp#27;[35m[AndroidBootstrap]&amp#27;[39m [BOOTSTRAP LOG] [debug] Finding '//*[@text='Network & internet']' using 'XPATH' with the contextId: '' multiple: false
[debug] &amp#27;[35m[AndroidBootstrap]&amp#27;[39m [BOOTSTRAP LOG] [debug] Using: UiSelector[CLASS=android.widget.TextView, INSTANCE=4]
[debug] &amp#27;[35m[AndroidBootstrap]&amp#27;[39m Received command result from bootstrap
[debug] &amp#27;[35m[W3C (f9f9ce03)]&amp#27;[39m Responding to client with driver.findElement() result: {"element-6066-11e4-a52e-4f735466cecf":"12","ELEMENT":"12"}
&amp#27;[35m[HTTP]&amp#27;[39m &amp#27;[37m<-- POST /wd/hub/session/f9f9ce03-8680-42d8-ad02-c4aeca3fd647/element &amp#27;[39m&amp#27;[32m200&amp#27;[39m &amp#27;[90m329 ms - 69&amp#27;[39m
&amp#27;[35m[HTTP]&amp#27;[39m &amp#27;[90m&amp#27;[39m
[debug] &amp#27;[35m[AndroidBootstrap]&amp#27;[39m [BOOTSTRAP LOG] [debug] Returning result: {"status":0,"value":{"ELEMENT":"12"}}
&amp#27;[35m[HTTP]&amp#27;[39m &amp#27;[37m-->&amp#27;[39m &amp#27;[37mPOST&amp#27;[39m &amp#27;[37m/wd/hub/session/f9f9ce03-8680-42d8-ad02-c4aeca3fd647/element/12/click&amp#27;[39m
&amp#27;[35m[HTTP]&amp#27;[39m &amp#27;[90m{"id":"12"}&amp#27;[39m
[debug] &amp#27;[35m[W3C (f9f9ce03)]&amp#27;[39m Calling AppiumDriver.click() with args: ["12","f9f9ce03-8680-42d8-ad02-c4aeca3fd647"]
[debug] &amp#27;[35m[AndroidBootstrap]&amp#27;[39m Sending command to android: {"cmd":"action","action":"element:click","params":{"elementId":"12"}}
[debug] &amp#27;[35m[AndroidBootstrap]&amp#27;[39m [BOOTSTRAP LOG] [debug] Got data from client: {"cmd":"action","action":"element:click","params":{"elementId":"12"}}
[debug] &amp#27;[35m[AndroidBootstrap]&amp#27;[39m [BOOTSTRAP LOG] [debug] Got command of type ACTION
[debug] &amp#27;[35m[AndroidBootstrap]&amp#27;[39m [BOOTSTRAP LOG] [debug] Got command action: click
[debug] &amp#27;[35m[AndroidBootstrap]&amp#27;[39m [BOOTSTRAP LOG] [debug] Returning result: {"status":0,"value":true}
[debug] &amp#27;[35m[AndroidBootstrap]&amp#27;[39m Received command result from bootstrap
[debug] &amp#27;[35m[W3C (f9f9ce03)]&amp#27;[39m Responding to client with driver.click() result: true
&amp#27;[35m[HTTP]&amp#27;[39m &amp#27;[37m<-- POST /wd/hub/session/f9f9ce03-8680-42d8-ad02-c4aeca3fd647/element/12/click &amp#27;[39m&amp#27;[32m200&amp#27;[39m &amp#27;[90m624 ms - 14&amp#27;[39m
&amp#27;[35m[HTTP]&amp#27;[39m &amp#27;[90m&amp#27;[39m
&amp#27;[35m[HTTP]&amp#27;[39m &amp#27;[37m-->&amp#27;[39m &amp#27;[37mGET&amp#27;[39m &amp#27;[37m/wd/hub/session/f9f9ce03-8680-42d8-ad02-c4aeca3fd647/context&amp#27;[39m
&amp#27;[35m[HTTP]&amp#27;[39m &amp#27;[90m{}&amp#27;[39m
[debug] &amp#27;[35m[W3C (f9f9ce03)]&amp#27;[39m Calling AppiumDriver.getCurrentContext() with args: ["f9f9ce03-8680-42d8-ad02-c4aeca3fd647"]
[debug] &amp#27;[35m[W3C (f9f9ce03)]&amp#27;[39m Responding to client with driver.getCurrentContext() result: "NATIVE_APP"
&amp#27;[35m[HTTP]&amp#27;[39m &amp#27;[37m<-- GET /wd/hub/session/f9f9ce03-8680-42d8-ad02-c4aeca3fd647/context &amp#27;[39m&amp#27;[32m200&amp#27;[39m &amp#27;[90m3 ms - 22&amp#27;[39m
&amp#27;[35m[HTTP]&amp#27;[39m &amp#27;[90m&amp#27;[39m
&amp#27;[35m[HTTP]&amp#27;[39m &amp#27;[37m-->&amp#27;[39m &amp#27;[37mPOST&amp#27;[39m &amp#27;[37m/wd/hub/session/f9f9ce03-8680-42d8-ad02-c4aeca3fd647/element&amp#27;[39m
&amp#27;[35m[HTTP]&amp#27;[39m &amp#27;[90m{"using":"xpath","value":"//*[@text='Mobile network']"}&amp#27;[39m
[debug] &amp#27;[35m[W3C (f9f9ce03)]&amp#27;[39m Calling AppiumDriver.findElement() with args: ["xpath","//*[@text='Mobile network']","f9f9ce03-8680-42d8-ad02-c4aeca3fd647"]
[debug] &amp#27;[35m[BaseDriver]&amp#27;[39m Valid locator strategies for this request: xpath, id, class name, accessibility id, -android uiautomator
[debug] &amp#27;[35m[BaseDriver]&amp#27;[39m Waiting up to 10000 ms for condition
[debug] &amp#27;[35m[AndroidBootstrap]&amp#27;[39m Sending command to android: {"cmd":"action","action":"find","params":{"strategy":"xpath","selector":"//*[@text='Mobile network']","context":"","multiple":false}}
[debug] &amp#27;[35m[AndroidBootstrap]&amp#27;[39m [BOOTSTRAP LOG] [debug] Got data from client: {"cmd":"action","action":"find","params":{"strategy":"xpath","selector":"//*[@text='Mobile network']","context":"","multiple":false}}
[debug] &amp#27;[35m[AndroidBootstrap]&amp#27;[39m [BOOTSTRAP LOG] [debug] Got command of type ACTION
[debug] &amp#27;[35m[AndroidBootstrap]&amp#27;[39m [BOOTSTRAP LOG] [debug] Got command action: find
[debug] &amp#27;[35m[AndroidBootstrap]&amp#27;[39m [BOOTSTRAP LOG] [debug] Finding '//*[@text='Mobile network']' using 'XPATH' with the contextId: '' multiple: false
[debug] &amp#27;[35m[AndroidBootstrap]&amp#27;[39m [BOOTSTRAP LOG] [debug] Using: UiSelector[CLASS=android.widget.TextView, INSTANCE=4]
[debug] &amp#27;[35m[AndroidBootstrap]&amp#27;[39m Received command result from bootstrap
[debug] &amp#27;[35m[W3C (f9f9ce03)]&amp#27;[39m Responding to client with driver.findElement() result: {"element-6066-11e4-a52e-4f735466cecf":"13","ELEMENT":"13"}
&amp#27;[35m[HTTP]&amp#27;[39m &amp#27;[37m<-- POST /wd/hub/session/f9f9ce03-8680-42d8-ad02-c4aeca3fd647/element &amp#27;[39m&amp#27;[32m200&amp#27;[39m &amp#27;[90m152 ms - 69&amp#27;[39m
&amp#27;[35m[HTTP]&amp#27;[39m &amp#27;[90m&amp#27;[39m
[debug] &amp#27;[35m[AndroidBootstrap]&amp#27;[39m [BOOTSTRAP LOG] [debug] Returning result: {"status":0,"value":{"ELEMENT":"13"}}
&amp#27;[35m[HTTP]&amp#27;[39m &amp#27;[37m-->&amp#27;[39m &amp#27;[37mPOST&amp#27;[39m &amp#27;[37m/wd/hub/session/f9f9ce03-8680-42d8-ad02-c4aeca3fd647/element/13/click&amp#27;[39m
&amp#27;[35m[HTTP]&amp#27;[39m &amp#27;[90m{"id":"13"}&amp#27;[39m
[debug] &amp#27;[35m[W3C (f9f9ce03)]&amp#27;[39m Calling AppiumDriver.click() with args: ["13","f9f9ce03-8680-42d8-ad02-c4aeca3fd647"]
[debug] &amp#27;[35m[AndroidBootstrap]&amp#27;[39m Sending command to android: {"cmd":"action","action":"element:click","params":{"elementId":"13"}}
[debug] &amp#27;[35m[AndroidBootstrap]&amp#27;[39m [BOOTSTRAP LOG] [debug] Got data from client: {"cmd":"action","action":"element:click","params":{"elementId":"13"}}
[debug] &amp#27;[35m[AndroidBootstrap]&amp#27;[39m [BOOTSTRAP LOG] [debug] Got command of type ACTION
[debug] &amp#27;[35m[AndroidBootstrap]&amp#27;[39m [BOOTSTRAP LOG] [debug] Got command action: click
[debug] &amp#27;[35m[AndroidBootstrap]&amp#27;[39m Received command result from bootstrap
[debug] &amp#27;[35m[W3C (f9f9ce03)]&amp#27;[39m Responding to client with driver.click() result: true
&amp#27;[35m[HTTP]&amp#27;[39m &amp#27;[37m<-- POST /wd/hub/session/f9f9ce03-8680-42d8-ad02-c4aeca3fd647/element/13/click &amp#27;[39m&amp#27;[32m200&amp#27;[39m &amp#27;[90m601 ms - 14&amp#27;[39m
&amp#27;[35m[HTTP]&amp#27;[39m &amp#27;[90m&amp#27;[39m
[debug] &amp#27;[35m[AndroidBootstrap]&amp#27;[39m [BOOTSTRAP LOG] [debug] Returning result: {"status":0,"value":true}
&amp#27;[35m[HTTP]&amp#27;[39m &amp#27;[37m-->&amp#27;[39m &amp#27;[37mGET&amp#27;[39m &amp#27;[37m/wd/hub/session/f9f9ce03-8680-42d8-ad02-c4aeca3fd647/context&amp#27;[39m
&amp#27;[35m[HTTP]&amp#27;[39m &amp#27;[90m{}&amp#27;[39m
[debug] &amp#27;[35m[W3C (f9f9ce03)]&amp#27;[39m Calling AppiumDriver.getCurrentContext() with args: ["f9f9ce03-8680-42d8-ad02-c4aeca3fd647"]
[debug] &amp#27;[35m[W3C (f9f9ce03)]&amp#27;[39m Responding to client with driver.getCurrentContext() result: "NATIVE_APP"
&amp#27;[35m[HTTP]&amp#27;[39m &amp#27;[37m<-- GET /wd/hub/session/f9f9ce03-8680-42d8-ad02-c4aeca3fd647/context &amp#27;[39m&amp#27;[32m200&amp#27;[39m &amp#27;[90m1 ms - 22&amp#27;[39m
&amp#27;[35m[HTTP]&amp#27;[39m &amp#27;[90m&amp#27;[39m
&amp#27;[35m[HTTP]&amp#27;[39m &amp#27;[37m-->&amp#27;[39m &amp#27;[37mPOST&amp#27;[39m &amp#27;[37m/wd/hub/session/f9f9ce03-8680-42d8-ad02-c4aeca3fd647/element&amp#27;[39m
&amp#27;[35m[HTTP]&amp#27;[39m &amp#27;[90m{"using":"id","value":"android:id/switch_widget"}&amp#27;[39m
[debug] &amp#27;[35m[W3C (f9f9ce03)]&amp#27;[39m Calling AppiumDriver.findElement() with args: ["id","android:id/switch_widget","f9f9ce03-8680-42d8-ad02-c4aeca3fd647"]
[debug] &amp#27;[35m[BaseDriver]&amp#27;[39m Valid locator strategies for this request: xpath, id, class name, accessibility id, -android uiautomator
[debug] &amp#27;[35m[BaseDriver]&amp#27;[39m Waiting up to 10000 ms for condition
[debug] &amp#27;[35m[AndroidBootstrap]&amp#27;[39m Sending command to android: {"cmd":"action","action":"find","params":{"strategy":"id","selector":"android:id/switch_widget","context":"","multiple":false}}
[debug] &amp#27;[35m[AndroidBootstrap]&amp#27;[39m [BOOTSTRAP LOG] [debug] Got data from client: {"cmd":"action","action":"find","params":{"strategy":"id","selector":"android:id/switch_widget","context":"","multiple":false}}
[debug] &amp#27;[35m[AndroidBootstrap]&amp#27;[39m [BOOTSTRAP LOG] [debug] Got command of type ACTION
[debug] &amp#27;[35m[AndroidBootstrap]&amp#27;[39m [BOOTSTRAP LOG] [debug] Got command action: find
[debug] &amp#27;[35m[AndroidBootstrap]&amp#27;[39m [BOOTSTRAP LOG] [debug] Finding 'android:id/switch_widget' using 'ID' with the contextId: '' multiple: false
[debug] &amp#27;[35m[AndroidBootstrap]&amp#27;[39m [BOOTSTRAP LOG] [debug] Using: UiSelector[INSTANCE=0, RESOURCE_ID=android:id/switch_widget]
[debug] &amp#27;[35m[AndroidBootstrap]&amp#27;[39m [BOOTSTRAP LOG] [debug] Returning result: {"status":0,"value":{"ELEMENT":"14"}}
[debug] &amp#27;[35m[AndroidBootstrap]&amp#27;[39m Received command result from bootstrap
[debug] &amp#27;[35m[W3C (f9f9ce03)]&amp#27;[39m Responding to client with driver.findElement() result: {"element-6066-11e4-a52e-4f735466cecf":"14","ELEMENT":"14"}
&amp#27;[35m[HTTP]&amp#27;[39m &amp#27;[37m<-- POST /wd/hub/session/f9f9ce03-8680-42d8-ad02-c4aeca3fd647/element &amp#27;[39m&amp#27;[32m200&amp#27;[39m &amp#27;[90m531 ms - 69&amp#27;[39m
&amp#27;[35m[HTTP]&amp#27;[39m &amp#27;[90m&amp#27;[39m
&amp#27;[35m[HTTP]&amp#27;[39m &amp#27;[37m-->&amp#27;[39m &amp#27;[37mPOST&amp#27;[39m &amp#27;[37m/wd/hub/session/f9f9ce03-8680-42d8-ad02-c4aeca3fd647/element/14/click&amp#27;[39m
&amp#27;[35m[HTTP]&amp#27;[39m &amp#27;[90m{"id":"14"}&amp#27;[39m
[debug] &amp#27;[35m[W3C (f9f9ce03)]&amp#27;[39m Calling AppiumDriver.click() with args: ["14","f9f9ce03-8680-42d8-ad02-c4aeca3fd647"]
[debug] &amp#27;[35m[AndroidBootstrap]&amp#27;[39m Sending command to android: {"cmd":"action","action":"element:click","params":{"elementId":"14"}}
[debug] &amp#27;[35m[AndroidBootstrap]&amp#27;[39m [BOOTSTRAP LOG] [debug] Got data from client: {"cmd":"action","action":"element:click","params":{"elementId":"14"}}
[debug] &amp#27;[35m[AndroidBootstrap]&amp#27;[39m [BOOTSTRAP LOG] [debug] Got command of type ACTION
[debug] &amp#27;[35m[AndroidBootstrap]&amp#27;[39m [BOOTSTRAP LOG] [debug] Got command action: click
[debug] &amp#27;[35m[AndroidBootstrap]&amp#27;[39m [BOOTSTRAP LOG] [debug] Returning result: {"status":0,"value":true}
[debug] &amp#27;[35m[AndroidBootstrap]&amp#27;[39m Received command result from bootstrap
[debug] &amp#27;[35m[W3C (f9f9ce03)]&amp#27;[39m Responding to client with driver.click() result: true
&amp#27;[35m[HTTP]&amp#27;[39m &amp#27;[37m<-- POST /wd/hub/session/f9f9ce03-8680-42d8-ad02-c4aeca3fd647/element/14/click &amp#27;[39m&amp#27;[32m200&amp#27;[39m &amp#27;[90m144 ms - 14&amp#27;[39m
&amp#27;[35m[HTTP]&amp#27;[39m &amp#27;[90m&amp#27;[39m
&amp#27;[35m[HTTP]&amp#27;[39m &amp#27;[37m-->&amp#27;[39m &amp#27;[37mGET&amp#27;[39m &amp#27;[37m/wd/hub/session/f9f9ce03-8680-42d8-ad02-c4aeca3fd647/context&amp#27;[39m
&amp#27;[35m[HTTP]&amp#27;[39m &amp#27;[90m{}&amp#27;[39m
[debug] &amp#27;[35m[W3C (f9f9ce03)]&amp#27;[39m Calling AppiumDriver.getCurrentContext() with args: ["f9f9ce03-8680-42d8-ad02-c4aeca3fd647"]
[debug] &amp#27;[35m[W3C (f9f9ce03)]&amp#27;[39m Responding to client with driver.getCurrentContext() result: "NATIVE_APP"
&amp#27;[35m[HTTP]&amp#27;[39m &amp#27;[37m<-- GET /wd/hub/session/f9f9ce03-8680-42d8-ad02-c4aeca3fd647/context &amp#27;[39m&amp#27;[32m200&amp#27;[39m &amp#27;[90m3 ms - 22&amp#27;[39m
&amp#27;[35m[HTTP]&amp#27;[39m &amp#27;[90m&amp#27;[39m
&amp#27;[35m[HTTP]&amp#27;[39m &amp#27;[37m-->&amp#27;[39m &amp#27;[37mPOST&amp#27;[39m &amp#27;[37m/wd/hub/session/f9f9ce03-8680-42d8-ad02-c4aeca3fd647/element&amp#27;[39m
&amp#27;[35m[HTTP]&amp#27;[39m &amp#27;[90m{"using":"xpath","value":"//*[@text='OFF']"}&amp#27;[39m
[debug] &amp#27;[35m[W3C (f9f9ce03)]&amp#27;[39m Calling AppiumDriver.findElement() with args: ["xpath","//*[@text='OFF']","f9f9ce03-8680-42d8-ad02-c4aeca3fd647"]
[debug] &amp#27;[35m[BaseDriver]&amp#27;[39m Valid locator strategies for this request: xpath, id, class name, accessibility id, -android uiautomator
[debug] &amp#27;[35m[BaseDriver]&amp#27;[39m Waiting up to 10000 ms for condition
[debug] &amp#27;[35m[AndroidBootstrap]&amp#27;[39m Sending command to android: {"cmd":"action","action":"find","params":{"strategy":"xpath","selector":"//*[@text='OFF']","context":"","multiple":false}}
[debug] &amp#27;[35m[AndroidBootstrap]&amp#27;[39m [BOOTSTRAP LOG] [debug] Got data from client: {"cmd":"action","action":"find","params":{"strategy":"xpath","selector":"//*[@text='OFF']","context":"","multiple":false}}
[debug] &amp#27;[35m[AndroidBootstrap]&amp#27;[39m [BOOTSTRAP LOG] [debug] Got command of type ACTION
[debug] &amp#27;[35m[AndroidBootstrap]&amp#27;[39m [BOOTSTRAP LOG] [debug] Got command action: find
[debug] &amp#27;[35m[AndroidBootstrap]&amp#27;[39m [BOOTSTRAP LOG] [debug] Finding '//*[@text='OFF']' using 'XPATH' with the contextId: '' multiple: false
[debug] &amp#27;[35m[AndroidBootstrap]&amp#27;[39m [BOOTSTRAP LOG] [debug] Using: UiSelector[CLASS=android.widget.Switch, INSTANCE=0]
[debug] &amp#27;[35m[AndroidBootstrap]&amp#27;[39m [BOOTSTRAP LOG] [debug] Returning result: {"status":0,"value":{"ELEMENT":"15"}}
[debug] &amp#27;[35m[AndroidBootstrap]&amp#27;[39m Received command result from bootstrap
[debug] &amp#27;[35m[W3C (f9f9ce03)]&amp#27;[39m Responding to client with driver.findElement() result: {"element-6066-11e4-a52e-4f735466cecf":"15","ELEMENT":"15"}
&amp#27;[35m[HTTP]&amp#27;[39m &amp#27;[37m<-- POST /wd/hub/session/f9f9ce03-8680-42d8-ad02-c4aeca3fd647/element &amp#27;[39m&amp#27;[32m200&amp#27;[39m &amp#27;[90m820 ms - 69&amp#27;[39m
&amp#27;[35m[HTTP]&amp#27;[39m &amp#27;[90m&amp#27;[39m
&amp#27;[35m[HTTP]&amp#27;[39m &amp#27;[37m-->&amp#27;[39m &amp#27;[37mGET&amp#27;[39m &amp#27;[37m/wd/hub/session/f9f9ce03-8680-42d8-ad02-c4aeca3fd647/element/15/text&amp#27;[39m
&amp#27;[35m[HTTP]&amp#27;[39m &amp#27;[90m{}&amp#27;[39m
[debug] &amp#27;[35m[W3C (f9f9ce03)]&amp#27;[39m Calling AppiumDriver.getText() with args: ["15","f9f9ce03-8680-42d8-ad02-c4aeca3fd647"]
[debug] &amp#27;[35m[AndroidBootstrap]&amp#27;[39m Sending command to android: {"cmd":"action","action":"element:getText","params":{"elementId":"15"}}
[debug] &amp#27;[35m[AndroidBootstrap]&amp#27;[39m [BOOTSTRAP LOG] [debug] Got data from client: {"cmd":"action","action":"element:getText","params":{"elementId":"15"}}
[debug] &amp#27;[35m[AndroidBootstrap]&amp#27;[39m [BOOTSTRAP LOG] [debug] Got command of type ACTION
[debug] &amp#27;[35m[AndroidBootstrap]&amp#27;[39m [BOOTSTRAP LOG] [debug] Got command action: getText
[debug] &amp#27;[35m[AndroidBootstrap]&amp#27;[39m [BOOTSTRAP LOG] [debug] Returning result: {"status":0,"value":"OFF"}
[debug] &amp#27;[35m[AndroidBootstrap]&amp#27;[39m Received command result from bootstrap
[debug] &amp#27;[35m[W3C (f9f9ce03)]&amp#27;[39m Responding to client with driver.getText() result: "OFF"
&amp#27;[35m[HTTP]&amp#27;[39m &amp#27;[37m<-- GET /wd/hub/session/f9f9ce03-8680-42d8-ad02-c4aeca3fd647/element/15/text &amp#27;[39m&amp#27;[32m200&amp#27;[39m &amp#27;[90m46 ms - 15&amp#27;[39m
&amp#27;[35m[HTTP]&amp#27;[39m &amp#27;[90m&amp#27;[39m
]]></system-out>
    <system-err><![CDATA[Jan 04, 2021 8:05:09 AM io.appium.java_client.remote.AppiumCommandExecutor$1 lambda$0
INFO: Detected dialect: W3C
]]></system-err>
  </testcase>
  <testcase name="wifi1" classname="com.communitake.tests.automation.gms.FacilitiesTests" time="35.766">
    <failure message="Can&apos;t locate an element by this strategy: By.chained({By.id: Wiâ€‘Fi})" type="org.openqa.selenium.NoSuchElementException"><![CDATA[org.openqa.selenium.NoSuchElementException: Can't locate an element by this strategy: By.chained({By.id: Wiâ€‘Fi})
	at com.communitake.tests.automation.gms.FacilitiesTests.wifi1(FacilitiesTests.java:133)
Caused by: org.openqa.selenium.TimeoutException: Expected condition failed: waiting for io.appium.java_client.pagefactory.AppiumElementLocator$WaitingFunction@7c891ba7 (tried for 1 second(s) with 500 milliseconds interval)
	at com.communitake.tests.automation.gms.FacilitiesTests.wifi1(FacilitiesTests.java:133)
Caused by: org.openqa.selenium.NoSuchElementException: 
Cannot locate an element using By.chained({By.id: Wiâ€‘Fi})
For documentation on this error, please visit: https://www.seleniumhq.org/exceptions/no_such_element.html
Build info: version: '3.141.59', revision: 'e82be7d358', time: '2018-11-14T08:17:03'
System info: host: 'DESKTOP-GP0GM2O', ip: '192.168.1.8', os.name: 'Windows 10', os.arch: 'amd64', os.version: '10.0', java.version: '1.8.0_131'
Driver info: driver.version: AndroidDriver
	at com.communitake.tests.automation.gms.FacilitiesTests.wifi1(FacilitiesTests.java:133)
]]></failure>
    <system-out><![CDATA[&amp#27;[35m[HTTP]&amp#27;[39m &amp#27;[37m-->&amp#27;[39m &amp#27;[37mGET&amp#27;[39m &amp#27;[37m/wd/hub/status&amp#27;[39m
&amp#27;[35m[HTTP]&amp#27;[39m &amp#27;[90m{}&amp#27;[39m
[debug] &amp#27;[35m[GENERIC]&amp#27;[39m Calling AppiumDriver.getStatus() with args: []
[debug] &amp#27;[35m[GENERIC]&amp#27;[39m Responding to client with driver.getStatus() result: {"build":{"version":"1.19.1"}}
&amp#27;[35m[HTTP]&amp#27;[39m &amp#27;[37m<-- GET /wd/hub/status &amp#27;[39m&amp#27;[32m200&amp#27;[39m &amp#27;[90m2 ms - 68&amp#27;[39m
&amp#27;[35m[HTTP]&amp#27;[39m &amp#27;[90m&amp#27;[39m
&amp#27;[35m[HTTP]&amp#27;[39m &amp#27;[37m-->&amp#27;[39m &amp#27;[37mPOST&amp#27;[39m &amp#27;[37m/wd/hub/session&amp#27;[39m
&amp#27;[35m[HTTP]&amp#27;[39m &amp#27;[90m{"desiredCapabilities":{"appActivity":"com.communitake.mdc.SplashScreen","appPackage":"com.communitake.mdc.supportsip","noReset":"true","platformVersion":"9","automationName":"UiAutomator1","browserName":"","platformName":"Android","udid":"CTGED020000261","deviceName":"CTGED02"},"capabilities":{"firstMatch":[{"appium:appActivity":"com.communitake.mdc.SplashScreen","appium:appPackage":"com.communitake.mdc.supportsip","appium:automationName":"UiAutomator1","browserName":"","appium:deviceName":"CTGED02","appium:noReset":"true","platformName":"android","appium:platformVersion":"9","appium:udid":"CTGED020000261"}]}}&amp#27;[39m
[debug] &amp#27;[35m[W3C]&amp#27;[39m Calling AppiumDriver.createSession() with args: [{"appActivity":"com.communitake.mdc.SplashScreen","appPackage":"com.communitake.mdc.supportsip","noReset":"true","platformVersion":"9","automationName":"UiAutomator1","browserName":"","platformName":"Android","udid":"CTGED020000261","deviceName":"CTGED02"},null,{"firstMatch":[{"appium:appActivity":"com.communitake.mdc.SplashScreen","appium:appPackage":"com.communitake.mdc.supportsip","appium:automationName":"UiAutomator1","browserName":"","appium:deviceName":"CTGED02","appium:noReset":"true","platformName":"android","appium:platformVersion":"9","appium:udid":"CTGED020000261"}]}]
[debug] &amp#27;[35m[BaseDriver]&amp#27;[39m Event 'newSessionRequested' logged at 1609740339880 (08:05:39 GMT+0200 (Israel Standard Time))
&amp#27;[35m[Appium]&amp#27;[39m Appium v1.19.1 creating new AndroidDriver (v4.41.0) session
[debug] &amp#27;[35m[BaseDriver]&amp#27;[39m W3C capabilities and MJSONWP desired capabilities were provided
[debug] &amp#27;[35m[BaseDriver]&amp#27;[39m Creating session with W3C capabilities: {
[debug] &amp#27;[35m[BaseDriver]&amp#27;[39m   "alwaysMatch": {
[debug] &amp#27;[35m[BaseDriver]&amp#27;[39m     "browserName": "",
[debug] &amp#27;[35m[BaseDriver]&amp#27;[39m     "platformName": "android",
[debug] &amp#27;[35m[BaseDriver]&amp#27;[39m     "appium:appActivity": "com.communitake.mdc.SplashScreen",
[debug] &amp#27;[35m[BaseDriver]&amp#27;[39m     "appium:appPackage": "com.communitake.mdc.supportsip",
[debug] &amp#27;[35m[BaseDriver]&amp#27;[39m     "appium:automationName": "UiAutomator1",
[debug] &amp#27;[35m[BaseDriver]&amp#27;[39m     "appium:deviceName": "CTGED02",
[debug] &amp#27;[35m[BaseDriver]&amp#27;[39m     "appium:noReset": "true",
[debug] &amp#27;[35m[BaseDriver]&amp#27;[39m     "appium:platformVersion": "9",
[debug] &amp#27;[35m[BaseDriver]&amp#27;[39m     "appium:udid": "CTGED020000261"
[debug] &amp#27;[35m[BaseDriver]&amp#27;[39m   },
[debug] &amp#27;[35m[BaseDriver]&amp#27;[39m   "firstMatch": [
[debug] &amp#27;[35m[BaseDriver]&amp#27;[39m     {}
[debug] &amp#27;[35m[BaseDriver]&amp#27;[39m   ]
[debug] &amp#27;[35m[BaseDriver]&amp#27;[39m }
&amp#27;[35m[BaseDriver]&amp#27;[39m Capability 'noReset' changed from string to boolean. This may cause unexpected behavior
&amp#27;[35m[BaseDriver]&amp#27;[39m Session created with session id: 727c892e-3132-4c61-80f6-9db5358a458b
&amp#27;[35m[ADB]&amp#27;[39m Using 'adb.exe' from 'C:\Users\Nissim Automation\AppData\Local\Android\Sdk\platform-tools\adb.exe'
[debug] &amp#27;[35m[ADB]&amp#27;[39m Running 'C:\Users\Nissim Automation\AppData\Local\Android\Sdk\platform-tools\adb.exe -P 5037 start-server'
&amp#27;[35m[AndroidDriver]&amp#27;[39m Retrieving device list
[debug] &amp#27;[35m[ADB]&amp#27;[39m Trying to find a connected android device
[debug] &amp#27;[35m[ADB]&amp#27;[39m Getting connected devices
[debug] &amp#27;[35m[ADB]&amp#27;[39m Connected devices: [{"udid":"CTGED020000261","state":"device"}]
&amp#27;[35m[AndroidDriver]&amp#27;[39m Using device: CTGED020000261
&amp#27;[35m[ADB]&amp#27;[39m Using 'adb.exe' from 'C:\Users\Nissim Automation\AppData\Local\Android\Sdk\platform-tools\adb.exe'
[debug] &amp#27;[35m[ADB]&amp#27;[39m Running 'C:\Users\Nissim Automation\AppData\Local\Android\Sdk\platform-tools\adb.exe -P 5037 start-server'
[debug] &amp#27;[35m[ADB]&amp#27;[39m Setting device id to CTGED020000261
[debug] &amp#27;[35m[ADB]&amp#27;[39m Running 'C:\Users\Nissim Automation\AppData\Local\Android\Sdk\platform-tools\adb.exe -P 5037 -s CTGED020000261 shell getprop ro.build.version.sdk'
[debug] &amp#27;[35m[ADB]&amp#27;[39m Current device property 'ro.build.version.sdk': 28
&amp#27;[35m[ADB]&amp#27;[39m Getting device platform version
[debug] &amp#27;[35m[ADB]&amp#27;[39m Running 'C:\Users\Nissim Automation\AppData\Local\Android\Sdk\platform-tools\adb.exe -P 5037 -s CTGED020000261 shell getprop ro.build.version.release'
[debug] &amp#27;[35m[ADB]&amp#27;[39m Current device property 'ro.build.version.release': 9
[debug] &amp#27;[35m[ADB]&amp#27;[39m Device API level: 28
&amp#27;[35m[AndroidDriver]&amp#27;[39m Consider setting 'automationName' capability to 'uiautomator2' on Android >= 6, since UIAutomator framework is not maintained anymore by the OS vendor.
&amp#27;[35m[AndroidDriver]&amp#27;[39m App file was not listed, instead we're going to run com.communitake.mdc.supportsip directly on the device
[debug] &amp#27;[35m[AndroidDriver]&amp#27;[39m Checking whether package is present on the device
[debug] &amp#27;[35m[ADB]&amp#27;[39m Running 'C:\Users\Nissim Automation\AppData\Local\Android\Sdk\platform-tools\adb.exe -P 5037 -s CTGED020000261 shell pm list packages com.communitake.mdc.supportsip'
&amp#27;[35m[AndroidDriver]&amp#27;[39m Starting Android session
[debug] &amp#27;[35m[ADB]&amp#27;[39m Running 'C:\Users\Nissim Automation\AppData\Local\Android\Sdk\platform-tools\adb.exe -P 5037 -s CTGED020000261 wait-for-device'
[debug] &amp#27;[35m[ADB]&amp#27;[39m Running 'C:\Users\Nissim Automation\AppData\Local\Android\Sdk\platform-tools\adb.exe -P 5037 -s CTGED020000261 shell echo ping'
[debug] &amp#27;[35m[AndroidDriver]&amp#27;[39m Pushing settings apk to device...
[debug] &amp#27;[35m[ADB]&amp#27;[39m Getting install status for io.appium.settings
[debug] &amp#27;[35m[ADB]&amp#27;[39m Running 'C:\Users\Nissim Automation\AppData\Local\Android\Sdk\platform-tools\adb.exe -P 5037 -s CTGED020000261 shell dumpsys package io.appium.settings'
[debug] &amp#27;[35m[ADB]&amp#27;[39m 'io.appium.settings' is installed
[debug] &amp#27;[35m[ADB]&amp#27;[39m Getting package info for 'io.appium.settings'
[debug] &amp#27;[35m[ADB]&amp#27;[39m Running 'C:\Users\Nissim Automation\AppData\Local\Android\Sdk\platform-tools\adb.exe -P 5037 -s CTGED020000261 shell dumpsys package io.appium.settings'
[debug] &amp#27;[35m[ADB]&amp#27;[39m The version name of the installed 'io.appium.settings' is greater or equal to the application version name ('3.2.1' >= '3.2.1')
[debug] &amp#27;[35m[ADB]&amp#27;[39m There is no need to install/upgrade 'C:\Users\Nissim Automation\AppData\Roaming\npm\node_modules\appium\node_modules\io.appium.settings\apks\settings_apk-debug.apk'
[debug] &amp#27;[35m[ADB]&amp#27;[39m Getting IDs of all 'io.appium.settings' processes
[debug] &amp#27;[35m[ADB]&amp#27;[39m Running 'C:\Users\Nissim Automation\AppData\Local\Android\Sdk\platform-tools\adb.exe -P 5037 -s CTGED020000261 shell 'pgrep --help; echo $?''
&amp#27;[35m[Appium]&amp#27;[39m Welcome to Appium v1.19.1
[debug] &amp#27;[35m[ADB]&amp#27;[39m Running 'C:\Users\Nissim Automation\AppData\Local\Android\Sdk\platform-tools\adb.exe -P 5037 -s CTGED020000261 shell pgrep -f \(\[\[:blank:\]\]\|\^\)io\.appium\.settings\(\[\[:blank:\]\]\|\$\)'
&amp#27;[35m[HTTP]&amp#27;[39m Could not start REST http interface listener. The requested port may already be in use. Please make sure there is no other instance of this server running already.
Fatal Error: listen EADDRINUSE: address already in use 0.0.0.0:4723
    at Server.setupListenHandle [as _listen2] (net.js:1318:16)
    at listenInCluster (net.js:1366:12)
    at doListen (net.js:1503:7)
    at processTicksAndRejections (internal/process/task_queues.js:81:21)
[debug] &amp#27;[35m[AndroidDriver]&amp#27;[39m io.appium.settings is already running. There is no need to reset its permissions.
[debug] &amp#27;[35m[ADB]&amp#27;[39m Running 'C:\Users\Nissim Automation\AppData\Local\Android\Sdk\platform-tools\adb.exe -P 5037 -s CTGED020000261 shell appops set io.appium.settings android:mock_location allow'
[debug] &amp#27;[35m[Logcat]&amp#27;[39m Starting logs capture with command: 'C:\\Users\\Nissim Automation\\AppData\\Local\\Android\\Sdk\\platform-tools\\adb.exe' -P 5037 -s CTGED020000261 logcat -v threadtime
&amp#27;[35m[ADB]&amp#27;[39m Getting device platform version
[debug] &amp#27;[35m[ADB]&amp#27;[39m Running 'C:\Users\Nissim Automation\AppData\Local\Android\Sdk\platform-tools\adb.exe -P 5037 -s CTGED020000261 shell getprop ro.build.version.release'
[debug] &amp#27;[35m[ADB]&amp#27;[39m Current device property 'ro.build.version.release': 9
[debug] &amp#27;[35m[ADB]&amp#27;[39m Running 'C:\Users\Nissim Automation\AppData\Local\Android\Sdk\platform-tools\adb.exe -P 5037 -s CTGED020000261 shell wm size'
[debug] &amp#27;[35m[ADB]&amp#27;[39m Running 'C:\Users\Nissim Automation\AppData\Local\Android\Sdk\platform-tools\adb.exe -P 5037 -s CTGED020000261 shell getprop ro.product.model'
[debug] &amp#27;[35m[ADB]&amp#27;[39m Current device property 'ro.product.model': CTGED02
[debug] &amp#27;[35m[ADB]&amp#27;[39m Running 'C:\Users\Nissim Automation\AppData\Local\Android\Sdk\platform-tools\adb.exe -P 5037 -s CTGED020000261 shell getprop ro.product.manufacturer'
[debug] &amp#27;[35m[ADB]&amp#27;[39m Current device property 'ro.product.manufacturer': sanmu
&amp#27;[35m[AndroidDriver]&amp#27;[39m No app sent in, not parsing package/activity
[debug] &amp#27;[35m[AndroidDriver]&amp#27;[39m No app capability. Assuming it is already on the device
[debug] &amp#27;[35m[AndroidBootstrap]&amp#27;[39m Watching for bootstrap disconnect
[debug] &amp#27;[35m[ADB]&amp#27;[39m Forwarding system: 4724 to device: 4724
[debug] &amp#27;[35m[ADB]&amp#27;[39m Running 'C:\Users\Nissim Automation\AppData\Local\Android\Sdk\platform-tools\adb.exe -P 5037 -s CTGED020000261 forward tcp:4724 tcp:4724'
[debug] &amp#27;[35m[UiAutomator]&amp#27;[39m Starting UiAutomator
[debug] &amp#27;[35m[UiAutomator]&amp#27;[39m Moving to state 'starting'
[debug] &amp#27;[35m[UiAutomator]&amp#27;[39m Parsing uiautomator jar
[debug] &amp#27;[35m[UiAutomator]&amp#27;[39m Found jar name: 'AppiumBootstrap.jar'
[debug] &amp#27;[35m[ADB]&amp#27;[39m Running 'C:\Users\Nissim Automation\AppData\Local\Android\Sdk\platform-tools\adb.exe -P 5037 -s CTGED020000261 shell mkdir -p /data/local'
[debug] &amp#27;[35m[ADB]&amp#27;[39m Running 'C:\Users\Nissim Automation\AppData\Local\Android\Sdk\platform-tools\adb.exe -P 5037 -s CTGED020000261 push 'C:\\Users\\Nissim Automation\\AppData\\Roaming\\npm\\node_modules\\appium\\node_modules\\appium-android-driver\\bootstrap\\bin\\AppiumBootstrap.jar' /data/local/tmp/'
[debug] &amp#27;[35m[ADB]&amp#27;[39m Attempting to kill all uiautomator processes
[debug] &amp#27;[35m[ADB]&amp#27;[39m Getting IDs of all 'uiautomator' processes
[debug] &amp#27;[35m[ADB]&amp#27;[39m Running 'C:\Users\Nissim Automation\AppData\Local\Android\Sdk\platform-tools\adb.exe -P 5037 -s CTGED020000261 shell pgrep -f \(\[\[:blank:\]\]\|\^\)uiautomator\(\[\[:blank:\]\]\|\$\)'
[debug] &amp#27;[35m[ADB]&amp#27;[39m Attempting to kill process 7965
[debug] &amp#27;[35m[ADB]&amp#27;[39m Running 'C:\Users\Nissim Automation\AppData\Local\Android\Sdk\platform-tools\adb.exe -P 5037 -s CTGED020000261 shell kill 7965'
[debug] &amp#27;[35m[UiAutomator]&amp#27;[39m Starting UIAutomator
[debug] &amp#27;[35m[ADB]&amp#27;[39m Creating ADB subprocess with args: ["-P",5037,"-s","CTGED020000261","shell","uiautomator","runtest","AppiumBootstrap.jar","-c","io.appium.android.bootstrap.Bootstrap","-e","pkg","com.communitake.mdc.supportsip","-e","disableAndroidWatchers",false,"-e","acceptSslCerts",false]
&amp#27;[35m[UiAutomator]&amp#27;[39m UiAutomator exited unexpectedly with code 143, signal null
[debug] &amp#27;[35m[UiAutomator]&amp#27;[39m Moving to state 'stopped'
&amp#27;[35m[Appium]&amp#27;[39m Closing session, cause was 'UiAUtomator shut down unexpectedly'
&amp#27;[35m[Appium]&amp#27;[39m Removing session 'f9f9ce03-8680-42d8-ad02-c4aeca3fd647' from our master session list
[debug] &amp#27;[35m[AndroidDriver]&amp#27;[39m Shutting down Android driver
[debug] &amp#27;[35m[ADB]&amp#27;[39m Running 'C:\Users\Nissim Automation\AppData\Local\Android\Sdk\platform-tools\adb.exe -P 5037 -s CTGED020000261 shell am force-stop com.communitake.mdc.supportsip'
[debug] &amp#27;[35m[ADB]&amp#27;[39m Pressing the HOME button
[debug] &amp#27;[35m[ADB]&amp#27;[39m Running 'C:\Users\Nissim Automation\AppData\Local\Android\Sdk\platform-tools\adb.exe -P 5037 -s CTGED020000261 shell input keyevent 3'
[debug] &amp#27;[35m[UiAutomator]&amp#27;[39m Moving to state 'online'
&amp#27;[35m[AndroidBootstrap]&amp#27;[39m Android bootstrap socket is now connected
[debug] &amp#27;[35m[ADB]&amp#27;[39m Running 'C:\Users\Nissim Automation\AppData\Local\Android\Sdk\platform-tools\adb.exe -P 5037 -s CTGED020000261 shell dumpsys window'
[debug] &amp#27;[35m[AndroidBootstrap]&amp#27;[39m [BOOTSTRAP LOG] [debug] Registered crash watchers.
[debug] &amp#27;[35m[AndroidBootstrap]&amp#27;[39m [BOOTSTRAP LOG] [debug] Client connected
&amp#27;[35m[AndroidDriver]&amp#27;[39m Screen already unlocked, doing nothing
[debug] &amp#27;[35m[ADB]&amp#27;[39m Running 'C:\Users\Nissim Automation\AppData\Local\Android\Sdk\platform-tools\adb.exe -P 5037 -s CTGED020000261 shell am start -W -n com.communitake.mdc.supportsip/com.communitake.mdc.SplashScreen -S -a android.intent.action.MAIN -c android.intent.category.LAUNCHER -f 0x10200000'
&amp#27;[35m[AndroidBootstrap]&amp#27;[39m Cannot shut down Android bootstrap; it has already shut down
[debug] &amp#27;[35m[Logcat]&amp#27;[39m Stopping logcat capture
[debug] &amp#27;[35m[ADB]&amp#27;[39m Running 'C:\Users\Nissim Automation\AppData\Local\Android\Sdk\platform-tools\adb.exe -P 5037 -s CTGED020000261 shell am force-stop io.appium.unlock'
&amp#27;[35m[Appium]&amp#27;[39m New AndroidDriver session created successfully, session 727c892e-3132-4c61-80f6-9db5358a458b added to master session list
[debug] &amp#27;[35m[BaseDriver]&amp#27;[39m Event 'newSessionStarted' logged at 1609740344973 (08:05:44 GMT+0200 (Israel Standard Time))
[debug] &amp#27;[35m[W3C (727c892e)]&amp#27;[39m Cached the protocol value 'W3C' for the new session 727c892e-3132-4c61-80f6-9db5358a458b
[debug] &amp#27;[35m[W3C (727c892e)]&amp#27;[39m Responding to client with driver.createSession() result: {"capabilities":{"platform":"LINUX","webStorageEnabled":false,"takesScreenshot":true,"javascriptEnabled":true,"databaseEnabled":false,"networkConnectionEnabled":true,"locationContextEnabled":false,"warnings":{},"desired":{"browserName":"","platformName":"android","appActivity":"com.communitake.mdc.SplashScreen","appPackage":"com.communitake.mdc.supportsip","automationName":"UiAutomator1","deviceName":"CTGED02","noReset":true,"platformVersion":"9","udid":"CTGED020000261"},"browserName":"","platformName":"android","appActivity":"com.communitake.mdc.SplashScreen","appPackage":"com.communitake.mdc.supportsip","automationName":"UiAutomator1","deviceName":"CTGED020000261","noReset":true,"platformVersion":"9","udid":"CTGED020000261","deviceUDID":"CTGED020000261","deviceScreenSize":"720x1440","deviceModel":"CTGED02","deviceManufacturer":"sanmu"}}
&amp#27;[35m[HTTP]&amp#27;[39m &amp#27;[37m<-- POST /wd/hub/session &amp#27;[39m&amp#27;[32m200&amp#27;[39m &amp#27;[90m5094 ms - 911&amp#27;[39m
&amp#27;[35m[HTTP]&amp#27;[39m &amp#27;[90m&amp#27;[39m
false
&amp#27;[35m[HTTP]&amp#27;[39m &amp#27;[37m-->&amp#27;[39m &amp#27;[37mPOST&amp#27;[39m &amp#27;[37m/wd/hub/session/727c892e-3132-4c61-80f6-9db5358a458b/timeouts&amp#27;[39m
&amp#27;[35m[HTTP]&amp#27;[39m &amp#27;[90m{"implicit":10000}&amp#27;[39m
[debug] &amp#27;[35m[W3C (727c892e)]&amp#27;[39m Calling AppiumDriver.timeouts() with args: [null,null,null,null,10000,"727c892e-3132-4c61-80f6-9db5358a458b"]
[debug] &amp#27;[35m[BaseDriver]&amp#27;[39m W3C timeout argument: {"implicit":10000}}
[debug] &amp#27;[35m[BaseDriver]&amp#27;[39m Set implicit wait to 10000ms
[debug] &amp#27;[35m[W3C (727c892e)]&amp#27;[39m Responding to client with driver.timeouts() result: null
&amp#27;[35m[HTTP]&amp#27;[39m &amp#27;[37m<-- POST /wd/hub/session/727c892e-3132-4c61-80f6-9db5358a458b/timeouts &amp#27;[39m&amp#27;[32m200&amp#27;[39m &amp#27;[90m2 ms - 14&amp#27;[39m
&amp#27;[35m[HTTP]&amp#27;[39m &amp#27;[90m&amp#27;[39m
&amp#27;[35m[HTTP]&amp#27;[39m &amp#27;[37m-->&amp#27;[39m &amp#27;[37mGET&amp#27;[39m &amp#27;[37m/wd/hub/session/727c892e-3132-4c61-80f6-9db5358a458b/context&amp#27;[39m
&amp#27;[35m[HTTP]&amp#27;[39m &amp#27;[90m{}&amp#27;[39m
[debug] &amp#27;[35m[W3C (727c892e)]&amp#27;[39m Calling AppiumDriver.getCurrentContext() with args: ["727c892e-3132-4c61-80f6-9db5358a458b"]
[debug] &amp#27;[35m[W3C (727c892e)]&amp#27;[39m Responding to client with driver.getCurrentContext() result: "NATIVE_APP"
&amp#27;[35m[HTTP]&amp#27;[39m &amp#27;[37m<-- GET /wd/hub/session/727c892e-3132-4c61-80f6-9db5358a458b/context &amp#27;[39m&amp#27;[32m200&amp#27;[39m &amp#27;[90m2 ms - 22&amp#27;[39m
&amp#27;[35m[HTTP]&amp#27;[39m &amp#27;[90m&amp#27;[39m
&amp#27;[35m[HTTP]&amp#27;[39m &amp#27;[37m-->&amp#27;[39m &amp#27;[37mPOST&amp#27;[39m &amp#27;[37m/wd/hub/session/727c892e-3132-4c61-80f6-9db5358a458b/element&amp#27;[39m
&amp#27;[35m[HTTP]&amp#27;[39m &amp#27;[90m{"using":"id","value":"com.communitake.mdc.supportsip:id/menuImage"}&amp#27;[39m
[debug] &amp#27;[35m[W3C (727c892e)]&amp#27;[39m Calling AppiumDriver.findElement() with args: ["id","com.communitake.mdc.supportsip:id/menuImage","727c892e-3132-4c61-80f6-9db5358a458b"]
[debug] &amp#27;[35m[BaseDriver]&amp#27;[39m Valid locator strategies for this request: xpath, id, class name, accessibility id, -android uiautomator
[debug] &amp#27;[35m[BaseDriver]&amp#27;[39m Waiting up to 10000 ms for condition
[debug] &amp#27;[35m[AndroidBootstrap]&amp#27;[39m Sending command to android: {"cmd":"action","action":"find","params":{"strategy":"id","selector":"com.communitake.mdc.supportsip:id/menuImage","context":"","multiple":false}}
[debug] &amp#27;[35m[AndroidBootstrap]&amp#27;[39m [BOOTSTRAP LOG] [debug] Got data from client: {"cmd":"action","action":"find","params":{"strategy":"id","selector":"com.communitake.mdc.supportsip:id/menuImage","context":"","multiple":false}}
[debug] &amp#27;[35m[AndroidBootstrap]&amp#27;[39m [BOOTSTRAP LOG] [debug] Got command of type ACTION
[debug] &amp#27;[35m[AndroidBootstrap]&amp#27;[39m [BOOTSTRAP LOG] [debug] Got command action: find
[debug] &amp#27;[35m[AndroidBootstrap]&amp#27;[39m [BOOTSTRAP LOG] [debug] Finding 'com.communitake.mdc.supportsip:id/menuImage' using 'ID' with the contextId: '' multiple: false
[debug] &amp#27;[35m[AndroidBootstrap]&amp#27;[39m [BOOTSTRAP LOG] [debug] Using: UiSelector[INSTANCE=0, RESOURCE_ID=com.communitake.mdc.supportsip:id/menuImage]
[debug] &amp#27;[35m[AndroidBootstrap]&amp#27;[39m [BOOTSTRAP LOG] [debug] Failed to locate element. Clearing Accessibility cache and retrying.
[debug] &amp#27;[35m[AndroidBootstrap]&amp#27;[39m [BOOTSTRAP LOG] [debug] Finding 'com.communitake.mdc.supportsip:id/menuImage' using 'ID' with the contextId: '' multiple: false
[debug] &amp#27;[35m[AndroidBootstrap]&amp#27;[39m [BOOTSTRAP LOG] [debug] Using: UiSelector[INSTANCE=0, RESOURCE_ID=com.communitake.mdc.supportsip:id/menuImage]
[debug] &amp#27;[35m[AndroidBootstrap]&amp#27;[39m [BOOTSTRAP LOG] [debug] Returning result: {"status":0,"value":{"ELEMENT":"1"}}
[debug] &amp#27;[35m[AndroidBootstrap]&amp#27;[39m Received command result from bootstrap
[debug] &amp#27;[35m[W3C (727c892e)]&amp#27;[39m Responding to client with driver.findElement() result: {"element-6066-11e4-a52e-4f735466cecf":"1","ELEMENT":"1"}
&amp#27;[35m[HTTP]&amp#27;[39m &amp#27;[37m<-- POST /wd/hub/session/727c892e-3132-4c61-80f6-9db5358a458b/element &amp#27;[39m&amp#27;[32m200&amp#27;[39m &amp#27;[90m4519 ms - 67&amp#27;[39m
&amp#27;[35m[HTTP]&amp#27;[39m &amp#27;[90m&amp#27;[39m
&amp#27;[35m[HTTP]&amp#27;[39m &amp#27;[37m-->&amp#27;[39m &amp#27;[37mPOST&amp#27;[39m &amp#27;[37m/wd/hub/session/727c892e-3132-4c61-80f6-9db5358a458b/element/1/click&amp#27;[39m
&amp#27;[35m[HTTP]&amp#27;[39m &amp#27;[90m{"id":"1"}&amp#27;[39m
[debug] &amp#27;[35m[W3C (727c892e)]&amp#27;[39m Calling AppiumDriver.click() with args: ["1","727c892e-3132-4c61-80f6-9db5358a458b"]
[debug] &amp#27;[35m[AndroidBootstrap]&amp#27;[39m Sending command to android: {"cmd":"action","action":"element:click","params":{"elementId":"1"}}
[debug] &amp#27;[35m[AndroidBootstrap]&amp#27;[39m [BOOTSTRAP LOG] [debug] Got data from client: {"cmd":"action","action":"element:click","params":{"elementId":"1"}}
[debug] &amp#27;[35m[AndroidBootstrap]&amp#27;[39m [BOOTSTRAP LOG] [debug] Got command of type ACTION
[debug] &amp#27;[35m[AndroidBootstrap]&amp#27;[39m [BOOTSTRAP LOG] [debug] Got command action: click
[debug] &amp#27;[35m[AndroidBootstrap]&amp#27;[39m Received command result from bootstrap
[debug] &amp#27;[35m[W3C (727c892e)]&amp#27;[39m Responding to client with driver.click() result: true
&amp#27;[35m[HTTP]&amp#27;[39m &amp#27;[37m<-- POST /wd/hub/session/727c892e-3132-4c61-80f6-9db5358a458b/element/1/click &amp#27;[39m&amp#27;[32m200&amp#27;[39m &amp#27;[90m777 ms - 14&amp#27;[39m
&amp#27;[35m[HTTP]&amp#27;[39m &amp#27;[90m&amp#27;[39m
&amp#27;[35m[HTTP]&amp#27;[39m &amp#27;[37m-->&amp#27;[39m &amp#27;[37mGET&amp#27;[39m &amp#27;[37m/wd/hub/session/727c892e-3132-4c61-80f6-9db5358a458b/context&amp#27;[39m
&amp#27;[35m[HTTP]&amp#27;[39m &amp#27;[90m{}&amp#27;[39m
[debug] &amp#27;[35m[W3C (727c892e)]&amp#27;[39m Calling AppiumDriver.getCurrentContext() with args: ["727c892e-3132-4c61-80f6-9db5358a458b"]
[debug] &amp#27;[35m[W3C (727c892e)]&amp#27;[39m Responding to client with driver.getCurrentContext() result: "NATIVE_APP"
&amp#27;[35m[HTTP]&amp#27;[39m &amp#27;[37m<-- GET /wd/hub/session/727c892e-3132-4c61-80f6-9db5358a458b/context &amp#27;[39m&amp#27;[32m200&amp#27;[39m &amp#27;[90m3 ms - 22&amp#27;[39m
&amp#27;[35m[HTTP]&amp#27;[39m &amp#27;[90m&amp#27;[39m
[debug] &amp#27;[35m[AndroidBootstrap]&amp#27;[39m [BOOTSTRAP LOG] [debug] Returning result: {"status":0,"value":true}
&amp#27;[35m[HTTP]&amp#27;[39m &amp#27;[37m-->&amp#27;[39m &amp#27;[37mPOST&amp#27;[39m &amp#27;[37m/wd/hub/session/727c892e-3132-4c61-80f6-9db5358a458b/elements&amp#27;[39m
&amp#27;[35m[HTTP]&amp#27;[39m &amp#27;[90m{"using":"id","value":"android:id/title"}&amp#27;[39m
[debug] &amp#27;[35m[W3C (727c892e)]&amp#27;[39m Calling AppiumDriver.findElements() with args: ["id","android:id/title","727c892e-3132-4c61-80f6-9db5358a458b"]
[debug] &amp#27;[35m[BaseDriver]&amp#27;[39m Valid locator strategies for this request: xpath, id, class name, accessibility id, -android uiautomator
[debug] &amp#27;[35m[BaseDriver]&amp#27;[39m Waiting up to 10000 ms for condition
[debug] &amp#27;[35m[AndroidBootstrap]&amp#27;[39m Sending command to android: {"cmd":"action","action":"find","params":{"strategy":"id","selector":"android:id/title","context":"","multiple":true}}
[debug] &amp#27;[35m[AndroidBootstrap]&amp#27;[39m [BOOTSTRAP LOG] [debug] Got data from client: {"cmd":"action","action":"find","params":{"strategy":"id","selector":"android:id/title","context":"","multiple":true}}
[debug] &amp#27;[35m[AndroidBootstrap]&amp#27;[39m [BOOTSTRAP LOG] [debug] Got command of type ACTION
[debug] &amp#27;[35m[AndroidBootstrap]&amp#27;[39m [BOOTSTRAP LOG] [debug] Got command action: find
[debug] &amp#27;[35m[AndroidBootstrap]&amp#27;[39m [BOOTSTRAP LOG] [debug] Finding 'android:id/title' using 'ID' with the contextId: '' multiple: true
[debug] &amp#27;[35m[AndroidBootstrap]&amp#27;[39m [BOOTSTRAP LOG] [debug] Using: UiSelector[RESOURCE_ID=android:id/title]
[debug] &amp#27;[35m[AndroidBootstrap]&amp#27;[39m [BOOTSTRAP LOG] [debug] getElements selector:UiSelector[RESOURCE_ID=android:id/title]
[debug] &amp#27;[35m[AndroidBootstrap]&amp#27;[39m [BOOTSTRAP LOG] [debug] Element[] is null: (0)
[debug] &amp#27;[35m[AndroidBootstrap]&amp#27;[39m [BOOTSTRAP LOG] [debug] getElements tmp selector:UiSelector[INSTANCE=0, RESOURCE_ID=android:id/title]
[debug] &amp#27;[35m[AndroidBootstrap]&amp#27;[39m [BOOTSTRAP LOG] [debug] Element[] is null: (1)
[debug] &amp#27;[35m[AndroidBootstrap]&amp#27;[39m [BOOTSTRAP LOG] [debug] getElements tmp selector:UiSelector[INSTANCE=1, RESOURCE_ID=android:id/title]
[debug] &amp#27;[35m[AndroidBootstrap]&amp#27;[39m [BOOTSTRAP LOG] [debug] Element[] is null: (2)
[debug] &amp#27;[35m[AndroidBootstrap]&amp#27;[39m [BOOTSTRAP LOG] [debug] getElements tmp selector:UiSelector[INSTANCE=2, RESOURCE_ID=android:id/title]
[debug] &amp#27;[35m[AndroidBootstrap]&amp#27;[39m [BOOTSTRAP LOG] [debug] Returning result: {"status":0,"value":[{"ELEMENT":"2"},{"ELEMENT":"3"}]}
[debug] &amp#27;[35m[AndroidBootstrap]&amp#27;[39m Received command result from bootstrap
[debug] &amp#27;[35m[W3C (727c892e)]&amp#27;[39m Responding to client with driver.findElements() result: [{"element-6066-11e4-a52e-4f735466cecf":"2","ELEMENT":"2"},{"element-6066-11e4-a52e-4f735466cecf":"3","ELEMENT":"3"}]
&amp#27;[35m[HTTP]&amp#27;[39m &amp#27;[37m<-- POST /wd/hub/session/727c892e-3132-4c61-80f6-9db5358a458b/elements &amp#27;[39m&amp#27;[32m200&amp#27;[39m &amp#27;[90m833 ms - 127&amp#27;[39m
&amp#27;[35m[HTTP]&amp#27;[39m &amp#27;[90m&amp#27;[39m
&amp#27;[35m[HTTP]&amp#27;[39m &amp#27;[37m-->&amp#27;[39m &amp#27;[37mPOST&amp#27;[39m &amp#27;[37m/wd/hub/session/727c892e-3132-4c61-80f6-9db5358a458b/element/2/click&amp#27;[39m
&amp#27;[35m[HTTP]&amp#27;[39m &amp#27;[90m{"id":"2"}&amp#27;[39m
[debug] &amp#27;[35m[W3C (727c892e)]&amp#27;[39m Calling AppiumDriver.click() with args: ["2","727c892e-3132-4c61-80f6-9db5358a458b"]
[debug] &amp#27;[35m[AndroidBootstrap]&amp#27;[39m Sending command to android: {"cmd":"action","action":"element:click","params":{"elementId":"2"}}
[debug] &amp#27;[35m[AndroidBootstrap]&amp#27;[39m [BOOTSTRAP LOG] [debug] Got data from client: {"cmd":"action","action":"element:click","params":{"elementId":"2"}}
[debug] &amp#27;[35m[AndroidBootstrap]&amp#27;[39m [BOOTSTRAP LOG] [debug] Got command of type ACTION
[debug] &amp#27;[35m[AndroidBootstrap]&amp#27;[39m [BOOTSTRAP LOG] [debug] Got command action: click
[debug] &amp#27;[35m[AndroidBootstrap]&amp#27;[39m Received command result from bootstrap
[debug] &amp#27;[35m[W3C (727c892e)]&amp#27;[39m Responding to client with driver.click() result: true
&amp#27;[35m[HTTP]&amp#27;[39m &amp#27;[37m<-- POST /wd/hub/session/727c892e-3132-4c61-80f6-9db5358a458b/element/2/click &amp#27;[39m&amp#27;[32m200&amp#27;[39m &amp#27;[90m162 ms - 14&amp#27;[39m
&amp#27;[35m[HTTP]&amp#27;[39m &amp#27;[90m&amp#27;[39m
[debug] &amp#27;[35m[AndroidBootstrap]&amp#27;[39m [BOOTSTRAP LOG] [debug] Returning result: {"status":0,"value":true}
&amp#27;[35m[HTTP]&amp#27;[39m &amp#27;[37m-->&amp#27;[39m &amp#27;[37mGET&amp#27;[39m &amp#27;[37m/wd/hub/session/727c892e-3132-4c61-80f6-9db5358a458b/context&amp#27;[39m
&amp#27;[35m[HTTP]&amp#27;[39m &amp#27;[90m{}&amp#27;[39m
[debug] &amp#27;[35m[W3C (727c892e)]&amp#27;[39m Calling AppiumDriver.getCurrentContext() with args: ["727c892e-3132-4c61-80f6-9db5358a458b"]
[debug] &amp#27;[35m[W3C (727c892e)]&amp#27;[39m Responding to client with driver.getCurrentContext() result: "NATIVE_APP"
&amp#27;[35m[HTTP]&amp#27;[39m &amp#27;[37m<-- GET /wd/hub/session/727c892e-3132-4c61-80f6-9db5358a458b/context &amp#27;[39m&amp#27;[32m200&amp#27;[39m &amp#27;[90m1 ms - 22&amp#27;[39m
&amp#27;[35m[HTTP]&amp#27;[39m &amp#27;[90m&amp#27;[39m
&amp#27;[35m[HTTP]&amp#27;[39m &amp#27;[37m-->&amp#27;[39m &amp#27;[37mPOST&amp#27;[39m &amp#27;[37m/wd/hub/session/727c892e-3132-4c61-80f6-9db5358a458b/element&amp#27;[39m
&amp#27;[35m[HTTP]&amp#27;[39m &amp#27;[90m{"using":"id","value":"com.communitake.mdc.supportsip:id/menuImage"}&amp#27;[39m
[debug] &amp#27;[35m[W3C (727c892e)]&amp#27;[39m Calling AppiumDriver.findElement() with args: ["id","com.communitake.mdc.supportsip:id/menuImage","727c892e-3132-4c61-80f6-9db5358a458b"]
[debug] &amp#27;[35m[BaseDriver]&amp#27;[39m Valid locator strategies for this request: xpath, id, class name, accessibility id, -android uiautomator
[debug] &amp#27;[35m[BaseDriver]&amp#27;[39m Waiting up to 10000 ms for condition
[debug] &amp#27;[35m[AndroidBootstrap]&amp#27;[39m Sending command to android: {"cmd":"action","action":"find","params":{"strategy":"id","selector":"com.communitake.mdc.supportsip:id/menuImage","context":"","multiple":false}}
[debug] &amp#27;[35m[AndroidBootstrap]&amp#27;[39m [BOOTSTRAP LOG] [debug] Got data from client: {"cmd":"action","action":"find","params":{"strategy":"id","selector":"com.communitake.mdc.supportsip:id/menuImage","context":"","multiple":false}}
[debug] &amp#27;[35m[AndroidBootstrap]&amp#27;[39m [BOOTSTRAP LOG] [debug] Got command of type ACTION
[debug] &amp#27;[35m[AndroidBootstrap]&amp#27;[39m [BOOTSTRAP LOG] [debug] Got command action: find
[debug] &amp#27;[35m[AndroidBootstrap]&amp#27;[39m [BOOTSTRAP LOG] [debug] Finding 'com.communitake.mdc.supportsip:id/menuImage' using 'ID' with the contextId: '' multiple: false
[debug] &amp#27;[35m[AndroidBootstrap]&amp#27;[39m [BOOTSTRAP LOG] [debug] Using: UiSelector[INSTANCE=0, RESOURCE_ID=com.communitake.mdc.supportsip:id/menuImage]
[debug] &amp#27;[35m[AndroidBootstrap]&amp#27;[39m [BOOTSTRAP LOG] [debug] Returning result: {"status":0,"value":{"ELEMENT":"4"}}
[debug] &amp#27;[35m[AndroidBootstrap]&amp#27;[39m Received command result from bootstrap
[debug] &amp#27;[35m[W3C (727c892e)]&amp#27;[39m Responding to client with driver.findElement() result: {"element-6066-11e4-a52e-4f735466cecf":"4","ELEMENT":"4"}
&amp#27;[35m[HTTP]&amp#27;[39m &amp#27;[37m<-- POST /wd/hub/session/727c892e-3132-4c61-80f6-9db5358a458b/element &amp#27;[39m&amp#27;[32m200&amp#27;[39m &amp#27;[90m574 ms - 67&amp#27;[39m
&amp#27;[35m[HTTP]&amp#27;[39m &amp#27;[90m&amp#27;[39m
&amp#27;[35m[HTTP]&amp#27;[39m &amp#27;[37m-->&amp#27;[39m &amp#27;[37mPOST&amp#27;[39m &amp#27;[37m/wd/hub/session/727c892e-3132-4c61-80f6-9db5358a458b/element/4/click&amp#27;[39m
&amp#27;[35m[HTTP]&amp#27;[39m &amp#27;[90m{"id":"4"}&amp#27;[39m
[debug] &amp#27;[35m[W3C (727c892e)]&amp#27;[39m Calling AppiumDriver.click() with args: ["4","727c892e-3132-4c61-80f6-9db5358a458b"]
[debug] &amp#27;[35m[AndroidBootstrap]&amp#27;[39m Sending command to android: {"cmd":"action","action":"element:click","params":{"elementId":"4"}}
[debug] &amp#27;[35m[AndroidBootstrap]&amp#27;[39m [BOOTSTRAP LOG] [debug] Got data from client: {"cmd":"action","action":"element:click","params":{"elementId":"4"}}
[debug] &amp#27;[35m[AndroidBootstrap]&amp#27;[39m [BOOTSTRAP LOG] [debug] Got command of type ACTION
[debug] &amp#27;[35m[AndroidBootstrap]&amp#27;[39m [BOOTSTRAP LOG] [debug] Got command action: click
[debug] &amp#27;[35m[AndroidBootstrap]&amp#27;[39m [BOOTSTRAP LOG] [debug] Returning result: {"status":0,"value":true}
[debug] &amp#27;[35m[AndroidBootstrap]&amp#27;[39m Received command result from bootstrap
[debug] &amp#27;[35m[W3C (727c892e)]&amp#27;[39m Responding to client with driver.click() result: true
&amp#27;[35m[HTTP]&amp#27;[39m &amp#27;[37m<-- POST /wd/hub/session/727c892e-3132-4c61-80f6-9db5358a458b/element/4/click &amp#27;[39m&amp#27;[32m200&amp#27;[39m &amp#27;[90m310 ms - 14&amp#27;[39m
&amp#27;[35m[HTTP]&amp#27;[39m &amp#27;[90m&amp#27;[39m
&amp#27;[35m[HTTP]&amp#27;[39m &amp#27;[37m-->&amp#27;[39m &amp#27;[37mGET&amp#27;[39m &amp#27;[37m/wd/hub/session/727c892e-3132-4c61-80f6-9db5358a458b/context&amp#27;[39m
&amp#27;[35m[HTTP]&amp#27;[39m &amp#27;[90m{}&amp#27;[39m
[debug] &amp#27;[35m[W3C (727c892e)]&amp#27;[39m Calling AppiumDriver.getCurrentContext() with args: ["727c892e-3132-4c61-80f6-9db5358a458b"]
[debug] &amp#27;[35m[W3C (727c892e)]&amp#27;[39m Responding to client with driver.getCurrentContext() result: "NATIVE_APP"
&amp#27;[35m[HTTP]&amp#27;[39m &amp#27;[37m<-- GET /wd/hub/session/727c892e-3132-4c61-80f6-9db5358a458b/context &amp#27;[39m&amp#27;[32m200&amp#27;[39m &amp#27;[90m3 ms - 22&amp#27;[39m
&amp#27;[35m[HTTP]&amp#27;[39m &amp#27;[90m&amp#27;[39m
&amp#27;[35m[HTTP]&amp#27;[39m &amp#27;[37m-->&amp#27;[39m &amp#27;[37mPOST&amp#27;[39m &amp#27;[37m/wd/hub/session/727c892e-3132-4c61-80f6-9db5358a458b/elements&amp#27;[39m
&amp#27;[35m[HTTP]&amp#27;[39m &amp#27;[90m{"using":"id","value":"android:id/title"}&amp#27;[39m
[debug] &amp#27;[35m[W3C (727c892e)]&amp#27;[39m Calling AppiumDriver.findElements() with args: ["id","android:id/title","727c892e-3132-4c61-80f6-9db5358a458b"]
[debug] &amp#27;[35m[BaseDriver]&amp#27;[39m Valid locator strategies for this request: xpath, id, class name, accessibility id, -android uiautomator
[debug] &amp#27;[35m[BaseDriver]&amp#27;[39m Waiting up to 10000 ms for condition
[debug] &amp#27;[35m[AndroidBootstrap]&amp#27;[39m Sending command to android: {"cmd":"action","action":"find","params":{"strategy":"id","selector":"android:id/title","context":"","multiple":true}}
[debug] &amp#27;[35m[AndroidBootstrap]&amp#27;[39m [BOOTSTRAP LOG] [debug] Got data from client: {"cmd":"action","action":"find","params":{"strategy":"id","selector":"android:id/title","context":"","multiple":true}}
[debug] &amp#27;[35m[AndroidBootstrap]&amp#27;[39m [BOOTSTRAP LOG] [debug] Got command of type ACTION
[debug] &amp#27;[35m[AndroidBootstrap]&amp#27;[39m [BOOTSTRAP LOG] [debug] Got command action: find
[debug] &amp#27;[35m[AndroidBootstrap]&amp#27;[39m [BOOTSTRAP LOG] [debug] Finding 'android:id/title' using 'ID' with the contextId: '' multiple: true
[debug] &amp#27;[35m[AndroidBootstrap]&amp#27;[39m [BOOTSTRAP LOG] [debug] Using: UiSelector[RESOURCE_ID=android:id/title]
[debug] &amp#27;[35m[AndroidBootstrap]&amp#27;[39m [BOOTSTRAP LOG] [debug] getElements selector:UiSelector[RESOURCE_ID=android:id/title]
[debug] &amp#27;[35m[AndroidBootstrap]&amp#27;[39m [BOOTSTRAP LOG] [debug] Element[] is null: (0)
[debug] &amp#27;[35m[AndroidBootstrap]&amp#27;[39m [BOOTSTRAP LOG] [debug] getElements tmp selector:UiSelector[INSTANCE=0, RESOURCE_ID=android:id/title]
[debug] &amp#27;[35m[AndroidBootstrap]&amp#27;[39m [BOOTSTRAP LOG] [debug] Element[] is null: (1)
[debug] &amp#27;[35m[AndroidBootstrap]&amp#27;[39m [BOOTSTRAP LOG] [debug] getElements tmp selector:UiSelector[INSTANCE=1, RESOURCE_ID=android:id/title]
[debug] &amp#27;[35m[AndroidBootstrap]&amp#27;[39m [BOOTSTRAP LOG] [debug] Element[] is null: (2)
[debug] &amp#27;[35m[AndroidBootstrap]&amp#27;[39m [BOOTSTRAP LOG] [debug] getElements tmp selector:UiSelector[INSTANCE=2, RESOURCE_ID=android:id/title]
[debug] &amp#27;[35m[AndroidBootstrap]&amp#27;[39m [BOOTSTRAP LOG] [debug] Element[] is null: (3)
[debug] &amp#27;[35m[AndroidBootstrap]&amp#27;[39m [BOOTSTRAP LOG] [debug] getElements tmp selector:UiSelector[INSTANCE=3, RESOURCE_ID=android:id/title]
[debug] &amp#27;[35m[AndroidBootstrap]&amp#27;[39m Received command result from bootstrap
[debug] &amp#27;[35m[W3C (727c892e)]&amp#27;[39m Responding to client with driver.findElements() result: [{"element-6066-11e4-a52e-4f735466cecf":"5","ELEMENT":"5"},{"element-6066-11e4-a52e-4f735466cecf":"6","ELEMENT":"6"},{"element-6066-11e4-a52e-4f735466cecf":"7","ELEMENT":"7"}]
&amp#27;[35m[HTTP]&amp#27;[39m &amp#27;[37m<-- POST /wd/hub/session/727c892e-3132-4c61-80f6-9db5358a458b/elements &amp#27;[39m&amp#27;[32m200&amp#27;[39m &amp#27;[90m817 ms - 185&amp#27;[39m
&amp#27;[35m[HTTP]&amp#27;[39m &amp#27;[90m&amp#27;[39m
&amp#27;[35m[HTTP]&amp#27;[39m &amp#27;[37m-->&amp#27;[39m &amp#27;[37mPOST&amp#27;[39m &amp#27;[37m/wd/hub/session/727c892e-3132-4c61-80f6-9db5358a458b/element/5/click&amp#27;[39m
&amp#27;[35m[HTTP]&amp#27;[39m &amp#27;[90m{"id":"5"}&amp#27;[39m
[debug] &amp#27;[35m[W3C (727c892e)]&amp#27;[39m Calling AppiumDriver.click() with args: ["5","727c892e-3132-4c61-80f6-9db5358a458b"]
[debug] &amp#27;[35m[AndroidBootstrap]&amp#27;[39m Sending command to android: {"cmd":"action","action":"element:click","params":{"elementId":"5"}}
[debug] &amp#27;[35m[AndroidBootstrap]&amp#27;[39m [BOOTSTRAP LOG] [debug] Returning result: {"status":0,"value":[{"ELEMENT":"5"},{"ELEMENT":"6"},{"ELEMENT":"7"}]}
[debug] &amp#27;[35m[AndroidBootstrap]&amp#27;[39m [BOOTSTRAP LOG] [debug] Got data from client: {"cmd":"action","action":"element:click","params":{"elementId":"5"}}
[debug] &amp#27;[35m[AndroidBootstrap]&amp#27;[39m [BOOTSTRAP LOG] [debug] Got command of type ACTION
[debug] &amp#27;[35m[AndroidBootstrap]&amp#27;[39m [BOOTSTRAP LOG] [debug] Got command action: click
[debug] &amp#27;[35m[AndroidBootstrap]&amp#27;[39m [BOOTSTRAP LOG] [debug] Returning result: {"status":0,"value":true}
[debug] &amp#27;[35m[AndroidBootstrap]&amp#27;[39m Received command result from bootstrap
[debug] &amp#27;[35m[W3C (727c892e)]&amp#27;[39m Responding to client with driver.click() result: true
&amp#27;[35m[HTTP]&amp#27;[39m &amp#27;[37m<-- POST /wd/hub/session/727c892e-3132-4c61-80f6-9db5358a458b/element/5/click &amp#27;[39m&amp#27;[32m200&amp#27;[39m &amp#27;[90m156 ms - 14&amp#27;[39m
&amp#27;[35m[HTTP]&amp#27;[39m &amp#27;[90m&amp#27;[39m
&amp#27;[35m[HTTP]&amp#27;[39m &amp#27;[37m-->&amp#27;[39m &amp#27;[37mGET&amp#27;[39m &amp#27;[37m/wd/hub/session/727c892e-3132-4c61-80f6-9db5358a458b/context&amp#27;[39m
&amp#27;[35m[HTTP]&amp#27;[39m &amp#27;[90m{}&amp#27;[39m
[debug] &amp#27;[35m[W3C (727c892e)]&amp#27;[39m Calling AppiumDriver.getCurrentContext() with args: ["727c892e-3132-4c61-80f6-9db5358a458b"]
[debug] &amp#27;[35m[W3C (727c892e)]&amp#27;[39m Responding to client with driver.getCurrentContext() result: "NATIVE_APP"
&amp#27;[35m[HTTP]&amp#27;[39m &amp#27;[37m<-- GET /wd/hub/session/727c892e-3132-4c61-80f6-9db5358a458b/context &amp#27;[39m&amp#27;[32m200&amp#27;[39m &amp#27;[90m1 ms - 22&amp#27;[39m
&amp#27;[35m[HTTP]&amp#27;[39m &amp#27;[90m&amp#27;[39m
&amp#27;[35m[HTTP]&amp#27;[39m &amp#27;[37m-->&amp#27;[39m &amp#27;[37mPOST&amp#27;[39m &amp#27;[37m/wd/hub/session/727c892e-3132-4c61-80f6-9db5358a458b/element&amp#27;[39m
&amp#27;[35m[HTTP]&amp#27;[39m &amp#27;[90m{"using":"id","value":"com.communitake.mdc.supportsip:id/menuImage"}&amp#27;[39m
[debug] &amp#27;[35m[W3C (727c892e)]&amp#27;[39m Calling AppiumDriver.findElement() with args: ["id","com.communitake.mdc.supportsip:id/menuImage","727c892e-3132-4c61-80f6-9db5358a458b"]
[debug] &amp#27;[35m[BaseDriver]&amp#27;[39m Valid locator strategies for this request: xpath, id, class name, accessibility id, -android uiautomator
[debug] &amp#27;[35m[BaseDriver]&amp#27;[39m Waiting up to 10000 ms for condition
[debug] &amp#27;[35m[AndroidBootstrap]&amp#27;[39m Sending command to android: {"cmd":"action","action":"find","params":{"strategy":"id","selector":"com.communitake.mdc.supportsip:id/menuImage","context":"","multiple":false}}
[debug] &amp#27;[35m[AndroidBootstrap]&amp#27;[39m [BOOTSTRAP LOG] [debug] Got data from client: {"cmd":"action","action":"find","params":{"strategy":"id","selector":"com.communitake.mdc.supportsip:id/menuImage","context":"","multiple":false}}
[debug] &amp#27;[35m[AndroidBootstrap]&amp#27;[39m [BOOTSTRAP LOG] [debug] Got command of type ACTION
[debug] &amp#27;[35m[AndroidBootstrap]&amp#27;[39m [BOOTSTRAP LOG] [debug] Got command action: find
[debug] &amp#27;[35m[AndroidBootstrap]&amp#27;[39m [BOOTSTRAP LOG] [debug] Finding 'com.communitake.mdc.supportsip:id/menuImage' using 'ID' with the contextId: '' multiple: false
[debug] &amp#27;[35m[AndroidBootstrap]&amp#27;[39m [BOOTSTRAP LOG] [debug] Using: UiSelector[INSTANCE=0, RESOURCE_ID=com.communitake.mdc.supportsip:id/menuImage]
[debug] &amp#27;[35m[AndroidBootstrap]&amp#27;[39m Received command result from bootstrap
[debug] &amp#27;[35m[W3C (727c892e)]&amp#27;[39m Responding to client with driver.findElement() result: {"element-6066-11e4-a52e-4f735466cecf":"8","ELEMENT":"8"}
&amp#27;[35m[HTTP]&amp#27;[39m &amp#27;[37m<-- POST /wd/hub/session/727c892e-3132-4c61-80f6-9db5358a458b/element &amp#27;[39m&amp#27;[32m200&amp#27;[39m &amp#27;[90m575 ms - 67&amp#27;[39m
&amp#27;[35m[HTTP]&amp#27;[39m &amp#27;[90m&amp#27;[39m
&amp#27;[35m[HTTP]&amp#27;[39m &amp#27;[37m-->&amp#27;[39m &amp#27;[37mPOST&amp#27;[39m &amp#27;[37m/wd/hub/session/727c892e-3132-4c61-80f6-9db5358a458b/element/8/click&amp#27;[39m
&amp#27;[35m[HTTP]&amp#27;[39m &amp#27;[90m{"id":"8"}&amp#27;[39m
[debug] &amp#27;[35m[W3C (727c892e)]&amp#27;[39m Calling AppiumDriver.click() with args: ["8","727c892e-3132-4c61-80f6-9db5358a458b"]
[debug] &amp#27;[35m[AndroidBootstrap]&amp#27;[39m Sending command to android: {"cmd":"action","action":"element:click","params":{"elementId":"8"}}
[debug] &amp#27;[35m[AndroidBootstrap]&amp#27;[39m [BOOTSTRAP LOG] [debug] Returning result: {"status":0,"value":{"ELEMENT":"8"}}
[debug] &amp#27;[35m[AndroidBootstrap]&amp#27;[39m [BOOTSTRAP LOG] [debug] Got data from client: {"cmd":"action","action":"element:click","params":{"elementId":"8"}}
[debug] &amp#27;[35m[AndroidBootstrap]&amp#27;[39m [BOOTSTRAP LOG] [debug] Got command of type ACTION
[debug] &amp#27;[35m[AndroidBootstrap]&amp#27;[39m [BOOTSTRAP LOG] [debug] Got command action: click
[debug] &amp#27;[35m[AndroidBootstrap]&amp#27;[39m Received command result from bootstrap
[debug] &amp#27;[35m[W3C (727c892e)]&amp#27;[39m Responding to client with driver.click() result: true
&amp#27;[35m[HTTP]&amp#27;[39m &amp#27;[37m<-- POST /wd/hub/session/727c892e-3132-4c61-80f6-9db5358a458b/element/8/click &amp#27;[39m&amp#27;[32m200&amp#27;[39m &amp#27;[90m493 ms - 14&amp#27;[39m
&amp#27;[35m[HTTP]&amp#27;[39m &amp#27;[90m&amp#27;[39m
&amp#27;[35m[HTTP]&amp#27;[39m &amp#27;[37m-->&amp#27;[39m &amp#27;[37mGET&amp#27;[39m &amp#27;[37m/wd/hub/session/727c892e-3132-4c61-80f6-9db5358a458b/context&amp#27;[39m
&amp#27;[35m[HTTP]&amp#27;[39m &amp#27;[90m{}&amp#27;[39m
[debug] &amp#27;[35m[W3C (727c892e)]&amp#27;[39m Calling AppiumDriver.getCurrentContext() with args: ["727c892e-3132-4c61-80f6-9db5358a458b"]
[debug] &amp#27;[35m[W3C (727c892e)]&amp#27;[39m Responding to client with driver.getCurrentContext() result: "NATIVE_APP"
&amp#27;[35m[HTTP]&amp#27;[39m &amp#27;[37m<-- GET /wd/hub/session/727c892e-3132-4c61-80f6-9db5358a458b/context &amp#27;[39m&amp#27;[32m200&amp#27;[39m &amp#27;[90m1 ms - 22&amp#27;[39m
&amp#27;[35m[HTTP]&amp#27;[39m &amp#27;[90m&amp#27;[39m
[debug] &amp#27;[35m[AndroidBootstrap]&amp#27;[39m [BOOTSTRAP LOG] [debug] Returning result: {"status":0,"value":true}
&amp#27;[35m[HTTP]&amp#27;[39m &amp#27;[37m-->&amp#27;[39m &amp#27;[37mPOST&amp#27;[39m &amp#27;[37m/wd/hub/session/727c892e-3132-4c61-80f6-9db5358a458b/elements&amp#27;[39m
&amp#27;[35m[HTTP]&amp#27;[39m &amp#27;[90m{"using":"id","value":"android:id/title"}&amp#27;[39m
[debug] &amp#27;[35m[W3C (727c892e)]&amp#27;[39m Calling AppiumDriver.findElements() with args: ["id","android:id/title","727c892e-3132-4c61-80f6-9db5358a458b"]
[debug] &amp#27;[35m[BaseDriver]&amp#27;[39m Valid locator strategies for this request: xpath, id, class name, accessibility id, -android uiautomator
[debug] &amp#27;[35m[BaseDriver]&amp#27;[39m Waiting up to 10000 ms for condition
[debug] &amp#27;[35m[AndroidBootstrap]&amp#27;[39m Sending command to android: {"cmd":"action","action":"find","params":{"strategy":"id","selector":"android:id/title","context":"","multiple":true}}
[debug] &amp#27;[35m[AndroidBootstrap]&amp#27;[39m [BOOTSTRAP LOG] [debug] Got data from client: {"cmd":"action","action":"find","params":{"strategy":"id","selector":"android:id/title","context":"","multiple":true}}
[debug] &amp#27;[35m[AndroidBootstrap]&amp#27;[39m [BOOTSTRAP LOG] [debug] Got command of type ACTION
[debug] &amp#27;[35m[AndroidBootstrap]&amp#27;[39m [BOOTSTRAP LOG] [debug] Got command action: find
[debug] &amp#27;[35m[AndroidBootstrap]&amp#27;[39m [BOOTSTRAP LOG] [debug] Finding 'android:id/title' using 'ID' with the contextId: '' multiple: true
[debug] &amp#27;[35m[AndroidBootstrap]&amp#27;[39m [BOOTSTRAP LOG] [debug] Using: UiSelector[RESOURCE_ID=android:id/title]
[debug] &amp#27;[35m[AndroidBootstrap]&amp#27;[39m [BOOTSTRAP LOG] [debug] getElements selector:UiSelector[RESOURCE_ID=android:id/title]
[debug] &amp#27;[35m[AndroidBootstrap]&amp#27;[39m [BOOTSTRAP LOG] [debug] Element[] is null: (0)
[debug] &amp#27;[35m[AndroidBootstrap]&amp#27;[39m [BOOTSTRAP LOG] [debug] getElements tmp selector:UiSelector[INSTANCE=0, RESOURCE_ID=android:id/title]
[debug] &amp#27;[35m[AndroidBootstrap]&amp#27;[39m [BOOTSTRAP LOG] [debug] Element[] is null: (1)
[debug] &amp#27;[35m[AndroidBootstrap]&amp#27;[39m [BOOTSTRAP LOG] [debug] getElements tmp selector:UiSelector[INSTANCE=1, RESOURCE_ID=android:id/title]
[debug] &amp#27;[35m[AndroidBootstrap]&amp#27;[39m [BOOTSTRAP LOG] [debug] Element[] is null: (2)
[debug] &amp#27;[35m[AndroidBootstrap]&amp#27;[39m [BOOTSTRAP LOG] [debug] getElements tmp selector:UiSelector[INSTANCE=2, RESOURCE_ID=android:id/title]
[debug] &amp#27;[35m[AndroidBootstrap]&amp#27;[39m [BOOTSTRAP LOG] [debug] Element[] is null: (3)
[debug] &amp#27;[35m[AndroidBootstrap]&amp#27;[39m [BOOTSTRAP LOG] [debug] getElements tmp selector:UiSelector[INSTANCE=3, RESOURCE_ID=android:id/title]
[debug] &amp#27;[35m[AndroidBootstrap]&amp#27;[39m [BOOTSTRAP LOG] [debug] Returning result: {"status":0,"value":[{"ELEMENT":"9"},{"ELEMENT":"10"},{"ELEMENT":"11"}]}
[debug] &amp#27;[35m[AndroidBootstrap]&amp#27;[39m Received command result from bootstrap
[debug] &amp#27;[35m[W3C (727c892e)]&amp#27;[39m Responding to client with driver.findElements() result: [{"element-6066-11e4-a52e-4f735466cecf":"9","ELEMENT":"9"},{"element-6066-11e4-a52e-4f735466cecf":"10","ELEMENT":"10"},{"element-6066-11e4-a52e-4f735466cecf":"11","ELEMENT":"11"}]
&amp#27;[35m[HTTP]&amp#27;[39m &amp#27;[37m<-- POST /wd/hub/session/727c892e-3132-4c61-80f6-9db5358a458b/elements &amp#27;[39m&amp#27;[32m200&amp#27;[39m &amp#27;[90m908 ms - 189&amp#27;[39m
&amp#27;[35m[HTTP]&amp#27;[39m &amp#27;[90m&amp#27;[39m
&amp#27;[35m[HTTP]&amp#27;[39m &amp#27;[37m-->&amp#27;[39m &amp#27;[37mPOST&amp#27;[39m &amp#27;[37m/wd/hub/session/727c892e-3132-4c61-80f6-9db5358a458b/element/9/click&amp#27;[39m
&amp#27;[35m[HTTP]&amp#27;[39m &amp#27;[90m{"id":"9"}&amp#27;[39m
[debug] &amp#27;[35m[W3C (727c892e)]&amp#27;[39m Calling AppiumDriver.click() with args: ["9","727c892e-3132-4c61-80f6-9db5358a458b"]
[debug] &amp#27;[35m[AndroidBootstrap]&amp#27;[39m Sending command to android: {"cmd":"action","action":"element:click","params":{"elementId":"9"}}
[debug] &amp#27;[35m[AndroidBootstrap]&amp#27;[39m [BOOTSTRAP LOG] [debug] Got data from client: {"cmd":"action","action":"element:click","params":{"elementId":"9"}}
[debug] &amp#27;[35m[AndroidBootstrap]&amp#27;[39m [BOOTSTRAP LOG] [debug] Got command of type ACTION
[debug] &amp#27;[35m[AndroidBootstrap]&amp#27;[39m [BOOTSTRAP LOG] [debug] Got command action: click
[debug] &amp#27;[35m[AndroidBootstrap]&amp#27;[39m Received command result from bootstrap
[debug] &amp#27;[35m[W3C (727c892e)]&amp#27;[39m Responding to client with driver.click() result: true
&amp#27;[35m[HTTP]&amp#27;[39m &amp#27;[37m<-- POST /wd/hub/session/727c892e-3132-4c61-80f6-9db5358a458b/element/9/click &amp#27;[39m&amp#27;[32m200&amp#27;[39m &amp#27;[90m171 ms - 14&amp#27;[39m
&amp#27;[35m[HTTP]&amp#27;[39m &amp#27;[90m&amp#27;[39m
[debug] &amp#27;[35m[AndroidBootstrap]&amp#27;[39m [BOOTSTRAP LOG] [debug] Returning result: {"status":0,"value":true}
&amp#27;[35m[HTTP]&amp#27;[39m &amp#27;[37m-->&amp#27;[39m &amp#27;[37mPOST&amp#27;[39m &amp#27;[37m/wd/hub/session/727c892e-3132-4c61-80f6-9db5358a458b/appium/device/start_activity&amp#27;[39m
&amp#27;[35m[HTTP]&amp#27;[39m &amp#27;[90m{"appPackage":"com.android.settings","appActivity":".Settings","appWaitPackage":"","appWaitActivity":"","dontStopAppOnReset":false,"intentAction":"","intentCategory":"","intentFlags":"","optionalIntentArguments":""}&amp#27;[39m
[debug] &amp#27;[35m[W3C (727c892e)]&amp#27;[39m Calling AppiumDriver.startActivity() with args: ["com.android.settings",".Settings","","","","","","",false,null,null,"727c892e-3132-4c61-80f6-9db5358a458b"]
[debug] &amp#27;[35m[AndroidDriver]&amp#27;[39m Starting package 'com.android.settings' and activity '.Settings'
[debug] &amp#27;[35m[ADB]&amp#27;[39m Running 'C:\Users\Nissim Automation\AppData\Local\Android\Sdk\platform-tools\adb.exe -P 5037 -s CTGED020000261 shell am start -W -n com.android.settings/.Settings -S'
[debug] &amp#27;[35m[ADB]&amp#27;[39m Waiting up to 20000ms for activity matching pkg: 'com.android.settings' and activity: '.Settings' to be focused
[debug] &amp#27;[35m[ADB]&amp#27;[39m Possible activities, to be checked: 'com.android.settings.Settings'
[debug] &amp#27;[35m[ADB]&amp#27;[39m Getting focused package and activity
[debug] &amp#27;[35m[ADB]&amp#27;[39m Running 'C:\Users\Nissim Automation\AppData\Local\Android\Sdk\platform-tools\adb.exe -P 5037 -s CTGED020000261 shell dumpsys window windows'
[debug] &amp#27;[35m[ADB]&amp#27;[39m Found package: 'com.android.settings' and fully qualified activity name : 'com.android.settings.Settings'
[debug] &amp#27;[35m[W3C (727c892e)]&amp#27;[39m Responding to client with driver.startActivity() result: null
&amp#27;[35m[HTTP]&amp#27;[39m &amp#27;[37m<-- POST /wd/hub/session/727c892e-3132-4c61-80f6-9db5358a458b/appium/device/start_activity &amp#27;[39m&amp#27;[32m200&amp#27;[39m &amp#27;[90m1402 ms - 14&amp#27;[39m
&amp#27;[35m[HTTP]&amp#27;[39m &amp#27;[90m&amp#27;[39m
&amp#27;[35m[HTTP]&amp#27;[39m &amp#27;[37m-->&amp#27;[39m &amp#27;[37mGET&amp#27;[39m &amp#27;[37m/wd/hub/session/727c892e-3132-4c61-80f6-9db5358a458b/context&amp#27;[39m
&amp#27;[35m[HTTP]&amp#27;[39m &amp#27;[90m{}&amp#27;[39m
[debug] &amp#27;[35m[W3C (727c892e)]&amp#27;[39m Calling AppiumDriver.getCurrentContext() with args: ["727c892e-3132-4c61-80f6-9db5358a458b"]
[debug] &amp#27;[35m[W3C (727c892e)]&amp#27;[39m Responding to client with driver.getCurrentContext() result: "NATIVE_APP"
&amp#27;[35m[HTTP]&amp#27;[39m &amp#27;[37m<-- GET /wd/hub/session/727c892e-3132-4c61-80f6-9db5358a458b/context &amp#27;[39m&amp#27;[32m200&amp#27;[39m &amp#27;[90m1 ms - 22&amp#27;[39m
&amp#27;[35m[HTTP]&amp#27;[39m &amp#27;[90m&amp#27;[39m
&amp#27;[35m[HTTP]&amp#27;[39m &amp#27;[37m-->&amp#27;[39m &amp#27;[37mPOST&amp#27;[39m &amp#27;[37m/wd/hub/session/727c892e-3132-4c61-80f6-9db5358a458b/element&amp#27;[39m
&amp#27;[35m[HTTP]&amp#27;[39m &amp#27;[90m{"using":"xpath","value":"//*[@text='Network & internet']"}&amp#27;[39m
[debug] &amp#27;[35m[W3C (727c892e)]&amp#27;[39m Calling AppiumDriver.findElement() with args: ["xpath","//*[@text='Network & internet']","727c892e-3132-4c61-80f6-9db5358a458b"]
[debug] &amp#27;[35m[BaseDriver]&amp#27;[39m Valid locator strategies for this request: xpath, id, class name, accessibility id, -android uiautomator
[debug] &amp#27;[35m[BaseDriver]&amp#27;[39m Waiting up to 10000 ms for condition
[debug] &amp#27;[35m[AndroidBootstrap]&amp#27;[39m Sending command to android: {"cmd":"action","action":"find","params":{"strategy":"xpath","selector":"//*[@text='Network & internet']","context":"","multiple":false}}
[debug] &amp#27;[35m[AndroidBootstrap]&amp#27;[39m [BOOTSTRAP LOG] [debug] Got data from client: {"cmd":"action","action":"find","params":{"strategy":"xpath","selector":"//*[@text='Network & internet']","context":"","multiple":false}}
[debug] &amp#27;[35m[AndroidBootstrap]&amp#27;[39m [BOOTSTRAP LOG] [debug] Got command of type ACTION
[debug] &amp#27;[35m[AndroidBootstrap]&amp#27;[39m [BOOTSTRAP LOG] [debug] Got command action: find
[debug] &amp#27;[35m[AndroidBootstrap]&amp#27;[39m [BOOTSTRAP LOG] [debug] Finding '//*[@text='Network & internet']' using 'XPATH' with the contextId: '' multiple: false
[debug] &amp#27;[35m[AndroidBootstrap]&amp#27;[39m [BOOTSTRAP LOG] [debug] Using: UiSelector[CLASS=android.widget.TextView, INSTANCE=3]
[debug] &amp#27;[35m[AndroidBootstrap]&amp#27;[39m Received command result from bootstrap
[debug] &amp#27;[35m[W3C (727c892e)]&amp#27;[39m Responding to client with driver.findElement() result: {"element-6066-11e4-a52e-4f735466cecf":"12","ELEMENT":"12"}
&amp#27;[35m[HTTP]&amp#27;[39m &amp#27;[37m<-- POST /wd/hub/session/727c892e-3132-4c61-80f6-9db5358a458b/element &amp#27;[39m&amp#27;[32m200&amp#27;[39m &amp#27;[90m738 ms - 69&amp#27;[39m
&amp#27;[35m[HTTP]&amp#27;[39m &amp#27;[90m&amp#27;[39m
&amp#27;[35m[HTTP]&amp#27;[39m &amp#27;[37m-->&amp#27;[39m &amp#27;[37mPOST&amp#27;[39m &amp#27;[37m/wd/hub/session/727c892e-3132-4c61-80f6-9db5358a458b/element/12/click&amp#27;[39m
&amp#27;[35m[HTTP]&amp#27;[39m &amp#27;[90m{"id":"12"}&amp#27;[39m
[debug] &amp#27;[35m[W3C (727c892e)]&amp#27;[39m Calling AppiumDriver.click() with args: ["12","727c892e-3132-4c61-80f6-9db5358a458b"]
[debug] &amp#27;[35m[AndroidBootstrap]&amp#27;[39m Sending command to android: {"cmd":"action","action":"element:click","params":{"elementId":"12"}}
[debug] &amp#27;[35m[AndroidBootstrap]&amp#27;[39m [BOOTSTRAP LOG] [debug] Returning result: {"status":0,"value":{"ELEMENT":"12"}}
[debug] &amp#27;[35m[AndroidBootstrap]&amp#27;[39m [BOOTSTRAP LOG] [debug] Got data from client: {"cmd":"action","action":"element:click","params":{"elementId":"12"}}
[debug] &amp#27;[35m[AndroidBootstrap]&amp#27;[39m [BOOTSTRAP LOG] [debug] Got command of type ACTION
[debug] &amp#27;[35m[AndroidBootstrap]&amp#27;[39m [BOOTSTRAP LOG] [debug] Got command action: click
[debug] &amp#27;[35m[AndroidBootstrap]&amp#27;[39m Received command result from bootstrap
[debug] &amp#27;[35m[W3C (727c892e)]&amp#27;[39m Responding to client with driver.click() result: true
&amp#27;[35m[HTTP]&amp#27;[39m &amp#27;[37m<-- POST /wd/hub/session/727c892e-3132-4c61-80f6-9db5358a458b/element/12/click &amp#27;[39m&amp#27;[32m200&amp#27;[39m &amp#27;[90m675 ms - 14&amp#27;[39m
&amp#27;[35m[HTTP]&amp#27;[39m &amp#27;[90m&amp#27;[39m
[debug] &amp#27;[35m[AndroidBootstrap]&amp#27;[39m [BOOTSTRAP LOG] [debug] Returning result: {"status":0,"value":true}
&amp#27;[35m[HTTP]&amp#27;[39m &amp#27;[37m-->&amp#27;[39m &amp#27;[37mGET&amp#27;[39m &amp#27;[37m/wd/hub/session/727c892e-3132-4c61-80f6-9db5358a458b/context&amp#27;[39m
&amp#27;[35m[HTTP]&amp#27;[39m &amp#27;[90m{}&amp#27;[39m
[debug] &amp#27;[35m[W3C (727c892e)]&amp#27;[39m Calling AppiumDriver.getCurrentContext() with args: ["727c892e-3132-4c61-80f6-9db5358a458b"]
[debug] &amp#27;[35m[W3C (727c892e)]&amp#27;[39m Responding to client with driver.getCurrentContext() result: "NATIVE_APP"
&amp#27;[35m[HTTP]&amp#27;[39m &amp#27;[37m<-- GET /wd/hub/session/727c892e-3132-4c61-80f6-9db5358a458b/context &amp#27;[39m&amp#27;[32m200&amp#27;[39m &amp#27;[90m3 ms - 22&amp#27;[39m
&amp#27;[35m[HTTP]&amp#27;[39m &amp#27;[90m&amp#27;[39m
&amp#27;[35m[HTTP]&amp#27;[39m &amp#27;[37m-->&amp#27;[39m &amp#27;[37mPOST&amp#27;[39m &amp#27;[37m/wd/hub/session/727c892e-3132-4c61-80f6-9db5358a458b/element&amp#27;[39m
&amp#27;[35m[HTTP]&amp#27;[39m &amp#27;[90m{"using":"id","value":"WiÃ¢â‚¬â€˜Fi"}&amp#27;[39m
[debug] &amp#27;[35m[W3C (727c892e)]&amp#27;[39m Calling AppiumDriver.findElement() with args: ["id","WiÃ¢â‚¬â€˜Fi","727c892e-3132-4c61-80f6-9db5358a458b"]
[debug] &amp#27;[35m[BaseDriver]&amp#27;[39m Valid locator strategies for this request: xpath, id, class name, accessibility id, -android uiautomator
[debug] &amp#27;[35m[BaseDriver]&amp#27;[39m Waiting up to 10000 ms for condition
[debug] &amp#27;[35m[AndroidBootstrap]&amp#27;[39m Sending command to android: {"cmd":"action","action":"find","params":{"strategy":"id","selector":"WiÃ¢â‚¬â€˜Fi","context":"","multiple":false}}
[debug] &amp#27;[35m[AndroidBootstrap]&amp#27;[39m [BOOTSTRAP LOG] [debug] Got data from client: {"cmd":"action","action":"find","params":{"strategy":"id","selector":"WiÃ¢â‚¬â€˜Fi","context":"","multiple":false}}
[debug] &amp#27;[35m[AndroidBootstrap]&amp#27;[39m [BOOTSTRAP LOG] [debug] Got command of type ACTION
[debug] &amp#27;[35m[AndroidBootstrap]&amp#27;[39m [BOOTSTRAP LOG] [debug] Got command action: find
[debug] &amp#27;[35m[AndroidBootstrap]&amp#27;[39m [BOOTSTRAP LOG] [debug] Finding 'WiÃ¢â‚¬â€˜Fi' using 'ID' with the contextId: '' multiple: false
[debug] &amp#27;[35m[AndroidBootstrap]&amp#27;[39m [BOOTSTRAP LOG] [debug] Using: UiSelector[INSTANCE=0, RESOURCE_ID=com.communitake.mdc.supportsip:id/WiÃ¢â‚¬â€˜Fi]
[debug] &amp#27;[35m[AndroidBootstrap]&amp#27;[39m [BOOTSTRAP LOG] [debug] Using: UiSelector[INSTANCE=0, RESOURCE_ID=android:id/WiÃ¢â‚¬â€˜Fi]
[debug] &amp#27;[35m[AndroidBootstrap]&amp#27;[39m [BOOTSTRAP LOG] [debug] Using: UiSelector[INSTANCE=0, RESOURCE_ID=WiÃ¢â‚¬â€˜Fi]
[debug] &amp#27;[35m[AndroidBootstrap]&amp#27;[39m [BOOTSTRAP LOG] [debug] Using: UiSelector[DESCRIPTION=WiÃ¢â‚¬â€˜Fi, INSTANCE=0]
[debug] &amp#27;[35m[AndroidBootstrap]&amp#27;[39m [BOOTSTRAP LOG] [debug] Failed to locate element. Clearing Accessibility cache and retrying.
[debug] &amp#27;[35m[AndroidBootstrap]&amp#27;[39m [BOOTSTRAP LOG] [debug] Finding 'WiÃ¢â‚¬â€˜Fi' using 'ID' with the contextId: '' multiple: false
[debug] &amp#27;[35m[AndroidBootstrap]&amp#27;[39m [BOOTSTRAP LOG] [debug] Using: UiSelector[INSTANCE=0, RESOURCE_ID=com.communitake.mdc.supportsip:id/WiÃ¢â‚¬â€˜Fi]
[debug] &amp#27;[35m[AndroidBootstrap]&amp#27;[39m [BOOTSTRAP LOG] [debug] Using: UiSelector[INSTANCE=0, RESOURCE_ID=android:id/WiÃ¢â‚¬â€˜Fi]
[debug] &amp#27;[35m[AndroidBootstrap]&amp#27;[39m [BOOTSTRAP LOG] [debug] Using: UiSelector[INSTANCE=0, RESOURCE_ID=WiÃ¢â‚¬â€˜Fi]
[debug] &amp#27;[35m[AndroidBootstrap]&amp#27;[39m [BOOTSTRAP LOG] [debug] Using: UiSelector[DESCRIPTION=WiÃ¢â‚¬â€˜Fi, INSTANCE=0]
[debug] &amp#27;[35m[AndroidBootstrap]&amp#27;[39m [BOOTSTRAP LOG] [debug] Returning result: {"status":7,"value":"No element found"}
[debug] &amp#27;[35m[AndroidBootstrap]&amp#27;[39m Received command result from bootstrap
[debug] &amp#27;[35m[MJSONWP]&amp#27;[39m Matched JSONWP error code 7 to NoSuchElementError
[debug] &amp#27;[35m[BaseDriver]&amp#27;[39m Waited for 342 ms so far
[debug] &amp#27;[35m[AndroidBootstrap]&amp#27;[39m Sending command to android: {"cmd":"action","action":"find","params":{"strategy":"id","selector":"WiÃ¢â‚¬â€˜Fi","context":"","multiple":false}}
[debug] &amp#27;[35m[AndroidBootstrap]&amp#27;[39m [BOOTSTRAP LOG] [debug] Got data from client: {"cmd":"action","action":"find","params":{"strategy":"id","selector":"WiÃ¢â‚¬â€˜Fi","context":"","multiple":false}}
[debug] &amp#27;[35m[AndroidBootstrap]&amp#27;[39m [BOOTSTRAP LOG] [debug] Got command of type ACTION
[debug] &amp#27;[35m[AndroidBootstrap]&amp#27;[39m [BOOTSTRAP LOG] [debug] Got command action: find
[debug] &amp#27;[35m[AndroidBootstrap]&amp#27;[39m [BOOTSTRAP LOG] [debug] Finding 'WiÃ¢â‚¬â€˜Fi' using 'ID' with the contextId: '' multiple: false
[debug] &amp#27;[35m[AndroidBootstrap]&amp#27;[39m [BOOTSTRAP LOG] [debug] Using: UiSelector[INSTANCE=0, RESOURCE_ID=com.communitake.mdc.supportsip:id/WiÃ¢â‚¬â€˜Fi]
[debug] &amp#27;[35m[AndroidBootstrap]&amp#27;[39m [BOOTSTRAP LOG] [debug] Using: UiSelector[INSTANCE=0, RESOURCE_ID=android:id/WiÃ¢â‚¬â€˜Fi]
[debug] &amp#27;[35m[AndroidBootstrap]&amp#27;[39m [BOOTSTRAP LOG] [debug] Using: UiSelector[INSTANCE=0, RESOURCE_ID=WiÃ¢â‚¬â€˜Fi]
[debug] &amp#27;[35m[AndroidBootstrap]&amp#27;[39m [BOOTSTRAP LOG] [debug] Using: UiSelector[DESCRIPTION=WiÃ¢â‚¬â€˜Fi, INSTANCE=0]
[debug] &amp#27;[35m[AndroidBootstrap]&amp#27;[39m [BOOTSTRAP LOG] [debug] Failed to locate element. Clearing Accessibility cache and retrying.
[debug] &amp#27;[35m[AndroidBootstrap]&amp#27;[39m [BOOTSTRAP LOG] [debug] Finding 'WiÃ¢â‚¬â€˜Fi' using 'ID' with the contextId: '' multiple: false
[debug] &amp#27;[35m[AndroidBootstrap]&amp#27;[39m [BOOTSTRAP LOG] [debug] Using: UiSelector[INSTANCE=0, RESOURCE_ID=com.communitake.mdc.supportsip:id/WiÃ¢â‚¬â€˜Fi]
[debug] &amp#27;[35m[AndroidBootstrap]&amp#27;[39m [BOOTSTRAP LOG] [debug] Using: UiSelector[INSTANCE=0, RESOURCE_ID=android:id/WiÃ¢â‚¬â€˜Fi]
[debug] &amp#27;[35m[AndroidBootstrap]&amp#27;[39m [BOOTSTRAP LOG] [debug] Using: UiSelector[INSTANCE=0, RESOURCE_ID=WiÃ¢â‚¬â€˜Fi]
[debug] &amp#27;[35m[AndroidBootstrap]&amp#27;[39m [BOOTSTRAP LOG] [debug] Using: UiSelector[DESCRIPTION=WiÃ¢â‚¬â€˜Fi, INSTANCE=0]
[debug] &amp#27;[35m[AndroidBootstrap]&amp#27;[39m [BOOTSTRAP LOG] [debug] Returning result: {"status":7,"value":"No element found"}
[debug] &amp#27;[35m[AndroidBootstrap]&amp#27;[39m Received command result from bootstrap
[debug] &amp#27;[35m[MJSONWP]&amp#27;[39m Matched JSONWP error code 7 to NoSuchElementError
[debug] &amp#27;[35m[BaseDriver]&amp#27;[39m Waited for 1136 ms so far
[debug] &amp#27;[35m[AndroidBootstrap]&amp#27;[39m Sending command to android: {"cmd":"action","action":"find","params":{"strategy":"id","selector":"WiÃ¢â‚¬â€˜Fi","context":"","multiple":false}}
[debug] &amp#27;[35m[AndroidBootstrap]&amp#27;[39m [BOOTSTRAP LOG] [debug] Got data from client: {"cmd":"action","action":"find","params":{"strategy":"id","selector":"WiÃ¢â‚¬â€˜Fi","context":"","multiple":false}}
[debug] &amp#27;[35m[AndroidBootstrap]&amp#27;[39m [BOOTSTRAP LOG] [debug] Got command of type ACTION
[debug] &amp#27;[35m[AndroidBootstrap]&amp#27;[39m [BOOTSTRAP LOG] [debug] Got command action: find
[debug] &amp#27;[35m[AndroidBootstrap]&amp#27;[39m [BOOTSTRAP LOG] [debug] Finding 'WiÃ¢â‚¬â€˜Fi' using 'ID' with the contextId: '' multiple: false
[debug] &amp#27;[35m[AndroidBootstrap]&amp#27;[39m [BOOTSTRAP LOG] [debug] Using: UiSelector[INSTANCE=0, RESOURCE_ID=com.communitake.mdc.supportsip:id/WiÃ¢â‚¬â€˜Fi]
[debug] &amp#27;[35m[AndroidBootstrap]&amp#27;[39m [BOOTSTRAP LOG] [debug] Using: UiSelector[INSTANCE=0, RESOURCE_ID=android:id/WiÃ¢â‚¬â€˜Fi]
[debug] &amp#27;[35m[AndroidBootstrap]&amp#27;[39m [BOOTSTRAP LOG] [debug] Using: UiSelector[INSTANCE=0, RESOURCE_ID=WiÃ¢â‚¬â€˜Fi]
[debug] &amp#27;[35m[AndroidBootstrap]&amp#27;[39m [BOOTSTRAP LOG] [debug] Using: UiSelector[DESCRIPTION=WiÃ¢â‚¬â€˜Fi, INSTANCE=0]
[debug] &amp#27;[35m[AndroidBootstrap]&amp#27;[39m [BOOTSTRAP LOG] [debug] Failed to locate element. Clearing Accessibility cache and retrying.
[debug] &amp#27;[35m[AndroidBootstrap]&amp#27;[39m [BOOTSTRAP LOG] [debug] Finding 'WiÃ¢â‚¬â€˜Fi' using 'ID' with the contextId: '' multiple: false
[debug] &amp#27;[35m[AndroidBootstrap]&amp#27;[39m [BOOTSTRAP LOG] [debug] Using: UiSelector[INSTANCE=0, RESOURCE_ID=com.communitake.mdc.supportsip:id/WiÃ¢â‚¬â€˜Fi]
[debug] &amp#27;[35m[AndroidBootstrap]&amp#27;[39m [BOOTSTRAP LOG] [debug] Using: UiSelector[INSTANCE=0, RESOURCE_ID=android:id/WiÃ¢â‚¬â€˜Fi]
[debug] &amp#27;[35m[AndroidBootstrap]&amp#27;[39m [BOOTSTRAP LOG] [debug] Using: UiSelector[INSTANCE=0, RESOURCE_ID=WiÃ¢â‚¬â€˜Fi]
[debug] &amp#27;[35m[AndroidBootstrap]&amp#27;[39m [BOOTSTRAP LOG] [debug] Using: UiSelector[DESCRIPTION=WiÃ¢â‚¬â€˜Fi, INSTANCE=0]
[debug] &amp#27;[35m[AndroidBootstrap]&amp#27;[39m [BOOTSTRAP LOG] [debug] Returning result: {"status":7,"value":"No element found"}
[debug] &amp#27;[35m[AndroidBootstrap]&amp#27;[39m Received command result from bootstrap
[debug] &amp#27;[35m[MJSONWP]&amp#27;[39m Matched JSONWP error code 7 to NoSuchElementError
[debug] &amp#27;[35m[BaseDriver]&amp#27;[39m Waited for 1918 ms so far
[debug] &amp#27;[35m[AndroidBootstrap]&amp#27;[39m Sending command to android: {"cmd":"action","action":"find","params":{"strategy":"id","selector":"WiÃ¢â‚¬â€˜Fi","context":"","multiple":false}}
[debug] &amp#27;[35m[AndroidBootstrap]&amp#27;[39m [BOOTSTRAP LOG] [debug] Got data from client: {"cmd":"action","action":"find","params":{"strategy":"id","selector":"WiÃ¢â‚¬â€˜Fi","context":"","multiple":false}}
[debug] &amp#27;[35m[AndroidBootstrap]&amp#27;[39m [BOOTSTRAP LOG] [debug] Got command of type ACTION
[debug] &amp#27;[35m[AndroidBootstrap]&amp#27;[39m [BOOTSTRAP LOG] [debug] Got command action: find
[debug] &amp#27;[35m[AndroidBootstrap]&amp#27;[39m [BOOTSTRAP LOG] [debug] Finding 'WiÃ¢â‚¬â€˜Fi' using 'ID' with the contextId: '' multiple: false
[debug] &amp#27;[35m[AndroidBootstrap]&amp#27;[39m [BOOTSTRAP LOG] [debug] Using: UiSelector[INSTANCE=0, RESOURCE_ID=com.communitake.mdc.supportsip:id/WiÃ¢â‚¬â€˜Fi]
[debug] &amp#27;[35m[AndroidBootstrap]&amp#27;[39m [BOOTSTRAP LOG] [debug] Using: UiSelector[INSTANCE=0, RESOURCE_ID=android:id/WiÃ¢â‚¬â€˜Fi]
[debug] &amp#27;[35m[AndroidBootstrap]&amp#27;[39m [BOOTSTRAP LOG] [debug] Using: UiSelector[INSTANCE=0, RESOURCE_ID=WiÃ¢â‚¬â€˜Fi]
[debug] &amp#27;[35m[AndroidBootstrap]&amp#27;[39m [BOOTSTRAP LOG] [debug] Using: UiSelector[DESCRIPTION=WiÃ¢â‚¬â€˜Fi, INSTANCE=0]
[debug] &amp#27;[35m[AndroidBootstrap]&amp#27;[39m [BOOTSTRAP LOG] [debug] Failed to locate element. Clearing Accessibility cache and retrying.
[debug] &amp#27;[35m[AndroidBootstrap]&amp#27;[39m [BOOTSTRAP LOG] [debug] Finding 'WiÃ¢â‚¬â€˜Fi' using 'ID' with the contextId: '' multiple: false
[debug] &amp#27;[35m[AndroidBootstrap]&amp#27;[39m [BOOTSTRAP LOG] [debug] Using: UiSelector[INSTANCE=0, RESOURCE_ID=com.communitake.mdc.supportsip:id/WiÃ¢â‚¬â€˜Fi]
[debug] &amp#27;[35m[AndroidBootstrap]&amp#27;[39m [BOOTSTRAP LOG] [debug] Using: UiSelector[INSTANCE=0, RESOURCE_ID=android:id/WiÃ¢â‚¬â€˜Fi]
[debug] &amp#27;[35m[AndroidBootstrap]&amp#27;[39m [BOOTSTRAP LOG] [debug] Using: UiSelector[INSTANCE=0, RESOURCE_ID=WiÃ¢â‚¬â€˜Fi]
[debug] &amp#27;[35m[AndroidBootstrap]&amp#27;[39m [BOOTSTRAP LOG] [debug] Using: UiSelector[DESCRIPTION=WiÃ¢â‚¬â€˜Fi, INSTANCE=0]
[debug] &amp#27;[35m[AndroidBootstrap]&amp#27;[39m [BOOTSTRAP LOG] [debug] Returning result: {"status":7,"value":"No element found"}
[debug] &amp#27;[35m[AndroidBootstrap]&amp#27;[39m Received command result from bootstrap
[debug] &amp#27;[35m[MJSONWP]&amp#27;[39m Matched JSONWP error code 7 to NoSuchElementError
[debug] &amp#27;[35m[BaseDriver]&amp#27;[39m Waited for 2670 ms so far
[debug] &amp#27;[35m[AndroidBootstrap]&amp#27;[39m Sending command to android: {"cmd":"action","action":"find","params":{"strategy":"id","selector":"WiÃ¢â‚¬â€˜Fi","context":"","multiple":false}}
[debug] &amp#27;[35m[AndroidBootstrap]&amp#27;[39m [BOOTSTRAP LOG] [debug] Got data from client: {"cmd":"action","action":"find","params":{"strategy":"id","selector":"WiÃ¢â‚¬â€˜Fi","context":"","multiple":false}}
[debug] &amp#27;[35m[AndroidBootstrap]&amp#27;[39m [BOOTSTRAP LOG] [debug] Got command of type ACTION
[debug] &amp#27;[35m[AndroidBootstrap]&amp#27;[39m [BOOTSTRAP LOG] [debug] Got command action: find
[debug] &amp#27;[35m[AndroidBootstrap]&amp#27;[39m [BOOTSTRAP LOG] [debug] Finding 'WiÃ¢â‚¬â€˜Fi' using 'ID' with the contextId: '' multiple: false
[debug] &amp#27;[35m[AndroidBootstrap]&amp#27;[39m [BOOTSTRAP LOG] [debug] Using: UiSelector[INSTANCE=0, RESOURCE_ID=com.communitake.mdc.supportsip:id/WiÃ¢â‚¬â€˜Fi]
[debug] &amp#27;[35m[AndroidBootstrap]&amp#27;[39m [BOOTSTRAP LOG] [debug] Using: UiSelector[INSTANCE=0, RESOURCE_ID=android:id/WiÃ¢â‚¬â€˜Fi]
[debug] &amp#27;[35m[AndroidBootstrap]&amp#27;[39m [BOOTSTRAP LOG] [debug] Using: UiSelector[INSTANCE=0, RESOURCE_ID=WiÃ¢â‚¬â€˜Fi]
[debug] &amp#27;[35m[AndroidBootstrap]&amp#27;[39m [BOOTSTRAP LOG] [debug] Using: UiSelector[DESCRIPTION=WiÃ¢â‚¬â€˜Fi, INSTANCE=0]
[debug] &amp#27;[35m[AndroidBootstrap]&amp#27;[39m [BOOTSTRAP LOG] [debug] Failed to locate element. Clearing Accessibility cache and retrying.
[debug] &amp#27;[35m[AndroidBootstrap]&amp#27;[39m [BOOTSTRAP LOG] [debug] Finding 'WiÃ¢â‚¬â€˜Fi' using 'ID' with the contextId: '' multiple: false
[debug] &amp#27;[35m[AndroidBootstrap]&amp#27;[39m [BOOTSTRAP LOG] [debug] Using: UiSelector[INSTANCE=0, RESOURCE_ID=com.communitake.mdc.supportsip:id/WiÃ¢â‚¬â€˜Fi]
[debug] &amp#27;[35m[AndroidBootstrap]&amp#27;[39m [BOOTSTRAP LOG] [debug] Using: UiSelector[INSTANCE=0, RESOURCE_ID=android:id/WiÃ¢â‚¬â€˜Fi]
[debug] &amp#27;[35m[AndroidBootstrap]&amp#27;[39m [BOOTSTRAP LOG] [debug] Using: UiSelector[INSTANCE=0, RESOURCE_ID=WiÃ¢â‚¬â€˜Fi]
[debug] &amp#27;[35m[AndroidBootstrap]&amp#27;[39m [BOOTSTRAP LOG] [debug] Using: UiSelector[DESCRIPTION=WiÃ¢â‚¬â€˜Fi, INSTANCE=0]
[debug] &amp#27;[35m[AndroidBootstrap]&amp#27;[39m [BOOTSTRAP LOG] [debug] Returning result: {"status":7,"value":"No element found"}
[debug] &amp#27;[35m[AndroidBootstrap]&amp#27;[39m Received command result from bootstrap
[debug] &amp#27;[35m[MJSONWP]&amp#27;[39m Matched JSONWP error code 7 to NoSuchElementError
[debug] &amp#27;[35m[BaseDriver]&amp#27;[39m Waited for 3463 ms so far
[debug] &amp#27;[35m[AndroidBootstrap]&amp#27;[39m Sending command to android: {"cmd":"action","action":"find","params":{"strategy":"id","selector":"WiÃ¢â‚¬â€˜Fi","context":"","multiple":false}}
[debug] &amp#27;[35m[AndroidBootstrap]&amp#27;[39m [BOOTSTRAP LOG] [debug] Got data from client: {"cmd":"action","action":"find","params":{"strategy":"id","selector":"WiÃ¢â‚¬â€˜Fi","context":"","multiple":false}}
[debug] &amp#27;[35m[AndroidBootstrap]&amp#27;[39m [BOOTSTRAP LOG] [debug] Got command of type ACTION
[debug] &amp#27;[35m[AndroidBootstrap]&amp#27;[39m [BOOTSTRAP LOG] [debug] Got command action: find
[debug] &amp#27;[35m[AndroidBootstrap]&amp#27;[39m [BOOTSTRAP LOG] [debug] Finding 'WiÃ¢â‚¬â€˜Fi' using 'ID' with the contextId: '' multiple: false
[debug] &amp#27;[35m[AndroidBootstrap]&amp#27;[39m [BOOTSTRAP LOG] [debug] Using: UiSelector[INSTANCE=0, RESOURCE_ID=com.communitake.mdc.supportsip:id/WiÃ¢â‚¬â€˜Fi]
[debug] &amp#27;[35m[AndroidBootstrap]&amp#27;[39m [BOOTSTRAP LOG] [debug] Using: UiSelector[INSTANCE=0, RESOURCE_ID=android:id/WiÃ¢â‚¬â€˜Fi]
[debug] &amp#27;[35m[AndroidBootstrap]&amp#27;[39m [BOOTSTRAP LOG] [debug] Using: UiSelector[INSTANCE=0, RESOURCE_ID=WiÃ¢â‚¬â€˜Fi]
[debug] &amp#27;[35m[AndroidBootstrap]&amp#27;[39m [BOOTSTRAP LOG] [debug] Using: UiSelector[DESCRIPTION=WiÃ¢â‚¬â€˜Fi, INSTANCE=0]
[debug] &amp#27;[35m[AndroidBootstrap]&amp#27;[39m [BOOTSTRAP LOG] [debug] Failed to locate element. Clearing Accessibility cache and retrying.
[debug] &amp#27;[35m[AndroidBootstrap]&amp#27;[39m [BOOTSTRAP LOG] [debug] Finding 'WiÃ¢â‚¬â€˜Fi' using 'ID' with the contextId: '' multiple: false
[debug] &amp#27;[35m[AndroidBootstrap]&amp#27;[39m [BOOTSTRAP LOG] [debug] Using: UiSelector[INSTANCE=0, RESOURCE_ID=com.communitake.mdc.supportsip:id/WiÃ¢â‚¬â€˜Fi]
[debug] &amp#27;[35m[AndroidBootstrap]&amp#27;[39m [BOOTSTRAP LOG] [debug] Using: UiSelector[INSTANCE=0, RESOURCE_ID=android:id/WiÃ¢â‚¬â€˜Fi]
[debug] &amp#27;[35m[AndroidBootstrap]&amp#27;[39m [BOOTSTRAP LOG] [debug] Using: UiSelector[INSTANCE=0, RESOURCE_ID=WiÃ¢â‚¬â€˜Fi]
[debug] &amp#27;[35m[AndroidBootstrap]&amp#27;[39m [BOOTSTRAP LOG] [debug] Using: UiSelector[DESCRIPTION=WiÃ¢â‚¬â€˜Fi, INSTANCE=0]
[debug] &amp#27;[35m[AndroidBootstrap]&amp#27;[39m [BOOTSTRAP LOG] [debug] Returning result: {"status":7,"value":"No element found"}
[debug] &amp#27;[35m[AndroidBootstrap]&amp#27;[39m Received command result from bootstrap
[debug] &amp#27;[35m[MJSONWP]&amp#27;[39m Matched JSONWP error code 7 to NoSuchElementError
[debug] &amp#27;[35m[BaseDriver]&amp#27;[39m Waited for 4261 ms so far
[debug] &amp#27;[35m[AndroidBootstrap]&amp#27;[39m Sending command to android: {"cmd":"action","action":"find","params":{"strategy":"id","selector":"WiÃ¢â‚¬â€˜Fi","context":"","multiple":false}}
[debug] &amp#27;[35m[AndroidBootstrap]&amp#27;[39m [BOOTSTRAP LOG] [debug] Got data from client: {"cmd":"action","action":"find","params":{"strategy":"id","selector":"WiÃ¢â‚¬â€˜Fi","context":"","multiple":false}}
[debug] &amp#27;[35m[AndroidBootstrap]&amp#27;[39m [BOOTSTRAP LOG] [debug] Got command of type ACTION
[debug] &amp#27;[35m[AndroidBootstrap]&amp#27;[39m [BOOTSTRAP LOG] [debug] Got command action: find
[debug] &amp#27;[35m[AndroidBootstrap]&amp#27;[39m [BOOTSTRAP LOG] [debug] Finding 'WiÃ¢â‚¬â€˜Fi' using 'ID' with the contextId: '' multiple: false
[debug] &amp#27;[35m[AndroidBootstrap]&amp#27;[39m [BOOTSTRAP LOG] [debug] Using: UiSelector[INSTANCE=0, RESOURCE_ID=com.communitake.mdc.supportsip:id/WiÃ¢â‚¬â€˜Fi]
[debug] &amp#27;[35m[AndroidBootstrap]&amp#27;[39m [BOOTSTRAP LOG] [debug] Using: UiSelector[INSTANCE=0, RESOURCE_ID=android:id/WiÃ¢â‚¬â€˜Fi]
[debug] &amp#27;[35m[AndroidBootstrap]&amp#27;[39m [BOOTSTRAP LOG] [debug] Using: UiSelector[INSTANCE=0, RESOURCE_ID=WiÃ¢â‚¬â€˜Fi]
[debug] &amp#27;[35m[AndroidBootstrap]&amp#27;[39m [BOOTSTRAP LOG] [debug] Using: UiSelector[DESCRIPTION=WiÃ¢â‚¬â€˜Fi, INSTANCE=0]
[debug] &amp#27;[35m[AndroidBootstrap]&amp#27;[39m [BOOTSTRAP LOG] [debug] Failed to locate element. Clearing Accessibility cache and retrying.
[debug] &amp#27;[35m[AndroidBootstrap]&amp#27;[39m [BOOTSTRAP LOG] [debug] Finding 'WiÃ¢â‚¬â€˜Fi' using 'ID' with the contextId: '' multiple: false
[debug] &amp#27;[35m[AndroidBootstrap]&amp#27;[39m [BOOTSTRAP LOG] [debug] Using: UiSelector[INSTANCE=0, RESOURCE_ID=com.communitake.mdc.supportsip:id/WiÃ¢â‚¬â€˜Fi]
[debug] &amp#27;[35m[AndroidBootstrap]&amp#27;[39m [BOOTSTRAP LOG] [debug] Using: UiSelector[INSTANCE=0, RESOURCE_ID=android:id/WiÃ¢â‚¬â€˜Fi]
[debug] &amp#27;[35m[AndroidBootstrap]&amp#27;[39m [BOOTSTRAP LOG] [debug] Using: UiSelector[INSTANCE=0, RESOURCE_ID=WiÃ¢â‚¬â€˜Fi]
[debug] &amp#27;[35m[AndroidBootstrap]&amp#27;[39m [BOOTSTRAP LOG] [debug] Using: UiSelector[DESCRIPTION=WiÃ¢â‚¬â€˜Fi, INSTANCE=0]
[debug] &amp#27;[35m[AndroidBootstrap]&amp#27;[39m [BOOTSTRAP LOG] [debug] Returning result: {"status":7,"value":"No element found"}
[debug] &amp#27;[35m[AndroidBootstrap]&amp#27;[39m Received command result from bootstrap
[debug] &amp#27;[35m[MJSONWP]&amp#27;[39m Matched JSONWP error code 7 to NoSuchElementError
[debug] &amp#27;[35m[BaseDriver]&amp#27;[39m Waited for 5110 ms so far
[debug] &amp#27;[35m[AndroidBootstrap]&amp#27;[39m Sending command to android: {"cmd":"action","action":"find","params":{"strategy":"id","selector":"WiÃ¢â‚¬â€˜Fi","context":"","multiple":false}}
[debug] &amp#27;[35m[AndroidBootstrap]&amp#27;[39m [BOOTSTRAP LOG] [debug] Got data from client: {"cmd":"action","action":"find","params":{"strategy":"id","selector":"WiÃ¢â‚¬â€˜Fi","context":"","multiple":false}}
[debug] &amp#27;[35m[AndroidBootstrap]&amp#27;[39m [BOOTSTRAP LOG] [debug] Got command of type ACTION
[debug] &amp#27;[35m[AndroidBootstrap]&amp#27;[39m [BOOTSTRAP LOG] [debug] Got command action: find
[debug] &amp#27;[35m[AndroidBootstrap]&amp#27;[39m [BOOTSTRAP LOG] [debug] Finding 'WiÃ¢â‚¬â€˜Fi' using 'ID' with the contextId: '' multiple: false
[debug] &amp#27;[35m[AndroidBootstrap]&amp#27;[39m [BOOTSTRAP LOG] [debug] Using: UiSelector[INSTANCE=0, RESOURCE_ID=com.communitake.mdc.supportsip:id/WiÃ¢â‚¬â€˜Fi]
[debug] &amp#27;[35m[AndroidBootstrap]&amp#27;[39m [BOOTSTRAP LOG] [debug] Using: UiSelector[INSTANCE=0, RESOURCE_ID=android:id/WiÃ¢â‚¬â€˜Fi]
[debug] &amp#27;[35m[AndroidBootstrap]&amp#27;[39m [BOOTSTRAP LOG] [debug] Using: UiSelector[INSTANCE=0, RESOURCE_ID=WiÃ¢â‚¬â€˜Fi]
[debug] &amp#27;[35m[AndroidBootstrap]&amp#27;[39m [BOOTSTRAP LOG] [debug] Using: UiSelector[DESCRIPTION=WiÃ¢â‚¬â€˜Fi, INSTANCE=0]
[debug] &amp#27;[35m[AndroidBootstrap]&amp#27;[39m [BOOTSTRAP LOG] [debug] Failed to locate element. Clearing Accessibility cache and retrying.
[debug] &amp#27;[35m[AndroidBootstrap]&amp#27;[39m [BOOTSTRAP LOG] [debug] Finding 'WiÃ¢â‚¬â€˜Fi' using 'ID' with the contextId: '' multiple: false
[debug] &amp#27;[35m[AndroidBootstrap]&amp#27;[39m [BOOTSTRAP LOG] [debug] Using: UiSelector[INSTANCE=0, RESOURCE_ID=com.communitake.mdc.supportsip:id/WiÃ¢â‚¬â€˜Fi]
[debug] &amp#27;[35m[AndroidBootstrap]&amp#27;[39m [BOOTSTRAP LOG] [debug] Using: UiSelector[INSTANCE=0, RESOURCE_ID=android:id/WiÃ¢â‚¬â€˜Fi]
[debug] &amp#27;[35m[AndroidBootstrap]&amp#27;[39m [BOOTSTRAP LOG] [debug] Using: UiSelector[INSTANCE=0, RESOURCE_ID=WiÃ¢â‚¬â€˜Fi]
[debug] &amp#27;[35m[AndroidBootstrap]&amp#27;[39m [BOOTSTRAP LOG] [debug] Using: UiSelector[DESCRIPTION=WiÃ¢â‚¬â€˜Fi, INSTANCE=0]
[debug] &amp#27;[35m[AndroidBootstrap]&amp#27;[39m [BOOTSTRAP LOG] [debug] Returning result: {"status":7,"value":"No element found"}
[debug] &amp#27;[35m[AndroidBootstrap]&amp#27;[39m Received command result from bootstrap
[debug] &amp#27;[35m[MJSONWP]&amp#27;[39m Matched JSONWP error code 7 to NoSuchElementError
[debug] &amp#27;[35m[BaseDriver]&amp#27;[39m Waited for 5873 ms so far
[debug] &amp#27;[35m[AndroidBootstrap]&amp#27;[39m Sending command to android: {"cmd":"action","action":"find","params":{"strategy":"id","selector":"WiÃ¢â‚¬â€˜Fi","context":"","multiple":false}}
[debug] &amp#27;[35m[AndroidBootstrap]&amp#27;[39m [BOOTSTRAP LOG] [debug] Got data from client: {"cmd":"action","action":"find","params":{"strategy":"id","selector":"WiÃ¢â‚¬â€˜Fi","context":"","multiple":false}}
[debug] &amp#27;[35m[AndroidBootstrap]&amp#27;[39m [BOOTSTRAP LOG] [debug] Got command of type ACTION
[debug] &amp#27;[35m[AndroidBootstrap]&amp#27;[39m [BOOTSTRAP LOG] [debug] Got command action: find
[debug] &amp#27;[35m[AndroidBootstrap]&amp#27;[39m [BOOTSTRAP LOG] [debug] Finding 'WiÃ¢â‚¬â€˜Fi' using 'ID' with the contextId: '' multiple: false
[debug] &amp#27;[35m[AndroidBootstrap]&amp#27;[39m [BOOTSTRAP LOG] [debug] Using: UiSelector[INSTANCE=0, RESOURCE_ID=com.communitake.mdc.supportsip:id/WiÃ¢â‚¬â€˜Fi]
[debug] &amp#27;[35m[AndroidBootstrap]&amp#27;[39m [BOOTSTRAP LOG] [debug] Using: UiSelector[INSTANCE=0, RESOURCE_ID=android:id/WiÃ¢â‚¬â€˜Fi]
[debug] &amp#27;[35m[AndroidBootstrap]&amp#27;[39m [BOOTSTRAP LOG] [debug] Using: UiSelector[INSTANCE=0, RESOURCE_ID=WiÃ¢â‚¬â€˜Fi]
[debug] &amp#27;[35m[AndroidBootstrap]&amp#27;[39m [BOOTSTRAP LOG] [debug] Using: UiSelector[DESCRIPTION=WiÃ¢â‚¬â€˜Fi, INSTANCE=0]
[debug] &amp#27;[35m[AndroidBootstrap]&amp#27;[39m [BOOTSTRAP LOG] [debug] Failed to locate element. Clearing Accessibility cache and retrying.
[debug] &amp#27;[35m[AndroidBootstrap]&amp#27;[39m [BOOTSTRAP LOG] [debug] Finding 'WiÃ¢â‚¬â€˜Fi' using 'ID' with the contextId: '' multiple: false
[debug] &amp#27;[35m[AndroidBootstrap]&amp#27;[39m [BOOTSTRAP LOG] [debug] Using: UiSelector[INSTANCE=0, RESOURCE_ID=com.communitake.mdc.supportsip:id/WiÃ¢â‚¬â€˜Fi]
[debug] &amp#27;[35m[AndroidBootstrap]&amp#27;[39m [BOOTSTRAP LOG] [debug] Using: UiSelector[INSTANCE=0, RESOURCE_ID=android:id/WiÃ¢â‚¬â€˜Fi]
[debug] &amp#27;[35m[AndroidBootstrap]&amp#27;[39m [BOOTSTRAP LOG] [debug] Using: UiSelector[INSTANCE=0, RESOURCE_ID=WiÃ¢â‚¬â€˜Fi]
[debug] &amp#27;[35m[AndroidBootstrap]&amp#27;[39m [BOOTSTRAP LOG] [debug] Using: UiSelector[DESCRIPTION=WiÃ¢â‚¬â€˜Fi, INSTANCE=0]
[debug] &amp#27;[35m[AndroidBootstrap]&amp#27;[39m [BOOTSTRAP LOG] [debug] Returning result: {"status":7,"value":"No element found"}
[debug] &amp#27;[35m[AndroidBootstrap]&amp#27;[39m Received command result from bootstrap
[debug] &amp#27;[35m[MJSONWP]&amp#27;[39m Matched JSONWP error code 7 to NoSuchElementError
[debug] &amp#27;[35m[BaseDriver]&amp#27;[39m Waited for 6718 ms so far
[debug] &amp#27;[35m[AndroidBootstrap]&amp#27;[39m Sending command to android: {"cmd":"action","action":"find","params":{"strategy":"id","selector":"WiÃ¢â‚¬â€˜Fi","context":"","multiple":false}}
[debug] &amp#27;[35m[AndroidBootstrap]&amp#27;[39m [BOOTSTRAP LOG] [debug] Got data from client: {"cmd":"action","action":"find","params":{"strategy":"id","selector":"WiÃ¢â‚¬â€˜Fi","context":"","multiple":false}}
[debug] &amp#27;[35m[AndroidBootstrap]&amp#27;[39m [BOOTSTRAP LOG] [debug] Got command of type ACTION
[debug] &amp#27;[35m[AndroidBootstrap]&amp#27;[39m [BOOTSTRAP LOG] [debug] Got command action: find
[debug] &amp#27;[35m[AndroidBootstrap]&amp#27;[39m [BOOTSTRAP LOG] [debug] Finding 'WiÃ¢â‚¬â€˜Fi' using 'ID' with the contextId: '' multiple: false
[debug] &amp#27;[35m[AndroidBootstrap]&amp#27;[39m [BOOTSTRAP LOG] [debug] Using: UiSelector[INSTANCE=0, RESOURCE_ID=com.communitake.mdc.supportsip:id/WiÃ¢â‚¬â€˜Fi]
[debug] &amp#27;[35m[AndroidBootstrap]&amp#27;[39m [BOOTSTRAP LOG] [debug] Using: UiSelector[INSTANCE=0, RESOURCE_ID=android:id/WiÃ¢â‚¬â€˜Fi]
[debug] &amp#27;[35m[AndroidBootstrap]&amp#27;[39m [BOOTSTRAP LOG] [debug] Using: UiSelector[INSTANCE=0, RESOURCE_ID=WiÃ¢â‚¬â€˜Fi]
[debug] &amp#27;[35m[AndroidBootstrap]&amp#27;[39m [BOOTSTRAP LOG] [debug] Using: UiSelector[DESCRIPTION=WiÃ¢â‚¬â€˜Fi, INSTANCE=0]
[debug] &amp#27;[35m[AndroidBootstrap]&amp#27;[39m [BOOTSTRAP LOG] [debug] Failed to locate element. Clearing Accessibility cache and retrying.
[debug] &amp#27;[35m[AndroidBootstrap]&amp#27;[39m [BOOTSTRAP LOG] [debug] Finding 'WiÃ¢â‚¬â€˜Fi' using 'ID' with the contextId: '' multiple: false
[debug] &amp#27;[35m[AndroidBootstrap]&amp#27;[39m [BOOTSTRAP LOG] [debug] Using: UiSelector[INSTANCE=0, RESOURCE_ID=com.communitake.mdc.supportsip:id/WiÃ¢â‚¬â€˜Fi]
[debug] &amp#27;[35m[AndroidBootstrap]&amp#27;[39m [BOOTSTRAP LOG] [debug] Using: UiSelector[INSTANCE=0, RESOURCE_ID=android:id/WiÃ¢â‚¬â€˜Fi]
[debug] &amp#27;[35m[AndroidBootstrap]&amp#27;[39m [BOOTSTRAP LOG] [debug] Using: UiSelector[INSTANCE=0, RESOURCE_ID=WiÃ¢â‚¬â€˜Fi]
[debug] &amp#27;[35m[AndroidBootstrap]&amp#27;[39m [BOOTSTRAP LOG] [debug] Using: UiSelector[DESCRIPTION=WiÃ¢â‚¬â€˜Fi, INSTANCE=0]
[debug] &amp#27;[35m[AndroidBootstrap]&amp#27;[39m [BOOTSTRAP LOG] [debug] Returning result: {"status":7,"value":"No element found"}
[debug] &amp#27;[35m[AndroidBootstrap]&amp#27;[39m Received command result from bootstrap
[debug] &amp#27;[35m[MJSONWP]&amp#27;[39m Matched JSONWP error code 7 to NoSuchElementError
[debug] &amp#27;[35m[BaseDriver]&amp#27;[39m Waited for 7551 ms so far
[debug] &amp#27;[35m[AndroidBootstrap]&amp#27;[39m Sending command to android: {"cmd":"action","action":"find","params":{"strategy":"id","selector":"WiÃ¢â‚¬â€˜Fi","context":"","multiple":false}}
[debug] &amp#27;[35m[AndroidBootstrap]&amp#27;[39m [BOOTSTRAP LOG] [debug] Got data from client: {"cmd":"action","action":"find","params":{"strategy":"id","selector":"WiÃ¢â‚¬â€˜Fi","context":"","multiple":false}}
[debug] &amp#27;[35m[AndroidBootstrap]&amp#27;[39m [BOOTSTRAP LOG] [debug] Got command of type ACTION
[debug] &amp#27;[35m[AndroidBootstrap]&amp#27;[39m [BOOTSTRAP LOG] [debug] Got command action: find
[debug] &amp#27;[35m[AndroidBootstrap]&amp#27;[39m [BOOTSTRAP LOG] [debug] Finding 'WiÃ¢â‚¬â€˜Fi' using 'ID' with the contextId: '' multiple: false
[debug] &amp#27;[35m[AndroidBootstrap]&amp#27;[39m [BOOTSTRAP LOG] [debug] Using: UiSelector[INSTANCE=0, RESOURCE_ID=com.communitake.mdc.supportsip:id/WiÃ¢â‚¬â€˜Fi]
[debug] &amp#27;[35m[AndroidBootstrap]&amp#27;[39m [BOOTSTRAP LOG] [debug] Using: UiSelector[INSTANCE=0, RESOURCE_ID=android:id/WiÃ¢â‚¬â€˜Fi]
[debug] &amp#27;[35m[AndroidBootstrap]&amp#27;[39m [BOOTSTRAP LOG] [debug] Using: UiSelector[INSTANCE=0, RESOURCE_ID=WiÃ¢â‚¬â€˜Fi]
[debug] &amp#27;[35m[AndroidBootstrap]&amp#27;[39m [BOOTSTRAP LOG] [debug] Using: UiSelector[DESCRIPTION=WiÃ¢â‚¬â€˜Fi, INSTANCE=0]
[debug] &amp#27;[35m[AndroidBootstrap]&amp#27;[39m [BOOTSTRAP LOG] [debug] Failed to locate element. Clearing Accessibility cache and retrying.
[debug] &amp#27;[35m[AndroidBootstrap]&amp#27;[39m [BOOTSTRAP LOG] [debug] Finding 'WiÃ¢â‚¬â€˜Fi' using 'ID' with the contextId: '' multiple: false
[debug] &amp#27;[35m[AndroidBootstrap]&amp#27;[39m [BOOTSTRAP LOG] [debug] Using: UiSelector[INSTANCE=0, RESOURCE_ID=com.communitake.mdc.supportsip:id/WiÃ¢â‚¬â€˜Fi]
[debug] &amp#27;[35m[AndroidBootstrap]&amp#27;[39m [BOOTSTRAP LOG] [debug] Using: UiSelector[INSTANCE=0, RESOURCE_ID=android:id/WiÃ¢â‚¬â€˜Fi]
[debug] &amp#27;[35m[AndroidBootstrap]&amp#27;[39m [BOOTSTRAP LOG] [debug] Using: UiSelector[INSTANCE=0, RESOURCE_ID=WiÃ¢â‚¬â€˜Fi]
[debug] &amp#27;[35m[AndroidBootstrap]&amp#27;[39m [BOOTSTRAP LOG] [debug] Using: UiSelector[DESCRIPTION=WiÃ¢â‚¬â€˜Fi, INSTANCE=0]
[debug] &amp#27;[35m[AndroidBootstrap]&amp#27;[39m [BOOTSTRAP LOG] [debug] Returning result: {"status":7,"value":"No element found"}
[debug] &amp#27;[35m[AndroidBootstrap]&amp#27;[39m Received command result from bootstrap
[debug] &amp#27;[35m[MJSONWP]&amp#27;[39m Matched JSONWP error code 7 to NoSuchElementError
[debug] &amp#27;[35m[BaseDriver]&amp#27;[39m Waited for 8332 ms so far
[debug] &amp#27;[35m[AndroidBootstrap]&amp#27;[39m Sending command to android: {"cmd":"action","action":"find","params":{"strategy":"id","selector":"WiÃ¢â‚¬â€˜Fi","context":"","multiple":false}}
[debug] &amp#27;[35m[AndroidBootstrap]&amp#27;[39m [BOOTSTRAP LOG] [debug] Got data from client: {"cmd":"action","action":"find","params":{"strategy":"id","selector":"WiÃ¢â‚¬â€˜Fi","context":"","multiple":false}}
[debug] &amp#27;[35m[AndroidBootstrap]&amp#27;[39m [BOOTSTRAP LOG] [debug] Got command of type ACTION
[debug] &amp#27;[35m[AndroidBootstrap]&amp#27;[39m [BOOTSTRAP LOG] [debug] Got command action: find
[debug] &amp#27;[35m[AndroidBootstrap]&amp#27;[39m [BOOTSTRAP LOG] [debug] Finding 'WiÃ¢â‚¬â€˜Fi' using 'ID' with the contextId: '' multiple: false
[debug] &amp#27;[35m[AndroidBootstrap]&amp#27;[39m [BOOTSTRAP LOG] [debug] Using: UiSelector[INSTANCE=0, RESOURCE_ID=com.communitake.mdc.supportsip:id/WiÃ¢â‚¬â€˜Fi]
[debug] &amp#27;[35m[AndroidBootstrap]&amp#27;[39m [BOOTSTRAP LOG] [debug] Using: UiSelector[INSTANCE=0, RESOURCE_ID=android:id/WiÃ¢â‚¬â€˜Fi]
[debug] &amp#27;[35m[AndroidBootstrap]&amp#27;[39m [BOOTSTRAP LOG] [debug] Using: UiSelector[INSTANCE=0, RESOURCE_ID=WiÃ¢â‚¬â€˜Fi]
[debug] &amp#27;[35m[AndroidBootstrap]&amp#27;[39m [BOOTSTRAP LOG] [debug] Using: UiSelector[DESCRIPTION=WiÃ¢â‚¬â€˜Fi, INSTANCE=0]
[debug] &amp#27;[35m[AndroidBootstrap]&amp#27;[39m [BOOTSTRAP LOG] [debug] Failed to locate element. Clearing Accessibility cache and retrying.
[debug] &amp#27;[35m[AndroidBootstrap]&amp#27;[39m [BOOTSTRAP LOG] [debug] Finding 'WiÃ¢â‚¬â€˜Fi' using 'ID' with the contextId: '' multiple: false
[debug] &amp#27;[35m[AndroidBootstrap]&amp#27;[39m [BOOTSTRAP LOG] [debug] Using: UiSelector[INSTANCE=0, RESOURCE_ID=com.communitake.mdc.supportsip:id/WiÃ¢â‚¬â€˜Fi]
[debug] &amp#27;[35m[AndroidBootstrap]&amp#27;[39m [BOOTSTRAP LOG] [debug] Using: UiSelector[INSTANCE=0, RESOURCE_ID=android:id/WiÃ¢â‚¬â€˜Fi]
[debug] &amp#27;[35m[AndroidBootstrap]&amp#27;[39m [BOOTSTRAP LOG] [debug] Using: UiSelector[INSTANCE=0, RESOURCE_ID=WiÃ¢â‚¬â€˜Fi]
[debug] &amp#27;[35m[AndroidBootstrap]&amp#27;[39m [BOOTSTRAP LOG] [debug] Using: UiSelector[DESCRIPTION=WiÃ¢â‚¬â€˜Fi, INSTANCE=0]
[debug] &amp#27;[35m[AndroidBootstrap]&amp#27;[39m [BOOTSTRAP LOG] [debug] Returning result: {"status":7,"value":"No element found"}
[debug] &amp#27;[35m[AndroidBootstrap]&amp#27;[39m Received command result from bootstrap
[debug] &amp#27;[35m[MJSONWP]&amp#27;[39m Matched JSONWP error code 7 to NoSuchElementError
[debug] &amp#27;[35m[BaseDriver]&amp#27;[39m Waited for 9142 ms so far
[debug] &amp#27;[35m[AndroidBootstrap]&amp#27;[39m Sending command to android: {"cmd":"action","action":"find","params":{"strategy":"id","selector":"WiÃ¢â‚¬â€˜Fi","context":"","multiple":false}}
[debug] &amp#27;[35m[AndroidBootstrap]&amp#27;[39m [BOOTSTRAP LOG] [debug] Got data from client: {"cmd":"action","action":"find","params":{"strategy":"id","selector":"WiÃ¢â‚¬â€˜Fi","context":"","multiple":false}}
[debug] &amp#27;[35m[AndroidBootstrap]&amp#27;[39m [BOOTSTRAP LOG] [debug] Got command of type ACTION
[debug] &amp#27;[35m[AndroidBootstrap]&amp#27;[39m [BOOTSTRAP LOG] [debug] Got command action: find
[debug] &amp#27;[35m[AndroidBootstrap]&amp#27;[39m [BOOTSTRAP LOG] [debug] Finding 'WiÃ¢â‚¬â€˜Fi' using 'ID' with the contextId: '' multiple: false
[debug] &amp#27;[35m[AndroidBootstrap]&amp#27;[39m [BOOTSTRAP LOG] [debug] Using: UiSelector[INSTANCE=0, RESOURCE_ID=com.communitake.mdc.supportsip:id/WiÃ¢â‚¬â€˜Fi]
[debug] &amp#27;[35m[AndroidBootstrap]&amp#27;[39m [BOOTSTRAP LOG] [debug] Using: UiSelector[INSTANCE=0, RESOURCE_ID=android:id/WiÃ¢â‚¬â€˜Fi]
[debug] &amp#27;[35m[AndroidBootstrap]&amp#27;[39m [BOOTSTRAP LOG] [debug] Using: UiSelector[INSTANCE=0, RESOURCE_ID=WiÃ¢â‚¬â€˜Fi]
[debug] &amp#27;[35m[AndroidBootstrap]&amp#27;[39m [BOOTSTRAP LOG] [debug] Using: UiSelector[DESCRIPTION=WiÃ¢â‚¬â€˜Fi, INSTANCE=0]
[debug] &amp#27;[35m[AndroidBootstrap]&amp#27;[39m [BOOTSTRAP LOG] [debug] Failed to locate element. Clearing Accessibility cache and retrying.
[debug] &amp#27;[35m[AndroidBootstrap]&amp#27;[39m [BOOTSTRAP LOG] [debug] Finding 'WiÃ¢â‚¬â€˜Fi' using 'ID' with the contextId: '' multiple: false
[debug] &amp#27;[35m[AndroidBootstrap]&amp#27;[39m [BOOTSTRAP LOG] [debug] Using: UiSelector[INSTANCE=0, RESOURCE_ID=com.communitake.mdc.supportsip:id/WiÃ¢â‚¬â€˜Fi]
[debug] &amp#27;[35m[AndroidBootstrap]&amp#27;[39m [BOOTSTRAP LOG] [debug] Using: UiSelector[INSTANCE=0, RESOURCE_ID=android:id/WiÃ¢â‚¬â€˜Fi]
[debug] &amp#27;[35m[AndroidBootstrap]&amp#27;[39m [BOOTSTRAP LOG] [debug] Using: UiSelector[INSTANCE=0, RESOURCE_ID=WiÃ¢â‚¬â€˜Fi]
[debug] &amp#27;[35m[AndroidBootstrap]&amp#27;[39m [BOOTSTRAP LOG] [debug] Using: UiSelector[DESCRIPTION=WiÃ¢â‚¬â€˜Fi, INSTANCE=0]
[debug] &amp#27;[35m[AndroidBootstrap]&amp#27;[39m [BOOTSTRAP LOG] [debug] Returning result: {"status":7,"value":"No element found"}
[debug] &amp#27;[35m[AndroidBootstrap]&amp#27;[39m Received command result from bootstrap
[debug] &amp#27;[35m[MJSONWP]&amp#27;[39m Matched JSONWP error code 7 to NoSuchElementError
[debug] &amp#27;[35m[BaseDriver]&amp#27;[39m Waited for 9856 ms so far
[debug] &amp#27;[35m[AndroidBootstrap]&amp#27;[39m Sending command to android: {"cmd":"action","action":"find","params":{"strategy":"id","selector":"WiÃ¢â‚¬â€˜Fi","context":"","multiple":false}}
[debug] &amp#27;[35m[AndroidBootstrap]&amp#27;[39m [BOOTSTRAP LOG] [debug] Got data from client: {"cmd":"action","action":"find","params":{"strategy":"id","selector":"WiÃ¢â‚¬â€˜Fi","context":"","multiple":false}}
[debug] &amp#27;[35m[AndroidBootstrap]&amp#27;[39m [BOOTSTRAP LOG] [debug] Got command of type ACTION
[debug] &amp#27;[35m[AndroidBootstrap]&amp#27;[39m [BOOTSTRAP LOG] [debug] Got command action: find
[debug] &amp#27;[35m[AndroidBootstrap]&amp#27;[39m [BOOTSTRAP LOG] [debug] Finding 'WiÃ¢â‚¬â€˜Fi' using 'ID' with the contextId: '' multiple: false
[debug] &amp#27;[35m[AndroidBootstrap]&amp#27;[39m [BOOTSTRAP LOG] [debug] Using: UiSelector[INSTANCE=0, RESOURCE_ID=com.communitake.mdc.supportsip:id/WiÃ¢â‚¬â€˜Fi]
[debug] &amp#27;[35m[AndroidBootstrap]&amp#27;[39m [BOOTSTRAP LOG] [debug] Using: UiSelector[INSTANCE=0, RESOURCE_ID=android:id/WiÃ¢â‚¬â€˜Fi]
[debug] &amp#27;[35m[AndroidBootstrap]&amp#27;[39m [BOOTSTRAP LOG] [debug] Using: UiSelector[INSTANCE=0, RESOURCE_ID=WiÃ¢â‚¬â€˜Fi]
[debug] &amp#27;[35m[AndroidBootstrap]&amp#27;[39m [BOOTSTRAP LOG] [debug] Using: UiSelector[DESCRIPTION=WiÃ¢â‚¬â€˜Fi, INSTANCE=0]
[debug] &amp#27;[35m[AndroidBootstrap]&amp#27;[39m [BOOTSTRAP LOG] [debug] Failed to locate element. Clearing Accessibility cache and retrying.
[debug] &amp#27;[35m[AndroidBootstrap]&amp#27;[39m [BOOTSTRAP LOG] [debug] Finding 'WiÃ¢â‚¬â€˜Fi' using 'ID' with the contextId: '' multiple: false
[debug] &amp#27;[35m[AndroidBootstrap]&amp#27;[39m [BOOTSTRAP LOG] [debug] Using: UiSelector[INSTANCE=0, RESOURCE_ID=com.communitake.mdc.supportsip:id/WiÃ¢â‚¬â€˜Fi]
[debug] &amp#27;[35m[AndroidBootstrap]&amp#27;[39m [BOOTSTRAP LOG] [debug] Using: UiSelector[INSTANCE=0, RESOURCE_ID=android:id/WiÃ¢â‚¬â€˜Fi]
[debug] &amp#27;[35m[AndroidBootstrap]&amp#27;[39m [BOOTSTRAP LOG] [debug] Using: UiSelector[INSTANCE=0, RESOURCE_ID=WiÃ¢â‚¬â€˜Fi]
[debug] &amp#27;[35m[AndroidBootstrap]&amp#27;[39m [BOOTSTRAP LOG] [debug] Using: UiSelector[DESCRIPTION=WiÃ¢â‚¬â€˜Fi, INSTANCE=0]
[debug] &amp#27;[35m[AndroidBootstrap]&amp#27;[39m [BOOTSTRAP LOG] [debug] Returning result: {"status":7,"value":"No element found"}
[debug] &amp#27;[35m[AndroidBootstrap]&amp#27;[39m Received command result from bootstrap
[debug] &amp#27;[35m[MJSONWP]&amp#27;[39m Matched JSONWP error code 7 to NoSuchElementError
[debug] &amp#27;[35m[W3C (727c892e)]&amp#27;[39m Encountered internal error running command: NoSuchElementError: An element could not be located on the page using the given search parameters.
[debug] &amp#27;[35m[W3C (727c892e)]&amp#27;[39m     at AndroidDriver.findElOrEls (C:\Users\Nissim Automation\AppData\Roaming\npm\node_modules\appium\node_modules\appium-android-driver\lib\commands\find.js:75:11)
[debug] &amp#27;[35m[W3C (727c892e)]&amp#27;[39m     at AndroidDriver.findElOrElsWithProcessing (C:\Users\Nissim Automation\AppData\Roaming\npm\node_modules\appium\node_modules\appium-base-driver\lib\basedriver\commands\find.js:33:12)
[debug] &amp#27;[35m[W3C (727c892e)]&amp#27;[39m     at AndroidDriver.findElement (C:\Users\Nissim Automation\AppData\Roaming\npm\node_modules\appium\node_modules\appium-base-driver\lib\basedriver\commands\find.js:53:10)
&amp#27;[35m[HTTP]&amp#27;[39m &amp#27;[37m<-- POST /wd/hub/session/727c892e-3132-4c61-80f6-9db5358a458b/element &amp#27;[39m&amp#27;[33m404&amp#27;[39m &amp#27;[90m10820 ms - 805&amp#27;[39m
&amp#27;[35m[HTTP]&amp#27;[39m &amp#27;[90m&amp#27;[39m
]]></system-out>
    <system-err><![CDATA[Jan 04, 2021 8:05:44 AM io.appium.java_client.remote.AppiumCommandExecutor$1 lambda$0
INFO: Detected dialect: W3C
]]></system-err>
  </testcase>
  <testcase name="blockAirplane" classname="com.communitake.tests.automation.gms.FacilitiesTests" time="28.62">
    <system-out><![CDATA[&amp#27;[35m[HTTP]&amp#27;[39m &amp#27;[37m-->&amp#27;[39m &amp#27;[37mGET&amp#27;[39m &amp#27;[37m/wd/hub/status&amp#27;[39m
&amp#27;[35m[HTTP]&amp#27;[39m &amp#27;[90m{}&amp#27;[39m
[debug] &amp#27;[35m[GENERIC]&amp#27;[39m Calling AppiumDriver.getStatus() with args: []
[debug] &amp#27;[35m[GENERIC]&amp#27;[39m Responding to client with driver.getStatus() result: {"build":{"version":"1.19.1"}}
&amp#27;[35m[HTTP]&amp#27;[39m &amp#27;[37m<-- GET /wd/hub/status &amp#27;[39m&amp#27;[32m200&amp#27;[39m &amp#27;[90m1 ms - 68&amp#27;[39m
&amp#27;[35m[HTTP]&amp#27;[39m &amp#27;[90m&amp#27;[39m
&amp#27;[35m[HTTP]&amp#27;[39m &amp#27;[37m-->&amp#27;[39m &amp#27;[37mPOST&amp#27;[39m &amp#27;[37m/wd/hub/session&amp#27;[39m
&amp#27;[35m[HTTP]&amp#27;[39m &amp#27;[90m{"desiredCapabilities":{"appActivity":"com.communitake.mdc.SplashScreen","appPackage":"com.communitake.mdc.supportsip","noReset":"true","platformVersion":"9","automationName":"UiAutomator1","browserName":"","platformName":"Android","udid":"CTGED020000261","deviceName":"CTGED02"},"capabilities":{"firstMatch":[{"appium:appActivity":"com.communitake.mdc.SplashScreen","appium:appPackage":"com.communitake.mdc.supportsip","appium:automationName":"UiAutomator1","browserName":"","appium:deviceName":"CTGED02","appium:noReset":"true","platformName":"android","appium:platformVersion":"9","appium:udid":"CTGED020000261"}]}}&amp#27;[39m
[debug] &amp#27;[35m[W3C]&amp#27;[39m Calling AppiumDriver.createSession() with args: [{"appActivity":"com.communitake.mdc.SplashScreen","appPackage":"com.communitake.mdc.supportsip","noReset":"true","platformVersion":"9","automationName":"UiAutomator1","browserName":"","platformName":"Android","udid":"CTGED020000261","deviceName":"CTGED02"},null,{"firstMatch":[{"appium:appActivity":"com.communitake.mdc.SplashScreen","appium:appPackage":"com.communitake.mdc.supportsip","appium:automationName":"UiAutomator1","browserName":"","appium:deviceName":"CTGED02","appium:noReset":"true","platformName":"android","appium:platformVersion":"9","appium:udid":"CTGED020000261"}]}]
[debug] &amp#27;[35m[BaseDriver]&amp#27;[39m Event 'newSessionRequested' logged at 1609740381159 (08:06:21 GMT+0200 (Israel Standard Time))
&amp#27;[35m[Appium]&amp#27;[39m Appium v1.19.1 creating new AndroidDriver (v4.41.0) session
[debug] &amp#27;[35m[BaseDriver]&amp#27;[39m W3C capabilities and MJSONWP desired capabilities were provided
[debug] &amp#27;[35m[BaseDriver]&amp#27;[39m Creating session with W3C capabilities: {
[debug] &amp#27;[35m[BaseDriver]&amp#27;[39m   "alwaysMatch": {
[debug] &amp#27;[35m[BaseDriver]&amp#27;[39m     "browserName": "",
[debug] &amp#27;[35m[BaseDriver]&amp#27;[39m     "platformName": "android",
[debug] &amp#27;[35m[BaseDriver]&amp#27;[39m     "appium:appActivity": "com.communitake.mdc.SplashScreen",
[debug] &amp#27;[35m[BaseDriver]&amp#27;[39m     "appium:appPackage": "com.communitake.mdc.supportsip",
[debug] &amp#27;[35m[BaseDriver]&amp#27;[39m     "appium:automationName": "UiAutomator1",
[debug] &amp#27;[35m[BaseDriver]&amp#27;[39m     "appium:deviceName": "CTGED02",
[debug] &amp#27;[35m[BaseDriver]&amp#27;[39m     "appium:noReset": "true",
[debug] &amp#27;[35m[BaseDriver]&amp#27;[39m     "appium:platformVersion": "9",
[debug] &amp#27;[35m[BaseDriver]&amp#27;[39m     "appium:udid": "CTGED020000261"
[debug] &amp#27;[35m[BaseDriver]&amp#27;[39m   },
[debug] &amp#27;[35m[BaseDriver]&amp#27;[39m   "firstMatch": [
[debug] &amp#27;[35m[BaseDriver]&amp#27;[39m     {}
[debug] &amp#27;[35m[BaseDriver]&amp#27;[39m   ]
[debug] &amp#27;[35m[BaseDriver]&amp#27;[39m }
&amp#27;[35m[BaseDriver]&amp#27;[39m Capability 'noReset' changed from string to boolean. This may cause unexpected behavior
&amp#27;[35m[BaseDriver]&amp#27;[39m Session created with session id: 8f7de284-b6e0-4335-b615-251f9b25a492
&amp#27;[35m[ADB]&amp#27;[39m Using 'adb.exe' from 'C:\Users\Nissim Automation\AppData\Local\Android\Sdk\platform-tools\adb.exe'
[debug] &amp#27;[35m[ADB]&amp#27;[39m Running 'C:\Users\Nissim Automation\AppData\Local\Android\Sdk\platform-tools\adb.exe -P 5037 start-server'
&amp#27;[35m[AndroidDriver]&amp#27;[39m Retrieving device list
[debug] &amp#27;[35m[ADB]&amp#27;[39m Trying to find a connected android device
[debug] &amp#27;[35m[ADB]&amp#27;[39m Getting connected devices
[debug] &amp#27;[35m[ADB]&amp#27;[39m Connected devices: [{"udid":"CTGED020000261","state":"device"}]
&amp#27;[35m[AndroidDriver]&amp#27;[39m Using device: CTGED020000261
&amp#27;[35m[ADB]&amp#27;[39m Using 'adb.exe' from 'C:\Users\Nissim Automation\AppData\Local\Android\Sdk\platform-tools\adb.exe'
[debug] &amp#27;[35m[ADB]&amp#27;[39m Running 'C:\Users\Nissim Automation\AppData\Local\Android\Sdk\platform-tools\adb.exe -P 5037 start-server'
[debug] &amp#27;[35m[ADB]&amp#27;[39m Setting device id to CTGED020000261
[debug] &amp#27;[35m[ADB]&amp#27;[39m Running 'C:\Users\Nissim Automation\AppData\Local\Android\Sdk\platform-tools\adb.exe -P 5037 -s CTGED020000261 shell getprop ro.build.version.sdk'
[debug] &amp#27;[35m[ADB]&amp#27;[39m Current device property 'ro.build.version.sdk': 28
&amp#27;[35m[ADB]&amp#27;[39m Getting device platform version
[debug] &amp#27;[35m[ADB]&amp#27;[39m Running 'C:\Users\Nissim Automation\AppData\Local\Android\Sdk\platform-tools\adb.exe -P 5037 -s CTGED020000261 shell getprop ro.build.version.release'
[debug] &amp#27;[35m[ADB]&amp#27;[39m Current device property 'ro.build.version.release': 9
[debug] &amp#27;[35m[ADB]&amp#27;[39m Device API level: 28
&amp#27;[35m[AndroidDriver]&amp#27;[39m Consider setting 'automationName' capability to 'uiautomator2' on Android >= 6, since UIAutomator framework is not maintained anymore by the OS vendor.
&amp#27;[35m[AndroidDriver]&amp#27;[39m App file was not listed, instead we're going to run com.communitake.mdc.supportsip directly on the device
[debug] &amp#27;[35m[AndroidDriver]&amp#27;[39m Checking whether package is present on the device
[debug] &amp#27;[35m[ADB]&amp#27;[39m Running 'C:\Users\Nissim Automation\AppData\Local\Android\Sdk\platform-tools\adb.exe -P 5037 -s CTGED020000261 shell pm list packages com.communitake.mdc.supportsip'
&amp#27;[35m[AndroidDriver]&amp#27;[39m Starting Android session
[debug] &amp#27;[35m[ADB]&amp#27;[39m Running 'C:\Users\Nissim Automation\AppData\Local\Android\Sdk\platform-tools\adb.exe -P 5037 -s CTGED020000261 wait-for-device'
[debug] &amp#27;[35m[ADB]&amp#27;[39m Running 'C:\Users\Nissim Automation\AppData\Local\Android\Sdk\platform-tools\adb.exe -P 5037 -s CTGED020000261 shell echo ping'
[debug] &amp#27;[35m[AndroidDriver]&amp#27;[39m Pushing settings apk to device...
[debug] &amp#27;[35m[ADB]&amp#27;[39m Getting install status for io.appium.settings
[debug] &amp#27;[35m[ADB]&amp#27;[39m Running 'C:\Users\Nissim Automation\AppData\Local\Android\Sdk\platform-tools\adb.exe -P 5037 -s CTGED020000261 shell dumpsys package io.appium.settings'
[debug] &amp#27;[35m[ADB]&amp#27;[39m 'io.appium.settings' is installed
[debug] &amp#27;[35m[ADB]&amp#27;[39m Getting package info for 'io.appium.settings'
[debug] &amp#27;[35m[ADB]&amp#27;[39m Running 'C:\Users\Nissim Automation\AppData\Local\Android\Sdk\platform-tools\adb.exe -P 5037 -s CTGED020000261 shell dumpsys package io.appium.settings'
[debug] &amp#27;[35m[ADB]&amp#27;[39m The version name of the installed 'io.appium.settings' is greater or equal to the application version name ('3.2.1' >= '3.2.1')
[debug] &amp#27;[35m[ADB]&amp#27;[39m There is no need to install/upgrade 'C:\Users\Nissim Automation\AppData\Roaming\npm\node_modules\appium\node_modules\io.appium.settings\apks\settings_apk-debug.apk'
[debug] &amp#27;[35m[ADB]&amp#27;[39m Getting IDs of all 'io.appium.settings' processes
[debug] &amp#27;[35m[ADB]&amp#27;[39m Running 'C:\Users\Nissim Automation\AppData\Local\Android\Sdk\platform-tools\adb.exe -P 5037 -s CTGED020000261 shell 'pgrep --help; echo $?''
[debug] &amp#27;[35m[ADB]&amp#27;[39m Running 'C:\Users\Nissim Automation\AppData\Local\Android\Sdk\platform-tools\adb.exe -P 5037 -s CTGED020000261 shell pgrep -f \(\[\[:blank:\]\]\|\^\)io\.appium\.settings\(\[\[:blank:\]\]\|\$\)'
&amp#27;[35m[Appium]&amp#27;[39m Welcome to Appium v1.19.1
&amp#27;[35m[HTTP]&amp#27;[39m Could not start REST http interface listener. The requested port may already be in use. Please make sure there is no other instance of this server running already.
Fatal Error: listen EADDRINUSE: address already in use 0.0.0.0:4723
    at Server.setupListenHandle [as _listen2] (net.js:1318:16)
    at listenInCluster (net.js:1366:12)
    at doListen (net.js:1503:7)
    at processTicksAndRejections (internal/process/task_queues.js:81:21)
[debug] &amp#27;[35m[AndroidDriver]&amp#27;[39m io.appium.settings is already running. There is no need to reset its permissions.
[debug] &amp#27;[35m[ADB]&amp#27;[39m Running 'C:\Users\Nissim Automation\AppData\Local\Android\Sdk\platform-tools\adb.exe -P 5037 -s CTGED020000261 shell appops set io.appium.settings android:mock_location allow'
[debug] &amp#27;[35m[Logcat]&amp#27;[39m Starting logs capture with command: 'C:\\Users\\Nissim Automation\\AppData\\Local\\Android\\Sdk\\platform-tools\\adb.exe' -P 5037 -s CTGED020000261 logcat -v threadtime
&amp#27;[35m[ADB]&amp#27;[39m Getting device platform version
[debug] &amp#27;[35m[ADB]&amp#27;[39m Running 'C:\Users\Nissim Automation\AppData\Local\Android\Sdk\platform-tools\adb.exe -P 5037 -s CTGED020000261 shell getprop ro.build.version.release'
[debug] &amp#27;[35m[ADB]&amp#27;[39m Current device property 'ro.build.version.release': 9
[debug] &amp#27;[35m[ADB]&amp#27;[39m Running 'C:\Users\Nissim Automation\AppData\Local\Android\Sdk\platform-tools\adb.exe -P 5037 -s CTGED020000261 shell wm size'
[debug] &amp#27;[35m[ADB]&amp#27;[39m Running 'C:\Users\Nissim Automation\AppData\Local\Android\Sdk\platform-tools\adb.exe -P 5037 -s CTGED020000261 shell getprop ro.product.model'
[debug] &amp#27;[35m[ADB]&amp#27;[39m Current device property 'ro.product.model': CTGED02
[debug] &amp#27;[35m[ADB]&amp#27;[39m Running 'C:\Users\Nissim Automation\AppData\Local\Android\Sdk\platform-tools\adb.exe -P 5037 -s CTGED020000261 shell getprop ro.product.manufacturer'
[debug] &amp#27;[35m[ADB]&amp#27;[39m Current device property 'ro.product.manufacturer': sanmu
&amp#27;[35m[AndroidDriver]&amp#27;[39m No app sent in, not parsing package/activity
[debug] &amp#27;[35m[AndroidDriver]&amp#27;[39m No app capability. Assuming it is already on the device
[debug] &amp#27;[35m[AndroidBootstrap]&amp#27;[39m Watching for bootstrap disconnect
[debug] &amp#27;[35m[ADB]&amp#27;[39m Forwarding system: 4724 to device: 4724
[debug] &amp#27;[35m[ADB]&amp#27;[39m Running 'C:\Users\Nissim Automation\AppData\Local\Android\Sdk\platform-tools\adb.exe -P 5037 -s CTGED020000261 forward tcp:4724 tcp:4724'
[debug] &amp#27;[35m[UiAutomator]&amp#27;[39m Starting UiAutomator
[debug] &amp#27;[35m[UiAutomator]&amp#27;[39m Moving to state 'starting'
[debug] &amp#27;[35m[UiAutomator]&amp#27;[39m Parsing uiautomator jar
[debug] &amp#27;[35m[UiAutomator]&amp#27;[39m Found jar name: 'AppiumBootstrap.jar'
[debug] &amp#27;[35m[ADB]&amp#27;[39m Running 'C:\Users\Nissim Automation\AppData\Local\Android\Sdk\platform-tools\adb.exe -P 5037 -s CTGED020000261 shell mkdir -p /data/local'
[debug] &amp#27;[35m[ADB]&amp#27;[39m Running 'C:\Users\Nissim Automation\AppData\Local\Android\Sdk\platform-tools\adb.exe -P 5037 -s CTGED020000261 push 'C:\\Users\\Nissim Automation\\AppData\\Roaming\\npm\\node_modules\\appium\\node_modules\\appium-android-driver\\bootstrap\\bin\\AppiumBootstrap.jar' /data/local/tmp/'
[debug] &amp#27;[35m[ADB]&amp#27;[39m Attempting to kill all uiautomator processes
[debug] &amp#27;[35m[ADB]&amp#27;[39m Getting IDs of all 'uiautomator' processes
[debug] &amp#27;[35m[ADB]&amp#27;[39m Running 'C:\Users\Nissim Automation\AppData\Local\Android\Sdk\platform-tools\adb.exe -P 5037 -s CTGED020000261 shell pgrep -f \(\[\[:blank:\]\]\|\^\)uiautomator\(\[\[:blank:\]\]\|\$\)'
[debug] &amp#27;[35m[ADB]&amp#27;[39m Attempting to kill process 8317
[debug] &amp#27;[35m[ADB]&amp#27;[39m Running 'C:\Users\Nissim Automation\AppData\Local\Android\Sdk\platform-tools\adb.exe -P 5037 -s CTGED020000261 shell kill 8317'
[debug] &amp#27;[35m[UiAutomator]&amp#27;[39m Starting UIAutomator
[debug] &amp#27;[35m[ADB]&amp#27;[39m Creating ADB subprocess with args: ["-P",5037,"-s","CTGED020000261","shell","uiautomator","runtest","AppiumBootstrap.jar","-c","io.appium.android.bootstrap.Bootstrap","-e","pkg","com.communitake.mdc.supportsip","-e","disableAndroidWatchers",false,"-e","acceptSslCerts",false]
&amp#27;[35m[UiAutomator]&amp#27;[39m UiAutomator exited unexpectedly with code 143, signal null
[debug] &amp#27;[35m[UiAutomator]&amp#27;[39m Moving to state 'stopped'
&amp#27;[35m[Appium]&amp#27;[39m Closing session, cause was 'UiAUtomator shut down unexpectedly'
&amp#27;[35m[Appium]&amp#27;[39m Removing session '727c892e-3132-4c61-80f6-9db5358a458b' from our master session list
[debug] &amp#27;[35m[AndroidDriver]&amp#27;[39m Shutting down Android driver
[debug] &amp#27;[35m[ADB]&amp#27;[39m Running 'C:\Users\Nissim Automation\AppData\Local\Android\Sdk\platform-tools\adb.exe -P 5037 -s CTGED020000261 shell am force-stop com.communitake.mdc.supportsip'
[debug] &amp#27;[35m[ADB]&amp#27;[39m Pressing the HOME button
[debug] &amp#27;[35m[ADB]&amp#27;[39m Running 'C:\Users\Nissim Automation\AppData\Local\Android\Sdk\platform-tools\adb.exe -P 5037 -s CTGED020000261 shell input keyevent 3'
[debug] &amp#27;[35m[UiAutomator]&amp#27;[39m Moving to state 'online'
&amp#27;[35m[AndroidBootstrap]&amp#27;[39m Android bootstrap socket is now connected
[debug] &amp#27;[35m[ADB]&amp#27;[39m Running 'C:\Users\Nissim Automation\AppData\Local\Android\Sdk\platform-tools\adb.exe -P 5037 -s CTGED020000261 shell dumpsys window'
[debug] &amp#27;[35m[AndroidBootstrap]&amp#27;[39m [BOOTSTRAP LOG] [debug] Registered crash watchers.
[debug] &amp#27;[35m[AndroidBootstrap]&amp#27;[39m [BOOTSTRAP LOG] [debug] Client connected
&amp#27;[35m[AndroidDriver]&amp#27;[39m Screen already unlocked, doing nothing
[debug] &amp#27;[35m[ADB]&amp#27;[39m Running 'C:\Users\Nissim Automation\AppData\Local\Android\Sdk\platform-tools\adb.exe -P 5037 -s CTGED020000261 shell am start -W -n com.communitake.mdc.supportsip/com.communitake.mdc.SplashScreen -S -a android.intent.action.MAIN -c android.intent.category.LAUNCHER -f 0x10200000'
&amp#27;[35m[AndroidBootstrap]&amp#27;[39m Cannot shut down Android bootstrap; it has already shut down
[debug] &amp#27;[35m[Logcat]&amp#27;[39m Stopping logcat capture
[debug] &amp#27;[35m[ADB]&amp#27;[39m Running 'C:\Users\Nissim Automation\AppData\Local\Android\Sdk\platform-tools\adb.exe -P 5037 -s CTGED020000261 shell am force-stop io.appium.unlock'
&amp#27;[35m[Appium]&amp#27;[39m New AndroidDriver session created successfully, session 8f7de284-b6e0-4335-b615-251f9b25a492 added to master session list
[debug] &amp#27;[35m[BaseDriver]&amp#27;[39m Event 'newSessionStarted' logged at 1609740386190 (08:06:26 GMT+0200 (Israel Standard Time))
[debug] &amp#27;[35m[W3C (8f7de284)]&amp#27;[39m Cached the protocol value 'W3C' for the new session 8f7de284-b6e0-4335-b615-251f9b25a492
[debug] &amp#27;[35m[W3C (8f7de284)]&amp#27;[39m Responding to client with driver.createSession() result: {"capabilities":{"platform":"LINUX","webStorageEnabled":false,"takesScreenshot":true,"javascriptEnabled":true,"databaseEnabled":false,"networkConnectionEnabled":true,"locationContextEnabled":false,"warnings":{},"desired":{"browserName":"","platformName":"android","appActivity":"com.communitake.mdc.SplashScreen","appPackage":"com.communitake.mdc.supportsip","automationName":"UiAutomator1","deviceName":"CTGED02","noReset":true,"platformVersion":"9","udid":"CTGED020000261"},"browserName":"","platformName":"android","appActivity":"com.communitake.mdc.SplashScreen","appPackage":"com.communitake.mdc.supportsip","automationName":"UiAutomator1","deviceName":"CTGED020000261","noReset":true,"platformVersion":"9","udid":"CTGED020000261","deviceUDID":"CTGED020000261","deviceScreenSize":"720x1440","deviceModel":"CTGED02","deviceManufacturer":"sanmu"}}
&amp#27;[35m[HTTP]&amp#27;[39m &amp#27;[37m<-- POST /wd/hub/session &amp#27;[39m&amp#27;[32m200&amp#27;[39m &amp#27;[90m5031 ms - 911&amp#27;[39m
&amp#27;[35m[HTTP]&amp#27;[39m &amp#27;[90m&amp#27;[39m
false
&amp#27;[35m[HTTP]&amp#27;[39m &amp#27;[37m-->&amp#27;[39m &amp#27;[37mPOST&amp#27;[39m &amp#27;[37m/wd/hub/session/8f7de284-b6e0-4335-b615-251f9b25a492/timeouts&amp#27;[39m
&amp#27;[35m[HTTP]&amp#27;[39m &amp#27;[90m{"implicit":10000}&amp#27;[39m
[debug] &amp#27;[35m[W3C (8f7de284)]&amp#27;[39m Calling AppiumDriver.timeouts() with args: [null,null,null,null,10000,"8f7de284-b6e0-4335-b615-251f9b25a492"]
[debug] &amp#27;[35m[BaseDriver]&amp#27;[39m W3C timeout argument: {"implicit":10000}}
[debug] &amp#27;[35m[BaseDriver]&amp#27;[39m Set implicit wait to 10000ms
[debug] &amp#27;[35m[W3C (8f7de284)]&amp#27;[39m Responding to client with driver.timeouts() result: null
&amp#27;[35m[HTTP]&amp#27;[39m &amp#27;[37m<-- POST /wd/hub/session/8f7de284-b6e0-4335-b615-251f9b25a492/timeouts &amp#27;[39m&amp#27;[32m200&amp#27;[39m &amp#27;[90m1 ms - 14&amp#27;[39m
&amp#27;[35m[HTTP]&amp#27;[39m &amp#27;[90m&amp#27;[39m
&amp#27;[35m[HTTP]&amp#27;[39m &amp#27;[37m-->&amp#27;[39m &amp#27;[37mGET&amp#27;[39m &amp#27;[37m/wd/hub/session/8f7de284-b6e0-4335-b615-251f9b25a492/context&amp#27;[39m
&amp#27;[35m[HTTP]&amp#27;[39m &amp#27;[90m{}&amp#27;[39m
[debug] &amp#27;[35m[W3C (8f7de284)]&amp#27;[39m Calling AppiumDriver.getCurrentContext() with args: ["8f7de284-b6e0-4335-b615-251f9b25a492"]
[debug] &amp#27;[35m[W3C (8f7de284)]&amp#27;[39m Responding to client with driver.getCurrentContext() result: "NATIVE_APP"
&amp#27;[35m[HTTP]&amp#27;[39m &amp#27;[37m<-- GET /wd/hub/session/8f7de284-b6e0-4335-b615-251f9b25a492/context &amp#27;[39m&amp#27;[32m200&amp#27;[39m &amp#27;[90m3 ms - 22&amp#27;[39m
&amp#27;[35m[HTTP]&amp#27;[39m &amp#27;[90m&amp#27;[39m
&amp#27;[35m[HTTP]&amp#27;[39m &amp#27;[37m-->&amp#27;[39m &amp#27;[37mPOST&amp#27;[39m &amp#27;[37m/wd/hub/session/8f7de284-b6e0-4335-b615-251f9b25a492/element&amp#27;[39m
&amp#27;[35m[HTTP]&amp#27;[39m &amp#27;[90m{"using":"id","value":"com.communitake.mdc.supportsip:id/menuImage"}&amp#27;[39m
[debug] &amp#27;[35m[W3C (8f7de284)]&amp#27;[39m Calling AppiumDriver.findElement() with args: ["id","com.communitake.mdc.supportsip:id/menuImage","8f7de284-b6e0-4335-b615-251f9b25a492"]
[debug] &amp#27;[35m[BaseDriver]&amp#27;[39m Valid locator strategies for this request: xpath, id, class name, accessibility id, -android uiautomator
[debug] &amp#27;[35m[BaseDriver]&amp#27;[39m Waiting up to 10000 ms for condition
[debug] &amp#27;[35m[AndroidBootstrap]&amp#27;[39m Sending command to android: {"cmd":"action","action":"find","params":{"strategy":"id","selector":"com.communitake.mdc.supportsip:id/menuImage","context":"","multiple":false}}
[debug] &amp#27;[35m[AndroidBootstrap]&amp#27;[39m [BOOTSTRAP LOG] [debug] Got data from client: {"cmd":"action","action":"find","params":{"strategy":"id","selector":"com.communitake.mdc.supportsip:id/menuImage","context":"","multiple":false}}
[debug] &amp#27;[35m[AndroidBootstrap]&amp#27;[39m [BOOTSTRAP LOG] [debug] Got command of type ACTION
[debug] &amp#27;[35m[AndroidBootstrap]&amp#27;[39m [BOOTSTRAP LOG] [debug] Got command action: find
[debug] &amp#27;[35m[AndroidBootstrap]&amp#27;[39m [BOOTSTRAP LOG] [debug] Finding 'com.communitake.mdc.supportsip:id/menuImage' using 'ID' with the contextId: '' multiple: false
[debug] &amp#27;[35m[AndroidBootstrap]&amp#27;[39m [BOOTSTRAP LOG] [debug] Using: UiSelector[INSTANCE=0, RESOURCE_ID=com.communitake.mdc.supportsip:id/menuImage]
[debug] &amp#27;[35m[AndroidBootstrap]&amp#27;[39m [BOOTSTRAP LOG] [debug] Failed to locate element. Clearing Accessibility cache and retrying.
[debug] &amp#27;[35m[AndroidBootstrap]&amp#27;[39m [BOOTSTRAP LOG] [debug] Finding 'com.communitake.mdc.supportsip:id/menuImage' using 'ID' with the contextId: '' multiple: false
[debug] &amp#27;[35m[AndroidBootstrap]&amp#27;[39m [BOOTSTRAP LOG] [debug] Using: UiSelector[INSTANCE=0, RESOURCE_ID=com.communitake.mdc.supportsip:id/menuImage]
[debug] &amp#27;[35m[AndroidBootstrap]&amp#27;[39m [BOOTSTRAP LOG] [debug] Returning result: {"status":7,"value":"No element found"}
[debug] &amp#27;[35m[AndroidBootstrap]&amp#27;[39m Received command result from bootstrap
[debug] &amp#27;[35m[MJSONWP]&amp#27;[39m Matched JSONWP error code 7 to NoSuchElementError
[debug] &amp#27;[35m[BaseDriver]&amp#27;[39m Waited for 3683 ms so far
[debug] &amp#27;[35m[AndroidBootstrap]&amp#27;[39m Sending command to android: {"cmd":"action","action":"find","params":{"strategy":"id","selector":"com.communitake.mdc.supportsip:id/menuImage","context":"","multiple":false}}
[debug] &amp#27;[35m[AndroidBootstrap]&amp#27;[39m [BOOTSTRAP LOG] [debug] Got data from client: {"cmd":"action","action":"find","params":{"strategy":"id","selector":"com.communitake.mdc.supportsip:id/menuImage","context":"","multiple":false}}
[debug] &amp#27;[35m[AndroidBootstrap]&amp#27;[39m [BOOTSTRAP LOG] [debug] Got command of type ACTION
[debug] &amp#27;[35m[AndroidBootstrap]&amp#27;[39m [BOOTSTRAP LOG] [debug] Got command action: find
[debug] &amp#27;[35m[AndroidBootstrap]&amp#27;[39m [BOOTSTRAP LOG] [debug] Finding 'com.communitake.mdc.supportsip:id/menuImage' using 'ID' with the contextId: '' multiple: false
[debug] &amp#27;[35m[AndroidBootstrap]&amp#27;[39m [BOOTSTRAP LOG] [debug] Using: UiSelector[INSTANCE=0, RESOURCE_ID=com.communitake.mdc.supportsip:id/menuImage]
[debug] &amp#27;[35m[AndroidBootstrap]&amp#27;[39m [BOOTSTRAP LOG] [debug] Returning result: {"status":0,"value":{"ELEMENT":"1"}}
[debug] &amp#27;[35m[AndroidBootstrap]&amp#27;[39m Received command result from bootstrap
[debug] &amp#27;[35m[W3C (8f7de284)]&amp#27;[39m Responding to client with driver.findElement() result: {"element-6066-11e4-a52e-4f735466cecf":"1","ELEMENT":"1"}
&amp#27;[35m[HTTP]&amp#27;[39m &amp#27;[37m<-- POST /wd/hub/session/8f7de284-b6e0-4335-b615-251f9b25a492/element &amp#27;[39m&amp#27;[32m200&amp#27;[39m &amp#27;[90m5052 ms - 67&amp#27;[39m
&amp#27;[35m[HTTP]&amp#27;[39m &amp#27;[90m&amp#27;[39m
&amp#27;[35m[HTTP]&amp#27;[39m &amp#27;[37m-->&amp#27;[39m &amp#27;[37mPOST&amp#27;[39m &amp#27;[37m/wd/hub/session/8f7de284-b6e0-4335-b615-251f9b25a492/element/1/click&amp#27;[39m
&amp#27;[35m[HTTP]&amp#27;[39m &amp#27;[90m{"id":"1"}&amp#27;[39m
[debug] &amp#27;[35m[W3C (8f7de284)]&amp#27;[39m Calling AppiumDriver.click() with args: ["1","8f7de284-b6e0-4335-b615-251f9b25a492"]
[debug] &amp#27;[35m[AndroidBootstrap]&amp#27;[39m Sending command to android: {"cmd":"action","action":"element:click","params":{"elementId":"1"}}
[debug] &amp#27;[35m[AndroidBootstrap]&amp#27;[39m [BOOTSTRAP LOG] [debug] Got data from client: {"cmd":"action","action":"element:click","params":{"elementId":"1"}}
[debug] &amp#27;[35m[AndroidBootstrap]&amp#27;[39m [BOOTSTRAP LOG] [debug] Got command of type ACTION
[debug] &amp#27;[35m[AndroidBootstrap]&amp#27;[39m [BOOTSTRAP LOG] [debug] Got command action: click
[debug] &amp#27;[35m[AndroidBootstrap]&amp#27;[39m [BOOTSTRAP LOG] [debug] Returning result: {"status":0,"value":true}
[debug] &amp#27;[35m[AndroidBootstrap]&amp#27;[39m Received command result from bootstrap
[debug] &amp#27;[35m[W3C (8f7de284)]&amp#27;[39m Responding to client with driver.click() result: true
&amp#27;[35m[HTTP]&amp#27;[39m &amp#27;[37m<-- POST /wd/hub/session/8f7de284-b6e0-4335-b615-251f9b25a492/element/1/click &amp#27;[39m&amp#27;[32m200&amp#27;[39m &amp#27;[90m677 ms - 14&amp#27;[39m
&amp#27;[35m[HTTP]&amp#27;[39m &amp#27;[90m&amp#27;[39m
&amp#27;[35m[HTTP]&amp#27;[39m &amp#27;[37m-->&amp#27;[39m &amp#27;[37mGET&amp#27;[39m &amp#27;[37m/wd/hub/session/8f7de284-b6e0-4335-b615-251f9b25a492/context&amp#27;[39m
&amp#27;[35m[HTTP]&amp#27;[39m &amp#27;[90m{}&amp#27;[39m
[debug] &amp#27;[35m[W3C (8f7de284)]&amp#27;[39m Calling AppiumDriver.getCurrentContext() with args: ["8f7de284-b6e0-4335-b615-251f9b25a492"]
[debug] &amp#27;[35m[W3C (8f7de284)]&amp#27;[39m Responding to client with driver.getCurrentContext() result: "NATIVE_APP"
&amp#27;[35m[HTTP]&amp#27;[39m &amp#27;[37m<-- GET /wd/hub/session/8f7de284-b6e0-4335-b615-251f9b25a492/context &amp#27;[39m&amp#27;[32m200&amp#27;[39m &amp#27;[90m2 ms - 22&amp#27;[39m
&amp#27;[35m[HTTP]&amp#27;[39m &amp#27;[90m&amp#27;[39m
&amp#27;[35m[HTTP]&amp#27;[39m &amp#27;[37m-->&amp#27;[39m &amp#27;[37mPOST&amp#27;[39m &amp#27;[37m/wd/hub/session/8f7de284-b6e0-4335-b615-251f9b25a492/elements&amp#27;[39m
&amp#27;[35m[HTTP]&amp#27;[39m &amp#27;[90m{"using":"id","value":"android:id/title"}&amp#27;[39m
[debug] &amp#27;[35m[W3C (8f7de284)]&amp#27;[39m Calling AppiumDriver.findElements() with args: ["id","android:id/title","8f7de284-b6e0-4335-b615-251f9b25a492"]
[debug] &amp#27;[35m[BaseDriver]&amp#27;[39m Valid locator strategies for this request: xpath, id, class name, accessibility id, -android uiautomator
[debug] &amp#27;[35m[BaseDriver]&amp#27;[39m Waiting up to 10000 ms for condition
[debug] &amp#27;[35m[AndroidBootstrap]&amp#27;[39m Sending command to android: {"cmd":"action","action":"find","params":{"strategy":"id","selector":"android:id/title","context":"","multiple":true}}
[debug] &amp#27;[35m[AndroidBootstrap]&amp#27;[39m [BOOTSTRAP LOG] [debug] Got data from client: {"cmd":"action","action":"find","params":{"strategy":"id","selector":"android:id/title","context":"","multiple":true}}
[debug] &amp#27;[35m[AndroidBootstrap]&amp#27;[39m [BOOTSTRAP LOG] [debug] Got command of type ACTION
[debug] &amp#27;[35m[AndroidBootstrap]&amp#27;[39m [BOOTSTRAP LOG] [debug] Got command action: find
[debug] &amp#27;[35m[AndroidBootstrap]&amp#27;[39m [BOOTSTRAP LOG] [debug] Finding 'android:id/title' using 'ID' with the contextId: '' multiple: true
[debug] &amp#27;[35m[AndroidBootstrap]&amp#27;[39m [BOOTSTRAP LOG] [debug] Using: UiSelector[RESOURCE_ID=android:id/title]
[debug] &amp#27;[35m[AndroidBootstrap]&amp#27;[39m [BOOTSTRAP LOG] [debug] getElements selector:UiSelector[RESOURCE_ID=android:id/title]
[debug] &amp#27;[35m[AndroidBootstrap]&amp#27;[39m [BOOTSTRAP LOG] [debug] Element[] is null: (0)
[debug] &amp#27;[35m[AndroidBootstrap]&amp#27;[39m [BOOTSTRAP LOG] [debug] getElements tmp selector:UiSelector[INSTANCE=0, RESOURCE_ID=android:id/title]
[debug] &amp#27;[35m[AndroidBootstrap]&amp#27;[39m [BOOTSTRAP LOG] [debug] Element[] is null: (1)
[debug] &amp#27;[35m[AndroidBootstrap]&amp#27;[39m [BOOTSTRAP LOG] [debug] getElements tmp selector:UiSelector[INSTANCE=1, RESOURCE_ID=android:id/title]
[debug] &amp#27;[35m[AndroidBootstrap]&amp#27;[39m [BOOTSTRAP LOG] [debug] Element[] is null: (2)
[debug] &amp#27;[35m[AndroidBootstrap]&amp#27;[39m [BOOTSTRAP LOG] [debug] getElements tmp selector:UiSelector[INSTANCE=2, RESOURCE_ID=android:id/title]
[debug] &amp#27;[35m[AndroidBootstrap]&amp#27;[39m Received command result from bootstrap
[debug] &amp#27;[35m[W3C (8f7de284)]&amp#27;[39m Responding to client with driver.findElements() result: [{"element-6066-11e4-a52e-4f735466cecf":"2","ELEMENT":"2"},{"element-6066-11e4-a52e-4f735466cecf":"3","ELEMENT":"3"}]
&amp#27;[35m[HTTP]&amp#27;[39m &amp#27;[37m<-- POST /wd/hub/session/8f7de284-b6e0-4335-b615-251f9b25a492/elements &amp#27;[39m&amp#27;[32m200&amp#27;[39m &amp#27;[90m846 ms - 127&amp#27;[39m
&amp#27;[35m[HTTP]&amp#27;[39m &amp#27;[90m&amp#27;[39m
[debug] &amp#27;[35m[AndroidBootstrap]&amp#27;[39m [BOOTSTRAP LOG] [debug] Returning result: {"status":0,"value":[{"ELEMENT":"2"},{"ELEMENT":"3"}]}
&amp#27;[35m[HTTP]&amp#27;[39m &amp#27;[37m-->&amp#27;[39m &amp#27;[37mPOST&amp#27;[39m &amp#27;[37m/wd/hub/session/8f7de284-b6e0-4335-b615-251f9b25a492/element/2/click&amp#27;[39m
&amp#27;[35m[HTTP]&amp#27;[39m &amp#27;[90m{"id":"2"}&amp#27;[39m
[debug] &amp#27;[35m[W3C (8f7de284)]&amp#27;[39m Calling AppiumDriver.click() with args: ["2","8f7de284-b6e0-4335-b615-251f9b25a492"]
[debug] &amp#27;[35m[AndroidBootstrap]&amp#27;[39m Sending command to android: {"cmd":"action","action":"element:click","params":{"elementId":"2"}}
[debug] &amp#27;[35m[AndroidBootstrap]&amp#27;[39m [BOOTSTRAP LOG] [debug] Got data from client: {"cmd":"action","action":"element:click","params":{"elementId":"2"}}
[debug] &amp#27;[35m[AndroidBootstrap]&amp#27;[39m [BOOTSTRAP LOG] [debug] Got command of type ACTION
[debug] &amp#27;[35m[AndroidBootstrap]&amp#27;[39m [BOOTSTRAP LOG] [debug] Got command action: click
[debug] &amp#27;[35m[AndroidBootstrap]&amp#27;[39m Received command result from bootstrap
[debug] &amp#27;[35m[W3C (8f7de284)]&amp#27;[39m Responding to client with driver.click() result: true
&amp#27;[35m[HTTP]&amp#27;[39m &amp#27;[37m<-- POST /wd/hub/session/8f7de284-b6e0-4335-b615-251f9b25a492/element/2/click &amp#27;[39m&amp#27;[32m200&amp#27;[39m &amp#27;[90m241 ms - 14&amp#27;[39m
&amp#27;[35m[HTTP]&amp#27;[39m &amp#27;[90m&amp#27;[39m
&amp#27;[35m[HTTP]&amp#27;[39m &amp#27;[37m-->&amp#27;[39m &amp#27;[37mGET&amp#27;[39m &amp#27;[37m/wd/hub/session/8f7de284-b6e0-4335-b615-251f9b25a492/context&amp#27;[39m
&amp#27;[35m[HTTP]&amp#27;[39m &amp#27;[90m{}&amp#27;[39m
[debug] &amp#27;[35m[W3C (8f7de284)]&amp#27;[39m Calling AppiumDriver.getCurrentContext() with args: ["8f7de284-b6e0-4335-b615-251f9b25a492"]
[debug] &amp#27;[35m[W3C (8f7de284)]&amp#27;[39m Responding to client with driver.getCurrentContext() result: "NATIVE_APP"
&amp#27;[35m[HTTP]&amp#27;[39m &amp#27;[37m<-- GET /wd/hub/session/8f7de284-b6e0-4335-b615-251f9b25a492/context &amp#27;[39m&amp#27;[32m200&amp#27;[39m &amp#27;[90m3 ms - 22&amp#27;[39m
&amp#27;[35m[HTTP]&amp#27;[39m &amp#27;[90m&amp#27;[39m
[debug] &amp#27;[35m[AndroidBootstrap]&amp#27;[39m [BOOTSTRAP LOG] [debug] Returning result: {"status":0,"value":true}
&amp#27;[35m[HTTP]&amp#27;[39m &amp#27;[37m-->&amp#27;[39m &amp#27;[37mPOST&amp#27;[39m &amp#27;[37m/wd/hub/session/8f7de284-b6e0-4335-b615-251f9b25a492/element&amp#27;[39m
&amp#27;[35m[HTTP]&amp#27;[39m &amp#27;[90m{"using":"id","value":"com.communitake.mdc.supportsip:id/menuImage"}&amp#27;[39m
[debug] &amp#27;[35m[W3C (8f7de284)]&amp#27;[39m Calling AppiumDriver.findElement() with args: ["id","com.communitake.mdc.supportsip:id/menuImage","8f7de284-b6e0-4335-b615-251f9b25a492"]
[debug] &amp#27;[35m[BaseDriver]&amp#27;[39m Valid locator strategies for this request: xpath, id, class name, accessibility id, -android uiautomator
[debug] &amp#27;[35m[BaseDriver]&amp#27;[39m Waiting up to 10000 ms for condition
[debug] &amp#27;[35m[AndroidBootstrap]&amp#27;[39m Sending command to android: {"cmd":"action","action":"find","params":{"strategy":"id","selector":"com.communitake.mdc.supportsip:id/menuImage","context":"","multiple":false}}
[debug] &amp#27;[35m[AndroidBootstrap]&amp#27;[39m [BOOTSTRAP LOG] [debug] Got data from client: {"cmd":"action","action":"find","params":{"strategy":"id","selector":"com.communitake.mdc.supportsip:id/menuImage","context":"","multiple":false}}
[debug] &amp#27;[35m[AndroidBootstrap]&amp#27;[39m [BOOTSTRAP LOG] [debug] Got command of type ACTION
[debug] &amp#27;[35m[AndroidBootstrap]&amp#27;[39m [BOOTSTRAP LOG] [debug] Got command action: find
[debug] &amp#27;[35m[AndroidBootstrap]&amp#27;[39m [BOOTSTRAP LOG] [debug] Finding 'com.communitake.mdc.supportsip:id/menuImage' using 'ID' with the contextId: '' multiple: false
[debug] &amp#27;[35m[AndroidBootstrap]&amp#27;[39m [BOOTSTRAP LOG] [debug] Using: UiSelector[INSTANCE=0, RESOURCE_ID=com.communitake.mdc.supportsip:id/menuImage]
[debug] &amp#27;[35m[AndroidBootstrap]&amp#27;[39m [BOOTSTRAP LOG] [debug] Returning result: {"status":0,"value":{"ELEMENT":"4"}}
[debug] &amp#27;[35m[AndroidBootstrap]&amp#27;[39m Received command result from bootstrap
[debug] &amp#27;[35m[W3C (8f7de284)]&amp#27;[39m Responding to client with driver.findElement() result: {"element-6066-11e4-a52e-4f735466cecf":"4","ELEMENT":"4"}
&amp#27;[35m[HTTP]&amp#27;[39m &amp#27;[37m<-- POST /wd/hub/session/8f7de284-b6e0-4335-b615-251f9b25a492/element &amp#27;[39m&amp#27;[32m200&amp#27;[39m &amp#27;[90m564 ms - 67&amp#27;[39m
&amp#27;[35m[HTTP]&amp#27;[39m &amp#27;[90m&amp#27;[39m
&amp#27;[35m[HTTP]&amp#27;[39m &amp#27;[37m-->&amp#27;[39m &amp#27;[37mPOST&amp#27;[39m &amp#27;[37m/wd/hub/session/8f7de284-b6e0-4335-b615-251f9b25a492/element/4/click&amp#27;[39m
&amp#27;[35m[HTTP]&amp#27;[39m &amp#27;[90m{"id":"4"}&amp#27;[39m
[debug] &amp#27;[35m[W3C (8f7de284)]&amp#27;[39m Calling AppiumDriver.click() with args: ["4","8f7de284-b6e0-4335-b615-251f9b25a492"]
[debug] &amp#27;[35m[AndroidBootstrap]&amp#27;[39m Sending command to android: {"cmd":"action","action":"element:click","params":{"elementId":"4"}}
[debug] &amp#27;[35m[AndroidBootstrap]&amp#27;[39m [BOOTSTRAP LOG] [debug] Got data from client: {"cmd":"action","action":"element:click","params":{"elementId":"4"}}
[debug] &amp#27;[35m[AndroidBootstrap]&amp#27;[39m [BOOTSTRAP LOG] [debug] Got command of type ACTION
[debug] &amp#27;[35m[AndroidBootstrap]&amp#27;[39m [BOOTSTRAP LOG] [debug] Got command action: click
[debug] &amp#27;[35m[AndroidBootstrap]&amp#27;[39m Received command result from bootstrap
[debug] &amp#27;[35m[W3C (8f7de284)]&amp#27;[39m Responding to client with driver.click() result: true
&amp#27;[35m[HTTP]&amp#27;[39m &amp#27;[37m<-- POST /wd/hub/session/8f7de284-b6e0-4335-b615-251f9b25a492/element/4/click &amp#27;[39m&amp#27;[32m200&amp#27;[39m &amp#27;[90m321 ms - 14&amp#27;[39m
&amp#27;[35m[HTTP]&amp#27;[39m &amp#27;[90m&amp#27;[39m
[debug] &amp#27;[35m[AndroidBootstrap]&amp#27;[39m [BOOTSTRAP LOG] [debug] Returning result: {"status":0,"value":true}
&amp#27;[35m[HTTP]&amp#27;[39m &amp#27;[37m-->&amp#27;[39m &amp#27;[37mGET&amp#27;[39m &amp#27;[37m/wd/hub/session/8f7de284-b6e0-4335-b615-251f9b25a492/context&amp#27;[39m
&amp#27;[35m[HTTP]&amp#27;[39m &amp#27;[90m{}&amp#27;[39m
[debug] &amp#27;[35m[W3C (8f7de284)]&amp#27;[39m Calling AppiumDriver.getCurrentContext() with args: ["8f7de284-b6e0-4335-b615-251f9b25a492"]
[debug] &amp#27;[35m[W3C (8f7de284)]&amp#27;[39m Responding to client with driver.getCurrentContext() result: "NATIVE_APP"
&amp#27;[35m[HTTP]&amp#27;[39m &amp#27;[37m<-- GET /wd/hub/session/8f7de284-b6e0-4335-b615-251f9b25a492/context &amp#27;[39m&amp#27;[32m200&amp#27;[39m &amp#27;[90m3 ms - 22&amp#27;[39m
&amp#27;[35m[HTTP]&amp#27;[39m &amp#27;[90m&amp#27;[39m
&amp#27;[35m[HTTP]&amp#27;[39m &amp#27;[37m-->&amp#27;[39m &amp#27;[37mPOST&amp#27;[39m &amp#27;[37m/wd/hub/session/8f7de284-b6e0-4335-b615-251f9b25a492/elements&amp#27;[39m
&amp#27;[35m[HTTP]&amp#27;[39m &amp#27;[90m{"using":"id","value":"android:id/title"}&amp#27;[39m
[debug] &amp#27;[35m[W3C (8f7de284)]&amp#27;[39m Calling AppiumDriver.findElements() with args: ["id","android:id/title","8f7de284-b6e0-4335-b615-251f9b25a492"]
[debug] &amp#27;[35m[BaseDriver]&amp#27;[39m Valid locator strategies for this request: xpath, id, class name, accessibility id, -android uiautomator
[debug] &amp#27;[35m[BaseDriver]&amp#27;[39m Waiting up to 10000 ms for condition
[debug] &amp#27;[35m[AndroidBootstrap]&amp#27;[39m Sending command to android: {"cmd":"action","action":"find","params":{"strategy":"id","selector":"android:id/title","context":"","multiple":true}}
[debug] &amp#27;[35m[AndroidBootstrap]&amp#27;[39m [BOOTSTRAP LOG] [debug] Got data from client: {"cmd":"action","action":"find","params":{"strategy":"id","selector":"android:id/title","context":"","multiple":true}}
[debug] &amp#27;[35m[AndroidBootstrap]&amp#27;[39m [BOOTSTRAP LOG] [debug] Got command of type ACTION
[debug] &amp#27;[35m[AndroidBootstrap]&amp#27;[39m [BOOTSTRAP LOG] [debug] Got command action: find
[debug] &amp#27;[35m[AndroidBootstrap]&amp#27;[39m [BOOTSTRAP LOG] [debug] Finding 'android:id/title' using 'ID' with the contextId: '' multiple: true
[debug] &amp#27;[35m[AndroidBootstrap]&amp#27;[39m [BOOTSTRAP LOG] [debug] Using: UiSelector[RESOURCE_ID=android:id/title]
[debug] &amp#27;[35m[AndroidBootstrap]&amp#27;[39m [BOOTSTRAP LOG] [debug] getElements selector:UiSelector[RESOURCE_ID=android:id/title]
[debug] &amp#27;[35m[AndroidBootstrap]&amp#27;[39m [BOOTSTRAP LOG] [debug] Element[] is null: (0)
[debug] &amp#27;[35m[AndroidBootstrap]&amp#27;[39m [BOOTSTRAP LOG] [debug] getElements tmp selector:UiSelector[INSTANCE=0, RESOURCE_ID=android:id/title]
[debug] &amp#27;[35m[AndroidBootstrap]&amp#27;[39m [BOOTSTRAP LOG] [debug] Element[] is null: (1)
[debug] &amp#27;[35m[AndroidBootstrap]&amp#27;[39m [BOOTSTRAP LOG] [debug] getElements tmp selector:UiSelector[INSTANCE=1, RESOURCE_ID=android:id/title]
[debug] &amp#27;[35m[AndroidBootstrap]&amp#27;[39m [BOOTSTRAP LOG] [debug] Element[] is null: (2)
[debug] &amp#27;[35m[AndroidBootstrap]&amp#27;[39m [BOOTSTRAP LOG] [debug] getElements tmp selector:UiSelector[INSTANCE=2, RESOURCE_ID=android:id/title]
[debug] &amp#27;[35m[AndroidBootstrap]&amp#27;[39m [BOOTSTRAP LOG] [debug] Element[] is null: (3)
[debug] &amp#27;[35m[AndroidBootstrap]&amp#27;[39m [BOOTSTRAP LOG] [debug] getElements tmp selector:UiSelector[INSTANCE=3, RESOURCE_ID=android:id/title]
[debug] &amp#27;[35m[AndroidBootstrap]&amp#27;[39m Received command result from bootstrap
[debug] &amp#27;[35m[AndroidBootstrap]&amp#27;[39m [BOOTSTRAP LOG] [debug] Returning result: {"status":0,"value":[{"ELEMENT":"5"},{"ELEMENT":"6"},{"ELEMENT":"7"}]}
[debug] &amp#27;[35m[W3C (8f7de284)]&amp#27;[39m Responding to client with driver.findElements() result: [{"element-6066-11e4-a52e-4f735466cecf":"5","ELEMENT":"5"},{"element-6066-11e4-a52e-4f735466cecf":"6","ELEMENT":"6"},{"element-6066-11e4-a52e-4f735466cecf":"7","ELEMENT":"7"}]
&amp#27;[35m[HTTP]&amp#27;[39m &amp#27;[37m<-- POST /wd/hub/session/8f7de284-b6e0-4335-b615-251f9b25a492/elements &amp#27;[39m&amp#27;[32m200&amp#27;[39m &amp#27;[90m1049 ms - 185&amp#27;[39m
&amp#27;[35m[HTTP]&amp#27;[39m &amp#27;[90m&amp#27;[39m
&amp#27;[35m[HTTP]&amp#27;[39m &amp#27;[37m-->&amp#27;[39m &amp#27;[37mPOST&amp#27;[39m &amp#27;[37m/wd/hub/session/8f7de284-b6e0-4335-b615-251f9b25a492/element/5/click&amp#27;[39m
&amp#27;[35m[HTTP]&amp#27;[39m &amp#27;[90m{"id":"5"}&amp#27;[39m
[debug] &amp#27;[35m[W3C (8f7de284)]&amp#27;[39m Calling AppiumDriver.click() with args: ["5","8f7de284-b6e0-4335-b615-251f9b25a492"]
[debug] &amp#27;[35m[AndroidBootstrap]&amp#27;[39m Sending command to android: {"cmd":"action","action":"element:click","params":{"elementId":"5"}}
[debug] &amp#27;[35m[AndroidBootstrap]&amp#27;[39m [BOOTSTRAP LOG] [debug] Got data from client: {"cmd":"action","action":"element:click","params":{"elementId":"5"}}
[debug] &amp#27;[35m[AndroidBootstrap]&amp#27;[39m [BOOTSTRAP LOG] [debug] Got command of type ACTION
[debug] &amp#27;[35m[AndroidBootstrap]&amp#27;[39m [BOOTSTRAP LOG] [debug] Got command action: click
[debug] &amp#27;[35m[AndroidBootstrap]&amp#27;[39m [BOOTSTRAP LOG] [debug] Returning result: {"status":0,"value":true}
[debug] &amp#27;[35m[AndroidBootstrap]&amp#27;[39m Received command result from bootstrap
[debug] &amp#27;[35m[W3C (8f7de284)]&amp#27;[39m Responding to client with driver.click() result: true
&amp#27;[35m[HTTP]&amp#27;[39m &amp#27;[37m<-- POST /wd/hub/session/8f7de284-b6e0-4335-b615-251f9b25a492/element/5/click &amp#27;[39m&amp#27;[32m200&amp#27;[39m &amp#27;[90m210 ms - 14&amp#27;[39m
&amp#27;[35m[HTTP]&amp#27;[39m &amp#27;[90m&amp#27;[39m
&amp#27;[35m[HTTP]&amp#27;[39m &amp#27;[37m-->&amp#27;[39m &amp#27;[37mGET&amp#27;[39m &amp#27;[37m/wd/hub/session/8f7de284-b6e0-4335-b615-251f9b25a492/context&amp#27;[39m
&amp#27;[35m[HTTP]&amp#27;[39m &amp#27;[90m{}&amp#27;[39m
[debug] &amp#27;[35m[W3C (8f7de284)]&amp#27;[39m Calling AppiumDriver.getCurrentContext() with args: ["8f7de284-b6e0-4335-b615-251f9b25a492"]
[debug] &amp#27;[35m[W3C (8f7de284)]&amp#27;[39m Responding to client with driver.getCurrentContext() result: "NATIVE_APP"
&amp#27;[35m[HTTP]&amp#27;[39m &amp#27;[37m<-- GET /wd/hub/session/8f7de284-b6e0-4335-b615-251f9b25a492/context &amp#27;[39m&amp#27;[32m200&amp#27;[39m &amp#27;[90m3 ms - 22&amp#27;[39m
&amp#27;[35m[HTTP]&amp#27;[39m &amp#27;[90m&amp#27;[39m
&amp#27;[35m[HTTP]&amp#27;[39m &amp#27;[37m-->&amp#27;[39m &amp#27;[37mPOST&amp#27;[39m &amp#27;[37m/wd/hub/session/8f7de284-b6e0-4335-b615-251f9b25a492/element&amp#27;[39m
&amp#27;[35m[HTTP]&amp#27;[39m &amp#27;[90m{"using":"id","value":"com.communitake.mdc.supportsip:id/menuImage"}&amp#27;[39m
[debug] &amp#27;[35m[W3C (8f7de284)]&amp#27;[39m Calling AppiumDriver.findElement() with args: ["id","com.communitake.mdc.supportsip:id/menuImage","8f7de284-b6e0-4335-b615-251f9b25a492"]
[debug] &amp#27;[35m[BaseDriver]&amp#27;[39m Valid locator strategies for this request: xpath, id, class name, accessibility id, -android uiautomator
[debug] &amp#27;[35m[BaseDriver]&amp#27;[39m Waiting up to 10000 ms for condition
[debug] &amp#27;[35m[AndroidBootstrap]&amp#27;[39m Sending command to android: {"cmd":"action","action":"find","params":{"strategy":"id","selector":"com.communitake.mdc.supportsip:id/menuImage","context":"","multiple":false}}
[debug] &amp#27;[35m[AndroidBootstrap]&amp#27;[39m [BOOTSTRAP LOG] [debug] Got data from client: {"cmd":"action","action":"find","params":{"strategy":"id","selector":"com.communitake.mdc.supportsip:id/menuImage","context":"","multiple":false}}
[debug] &amp#27;[35m[AndroidBootstrap]&amp#27;[39m [BOOTSTRAP LOG] [debug] Got command of type ACTION
[debug] &amp#27;[35m[AndroidBootstrap]&amp#27;[39m [BOOTSTRAP LOG] [debug] Got command action: find
[debug] &amp#27;[35m[AndroidBootstrap]&amp#27;[39m [BOOTSTRAP LOG] [debug] Finding 'com.communitake.mdc.supportsip:id/menuImage' using 'ID' with the contextId: '' multiple: false
[debug] &amp#27;[35m[AndroidBootstrap]&amp#27;[39m [BOOTSTRAP LOG] [debug] Using: UiSelector[INSTANCE=0, RESOURCE_ID=com.communitake.mdc.supportsip:id/menuImage]
[debug] &amp#27;[35m[AndroidBootstrap]&amp#27;[39m [BOOTSTRAP LOG] [debug] Returning result: {"status":0,"value":{"ELEMENT":"8"}}
[debug] &amp#27;[35m[AndroidBootstrap]&amp#27;[39m Received command result from bootstrap
[debug] &amp#27;[35m[W3C (8f7de284)]&amp#27;[39m Responding to client with driver.findElement() result: {"element-6066-11e4-a52e-4f735466cecf":"8","ELEMENT":"8"}
&amp#27;[35m[HTTP]&amp#27;[39m &amp#27;[37m<-- POST /wd/hub/session/8f7de284-b6e0-4335-b615-251f9b25a492/element &amp#27;[39m&amp#27;[32m200&amp#27;[39m &amp#27;[90m560 ms - 67&amp#27;[39m
&amp#27;[35m[HTTP]&amp#27;[39m &amp#27;[90m&amp#27;[39m
&amp#27;[35m[HTTP]&amp#27;[39m &amp#27;[37m-->&amp#27;[39m &amp#27;[37mPOST&amp#27;[39m &amp#27;[37m/wd/hub/session/8f7de284-b6e0-4335-b615-251f9b25a492/element/8/click&amp#27;[39m
&amp#27;[35m[HTTP]&amp#27;[39m &amp#27;[90m{"id":"8"}&amp#27;[39m
[debug] &amp#27;[35m[W3C (8f7de284)]&amp#27;[39m Calling AppiumDriver.click() with args: ["8","8f7de284-b6e0-4335-b615-251f9b25a492"]
[debug] &amp#27;[35m[AndroidBootstrap]&amp#27;[39m Sending command to android: {"cmd":"action","action":"element:click","params":{"elementId":"8"}}
[debug] &amp#27;[35m[AndroidBootstrap]&amp#27;[39m [BOOTSTRAP LOG] [debug] Got data from client: {"cmd":"action","action":"element:click","params":{"elementId":"8"}}
[debug] &amp#27;[35m[AndroidBootstrap]&amp#27;[39m [BOOTSTRAP LOG] [debug] Got command of type ACTION
[debug] &amp#27;[35m[AndroidBootstrap]&amp#27;[39m [BOOTSTRAP LOG] [debug] Got command action: click
[debug] &amp#27;[35m[AndroidBootstrap]&amp#27;[39m [BOOTSTRAP LOG] [debug] Returning result: {"status":0,"value":true}
[debug] &amp#27;[35m[AndroidBootstrap]&amp#27;[39m Received command result from bootstrap
[debug] &amp#27;[35m[W3C (8f7de284)]&amp#27;[39m Responding to client with driver.click() result: true
&amp#27;[35m[HTTP]&amp#27;[39m &amp#27;[37m<-- POST /wd/hub/session/8f7de284-b6e0-4335-b615-251f9b25a492/element/8/click &amp#27;[39m&amp#27;[32m200&amp#27;[39m &amp#27;[90m1495 ms - 14&amp#27;[39m
&amp#27;[35m[HTTP]&amp#27;[39m &amp#27;[90m&amp#27;[39m
&amp#27;[35m[HTTP]&amp#27;[39m &amp#27;[37m-->&amp#27;[39m &amp#27;[37mGET&amp#27;[39m &amp#27;[37m/wd/hub/session/8f7de284-b6e0-4335-b615-251f9b25a492/context&amp#27;[39m
&amp#27;[35m[HTTP]&amp#27;[39m &amp#27;[90m{}&amp#27;[39m
[debug] &amp#27;[35m[W3C (8f7de284)]&amp#27;[39m Calling AppiumDriver.getCurrentContext() with args: ["8f7de284-b6e0-4335-b615-251f9b25a492"]
[debug] &amp#27;[35m[W3C (8f7de284)]&amp#27;[39m Responding to client with driver.getCurrentContext() result: "NATIVE_APP"
&amp#27;[35m[HTTP]&amp#27;[39m &amp#27;[37m<-- GET /wd/hub/session/8f7de284-b6e0-4335-b615-251f9b25a492/context &amp#27;[39m&amp#27;[32m200&amp#27;[39m &amp#27;[90m4 ms - 22&amp#27;[39m
&amp#27;[35m[HTTP]&amp#27;[39m &amp#27;[90m&amp#27;[39m
&amp#27;[35m[HTTP]&amp#27;[39m &amp#27;[37m-->&amp#27;[39m &amp#27;[37mPOST&amp#27;[39m &amp#27;[37m/wd/hub/session/8f7de284-b6e0-4335-b615-251f9b25a492/elements&amp#27;[39m
&amp#27;[35m[HTTP]&amp#27;[39m &amp#27;[90m{"using":"id","value":"android:id/title"}&amp#27;[39m
[debug] &amp#27;[35m[W3C (8f7de284)]&amp#27;[39m Calling AppiumDriver.findElements() with args: ["id","android:id/title","8f7de284-b6e0-4335-b615-251f9b25a492"]
[debug] &amp#27;[35m[BaseDriver]&amp#27;[39m Valid locator strategies for this request: xpath, id, class name, accessibility id, -android uiautomator
[debug] &amp#27;[35m[BaseDriver]&amp#27;[39m Waiting up to 10000 ms for condition
[debug] &amp#27;[35m[AndroidBootstrap]&amp#27;[39m Sending command to android: {"cmd":"action","action":"find","params":{"strategy":"id","selector":"android:id/title","context":"","multiple":true}}
[debug] &amp#27;[35m[AndroidBootstrap]&amp#27;[39m [BOOTSTRAP LOG] [debug] Got data from client: {"cmd":"action","action":"find","params":{"strategy":"id","selector":"android:id/title","context":"","multiple":true}}
[debug] &amp#27;[35m[AndroidBootstrap]&amp#27;[39m [BOOTSTRAP LOG] [debug] Got command of type ACTION
[debug] &amp#27;[35m[AndroidBootstrap]&amp#27;[39m [BOOTSTRAP LOG] [debug] Got command action: find
[debug] &amp#27;[35m[AndroidBootstrap]&amp#27;[39m [BOOTSTRAP LOG] [debug] Finding 'android:id/title' using 'ID' with the contextId: '' multiple: true
[debug] &amp#27;[35m[AndroidBootstrap]&amp#27;[39m [BOOTSTRAP LOG] [debug] Using: UiSelector[RESOURCE_ID=android:id/title]
[debug] &amp#27;[35m[AndroidBootstrap]&amp#27;[39m [BOOTSTRAP LOG] [debug] getElements selector:UiSelector[RESOURCE_ID=android:id/title]
[debug] &amp#27;[35m[AndroidBootstrap]&amp#27;[39m [BOOTSTRAP LOG] [debug] Element[] is null: (0)
[debug] &amp#27;[35m[AndroidBootstrap]&amp#27;[39m [BOOTSTRAP LOG] [debug] getElements tmp selector:UiSelector[INSTANCE=0, RESOURCE_ID=android:id/title]
[debug] &amp#27;[35m[AndroidBootstrap]&amp#27;[39m [BOOTSTRAP LOG] [debug] Element[] is null: (1)
[debug] &amp#27;[35m[AndroidBootstrap]&amp#27;[39m [BOOTSTRAP LOG] [debug] getElements tmp selector:UiSelector[INSTANCE=1, RESOURCE_ID=android:id/title]
[debug] &amp#27;[35m[AndroidBootstrap]&amp#27;[39m [BOOTSTRAP LOG] [debug] Element[] is null: (2)
[debug] &amp#27;[35m[AndroidBootstrap]&amp#27;[39m [BOOTSTRAP LOG] [debug] getElements tmp selector:UiSelector[INSTANCE=2, RESOURCE_ID=android:id/title]
[debug] &amp#27;[35m[AndroidBootstrap]&amp#27;[39m [BOOTSTRAP LOG] [debug] Element[] is null: (3)
[debug] &amp#27;[35m[AndroidBootstrap]&amp#27;[39m [BOOTSTRAP LOG] [debug] getElements tmp selector:UiSelector[INSTANCE=3, RESOURCE_ID=android:id/title]
[debug] &amp#27;[35m[AndroidBootstrap]&amp#27;[39m [BOOTSTRAP LOG] [debug] Returning result: {"status":0,"value":[{"ELEMENT":"9"},{"ELEMENT":"10"},{"ELEMENT":"11"}]}
[debug] &amp#27;[35m[AndroidBootstrap]&amp#27;[39m Received command result from bootstrap
[debug] &amp#27;[35m[W3C (8f7de284)]&amp#27;[39m Responding to client with driver.findElements() result: [{"element-6066-11e4-a52e-4f735466cecf":"9","ELEMENT":"9"},{"element-6066-11e4-a52e-4f735466cecf":"10","ELEMENT":"10"},{"element-6066-11e4-a52e-4f735466cecf":"11","ELEMENT":"11"}]
&amp#27;[35m[HTTP]&amp#27;[39m &amp#27;[37m<-- POST /wd/hub/session/8f7de284-b6e0-4335-b615-251f9b25a492/elements &amp#27;[39m&amp#27;[32m200&amp#27;[39m &amp#27;[90m855 ms - 189&amp#27;[39m
&amp#27;[35m[HTTP]&amp#27;[39m &amp#27;[90m&amp#27;[39m
&amp#27;[35m[HTTP]&amp#27;[39m &amp#27;[37m-->&amp#27;[39m &amp#27;[37mPOST&amp#27;[39m &amp#27;[37m/wd/hub/session/8f7de284-b6e0-4335-b615-251f9b25a492/element/9/click&amp#27;[39m
&amp#27;[35m[HTTP]&amp#27;[39m &amp#27;[90m{"id":"9"}&amp#27;[39m
[debug] &amp#27;[35m[W3C (8f7de284)]&amp#27;[39m Calling AppiumDriver.click() with args: ["9","8f7de284-b6e0-4335-b615-251f9b25a492"]
[debug] &amp#27;[35m[AndroidBootstrap]&amp#27;[39m Sending command to android: {"cmd":"action","action":"element:click","params":{"elementId":"9"}}
[debug] &amp#27;[35m[AndroidBootstrap]&amp#27;[39m [BOOTSTRAP LOG] [debug] Got data from client: {"cmd":"action","action":"element:click","params":{"elementId":"9"}}
[debug] &amp#27;[35m[AndroidBootstrap]&amp#27;[39m [BOOTSTRAP LOG] [debug] Got command of type ACTION
[debug] &amp#27;[35m[AndroidBootstrap]&amp#27;[39m [BOOTSTRAP LOG] [debug] Got command action: click
[debug] &amp#27;[35m[AndroidBootstrap]&amp#27;[39m Received command result from bootstrap
[debug] &amp#27;[35m[W3C (8f7de284)]&amp#27;[39m Responding to client with driver.click() result: true
&amp#27;[35m[HTTP]&amp#27;[39m &amp#27;[37m<-- POST /wd/hub/session/8f7de284-b6e0-4335-b615-251f9b25a492/element/9/click &amp#27;[39m&amp#27;[32m200&amp#27;[39m &amp#27;[90m160 ms - 14&amp#27;[39m
&amp#27;[35m[HTTP]&amp#27;[39m &amp#27;[90m&amp#27;[39m
[debug] &amp#27;[35m[AndroidBootstrap]&amp#27;[39m [BOOTSTRAP LOG] [debug] Returning result: {"status":0,"value":true}
&amp#27;[35m[HTTP]&amp#27;[39m &amp#27;[37m-->&amp#27;[39m &amp#27;[37mPOST&amp#27;[39m &amp#27;[37m/wd/hub/session/8f7de284-b6e0-4335-b615-251f9b25a492/appium/device/start_activity&amp#27;[39m
&amp#27;[35m[HTTP]&amp#27;[39m &amp#27;[90m{"appPackage":"com.android.settings","appActivity":".Settings","appWaitPackage":"","appWaitActivity":"","dontStopAppOnReset":false,"intentAction":"","intentCategory":"","intentFlags":"","optionalIntentArguments":""}&amp#27;[39m
[debug] &amp#27;[35m[W3C (8f7de284)]&amp#27;[39m Calling AppiumDriver.startActivity() with args: ["com.android.settings",".Settings","","","","","","",false,null,null,"8f7de284-b6e0-4335-b615-251f9b25a492"]
[debug] &amp#27;[35m[AndroidDriver]&amp#27;[39m Starting package 'com.android.settings' and activity '.Settings'
[debug] &amp#27;[35m[ADB]&amp#27;[39m Running 'C:\Users\Nissim Automation\AppData\Local\Android\Sdk\platform-tools\adb.exe -P 5037 -s CTGED020000261 shell am start -W -n com.android.settings/.Settings -S'
[debug] &amp#27;[35m[ADB]&amp#27;[39m Waiting up to 20000ms for activity matching pkg: 'com.android.settings' and activity: '.Settings' to be focused
[debug] &amp#27;[35m[ADB]&amp#27;[39m Possible activities, to be checked: 'com.android.settings.Settings'
[debug] &amp#27;[35m[ADB]&amp#27;[39m Getting focused package and activity
[debug] &amp#27;[35m[ADB]&amp#27;[39m Running 'C:\Users\Nissim Automation\AppData\Local\Android\Sdk\platform-tools\adb.exe -P 5037 -s CTGED020000261 shell dumpsys window windows'
[debug] &amp#27;[35m[ADB]&amp#27;[39m Found package: 'com.android.settings' and fully qualified activity name : 'com.android.settings.Settings'
[debug] &amp#27;[35m[W3C (8f7de284)]&amp#27;[39m Responding to client with driver.startActivity() result: null
&amp#27;[35m[HTTP]&amp#27;[39m &amp#27;[37m<-- POST /wd/hub/session/8f7de284-b6e0-4335-b615-251f9b25a492/appium/device/start_activity &amp#27;[39m&amp#27;[32m200&amp#27;[39m &amp#27;[90m2179 ms - 14&amp#27;[39m
&amp#27;[35m[HTTP]&amp#27;[39m &amp#27;[90m&amp#27;[39m
&amp#27;[35m[HTTP]&amp#27;[39m &amp#27;[37m-->&amp#27;[39m &amp#27;[37mGET&amp#27;[39m &amp#27;[37m/wd/hub/session/8f7de284-b6e0-4335-b615-251f9b25a492/context&amp#27;[39m
&amp#27;[35m[HTTP]&amp#27;[39m &amp#27;[90m{}&amp#27;[39m
[debug] &amp#27;[35m[W3C (8f7de284)]&amp#27;[39m Calling AppiumDriver.getCurrentContext() with args: ["8f7de284-b6e0-4335-b615-251f9b25a492"]
[debug] &amp#27;[35m[W3C (8f7de284)]&amp#27;[39m Responding to client with driver.getCurrentContext() result: "NATIVE_APP"
&amp#27;[35m[HTTP]&amp#27;[39m &amp#27;[37m<-- GET /wd/hub/session/8f7de284-b6e0-4335-b615-251f9b25a492/context &amp#27;[39m&amp#27;[32m200&amp#27;[39m &amp#27;[90m1 ms - 22&amp#27;[39m
&amp#27;[35m[HTTP]&amp#27;[39m &amp#27;[90m&amp#27;[39m
&amp#27;[35m[HTTP]&amp#27;[39m &amp#27;[37m-->&amp#27;[39m &amp#27;[37mPOST&amp#27;[39m &amp#27;[37m/wd/hub/session/8f7de284-b6e0-4335-b615-251f9b25a492/element&amp#27;[39m
&amp#27;[35m[HTTP]&amp#27;[39m &amp#27;[90m{"using":"xpath","value":"//*[@text='Network & internet']"}&amp#27;[39m
[debug] &amp#27;[35m[W3C (8f7de284)]&amp#27;[39m Calling AppiumDriver.findElement() with args: ["xpath","//*[@text='Network & internet']","8f7de284-b6e0-4335-b615-251f9b25a492"]
[debug] &amp#27;[35m[BaseDriver]&amp#27;[39m Valid locator strategies for this request: xpath, id, class name, accessibility id, -android uiautomator
[debug] &amp#27;[35m[BaseDriver]&amp#27;[39m Waiting up to 10000 ms for condition
[debug] &amp#27;[35m[AndroidBootstrap]&amp#27;[39m Sending command to android: {"cmd":"action","action":"find","params":{"strategy":"xpath","selector":"//*[@text='Network & internet']","context":"","multiple":false}}
[debug] &amp#27;[35m[AndroidBootstrap]&amp#27;[39m [BOOTSTRAP LOG] [debug] Got data from client: {"cmd":"action","action":"find","params":{"strategy":"xpath","selector":"//*[@text='Network & internet']","context":"","multiple":false}}
[debug] &amp#27;[35m[AndroidBootstrap]&amp#27;[39m [BOOTSTRAP LOG] [debug] Got command of type ACTION
[debug] &amp#27;[35m[AndroidBootstrap]&amp#27;[39m [BOOTSTRAP LOG] [debug] Got command action: find
[debug] &amp#27;[35m[AndroidBootstrap]&amp#27;[39m [BOOTSTRAP LOG] [debug] Finding '//*[@text='Network & internet']' using 'XPATH' with the contextId: '' multiple: false
[debug] &amp#27;[35m[AndroidBootstrap]&amp#27;[39m [BOOTSTRAP LOG] [debug] Using: UiSelector[CLASS=android.widget.TextView, INSTANCE=3]
[debug] &amp#27;[35m[AndroidBootstrap]&amp#27;[39m [BOOTSTRAP LOG] [debug] Returning result: {"status":0,"value":{"ELEMENT":"12"}}
[debug] &amp#27;[35m[AndroidBootstrap]&amp#27;[39m Received command result from bootstrap
[debug] &amp#27;[35m[W3C (8f7de284)]&amp#27;[39m Responding to client with driver.findElement() result: {"element-6066-11e4-a52e-4f735466cecf":"12","ELEMENT":"12"}
&amp#27;[35m[HTTP]&amp#27;[39m &amp#27;[37m<-- POST /wd/hub/session/8f7de284-b6e0-4335-b615-251f9b25a492/element &amp#27;[39m&amp#27;[32m200&amp#27;[39m &amp#27;[90m1110 ms - 69&amp#27;[39m
&amp#27;[35m[HTTP]&amp#27;[39m &amp#27;[90m&amp#27;[39m
&amp#27;[35m[HTTP]&amp#27;[39m &amp#27;[37m-->&amp#27;[39m &amp#27;[37mPOST&amp#27;[39m &amp#27;[37m/wd/hub/session/8f7de284-b6e0-4335-b615-251f9b25a492/element/12/click&amp#27;[39m
&amp#27;[35m[HTTP]&amp#27;[39m &amp#27;[90m{"id":"12"}&amp#27;[39m
[debug] &amp#27;[35m[W3C (8f7de284)]&amp#27;[39m Calling AppiumDriver.click() with args: ["12","8f7de284-b6e0-4335-b615-251f9b25a492"]
[debug] &amp#27;[35m[AndroidBootstrap]&amp#27;[39m Sending command to android: {"cmd":"action","action":"element:click","params":{"elementId":"12"}}
[debug] &amp#27;[35m[AndroidBootstrap]&amp#27;[39m [BOOTSTRAP LOG] [debug] Got data from client: {"cmd":"action","action":"element:click","params":{"elementId":"12"}}
[debug] &amp#27;[35m[AndroidBootstrap]&amp#27;[39m [BOOTSTRAP LOG] [debug] Got command of type ACTION
[debug] &amp#27;[35m[AndroidBootstrap]&amp#27;[39m [BOOTSTRAP LOG] [debug] Got command action: click
[debug] &amp#27;[35m[AndroidBootstrap]&amp#27;[39m Received command result from bootstrap
[debug] &amp#27;[35m[W3C (8f7de284)]&amp#27;[39m Responding to client with driver.click() result: true
&amp#27;[35m[HTTP]&amp#27;[39m &amp#27;[37m<-- POST /wd/hub/session/8f7de284-b6e0-4335-b615-251f9b25a492/element/12/click &amp#27;[39m&amp#27;[32m200&amp#27;[39m &amp#27;[90m635 ms - 14&amp#27;[39m
&amp#27;[35m[HTTP]&amp#27;[39m &amp#27;[90m&amp#27;[39m
[debug] &amp#27;[35m[AndroidBootstrap]&amp#27;[39m [BOOTSTRAP LOG] [debug] Returning result: {"status":0,"value":true}
&amp#27;[35m[HTTP]&amp#27;[39m &amp#27;[37m-->&amp#27;[39m &amp#27;[37mGET&amp#27;[39m &amp#27;[37m/wd/hub/session/8f7de284-b6e0-4335-b615-251f9b25a492/context&amp#27;[39m
&amp#27;[35m[HTTP]&amp#27;[39m &amp#27;[90m{}&amp#27;[39m
[debug] &amp#27;[35m[W3C (8f7de284)]&amp#27;[39m Calling AppiumDriver.getCurrentContext() with args: ["8f7de284-b6e0-4335-b615-251f9b25a492"]
[debug] &amp#27;[35m[W3C (8f7de284)]&amp#27;[39m Responding to client with driver.getCurrentContext() result: "NATIVE_APP"
&amp#27;[35m[HTTP]&amp#27;[39m &amp#27;[37m<-- GET /wd/hub/session/8f7de284-b6e0-4335-b615-251f9b25a492/context &amp#27;[39m&amp#27;[32m200&amp#27;[39m &amp#27;[90m1 ms - 22&amp#27;[39m
&amp#27;[35m[HTTP]&amp#27;[39m &amp#27;[90m&amp#27;[39m
&amp#27;[35m[HTTP]&amp#27;[39m &amp#27;[37m-->&amp#27;[39m &amp#27;[37mPOST&amp#27;[39m &amp#27;[37m/wd/hub/session/8f7de284-b6e0-4335-b615-251f9b25a492/element&amp#27;[39m
&amp#27;[35m[HTTP]&amp#27;[39m &amp#27;[90m{"using":"id","value":"android:id/switch_widget"}&amp#27;[39m
[debug] &amp#27;[35m[W3C (8f7de284)]&amp#27;[39m Calling AppiumDriver.findElement() with args: ["id","android:id/switch_widget","8f7de284-b6e0-4335-b615-251f9b25a492"]
[debug] &amp#27;[35m[BaseDriver]&amp#27;[39m Valid locator strategies for this request: xpath, id, class name, accessibility id, -android uiautomator
[debug] &amp#27;[35m[BaseDriver]&amp#27;[39m Waiting up to 10000 ms for condition
[debug] &amp#27;[35m[AndroidBootstrap]&amp#27;[39m Sending command to android: {"cmd":"action","action":"find","params":{"strategy":"id","selector":"android:id/switch_widget","context":"","multiple":false}}
[debug] &amp#27;[35m[AndroidBootstrap]&amp#27;[39m [BOOTSTRAP LOG] [debug] Got data from client: {"cmd":"action","action":"find","params":{"strategy":"id","selector":"android:id/switch_widget","context":"","multiple":false}}
[debug] &amp#27;[35m[AndroidBootstrap]&amp#27;[39m [BOOTSTRAP LOG] [debug] Got command of type ACTION
[debug] &amp#27;[35m[AndroidBootstrap]&amp#27;[39m [BOOTSTRAP LOG] [debug] Got command action: find
[debug] &amp#27;[35m[AndroidBootstrap]&amp#27;[39m [BOOTSTRAP LOG] [debug] Finding 'android:id/switch_widget' using 'ID' with the contextId: '' multiple: false
[debug] &amp#27;[35m[AndroidBootstrap]&amp#27;[39m [BOOTSTRAP LOG] [debug] Using: UiSelector[INSTANCE=0, RESOURCE_ID=android:id/switch_widget]
[debug] &amp#27;[35m[AndroidBootstrap]&amp#27;[39m [BOOTSTRAP LOG] [debug] Returning result: {"status":0,"value":{"ELEMENT":"13"}}
[debug] &amp#27;[35m[AndroidBootstrap]&amp#27;[39m Received command result from bootstrap
[debug] &amp#27;[35m[W3C (8f7de284)]&amp#27;[39m Responding to client with driver.findElement() result: {"element-6066-11e4-a52e-4f735466cecf":"13","ELEMENT":"13"}
&amp#27;[35m[HTTP]&amp#27;[39m &amp#27;[37m<-- POST /wd/hub/session/8f7de284-b6e0-4335-b615-251f9b25a492/element &amp#27;[39m&amp#27;[32m200&amp#27;[39m &amp#27;[90m858 ms - 69&amp#27;[39m
&amp#27;[35m[HTTP]&amp#27;[39m &amp#27;[90m&amp#27;[39m
&amp#27;[35m[HTTP]&amp#27;[39m &amp#27;[37m-->&amp#27;[39m &amp#27;[37mPOST&amp#27;[39m &amp#27;[37m/wd/hub/session/8f7de284-b6e0-4335-b615-251f9b25a492/element/13/click&amp#27;[39m
&amp#27;[35m[HTTP]&amp#27;[39m &amp#27;[90m{"id":"13"}&amp#27;[39m
[debug] &amp#27;[35m[W3C (8f7de284)]&amp#27;[39m Calling AppiumDriver.click() with args: ["13","8f7de284-b6e0-4335-b615-251f9b25a492"]
[debug] &amp#27;[35m[AndroidBootstrap]&amp#27;[39m Sending command to android: {"cmd":"action","action":"element:click","params":{"elementId":"13"}}
[debug] &amp#27;[35m[AndroidBootstrap]&amp#27;[39m [BOOTSTRAP LOG] [debug] Got data from client: {"cmd":"action","action":"element:click","params":{"elementId":"13"}}
[debug] &amp#27;[35m[AndroidBootstrap]&amp#27;[39m [BOOTSTRAP LOG] [debug] Got command of type ACTION
[debug] &amp#27;[35m[AndroidBootstrap]&amp#27;[39m [BOOTSTRAP LOG] [debug] Got command action: click
[debug] &amp#27;[35m[AndroidBootstrap]&amp#27;[39m Received command result from bootstrap
[debug] &amp#27;[35m[W3C (8f7de284)]&amp#27;[39m Responding to client with driver.click() result: true
&amp#27;[35m[HTTP]&amp#27;[39m &amp#27;[37m<-- POST /wd/hub/session/8f7de284-b6e0-4335-b615-251f9b25a492/element/13/click &amp#27;[39m&amp#27;[32m200&amp#27;[39m &amp#27;[90m377 ms - 14&amp#27;[39m
&amp#27;[35m[HTTP]&amp#27;[39m &amp#27;[90m&amp#27;[39m
[debug] &amp#27;[35m[AndroidBootstrap]&amp#27;[39m [BOOTSTRAP LOG] [debug] Returning result: {"status":0,"value":true}
&amp#27;[35m[HTTP]&amp#27;[39m &amp#27;[37m-->&amp#27;[39m &amp#27;[37mGET&amp#27;[39m &amp#27;[37m/wd/hub/session/8f7de284-b6e0-4335-b615-251f9b25a492/context&amp#27;[39m
&amp#27;[35m[HTTP]&amp#27;[39m &amp#27;[90m{}&amp#27;[39m
[debug] &amp#27;[35m[W3C (8f7de284)]&amp#27;[39m Calling AppiumDriver.getCurrentContext() with args: ["8f7de284-b6e0-4335-b615-251f9b25a492"]
[debug] &amp#27;[35m[W3C (8f7de284)]&amp#27;[39m Responding to client with driver.getCurrentContext() result: "NATIVE_APP"
&amp#27;[35m[HTTP]&amp#27;[39m &amp#27;[37m<-- GET /wd/hub/session/8f7de284-b6e0-4335-b615-251f9b25a492/context &amp#27;[39m&amp#27;[32m200&amp#27;[39m &amp#27;[90m2 ms - 22&amp#27;[39m
&amp#27;[35m[HTTP]&amp#27;[39m &amp#27;[90m&amp#27;[39m
&amp#27;[35m[HTTP]&amp#27;[39m &amp#27;[37m-->&amp#27;[39m &amp#27;[37mPOST&amp#27;[39m &amp#27;[37m/wd/hub/session/8f7de284-b6e0-4335-b615-251f9b25a492/element&amp#27;[39m
&amp#27;[35m[HTTP]&amp#27;[39m &amp#27;[90m{"using":"id","value":"android:id/switch_widget"}&amp#27;[39m
[debug] &amp#27;[35m[W3C (8f7de284)]&amp#27;[39m Calling AppiumDriver.findElement() with args: ["id","android:id/switch_widget","8f7de284-b6e0-4335-b615-251f9b25a492"]
[debug] &amp#27;[35m[BaseDriver]&amp#27;[39m Valid locator strategies for this request: xpath, id, class name, accessibility id, -android uiautomator
[debug] &amp#27;[35m[BaseDriver]&amp#27;[39m Waiting up to 10000 ms for condition
[debug] &amp#27;[35m[AndroidBootstrap]&amp#27;[39m Sending command to android: {"cmd":"action","action":"find","params":{"strategy":"id","selector":"android:id/switch_widget","context":"","multiple":false}}
[debug] &amp#27;[35m[AndroidBootstrap]&amp#27;[39m [BOOTSTRAP LOG] [debug] Got data from client: {"cmd":"action","action":"find","params":{"strategy":"id","selector":"android:id/switch_widget","context":"","multiple":false}}
[debug] &amp#27;[35m[AndroidBootstrap]&amp#27;[39m [BOOTSTRAP LOG] [debug] Got command of type ACTION
[debug] &amp#27;[35m[AndroidBootstrap]&amp#27;[39m [BOOTSTRAP LOG] [debug] Got command action: find
[debug] &amp#27;[35m[AndroidBootstrap]&amp#27;[39m [BOOTSTRAP LOG] [debug] Finding 'android:id/switch_widget' using 'ID' with the contextId: '' multiple: false
[debug] &amp#27;[35m[AndroidBootstrap]&amp#27;[39m [BOOTSTRAP LOG] [debug] Using: UiSelector[INSTANCE=0, RESOURCE_ID=android:id/switch_widget]
[debug] &amp#27;[35m[AndroidBootstrap]&amp#27;[39m Received command result from bootstrap
[debug] &amp#27;[35m[W3C (8f7de284)]&amp#27;[39m Responding to client with driver.findElement() result: {"element-6066-11e4-a52e-4f735466cecf":"14","ELEMENT":"14"}
&amp#27;[35m[HTTP]&amp#27;[39m &amp#27;[37m<-- POST /wd/hub/session/8f7de284-b6e0-4335-b615-251f9b25a492/element &amp#27;[39m&amp#27;[32m200&amp#27;[39m &amp#27;[90m24 ms - 69&amp#27;[39m
&amp#27;[35m[HTTP]&amp#27;[39m &amp#27;[90m&amp#27;[39m
[debug] &amp#27;[35m[AndroidBootstrap]&amp#27;[39m [BOOTSTRAP LOG] [debug] Returning result: {"status":0,"value":{"ELEMENT":"14"}}
&amp#27;[35m[HTTP]&amp#27;[39m &amp#27;[37m-->&amp#27;[39m &amp#27;[37mGET&amp#27;[39m &amp#27;[37m/wd/hub/session/8f7de284-b6e0-4335-b615-251f9b25a492/element/14/text&amp#27;[39m
&amp#27;[35m[HTTP]&amp#27;[39m &amp#27;[90m{}&amp#27;[39m
[debug] &amp#27;[35m[W3C (8f7de284)]&amp#27;[39m Calling AppiumDriver.getText() with args: ["14","8f7de284-b6e0-4335-b615-251f9b25a492"]
[debug] &amp#27;[35m[AndroidBootstrap]&amp#27;[39m Sending command to android: {"cmd":"action","action":"element:getText","params":{"elementId":"14"}}
[debug] &amp#27;[35m[AndroidBootstrap]&amp#27;[39m [BOOTSTRAP LOG] [debug] Got data from client: {"cmd":"action","action":"element:getText","params":{"elementId":"14"}}
[debug] &amp#27;[35m[AndroidBootstrap]&amp#27;[39m [BOOTSTRAP LOG] [debug] Got command of type ACTION
[debug] &amp#27;[35m[AndroidBootstrap]&amp#27;[39m [BOOTSTRAP LOG] [debug] Got command action: getText
[debug] &amp#27;[35m[AndroidBootstrap]&amp#27;[39m [BOOTSTRAP LOG] [debug] Returning result: {"status":0,"value":"OFF"}
[debug] &amp#27;[35m[AndroidBootstrap]&amp#27;[39m Received command result from bootstrap
[debug] &amp#27;[35m[W3C (8f7de284)]&amp#27;[39m Responding to client with driver.getText() result: "OFF"
&amp#27;[35m[HTTP]&amp#27;[39m &amp#27;[37m<-- GET /wd/hub/session/8f7de284-b6e0-4335-b615-251f9b25a492/element/14/text &amp#27;[39m&amp#27;[32m200&amp#27;[39m &amp#27;[90m18 ms - 15&amp#27;[39m
&amp#27;[35m[HTTP]&amp#27;[39m &amp#27;[90m&amp#27;[39m
]]></system-out>
    <system-err><![CDATA[Jan 04, 2021 8:06:26 AM io.appium.java_client.remote.AppiumCommandExecutor$1 lambda$0
INFO: Detected dialect: W3C
]]></system-err>
  </testcase>
  <testcase name="resetRestrictions" classname="com.communitake.tests.automation.gms.FacilitiesTests" time="20.885">
    <system-out><![CDATA[&amp#27;[35m[HTTP]&amp#27;[39m &amp#27;[37m-->&amp#27;[39m &amp#27;[37mGET&amp#27;[39m &amp#27;[37m/wd/hub/status&amp#27;[39m
&amp#27;[35m[HTTP]&amp#27;[39m &amp#27;[90m{}&amp#27;[39m
[debug] &amp#27;[35m[GENERIC]&amp#27;[39m Calling AppiumDriver.getStatus() with args: []
[debug] &amp#27;[35m[GENERIC]&amp#27;[39m Responding to client with driver.getStatus() result: {"build":{"version":"1.19.1"}}
&amp#27;[35m[HTTP]&amp#27;[39m &amp#27;[37m<-- GET /wd/hub/status &amp#27;[39m&amp#27;[32m200&amp#27;[39m &amp#27;[90m1 ms - 68&amp#27;[39m
&amp#27;[35m[HTTP]&amp#27;[39m &amp#27;[90m&amp#27;[39m
&amp#27;[35m[HTTP]&amp#27;[39m &amp#27;[37m-->&amp#27;[39m &amp#27;[37mPOST&amp#27;[39m &amp#27;[37m/wd/hub/session&amp#27;[39m
&amp#27;[35m[HTTP]&amp#27;[39m &amp#27;[90m{"desiredCapabilities":{"appActivity":"com.communitake.mdc.SplashScreen","appPackage":"com.communitake.mdc.supportsip","noReset":"true","platformVersion":"9","automationName":"UiAutomator1","browserName":"","platformName":"Android","udid":"CTGED020000261","deviceName":"CTGED02"},"capabilities":{"firstMatch":[{"appium:appActivity":"com.communitake.mdc.SplashScreen","appium:appPackage":"com.communitake.mdc.supportsip","appium:automationName":"UiAutomator1","browserName":"","appium:deviceName":"CTGED02","appium:noReset":"true","platformName":"android","appium:platformVersion":"9","appium:udid":"CTGED020000261"}]}}&amp#27;[39m
[debug] &amp#27;[35m[W3C]&amp#27;[39m Calling AppiumDriver.createSession() with args: [{"appActivity":"com.communitake.mdc.SplashScreen","appPackage":"com.communitake.mdc.supportsip","noReset":"true","platformVersion":"9","automationName":"UiAutomator1","browserName":"","platformName":"Android","udid":"CTGED020000261","deviceName":"CTGED02"},null,{"firstMatch":[{"appium:appActivity":"com.communitake.mdc.SplashScreen","appium:appPackage":"com.communitake.mdc.supportsip","appium:automationName":"UiAutomator1","browserName":"","appium:deviceName":"CTGED02","appium:noReset":"true","platformName":"android","appium:platformVersion":"9","appium:udid":"CTGED020000261"}]}]
[debug] &amp#27;[35m[BaseDriver]&amp#27;[39m Event 'newSessionRequested' logged at 1609740415219 (08:06:55 GMT+0200 (Israel Standard Time))
&amp#27;[35m[Appium]&amp#27;[39m Appium v1.19.1 creating new AndroidDriver (v4.41.0) session
[debug] &amp#27;[35m[BaseDriver]&amp#27;[39m W3C capabilities and MJSONWP desired capabilities were provided
[debug] &amp#27;[35m[BaseDriver]&amp#27;[39m Creating session with W3C capabilities: {
[debug] &amp#27;[35m[BaseDriver]&amp#27;[39m   "alwaysMatch": {
[debug] &amp#27;[35m[BaseDriver]&amp#27;[39m     "browserName": "",
[debug] &amp#27;[35m[BaseDriver]&amp#27;[39m     "platformName": "android",
[debug] &amp#27;[35m[BaseDriver]&amp#27;[39m     "appium:appActivity": "com.communitake.mdc.SplashScreen",
[debug] &amp#27;[35m[BaseDriver]&amp#27;[39m     "appium:appPackage": "com.communitake.mdc.supportsip",
[debug] &amp#27;[35m[BaseDriver]&amp#27;[39m     "appium:automationName": "UiAutomator1",
[debug] &amp#27;[35m[BaseDriver]&amp#27;[39m     "appium:deviceName": "CTGED02",
[debug] &amp#27;[35m[BaseDriver]&amp#27;[39m     "appium:noReset": "true",
[debug] &amp#27;[35m[BaseDriver]&amp#27;[39m     "appium:platformVersion": "9",
[debug] &amp#27;[35m[BaseDriver]&amp#27;[39m     "appium:udid": "CTGED020000261"
[debug] &amp#27;[35m[BaseDriver]&amp#27;[39m   },
[debug] &amp#27;[35m[BaseDriver]&amp#27;[39m   "firstMatch": [
[debug] &amp#27;[35m[BaseDriver]&amp#27;[39m     {}
[debug] &amp#27;[35m[BaseDriver]&amp#27;[39m   ]
[debug] &amp#27;[35m[BaseDriver]&amp#27;[39m }
&amp#27;[35m[BaseDriver]&amp#27;[39m Capability 'noReset' changed from string to boolean. This may cause unexpected behavior
&amp#27;[35m[BaseDriver]&amp#27;[39m Session created with session id: 4d12d8d9-dbd0-4204-9a96-4940acb570b0
&amp#27;[35m[ADB]&amp#27;[39m Using 'adb.exe' from 'C:\Users\Nissim Automation\AppData\Local\Android\Sdk\platform-tools\adb.exe'
[debug] &amp#27;[35m[ADB]&amp#27;[39m Running 'C:\Users\Nissim Automation\AppData\Local\Android\Sdk\platform-tools\adb.exe -P 5037 start-server'
&amp#27;[35m[AndroidDriver]&amp#27;[39m Retrieving device list
[debug] &amp#27;[35m[ADB]&amp#27;[39m Trying to find a connected android device
[debug] &amp#27;[35m[ADB]&amp#27;[39m Getting connected devices
[debug] &amp#27;[35m[ADB]&amp#27;[39m Connected devices: [{"udid":"CTGED020000261","state":"device"}]
&amp#27;[35m[AndroidDriver]&amp#27;[39m Using device: CTGED020000261
&amp#27;[35m[ADB]&amp#27;[39m Using 'adb.exe' from 'C:\Users\Nissim Automation\AppData\Local\Android\Sdk\platform-tools\adb.exe'
[debug] &amp#27;[35m[ADB]&amp#27;[39m Running 'C:\Users\Nissim Automation\AppData\Local\Android\Sdk\platform-tools\adb.exe -P 5037 start-server'
[debug] &amp#27;[35m[ADB]&amp#27;[39m Setting device id to CTGED020000261
[debug] &amp#27;[35m[ADB]&amp#27;[39m Running 'C:\Users\Nissim Automation\AppData\Local\Android\Sdk\platform-tools\adb.exe -P 5037 -s CTGED020000261 shell getprop ro.build.version.sdk'
[debug] &amp#27;[35m[ADB]&amp#27;[39m Current device property 'ro.build.version.sdk': 28
&amp#27;[35m[ADB]&amp#27;[39m Getting device platform version
[debug] &amp#27;[35m[ADB]&amp#27;[39m Running 'C:\Users\Nissim Automation\AppData\Local\Android\Sdk\platform-tools\adb.exe -P 5037 -s CTGED020000261 shell getprop ro.build.version.release'
[debug] &amp#27;[35m[ADB]&amp#27;[39m Current device property 'ro.build.version.release': 9
[debug] &amp#27;[35m[ADB]&amp#27;[39m Device API level: 28
&amp#27;[35m[AndroidDriver]&amp#27;[39m Consider setting 'automationName' capability to 'uiautomator2' on Android >= 6, since UIAutomator framework is not maintained anymore by the OS vendor.
&amp#27;[35m[AndroidDriver]&amp#27;[39m App file was not listed, instead we're going to run com.communitake.mdc.supportsip directly on the device
[debug] &amp#27;[35m[AndroidDriver]&amp#27;[39m Checking whether package is present on the device
[debug] &amp#27;[35m[ADB]&amp#27;[39m Running 'C:\Users\Nissim Automation\AppData\Local\Android\Sdk\platform-tools\adb.exe -P 5037 -s CTGED020000261 shell pm list packages com.communitake.mdc.supportsip'
&amp#27;[35m[AndroidDriver]&amp#27;[39m Starting Android session
[debug] &amp#27;[35m[ADB]&amp#27;[39m Running 'C:\Users\Nissim Automation\AppData\Local\Android\Sdk\platform-tools\adb.exe -P 5037 -s CTGED020000261 wait-for-device'
[debug] &amp#27;[35m[ADB]&amp#27;[39m Running 'C:\Users\Nissim Automation\AppData\Local\Android\Sdk\platform-tools\adb.exe -P 5037 -s CTGED020000261 shell echo ping'
[debug] &amp#27;[35m[AndroidDriver]&amp#27;[39m Pushing settings apk to device...
[debug] &amp#27;[35m[ADB]&amp#27;[39m Getting install status for io.appium.settings
[debug] &amp#27;[35m[ADB]&amp#27;[39m Running 'C:\Users\Nissim Automation\AppData\Local\Android\Sdk\platform-tools\adb.exe -P 5037 -s CTGED020000261 shell dumpsys package io.appium.settings'
[debug] &amp#27;[35m[ADB]&amp#27;[39m 'io.appium.settings' is installed
[debug] &amp#27;[35m[ADB]&amp#27;[39m Getting package info for 'io.appium.settings'
[debug] &amp#27;[35m[ADB]&amp#27;[39m Running 'C:\Users\Nissim Automation\AppData\Local\Android\Sdk\platform-tools\adb.exe -P 5037 -s CTGED020000261 shell dumpsys package io.appium.settings'
[debug] &amp#27;[35m[ADB]&amp#27;[39m The version name of the installed 'io.appium.settings' is greater or equal to the application version name ('3.2.1' >= '3.2.1')
[debug] &amp#27;[35m[ADB]&amp#27;[39m There is no need to install/upgrade 'C:\Users\Nissim Automation\AppData\Roaming\npm\node_modules\appium\node_modules\io.appium.settings\apks\settings_apk-debug.apk'
[debug] &amp#27;[35m[ADB]&amp#27;[39m Getting IDs of all 'io.appium.settings' processes
[debug] &amp#27;[35m[ADB]&amp#27;[39m Running 'C:\Users\Nissim Automation\AppData\Local\Android\Sdk\platform-tools\adb.exe -P 5037 -s CTGED020000261 shell 'pgrep --help; echo $?''
[debug] &amp#27;[35m[ADB]&amp#27;[39m Running 'C:\Users\Nissim Automation\AppData\Local\Android\Sdk\platform-tools\adb.exe -P 5037 -s CTGED020000261 shell pgrep -f \(\[\[:blank:\]\]\|\^\)io\.appium\.settings\(\[\[:blank:\]\]\|\$\)'
&amp#27;[35m[Appium]&amp#27;[39m Welcome to Appium v1.19.1
&amp#27;[35m[HTTP]&amp#27;[39m Could not start REST http interface listener. The requested port may already be in use. Please make sure there is no other instance of this server running already.
Fatal Error: listen EADDRINUSE: address already in use 0.0.0.0:4723
    at Server.setupListenHandle [as _listen2] (net.js:1318:16)
    at listenInCluster (net.js:1366:12)
    at doListen (net.js:1503:7)
    at processTicksAndRejections (internal/process/task_queues.js:81:21)
[debug] &amp#27;[35m[AndroidDriver]&amp#27;[39m io.appium.settings is already running. There is no need to reset its permissions.
[debug] &amp#27;[35m[ADB]&amp#27;[39m Running 'C:\Users\Nissim Automation\AppData\Local\Android\Sdk\platform-tools\adb.exe -P 5037 -s CTGED020000261 shell appops set io.appium.settings android:mock_location allow'
[debug] &amp#27;[35m[Logcat]&amp#27;[39m Starting logs capture with command: 'C:\\Users\\Nissim Automation\\AppData\\Local\\Android\\Sdk\\platform-tools\\adb.exe' -P 5037 -s CTGED020000261 logcat -v threadtime
&amp#27;[35m[ADB]&amp#27;[39m Getting device platform version
[debug] &amp#27;[35m[ADB]&amp#27;[39m Running 'C:\Users\Nissim Automation\AppData\Local\Android\Sdk\platform-tools\adb.exe -P 5037 -s CTGED020000261 shell getprop ro.build.version.release'
[debug] &amp#27;[35m[ADB]&amp#27;[39m Current device property 'ro.build.version.release': 9
[debug] &amp#27;[35m[ADB]&amp#27;[39m Running 'C:\Users\Nissim Automation\AppData\Local\Android\Sdk\platform-tools\adb.exe -P 5037 -s CTGED020000261 shell wm size'
[debug] &amp#27;[35m[ADB]&amp#27;[39m Running 'C:\Users\Nissim Automation\AppData\Local\Android\Sdk\platform-tools\adb.exe -P 5037 -s CTGED020000261 shell getprop ro.product.model'
[debug] &amp#27;[35m[ADB]&amp#27;[39m Current device property 'ro.product.model': CTGED02
[debug] &amp#27;[35m[ADB]&amp#27;[39m Running 'C:\Users\Nissim Automation\AppData\Local\Android\Sdk\platform-tools\adb.exe -P 5037 -s CTGED020000261 shell getprop ro.product.manufacturer'
[debug] &amp#27;[35m[ADB]&amp#27;[39m Current device property 'ro.product.manufacturer': sanmu
&amp#27;[35m[AndroidDriver]&amp#27;[39m No app sent in, not parsing package/activity
[debug] &amp#27;[35m[AndroidDriver]&amp#27;[39m No app capability. Assuming it is already on the device
[debug] &amp#27;[35m[AndroidBootstrap]&amp#27;[39m Watching for bootstrap disconnect
[debug] &amp#27;[35m[ADB]&amp#27;[39m Forwarding system: 4724 to device: 4724
[debug] &amp#27;[35m[ADB]&amp#27;[39m Running 'C:\Users\Nissim Automation\AppData\Local\Android\Sdk\platform-tools\adb.exe -P 5037 -s CTGED020000261 forward tcp:4724 tcp:4724'
[debug] &amp#27;[35m[UiAutomator]&amp#27;[39m Starting UiAutomator
[debug] &amp#27;[35m[UiAutomator]&amp#27;[39m Moving to state 'starting'
[debug] &amp#27;[35m[UiAutomator]&amp#27;[39m Parsing uiautomator jar
[debug] &amp#27;[35m[UiAutomator]&amp#27;[39m Found jar name: 'AppiumBootstrap.jar'
[debug] &amp#27;[35m[ADB]&amp#27;[39m Running 'C:\Users\Nissim Automation\AppData\Local\Android\Sdk\platform-tools\adb.exe -P 5037 -s CTGED020000261 shell mkdir -p /data/local'
[debug] &amp#27;[35m[ADB]&amp#27;[39m Running 'C:\Users\Nissim Automation\AppData\Local\Android\Sdk\platform-tools\adb.exe -P 5037 -s CTGED020000261 push 'C:\\Users\\Nissim Automation\\AppData\\Roaming\\npm\\node_modules\\appium\\node_modules\\appium-android-driver\\bootstrap\\bin\\AppiumBootstrap.jar' /data/local/tmp/'
[debug] &amp#27;[35m[ADB]&amp#27;[39m Attempting to kill all uiautomator processes
[debug] &amp#27;[35m[ADB]&amp#27;[39m Getting IDs of all 'uiautomator' processes
[debug] &amp#27;[35m[ADB]&amp#27;[39m Running 'C:\Users\Nissim Automation\AppData\Local\Android\Sdk\platform-tools\adb.exe -P 5037 -s CTGED020000261 shell pgrep -f \(\[\[:blank:\]\]\|\^\)uiautomator\(\[\[:blank:\]\]\|\$\)'
[debug] &amp#27;[35m[ADB]&amp#27;[39m Attempting to kill process 8710
[debug] &amp#27;[35m[ADB]&amp#27;[39m Running 'C:\Users\Nissim Automation\AppData\Local\Android\Sdk\platform-tools\adb.exe -P 5037 -s CTGED020000261 shell kill 8710'
[debug] &amp#27;[35m[UiAutomator]&amp#27;[39m Starting UIAutomator
[debug] &amp#27;[35m[ADB]&amp#27;[39m Creating ADB subprocess with args: ["-P",5037,"-s","CTGED020000261","shell","uiautomator","runtest","AppiumBootstrap.jar","-c","io.appium.android.bootstrap.Bootstrap","-e","pkg","com.communitake.mdc.supportsip","-e","disableAndroidWatchers",false,"-e","acceptSslCerts",false]
&amp#27;[35m[UiAutomator]&amp#27;[39m UiAutomator exited unexpectedly with code 143, signal null
[debug] &amp#27;[35m[UiAutomator]&amp#27;[39m Moving to state 'stopped'
&amp#27;[35m[Appium]&amp#27;[39m Closing session, cause was 'UiAUtomator shut down unexpectedly'
&amp#27;[35m[Appium]&amp#27;[39m Removing session '8f7de284-b6e0-4335-b615-251f9b25a492' from our master session list
[debug] &amp#27;[35m[AndroidDriver]&amp#27;[39m Shutting down Android driver
[debug] &amp#27;[35m[ADB]&amp#27;[39m Running 'C:\Users\Nissim Automation\AppData\Local\Android\Sdk\platform-tools\adb.exe -P 5037 -s CTGED020000261 shell am force-stop com.communitake.mdc.supportsip'
[debug] &amp#27;[35m[ADB]&amp#27;[39m Pressing the HOME button
[debug] &amp#27;[35m[ADB]&amp#27;[39m Running 'C:\Users\Nissim Automation\AppData\Local\Android\Sdk\platform-tools\adb.exe -P 5037 -s CTGED020000261 shell input keyevent 3'
[debug] &amp#27;[35m[UiAutomator]&amp#27;[39m Moving to state 'online'
&amp#27;[35m[AndroidBootstrap]&amp#27;[39m Android bootstrap socket is now connected
[debug] &amp#27;[35m[ADB]&amp#27;[39m Running 'C:\Users\Nissim Automation\AppData\Local\Android\Sdk\platform-tools\adb.exe -P 5037 -s CTGED020000261 shell dumpsys window'
[debug] &amp#27;[35m[AndroidBootstrap]&amp#27;[39m [BOOTSTRAP LOG] [debug] Registered crash watchers.
[debug] &amp#27;[35m[AndroidBootstrap]&amp#27;[39m [BOOTSTRAP LOG] [debug] Client connected
&amp#27;[35m[AndroidDriver]&amp#27;[39m Screen already unlocked, doing nothing
[debug] &amp#27;[35m[ADB]&amp#27;[39m Running 'C:\Users\Nissim Automation\AppData\Local\Android\Sdk\platform-tools\adb.exe -P 5037 -s CTGED020000261 shell am start -W -n com.communitake.mdc.supportsip/com.communitake.mdc.SplashScreen -S -a android.intent.action.MAIN -c android.intent.category.LAUNCHER -f 0x10200000'
&amp#27;[35m[AndroidBootstrap]&amp#27;[39m Cannot shut down Android bootstrap; it has already shut down
[debug] &amp#27;[35m[Logcat]&amp#27;[39m Stopping logcat capture
[debug] &amp#27;[35m[ADB]&amp#27;[39m Running 'C:\Users\Nissim Automation\AppData\Local\Android\Sdk\platform-tools\adb.exe -P 5037 -s CTGED020000261 shell am force-stop io.appium.unlock'
&amp#27;[35m[Appium]&amp#27;[39m New AndroidDriver session created successfully, session 4d12d8d9-dbd0-4204-9a96-4940acb570b0 added to master session list
[debug] &amp#27;[35m[BaseDriver]&amp#27;[39m Event 'newSessionStarted' logged at 1609740420759 (08:07:00 GMT+0200 (Israel Standard Time))
[debug] &amp#27;[35m[W3C (4d12d8d9)]&amp#27;[39m Cached the protocol value 'W3C' for the new session 4d12d8d9-dbd0-4204-9a96-4940acb570b0
[debug] &amp#27;[35m[W3C (4d12d8d9)]&amp#27;[39m Responding to client with driver.createSession() result: {"capabilities":{"platform":"LINUX","webStorageEnabled":false,"takesScreenshot":true,"javascriptEnabled":true,"databaseEnabled":false,"networkConnectionEnabled":true,"locationContextEnabled":false,"warnings":{},"desired":{"browserName":"","platformName":"android","appActivity":"com.communitake.mdc.SplashScreen","appPackage":"com.communitake.mdc.supportsip","automationName":"UiAutomator1","deviceName":"CTGED02","noReset":true,"platformVersion":"9","udid":"CTGED020000261"},"browserName":"","platformName":"android","appActivity":"com.communitake.mdc.SplashScreen","appPackage":"com.communitake.mdc.supportsip","automationName":"UiAutomator1","deviceName":"CTGED020000261","noReset":true,"platformVersion":"9","udid":"CTGED020000261","deviceUDID":"CTGED020000261","deviceScreenSize":"720x1440","deviceModel":"CTGED02","deviceManufacturer":"sanmu"}}
&amp#27;[35m[HTTP]&amp#27;[39m &amp#27;[37m<-- POST /wd/hub/session &amp#27;[39m&amp#27;[32m200&amp#27;[39m &amp#27;[90m5541 ms - 911&amp#27;[39m
&amp#27;[35m[HTTP]&amp#27;[39m &amp#27;[90m&amp#27;[39m
false
&amp#27;[35m[HTTP]&amp#27;[39m &amp#27;[37m-->&amp#27;[39m &amp#27;[37mPOST&amp#27;[39m &amp#27;[37m/wd/hub/session/4d12d8d9-dbd0-4204-9a96-4940acb570b0/timeouts&amp#27;[39m
&amp#27;[35m[HTTP]&amp#27;[39m &amp#27;[90m{"implicit":10000}&amp#27;[39m
[debug] &amp#27;[35m[W3C (4d12d8d9)]&amp#27;[39m Calling AppiumDriver.timeouts() with args: [null,null,null,null,10000,"4d12d8d9-dbd0-4204-9a96-4940acb570b0"]
[debug] &amp#27;[35m[BaseDriver]&amp#27;[39m W3C timeout argument: {"implicit":10000}}
[debug] &amp#27;[35m[BaseDriver]&amp#27;[39m Set implicit wait to 10000ms
[debug] &amp#27;[35m[W3C (4d12d8d9)]&amp#27;[39m Responding to client with driver.timeouts() result: null
&amp#27;[35m[HTTP]&amp#27;[39m &amp#27;[37m<-- POST /wd/hub/session/4d12d8d9-dbd0-4204-9a96-4940acb570b0/timeouts &amp#27;[39m&amp#27;[32m200&amp#27;[39m &amp#27;[90m1 ms - 14&amp#27;[39m
&amp#27;[35m[HTTP]&amp#27;[39m &amp#27;[90m&amp#27;[39m
&amp#27;[35m[HTTP]&amp#27;[39m &amp#27;[37m-->&amp#27;[39m &amp#27;[37mGET&amp#27;[39m &amp#27;[37m/wd/hub/session/4d12d8d9-dbd0-4204-9a96-4940acb570b0/context&amp#27;[39m
&amp#27;[35m[HTTP]&amp#27;[39m &amp#27;[90m{}&amp#27;[39m
[debug] &amp#27;[35m[W3C (4d12d8d9)]&amp#27;[39m Calling AppiumDriver.getCurrentContext() with args: ["4d12d8d9-dbd0-4204-9a96-4940acb570b0"]
[debug] &amp#27;[35m[W3C (4d12d8d9)]&amp#27;[39m Responding to client with driver.getCurrentContext() result: "NATIVE_APP"
&amp#27;[35m[HTTP]&amp#27;[39m &amp#27;[37m<-- GET /wd/hub/session/4d12d8d9-dbd0-4204-9a96-4940acb570b0/context &amp#27;[39m&amp#27;[32m200&amp#27;[39m &amp#27;[90m1 ms - 22&amp#27;[39m
&amp#27;[35m[HTTP]&amp#27;[39m &amp#27;[90m&amp#27;[39m
&amp#27;[35m[HTTP]&amp#27;[39m &amp#27;[37m-->&amp#27;[39m &amp#27;[37mPOST&amp#27;[39m &amp#27;[37m/wd/hub/session/4d12d8d9-dbd0-4204-9a96-4940acb570b0/element&amp#27;[39m
&amp#27;[35m[HTTP]&amp#27;[39m &amp#27;[90m{"using":"id","value":"com.communitake.mdc.supportsip:id/menuImage"}&amp#27;[39m
[debug] &amp#27;[35m[W3C (4d12d8d9)]&amp#27;[39m Calling AppiumDriver.findElement() with args: ["id","com.communitake.mdc.supportsip:id/menuImage","4d12d8d9-dbd0-4204-9a96-4940acb570b0"]
[debug] &amp#27;[35m[BaseDriver]&amp#27;[39m Valid locator strategies for this request: xpath, id, class name, accessibility id, -android uiautomator
[debug] &amp#27;[35m[BaseDriver]&amp#27;[39m Waiting up to 10000 ms for condition
[debug] &amp#27;[35m[AndroidBootstrap]&amp#27;[39m Sending command to android: {"cmd":"action","action":"find","params":{"strategy":"id","selector":"com.communitake.mdc.supportsip:id/menuImage","context":"","multiple":false}}
[debug] &amp#27;[35m[AndroidBootstrap]&amp#27;[39m [BOOTSTRAP LOG] [debug] Got data from client: {"cmd":"action","action":"find","params":{"strategy":"id","selector":"com.communitake.mdc.supportsip:id/menuImage","context":"","multiple":false}}
[debug] &amp#27;[35m[AndroidBootstrap]&amp#27;[39m [BOOTSTRAP LOG] [debug] Got command of type ACTION
[debug] &amp#27;[35m[AndroidBootstrap]&amp#27;[39m [BOOTSTRAP LOG] [debug] Got command action: find
[debug] &amp#27;[35m[AndroidBootstrap]&amp#27;[39m [BOOTSTRAP LOG] [debug] Finding 'com.communitake.mdc.supportsip:id/menuImage' using 'ID' with the contextId: '' multiple: false
[debug] &amp#27;[35m[AndroidBootstrap]&amp#27;[39m [BOOTSTRAP LOG] [debug] Using: UiSelector[INSTANCE=0, RESOURCE_ID=com.communitake.mdc.supportsip:id/menuImage]
[debug] &amp#27;[35m[AndroidBootstrap]&amp#27;[39m [BOOTSTRAP LOG] [debug] Failed to locate element. Clearing Accessibility cache and retrying.
[debug] &amp#27;[35m[AndroidBootstrap]&amp#27;[39m [BOOTSTRAP LOG] [debug] Finding 'com.communitake.mdc.supportsip:id/menuImage' using 'ID' with the contextId: '' multiple: false
[debug] &amp#27;[35m[AndroidBootstrap]&amp#27;[39m [BOOTSTRAP LOG] [debug] Using: UiSelector[INSTANCE=0, RESOURCE_ID=com.communitake.mdc.supportsip:id/menuImage]
[debug] &amp#27;[35m[AndroidBootstrap]&amp#27;[39m Received command result from bootstrap
[debug] &amp#27;[35m[MJSONWP]&amp#27;[39m Matched JSONWP error code 7 to NoSuchElementError
[debug] &amp#27;[35m[BaseDriver]&amp#27;[39m Waited for 67 ms so far
[debug] &amp#27;[35m[AndroidBootstrap]&amp#27;[39m [BOOTSTRAP LOG] [debug] Returning result: {"status":7,"value":"No element found"}
[debug] &amp#27;[35m[AndroidBootstrap]&amp#27;[39m Sending command to android: {"cmd":"action","action":"find","params":{"strategy":"id","selector":"com.communitake.mdc.supportsip:id/menuImage","context":"","multiple":false}}
[debug] &amp#27;[35m[AndroidBootstrap]&amp#27;[39m [BOOTSTRAP LOG] [debug] Got data from client: {"cmd":"action","action":"find","params":{"strategy":"id","selector":"com.communitake.mdc.supportsip:id/menuImage","context":"","multiple":false}}
[debug] &amp#27;[35m[AndroidBootstrap]&amp#27;[39m [BOOTSTRAP LOG] [debug] Got command of type ACTION
[debug] &amp#27;[35m[AndroidBootstrap]&amp#27;[39m [BOOTSTRAP LOG] [debug] Got command action: find
[debug] &amp#27;[35m[AndroidBootstrap]&amp#27;[39m [BOOTSTRAP LOG] [debug] Finding 'com.communitake.mdc.supportsip:id/menuImage' using 'ID' with the contextId: '' multiple: false
[debug] &amp#27;[35m[AndroidBootstrap]&amp#27;[39m [BOOTSTRAP LOG] [debug] Using: UiSelector[INSTANCE=0, RESOURCE_ID=com.communitake.mdc.supportsip:id/menuImage]
[debug] &amp#27;[35m[AndroidBootstrap]&amp#27;[39m [BOOTSTRAP LOG] [debug] Failed to locate element. Clearing Accessibility cache and retrying.
[debug] &amp#27;[35m[AndroidBootstrap]&amp#27;[39m [BOOTSTRAP LOG] [debug] Finding 'com.communitake.mdc.supportsip:id/menuImage' using 'ID' with the contextId: '' multiple: false
[debug] &amp#27;[35m[AndroidBootstrap]&amp#27;[39m [BOOTSTRAP LOG] [debug] Using: UiSelector[INSTANCE=0, RESOURCE_ID=com.communitake.mdc.supportsip:id/menuImage]
[debug] &amp#27;[35m[AndroidBootstrap]&amp#27;[39m [BOOTSTRAP LOG] [debug] Returning result: {"status":7,"value":"No element found"}
[debug] &amp#27;[35m[AndroidBootstrap]&amp#27;[39m Received command result from bootstrap
[debug] &amp#27;[35m[MJSONWP]&amp#27;[39m Matched JSONWP error code 7 to NoSuchElementError
[debug] &amp#27;[35m[BaseDriver]&amp#27;[39m Waited for 608 ms so far
[debug] &amp#27;[35m[AndroidBootstrap]&amp#27;[39m Sending command to android: {"cmd":"action","action":"find","params":{"strategy":"id","selector":"com.communitake.mdc.supportsip:id/menuImage","context":"","multiple":false}}
[debug] &amp#27;[35m[AndroidBootstrap]&amp#27;[39m [BOOTSTRAP LOG] [debug] Got data from client: {"cmd":"action","action":"find","params":{"strategy":"id","selector":"com.communitake.mdc.supportsip:id/menuImage","context":"","multiple":false}}
[debug] &amp#27;[35m[AndroidBootstrap]&amp#27;[39m [BOOTSTRAP LOG] [debug] Got command of type ACTION
[debug] &amp#27;[35m[AndroidBootstrap]&amp#27;[39m [BOOTSTRAP LOG] [debug] Got command action: find
[debug] &amp#27;[35m[AndroidBootstrap]&amp#27;[39m [BOOTSTRAP LOG] [debug] Finding 'com.communitake.mdc.supportsip:id/menuImage' using 'ID' with the contextId: '' multiple: false
[debug] &amp#27;[35m[AndroidBootstrap]&amp#27;[39m [BOOTSTRAP LOG] [debug] Using: UiSelector[INSTANCE=0, RESOURCE_ID=com.communitake.mdc.supportsip:id/menuImage]
[debug] &amp#27;[35m[AndroidBootstrap]&amp#27;[39m [BOOTSTRAP LOG] [debug] Failed to locate element. Clearing Accessibility cache and retrying.
[debug] &amp#27;[35m[AndroidBootstrap]&amp#27;[39m [BOOTSTRAP LOG] [debug] Finding 'com.communitake.mdc.supportsip:id/menuImage' using 'ID' with the contextId: '' multiple: false
[debug] &amp#27;[35m[AndroidBootstrap]&amp#27;[39m [BOOTSTRAP LOG] [debug] Using: UiSelector[INSTANCE=0, RESOURCE_ID=com.communitake.mdc.supportsip:id/menuImage]
[debug] &amp#27;[35m[AndroidBootstrap]&amp#27;[39m Received command result from bootstrap
[debug] &amp#27;[35m[MJSONWP]&amp#27;[39m Matched JSONWP error code 7 to NoSuchElementError
[debug] &amp#27;[35m[BaseDriver]&amp#27;[39m Waited for 6734 ms so far
[debug] &amp#27;[35m[AndroidBootstrap]&amp#27;[39m [BOOTSTRAP LOG] [debug] Returning result: {"status":7,"value":"No element found"}
[debug] &amp#27;[35m[AndroidBootstrap]&amp#27;[39m Sending command to android: {"cmd":"action","action":"find","params":{"strategy":"id","selector":"com.communitake.mdc.supportsip:id/menuImage","context":"","multiple":false}}
[debug] &amp#27;[35m[AndroidBootstrap]&amp#27;[39m [BOOTSTRAP LOG] [debug] Got data from client: {"cmd":"action","action":"find","params":{"strategy":"id","selector":"com.communitake.mdc.supportsip:id/menuImage","context":"","multiple":false}}
[debug] &amp#27;[35m[AndroidBootstrap]&amp#27;[39m [BOOTSTRAP LOG] [debug] Got command of type ACTION
[debug] &amp#27;[35m[AndroidBootstrap]&amp#27;[39m [BOOTSTRAP LOG] [debug] Got command action: find
[debug] &amp#27;[35m[AndroidBootstrap]&amp#27;[39m [BOOTSTRAP LOG] [debug] Finding 'com.communitake.mdc.supportsip:id/menuImage' using 'ID' with the contextId: '' multiple: false
[debug] &amp#27;[35m[AndroidBootstrap]&amp#27;[39m [BOOTSTRAP LOG] [debug] Using: UiSelector[INSTANCE=0, RESOURCE_ID=com.communitake.mdc.supportsip:id/menuImage]
[debug] &amp#27;[35m[AndroidBootstrap]&amp#27;[39m [BOOTSTRAP LOG] [debug] Returning result: {"status":0,"value":{"ELEMENT":"1"}}
[debug] &amp#27;[35m[AndroidBootstrap]&amp#27;[39m Received command result from bootstrap
[debug] &amp#27;[35m[W3C (4d12d8d9)]&amp#27;[39m Responding to client with driver.findElement() result: {"element-6066-11e4-a52e-4f735466cecf":"1","ELEMENT":"1"}
&amp#27;[35m[HTTP]&amp#27;[39m &amp#27;[37m<-- POST /wd/hub/session/4d12d8d9-dbd0-4204-9a96-4940acb570b0/element &amp#27;[39m&amp#27;[32m200&amp#27;[39m &amp#27;[90m7276 ms - 67&amp#27;[39m
&amp#27;[35m[HTTP]&amp#27;[39m &amp#27;[90m&amp#27;[39m
&amp#27;[35m[HTTP]&amp#27;[39m &amp#27;[37m-->&amp#27;[39m &amp#27;[37mPOST&amp#27;[39m &amp#27;[37m/wd/hub/session/4d12d8d9-dbd0-4204-9a96-4940acb570b0/element/1/click&amp#27;[39m
&amp#27;[35m[HTTP]&amp#27;[39m &amp#27;[90m{"id":"1"}&amp#27;[39m
[debug] &amp#27;[35m[W3C (4d12d8d9)]&amp#27;[39m Calling AppiumDriver.click() with args: ["1","4d12d8d9-dbd0-4204-9a96-4940acb570b0"]
[debug] &amp#27;[35m[AndroidBootstrap]&amp#27;[39m Sending command to android: {"cmd":"action","action":"element:click","params":{"elementId":"1"}}
[debug] &amp#27;[35m[AndroidBootstrap]&amp#27;[39m [BOOTSTRAP LOG] [debug] Got data from client: {"cmd":"action","action":"element:click","params":{"elementId":"1"}}
[debug] &amp#27;[35m[AndroidBootstrap]&amp#27;[39m [BOOTSTRAP LOG] [debug] Got command of type ACTION
[debug] &amp#27;[35m[AndroidBootstrap]&amp#27;[39m [BOOTSTRAP LOG] [debug] Got command action: click
[debug] &amp#27;[35m[AndroidBootstrap]&amp#27;[39m Received command result from bootstrap
[debug] &amp#27;[35m[W3C (4d12d8d9)]&amp#27;[39m Responding to client with driver.click() result: true
&amp#27;[35m[HTTP]&amp#27;[39m &amp#27;[37m<-- POST /wd/hub/session/4d12d8d9-dbd0-4204-9a96-4940acb570b0/element/1/click &amp#27;[39m&amp#27;[32m200&amp#27;[39m &amp#27;[90m372 ms - 14&amp#27;[39m
&amp#27;[35m[HTTP]&amp#27;[39m &amp#27;[90m&amp#27;[39m
&amp#27;[35m[HTTP]&amp#27;[39m &amp#27;[37m-->&amp#27;[39m &amp#27;[37mGET&amp#27;[39m &amp#27;[37m/wd/hub/session/4d12d8d9-dbd0-4204-9a96-4940acb570b0/context&amp#27;[39m
&amp#27;[35m[HTTP]&amp#27;[39m &amp#27;[90m{}&amp#27;[39m
[debug] &amp#27;[35m[W3C (4d12d8d9)]&amp#27;[39m Calling AppiumDriver.getCurrentContext() with args: ["4d12d8d9-dbd0-4204-9a96-4940acb570b0"]
[debug] &amp#27;[35m[W3C (4d12d8d9)]&amp#27;[39m Responding to client with driver.getCurrentContext() result: "NATIVE_APP"
&amp#27;[35m[HTTP]&amp#27;[39m &amp#27;[37m<-- GET /wd/hub/session/4d12d8d9-dbd0-4204-9a96-4940acb570b0/context &amp#27;[39m&amp#27;[32m200&amp#27;[39m &amp#27;[90m3 ms - 22&amp#27;[39m
&amp#27;[35m[HTTP]&amp#27;[39m &amp#27;[90m&amp#27;[39m
[debug] &amp#27;[35m[AndroidBootstrap]&amp#27;[39m [BOOTSTRAP LOG] [debug] Returning result: {"status":0,"value":true}
&amp#27;[35m[HTTP]&amp#27;[39m &amp#27;[37m-->&amp#27;[39m &amp#27;[37mPOST&amp#27;[39m &amp#27;[37m/wd/hub/session/4d12d8d9-dbd0-4204-9a96-4940acb570b0/elements&amp#27;[39m
&amp#27;[35m[HTTP]&amp#27;[39m &amp#27;[90m{"using":"id","value":"android:id/title"}&amp#27;[39m
[debug] &amp#27;[35m[W3C (4d12d8d9)]&amp#27;[39m Calling AppiumDriver.findElements() with args: ["id","android:id/title","4d12d8d9-dbd0-4204-9a96-4940acb570b0"]
[debug] &amp#27;[35m[BaseDriver]&amp#27;[39m Valid locator strategies for this request: xpath, id, class name, accessibility id, -android uiautomator
[debug] &amp#27;[35m[BaseDriver]&amp#27;[39m Waiting up to 10000 ms for condition
[debug] &amp#27;[35m[AndroidBootstrap]&amp#27;[39m Sending command to android: {"cmd":"action","action":"find","params":{"strategy":"id","selector":"android:id/title","context":"","multiple":true}}
[debug] &amp#27;[35m[AndroidBootstrap]&amp#27;[39m [BOOTSTRAP LOG] [debug] Got data from client: {"cmd":"action","action":"find","params":{"strategy":"id","selector":"android:id/title","context":"","multiple":true}}
[debug] &amp#27;[35m[AndroidBootstrap]&amp#27;[39m [BOOTSTRAP LOG] [debug] Got command of type ACTION
[debug] &amp#27;[35m[AndroidBootstrap]&amp#27;[39m [BOOTSTRAP LOG] [debug] Got command action: find
[debug] &amp#27;[35m[AndroidBootstrap]&amp#27;[39m [BOOTSTRAP LOG] [debug] Finding 'android:id/title' using 'ID' with the contextId: '' multiple: true
[debug] &amp#27;[35m[AndroidBootstrap]&amp#27;[39m [BOOTSTRAP LOG] [debug] Using: UiSelector[RESOURCE_ID=android:id/title]
[debug] &amp#27;[35m[AndroidBootstrap]&amp#27;[39m [BOOTSTRAP LOG] [debug] getElements selector:UiSelector[RESOURCE_ID=android:id/title]
[debug] &amp#27;[35m[AndroidBootstrap]&amp#27;[39m [BOOTSTRAP LOG] [debug] Element[] is null: (0)
[debug] &amp#27;[35m[AndroidBootstrap]&amp#27;[39m [BOOTSTRAP LOG] [debug] getElements tmp selector:UiSelector[INSTANCE=0, RESOURCE_ID=android:id/title]
[debug] &amp#27;[35m[AndroidBootstrap]&amp#27;[39m [BOOTSTRAP LOG] [debug] Element[] is null: (1)
[debug] &amp#27;[35m[AndroidBootstrap]&amp#27;[39m [BOOTSTRAP LOG] [debug] getElements tmp selector:UiSelector[INSTANCE=1, RESOURCE_ID=android:id/title]
[debug] &amp#27;[35m[AndroidBootstrap]&amp#27;[39m [BOOTSTRAP LOG] [debug] Element[] is null: (2)
[debug] &amp#27;[35m[AndroidBootstrap]&amp#27;[39m [BOOTSTRAP LOG] [debug] getElements tmp selector:UiSelector[INSTANCE=2, RESOURCE_ID=android:id/title]
[debug] &amp#27;[35m[AndroidBootstrap]&amp#27;[39m [BOOTSTRAP LOG] [debug] Returning result: {"status":0,"value":[{"ELEMENT":"2"},{"ELEMENT":"3"}]}
[debug] &amp#27;[35m[AndroidBootstrap]&amp#27;[39m Received command result from bootstrap
[debug] &amp#27;[35m[W3C (4d12d8d9)]&amp#27;[39m Responding to client with driver.findElements() result: [{"element-6066-11e4-a52e-4f735466cecf":"2","ELEMENT":"2"},{"element-6066-11e4-a52e-4f735466cecf":"3","ELEMENT":"3"}]
&amp#27;[35m[HTTP]&amp#27;[39m &amp#27;[37m<-- POST /wd/hub/session/4d12d8d9-dbd0-4204-9a96-4940acb570b0/elements &amp#27;[39m&amp#27;[32m200&amp#27;[39m &amp#27;[90m896 ms - 127&amp#27;[39m
&amp#27;[35m[HTTP]&amp#27;[39m &amp#27;[90m&amp#27;[39m
&amp#27;[35m[HTTP]&amp#27;[39m &amp#27;[37m-->&amp#27;[39m &amp#27;[37mPOST&amp#27;[39m &amp#27;[37m/wd/hub/session/4d12d8d9-dbd0-4204-9a96-4940acb570b0/element/2/click&amp#27;[39m
&amp#27;[35m[HTTP]&amp#27;[39m &amp#27;[90m{"id":"2"}&amp#27;[39m
[debug] &amp#27;[35m[W3C (4d12d8d9)]&amp#27;[39m Calling AppiumDriver.click() with args: ["2","4d12d8d9-dbd0-4204-9a96-4940acb570b0"]
[debug] &amp#27;[35m[AndroidBootstrap]&amp#27;[39m Sending command to android: {"cmd":"action","action":"element:click","params":{"elementId":"2"}}
[debug] &amp#27;[35m[AndroidBootstrap]&amp#27;[39m [BOOTSTRAP LOG] [debug] Got data from client: {"cmd":"action","action":"element:click","params":{"elementId":"2"}}
[debug] &amp#27;[35m[AndroidBootstrap]&amp#27;[39m [BOOTSTRAP LOG] [debug] Got command of type ACTION
[debug] &amp#27;[35m[AndroidBootstrap]&amp#27;[39m [BOOTSTRAP LOG] [debug] Got command action: click
[debug] &amp#27;[35m[AndroidBootstrap]&amp#27;[39m Received command result from bootstrap
[debug] &amp#27;[35m[W3C (4d12d8d9)]&amp#27;[39m Responding to client with driver.click() result: true
&amp#27;[35m[HTTP]&amp#27;[39m &amp#27;[37m<-- POST /wd/hub/session/4d12d8d9-dbd0-4204-9a96-4940acb570b0/element/2/click &amp#27;[39m&amp#27;[32m200&amp#27;[39m &amp#27;[90m157 ms - 14&amp#27;[39m
&amp#27;[35m[HTTP]&amp#27;[39m &amp#27;[90m&amp#27;[39m
[debug] &amp#27;[35m[AndroidBootstrap]&amp#27;[39m [BOOTSTRAP LOG] [debug] Returning result: {"status":0,"value":true}
&amp#27;[35m[HTTP]&amp#27;[39m &amp#27;[37m-->&amp#27;[39m &amp#27;[37mGET&amp#27;[39m &amp#27;[37m/wd/hub/session/4d12d8d9-dbd0-4204-9a96-4940acb570b0/context&amp#27;[39m
&amp#27;[35m[HTTP]&amp#27;[39m &amp#27;[90m{}&amp#27;[39m
[debug] &amp#27;[35m[W3C (4d12d8d9)]&amp#27;[39m Calling AppiumDriver.getCurrentContext() with args: ["4d12d8d9-dbd0-4204-9a96-4940acb570b0"]
[debug] &amp#27;[35m[W3C (4d12d8d9)]&amp#27;[39m Responding to client with driver.getCurrentContext() result: "NATIVE_APP"
&amp#27;[35m[HTTP]&amp#27;[39m &amp#27;[37m<-- GET /wd/hub/session/4d12d8d9-dbd0-4204-9a96-4940acb570b0/context &amp#27;[39m&amp#27;[32m200&amp#27;[39m &amp#27;[90m3 ms - 22&amp#27;[39m
&amp#27;[35m[HTTP]&amp#27;[39m &amp#27;[90m&amp#27;[39m
&amp#27;[35m[HTTP]&amp#27;[39m &amp#27;[37m-->&amp#27;[39m &amp#27;[37mPOST&amp#27;[39m &amp#27;[37m/wd/hub/session/4d12d8d9-dbd0-4204-9a96-4940acb570b0/element&amp#27;[39m
&amp#27;[35m[HTTP]&amp#27;[39m &amp#27;[90m{"using":"id","value":"com.communitake.mdc.supportsip:id/menuImage"}&amp#27;[39m
[debug] &amp#27;[35m[W3C (4d12d8d9)]&amp#27;[39m Calling AppiumDriver.findElement() with args: ["id","com.communitake.mdc.supportsip:id/menuImage","4d12d8d9-dbd0-4204-9a96-4940acb570b0"]
[debug] &amp#27;[35m[BaseDriver]&amp#27;[39m Valid locator strategies for this request: xpath, id, class name, accessibility id, -android uiautomator
[debug] &amp#27;[35m[BaseDriver]&amp#27;[39m Waiting up to 10000 ms for condition
[debug] &amp#27;[35m[AndroidBootstrap]&amp#27;[39m Sending command to android: {"cmd":"action","action":"find","params":{"strategy":"id","selector":"com.communitake.mdc.supportsip:id/menuImage","context":"","multiple":false}}
[debug] &amp#27;[35m[AndroidBootstrap]&amp#27;[39m [BOOTSTRAP LOG] [debug] Got data from client: {"cmd":"action","action":"find","params":{"strategy":"id","selector":"com.communitake.mdc.supportsip:id/menuImage","context":"","multiple":false}}
[debug] &amp#27;[35m[AndroidBootstrap]&amp#27;[39m [BOOTSTRAP LOG] [debug] Got command of type ACTION
[debug] &amp#27;[35m[AndroidBootstrap]&amp#27;[39m [BOOTSTRAP LOG] [debug] Got command action: find
[debug] &amp#27;[35m[AndroidBootstrap]&amp#27;[39m [BOOTSTRAP LOG] [debug] Finding 'com.communitake.mdc.supportsip:id/menuImage' using 'ID' with the contextId: '' multiple: false
[debug] &amp#27;[35m[AndroidBootstrap]&amp#27;[39m [BOOTSTRAP LOG] [debug] Using: UiSelector[INSTANCE=0, RESOURCE_ID=com.communitake.mdc.supportsip:id/menuImage]
[debug] &amp#27;[35m[AndroidBootstrap]&amp#27;[39m [BOOTSTRAP LOG] [debug] Returning result: {"status":0,"value":{"ELEMENT":"4"}}
[debug] &amp#27;[35m[AndroidBootstrap]&amp#27;[39m Received command result from bootstrap
[debug] &amp#27;[35m[W3C (4d12d8d9)]&amp#27;[39m Responding to client with driver.findElement() result: {"element-6066-11e4-a52e-4f735466cecf":"4","ELEMENT":"4"}
&amp#27;[35m[HTTP]&amp#27;[39m &amp#27;[37m<-- POST /wd/hub/session/4d12d8d9-dbd0-4204-9a96-4940acb570b0/element &amp#27;[39m&amp#27;[32m200&amp#27;[39m &amp#27;[90m563 ms - 67&amp#27;[39m
&amp#27;[35m[HTTP]&amp#27;[39m &amp#27;[90m&amp#27;[39m
&amp#27;[35m[HTTP]&amp#27;[39m &amp#27;[37m-->&amp#27;[39m &amp#27;[37mPOST&amp#27;[39m &amp#27;[37m/wd/hub/session/4d12d8d9-dbd0-4204-9a96-4940acb570b0/element/4/click&amp#27;[39m
&amp#27;[35m[HTTP]&amp#27;[39m &amp#27;[90m{"id":"4"}&amp#27;[39m
[debug] &amp#27;[35m[W3C (4d12d8d9)]&amp#27;[39m Calling AppiumDriver.click() with args: ["4","4d12d8d9-dbd0-4204-9a96-4940acb570b0"]
[debug] &amp#27;[35m[AndroidBootstrap]&amp#27;[39m Sending command to android: {"cmd":"action","action":"element:click","params":{"elementId":"4"}}
[debug] &amp#27;[35m[AndroidBootstrap]&amp#27;[39m [BOOTSTRAP LOG] [debug] Got data from client: {"cmd":"action","action":"element:click","params":{"elementId":"4"}}
[debug] &amp#27;[35m[AndroidBootstrap]&amp#27;[39m [BOOTSTRAP LOG] [debug] Got command of type ACTION
[debug] &amp#27;[35m[AndroidBootstrap]&amp#27;[39m [BOOTSTRAP LOG] [debug] Got command action: click
[debug] &amp#27;[35m[AndroidBootstrap]&amp#27;[39m Received command result from bootstrap
[debug] &amp#27;[35m[W3C (4d12d8d9)]&amp#27;[39m Responding to client with driver.click() result: true
&amp#27;[35m[HTTP]&amp#27;[39m &amp#27;[37m<-- POST /wd/hub/session/4d12d8d9-dbd0-4204-9a96-4940acb570b0/element/4/click &amp#27;[39m&amp#27;[32m200&amp#27;[39m &amp#27;[90m355 ms - 14&amp#27;[39m
&amp#27;[35m[HTTP]&amp#27;[39m &amp#27;[90m&amp#27;[39m
&amp#27;[35m[HTTP]&amp#27;[39m &amp#27;[37m-->&amp#27;[39m &amp#27;[37mGET&amp#27;[39m &amp#27;[37m/wd/hub/session/4d12d8d9-dbd0-4204-9a96-4940acb570b0/context&amp#27;[39m
&amp#27;[35m[HTTP]&amp#27;[39m &amp#27;[90m{}&amp#27;[39m
[debug] &amp#27;[35m[W3C (4d12d8d9)]&amp#27;[39m Calling AppiumDriver.getCurrentContext() with args: ["4d12d8d9-dbd0-4204-9a96-4940acb570b0"]
[debug] &amp#27;[35m[W3C (4d12d8d9)]&amp#27;[39m Responding to client with driver.getCurrentContext() result: "NATIVE_APP"
&amp#27;[35m[HTTP]&amp#27;[39m &amp#27;[37m<-- GET /wd/hub/session/4d12d8d9-dbd0-4204-9a96-4940acb570b0/context &amp#27;[39m&amp#27;[32m200&amp#27;[39m &amp#27;[90m3 ms - 22&amp#27;[39m
&amp#27;[35m[HTTP]&amp#27;[39m &amp#27;[90m&amp#27;[39m
[debug] &amp#27;[35m[AndroidBootstrap]&amp#27;[39m [BOOTSTRAP LOG] [debug] Returning result: {"status":0,"value":true}
&amp#27;[35m[HTTP]&amp#27;[39m &amp#27;[37m-->&amp#27;[39m &amp#27;[37mPOST&amp#27;[39m &amp#27;[37m/wd/hub/session/4d12d8d9-dbd0-4204-9a96-4940acb570b0/elements&amp#27;[39m
&amp#27;[35m[HTTP]&amp#27;[39m &amp#27;[90m{"using":"id","value":"android:id/title"}&amp#27;[39m
[debug] &amp#27;[35m[W3C (4d12d8d9)]&amp#27;[39m Calling AppiumDriver.findElements() with args: ["id","android:id/title","4d12d8d9-dbd0-4204-9a96-4940acb570b0"]
[debug] &amp#27;[35m[BaseDriver]&amp#27;[39m Valid locator strategies for this request: xpath, id, class name, accessibility id, -android uiautomator
[debug] &amp#27;[35m[BaseDriver]&amp#27;[39m Waiting up to 10000 ms for condition
[debug] &amp#27;[35m[AndroidBootstrap]&amp#27;[39m Sending command to android: {"cmd":"action","action":"find","params":{"strategy":"id","selector":"android:id/title","context":"","multiple":true}}
[debug] &amp#27;[35m[AndroidBootstrap]&amp#27;[39m [BOOTSTRAP LOG] [debug] Got data from client: {"cmd":"action","action":"find","params":{"strategy":"id","selector":"android:id/title","context":"","multiple":true}}
[debug] &amp#27;[35m[AndroidBootstrap]&amp#27;[39m [BOOTSTRAP LOG] [debug] Got command of type ACTION
[debug] &amp#27;[35m[AndroidBootstrap]&amp#27;[39m [BOOTSTRAP LOG] [debug] Got command action: find
[debug] &amp#27;[35m[AndroidBootstrap]&amp#27;[39m [BOOTSTRAP LOG] [debug] Finding 'android:id/title' using 'ID' with the contextId: '' multiple: true
[debug] &amp#27;[35m[AndroidBootstrap]&amp#27;[39m [BOOTSTRAP LOG] [debug] Using: UiSelector[RESOURCE_ID=android:id/title]
[debug] &amp#27;[35m[AndroidBootstrap]&amp#27;[39m [BOOTSTRAP LOG] [debug] getElements selector:UiSelector[RESOURCE_ID=android:id/title]
[debug] &amp#27;[35m[AndroidBootstrap]&amp#27;[39m [BOOTSTRAP LOG] [debug] Element[] is null: (0)
[debug] &amp#27;[35m[AndroidBootstrap]&amp#27;[39m [BOOTSTRAP LOG] [debug] getElements tmp selector:UiSelector[INSTANCE=0, RESOURCE_ID=android:id/title]
[debug] &amp#27;[35m[AndroidBootstrap]&amp#27;[39m [BOOTSTRAP LOG] [debug] Element[] is null: (1)
[debug] &amp#27;[35m[AndroidBootstrap]&amp#27;[39m [BOOTSTRAP LOG] [debug] getElements tmp selector:UiSelector[INSTANCE=1, RESOURCE_ID=android:id/title]
[debug] &amp#27;[35m[AndroidBootstrap]&amp#27;[39m [BOOTSTRAP LOG] [debug] Element[] is null: (2)
[debug] &amp#27;[35m[AndroidBootstrap]&amp#27;[39m [BOOTSTRAP LOG] [debug] getElements tmp selector:UiSelector[INSTANCE=2, RESOURCE_ID=android:id/title]
[debug] &amp#27;[35m[AndroidBootstrap]&amp#27;[39m [BOOTSTRAP LOG] [debug] Element[] is null: (3)
[debug] &amp#27;[35m[AndroidBootstrap]&amp#27;[39m [BOOTSTRAP LOG] [debug] getElements tmp selector:UiSelector[INSTANCE=3, RESOURCE_ID=android:id/title]
[debug] &amp#27;[35m[AndroidBootstrap]&amp#27;[39m Received command result from bootstrap
[debug] &amp#27;[35m[W3C (4d12d8d9)]&amp#27;[39m Responding to client with driver.findElements() result: [{"element-6066-11e4-a52e-4f735466cecf":"5","ELEMENT":"5"},{"element-6066-11e4-a52e-4f735466cecf":"6","ELEMENT":"6"},{"element-6066-11e4-a52e-4f735466cecf":"7","ELEMENT":"7"}]
&amp#27;[35m[HTTP]&amp#27;[39m &amp#27;[37m<-- POST /wd/hub/session/4d12d8d9-dbd0-4204-9a96-4940acb570b0/elements &amp#27;[39m&amp#27;[32m200&amp#27;[39m &amp#27;[90m824 ms - 185&amp#27;[39m
&amp#27;[35m[HTTP]&amp#27;[39m &amp#27;[90m&amp#27;[39m
&amp#27;[35m[HTTP]&amp#27;[39m &amp#27;[37m-->&amp#27;[39m &amp#27;[37mPOST&amp#27;[39m &amp#27;[37m/wd/hub/session/4d12d8d9-dbd0-4204-9a96-4940acb570b0/element/5/click&amp#27;[39m
&amp#27;[35m[HTTP]&amp#27;[39m &amp#27;[90m{"id":"5"}&amp#27;[39m
[debug] &amp#27;[35m[W3C (4d12d8d9)]&amp#27;[39m Calling AppiumDriver.click() with args: ["5","4d12d8d9-dbd0-4204-9a96-4940acb570b0"]
[debug] &amp#27;[35m[AndroidBootstrap]&amp#27;[39m Sending command to android: {"cmd":"action","action":"element:click","params":{"elementId":"5"}}
[debug] &amp#27;[35m[AndroidBootstrap]&amp#27;[39m [BOOTSTRAP LOG] [debug] Returning result: {"status":0,"value":[{"ELEMENT":"5"},{"ELEMENT":"6"},{"ELEMENT":"7"}]}
[debug] &amp#27;[35m[AndroidBootstrap]&amp#27;[39m [BOOTSTRAP LOG] [debug] Got data from client: {"cmd":"action","action":"element:click","params":{"elementId":"5"}}
[debug] &amp#27;[35m[AndroidBootstrap]&amp#27;[39m [BOOTSTRAP LOG] [debug] Got command of type ACTION
[debug] &amp#27;[35m[AndroidBootstrap]&amp#27;[39m [BOOTSTRAP LOG] [debug] Got command action: click
[debug] &amp#27;[35m[AndroidBootstrap]&amp#27;[39m Received command result from bootstrap
[debug] &amp#27;[35m[W3C (4d12d8d9)]&amp#27;[39m Responding to client with driver.click() result: true
&amp#27;[35m[HTTP]&amp#27;[39m &amp#27;[37m<-- POST /wd/hub/session/4d12d8d9-dbd0-4204-9a96-4940acb570b0/element/5/click &amp#27;[39m&amp#27;[32m200&amp#27;[39m &amp#27;[90m148 ms - 14&amp#27;[39m
&amp#27;[35m[HTTP]&amp#27;[39m &amp#27;[90m&amp#27;[39m
&amp#27;[35m[HTTP]&amp#27;[39m &amp#27;[37m-->&amp#27;[39m &amp#27;[37mGET&amp#27;[39m &amp#27;[37m/wd/hub/session/4d12d8d9-dbd0-4204-9a96-4940acb570b0/context&amp#27;[39m
&amp#27;[35m[HTTP]&amp#27;[39m &amp#27;[90m{}&amp#27;[39m
[debug] &amp#27;[35m[W3C (4d12d8d9)]&amp#27;[39m Calling AppiumDriver.getCurrentContext() with args: ["4d12d8d9-dbd0-4204-9a96-4940acb570b0"]
[debug] &amp#27;[35m[W3C (4d12d8d9)]&amp#27;[39m Responding to client with driver.getCurrentContext() result: "NATIVE_APP"
&amp#27;[35m[HTTP]&amp#27;[39m &amp#27;[37m<-- GET /wd/hub/session/4d12d8d9-dbd0-4204-9a96-4940acb570b0/context &amp#27;[39m&amp#27;[32m200&amp#27;[39m &amp#27;[90m2 ms - 22&amp#27;[39m
&amp#27;[35m[HTTP]&amp#27;[39m &amp#27;[90m&amp#27;[39m
&amp#27;[35m[HTTP]&amp#27;[39m &amp#27;[37m-->&amp#27;[39m &amp#27;[37mPOST&amp#27;[39m &amp#27;[37m/wd/hub/session/4d12d8d9-dbd0-4204-9a96-4940acb570b0/element&amp#27;[39m
&amp#27;[35m[HTTP]&amp#27;[39m &amp#27;[90m{"using":"id","value":"com.communitake.mdc.supportsip:id/menuImage"}&amp#27;[39m
[debug] &amp#27;[35m[W3C (4d12d8d9)]&amp#27;[39m Calling AppiumDriver.findElement() with args: ["id","com.communitake.mdc.supportsip:id/menuImage","4d12d8d9-dbd0-4204-9a96-4940acb570b0"]
[debug] &amp#27;[35m[BaseDriver]&amp#27;[39m Valid locator strategies for this request: xpath, id, class name, accessibility id, -android uiautomator
[debug] &amp#27;[35m[BaseDriver]&amp#27;[39m Waiting up to 10000 ms for condition
[debug] &amp#27;[35m[AndroidBootstrap]&amp#27;[39m Sending command to android: {"cmd":"action","action":"find","params":{"strategy":"id","selector":"com.communitake.mdc.supportsip:id/menuImage","context":"","multiple":false}}
[debug] &amp#27;[35m[AndroidBootstrap]&amp#27;[39m [BOOTSTRAP LOG] [debug] Returning result: {"status":0,"value":true}
[debug] &amp#27;[35m[AndroidBootstrap]&amp#27;[39m [BOOTSTRAP LOG] [debug] Got data from client: {"cmd":"action","action":"find","params":{"strategy":"id","selector":"com.communitake.mdc.supportsip:id/menuImage","context":"","multiple":false}}
[debug] &amp#27;[35m[AndroidBootstrap]&amp#27;[39m [BOOTSTRAP LOG] [debug] Got command of type ACTION
[debug] &amp#27;[35m[AndroidBootstrap]&amp#27;[39m [BOOTSTRAP LOG] [debug] Got command action: find
[debug] &amp#27;[35m[AndroidBootstrap]&amp#27;[39m [BOOTSTRAP LOG] [debug] Finding 'com.communitake.mdc.supportsip:id/menuImage' using 'ID' with the contextId: '' multiple: false
[debug] &amp#27;[35m[AndroidBootstrap]&amp#27;[39m [BOOTSTRAP LOG] [debug] Using: UiSelector[INSTANCE=0, RESOURCE_ID=com.communitake.mdc.supportsip:id/menuImage]
[debug] &amp#27;[35m[AndroidBootstrap]&amp#27;[39m Received command result from bootstrap
[debug] &amp#27;[35m[W3C (4d12d8d9)]&amp#27;[39m Responding to client with driver.findElement() result: {"element-6066-11e4-a52e-4f735466cecf":"8","ELEMENT":"8"}
&amp#27;[35m[HTTP]&amp#27;[39m &amp#27;[37m<-- POST /wd/hub/session/4d12d8d9-dbd0-4204-9a96-4940acb570b0/element &amp#27;[39m&amp#27;[32m200&amp#27;[39m &amp#27;[90m547 ms - 67&amp#27;[39m
&amp#27;[35m[HTTP]&amp#27;[39m &amp#27;[90m&amp#27;[39m
[debug] &amp#27;[35m[AndroidBootstrap]&amp#27;[39m [BOOTSTRAP LOG] [debug] Returning result: {"status":0,"value":{"ELEMENT":"8"}}
&amp#27;[35m[HTTP]&amp#27;[39m &amp#27;[37m-->&amp#27;[39m &amp#27;[37mPOST&amp#27;[39m &amp#27;[37m/wd/hub/session/4d12d8d9-dbd0-4204-9a96-4940acb570b0/element/8/click&amp#27;[39m
&amp#27;[35m[HTTP]&amp#27;[39m &amp#27;[90m{"id":"8"}&amp#27;[39m
[debug] &amp#27;[35m[W3C (4d12d8d9)]&amp#27;[39m Calling AppiumDriver.click() with args: ["8","4d12d8d9-dbd0-4204-9a96-4940acb570b0"]
[debug] &amp#27;[35m[AndroidBootstrap]&amp#27;[39m Sending command to android: {"cmd":"action","action":"element:click","params":{"elementId":"8"}}
[debug] &amp#27;[35m[AndroidBootstrap]&amp#27;[39m [BOOTSTRAP LOG] [debug] Got data from client: {"cmd":"action","action":"element:click","params":{"elementId":"8"}}
[debug] &amp#27;[35m[AndroidBootstrap]&amp#27;[39m [BOOTSTRAP LOG] [debug] Got command of type ACTION
[debug] &amp#27;[35m[AndroidBootstrap]&amp#27;[39m [BOOTSTRAP LOG] [debug] Got command action: click
[debug] &amp#27;[35m[AndroidBootstrap]&amp#27;[39m Received command result from bootstrap
[debug] &amp#27;[35m[W3C (4d12d8d9)]&amp#27;[39m Responding to client with driver.click() result: true
&amp#27;[35m[HTTP]&amp#27;[39m &amp#27;[37m<-- POST /wd/hub/session/4d12d8d9-dbd0-4204-9a96-4940acb570b0/element/8/click &amp#27;[39m&amp#27;[32m200&amp#27;[39m &amp#27;[90m381 ms - 14&amp#27;[39m
&amp#27;[35m[HTTP]&amp#27;[39m &amp#27;[90m&amp#27;[39m
&amp#27;[35m[HTTP]&amp#27;[39m &amp#27;[37m-->&amp#27;[39m &amp#27;[37mGET&amp#27;[39m &amp#27;[37m/wd/hub/session/4d12d8d9-dbd0-4204-9a96-4940acb570b0/context&amp#27;[39m
&amp#27;[35m[HTTP]&amp#27;[39m &amp#27;[90m{}&amp#27;[39m
[debug] &amp#27;[35m[W3C (4d12d8d9)]&amp#27;[39m Calling AppiumDriver.getCurrentContext() with args: ["4d12d8d9-dbd0-4204-9a96-4940acb570b0"]
[debug] &amp#27;[35m[W3C (4d12d8d9)]&amp#27;[39m Responding to client with driver.getCurrentContext() result: "NATIVE_APP"
&amp#27;[35m[HTTP]&amp#27;[39m &amp#27;[37m<-- GET /wd/hub/session/4d12d8d9-dbd0-4204-9a96-4940acb570b0/context &amp#27;[39m&amp#27;[32m200&amp#27;[39m &amp#27;[90m3 ms - 22&amp#27;[39m
&amp#27;[35m[HTTP]&amp#27;[39m &amp#27;[90m&amp#27;[39m
&amp#27;[35m[HTTP]&amp#27;[39m &amp#27;[37m-->&amp#27;[39m &amp#27;[37mPOST&amp#27;[39m &amp#27;[37m/wd/hub/session/4d12d8d9-dbd0-4204-9a96-4940acb570b0/elements&amp#27;[39m
&amp#27;[35m[HTTP]&amp#27;[39m &amp#27;[90m{"using":"id","value":"android:id/title"}&amp#27;[39m
[debug] &amp#27;[35m[W3C (4d12d8d9)]&amp#27;[39m Calling AppiumDriver.findElements() with args: ["id","android:id/title","4d12d8d9-dbd0-4204-9a96-4940acb570b0"]
[debug] &amp#27;[35m[BaseDriver]&amp#27;[39m Valid locator strategies for this request: xpath, id, class name, accessibility id, -android uiautomator
[debug] &amp#27;[35m[BaseDriver]&amp#27;[39m Waiting up to 10000 ms for condition
[debug] &amp#27;[35m[AndroidBootstrap]&amp#27;[39m Sending command to android: {"cmd":"action","action":"find","params":{"strategy":"id","selector":"android:id/title","context":"","multiple":true}}
[debug] &amp#27;[35m[AndroidBootstrap]&amp#27;[39m [BOOTSTRAP LOG] [debug] Returning result: {"status":0,"value":true}
[debug] &amp#27;[35m[AndroidBootstrap]&amp#27;[39m [BOOTSTRAP LOG] [debug] Got data from client: {"cmd":"action","action":"find","params":{"strategy":"id","selector":"android:id/title","context":"","multiple":true}}
[debug] &amp#27;[35m[AndroidBootstrap]&amp#27;[39m [BOOTSTRAP LOG] [debug] Got command of type ACTION
[debug] &amp#27;[35m[AndroidBootstrap]&amp#27;[39m [BOOTSTRAP LOG] [debug] Got command action: find
[debug] &amp#27;[35m[AndroidBootstrap]&amp#27;[39m [BOOTSTRAP LOG] [debug] Finding 'android:id/title' using 'ID' with the contextId: '' multiple: true
[debug] &amp#27;[35m[AndroidBootstrap]&amp#27;[39m [BOOTSTRAP LOG] [debug] Using: UiSelector[RESOURCE_ID=android:id/title]
[debug] &amp#27;[35m[AndroidBootstrap]&amp#27;[39m [BOOTSTRAP LOG] [debug] getElements selector:UiSelector[RESOURCE_ID=android:id/title]
[debug] &amp#27;[35m[AndroidBootstrap]&amp#27;[39m [BOOTSTRAP LOG] [debug] Element[] is null: (0)
[debug] &amp#27;[35m[AndroidBootstrap]&amp#27;[39m [BOOTSTRAP LOG] [debug] getElements tmp selector:UiSelector[INSTANCE=0, RESOURCE_ID=android:id/title]
[debug] &amp#27;[35m[AndroidBootstrap]&amp#27;[39m [BOOTSTRAP LOG] [debug] Element[] is null: (1)
[debug] &amp#27;[35m[AndroidBootstrap]&amp#27;[39m [BOOTSTRAP LOG] [debug] getElements tmp selector:UiSelector[INSTANCE=1, RESOURCE_ID=android:id/title]
[debug] &amp#27;[35m[AndroidBootstrap]&amp#27;[39m [BOOTSTRAP LOG] [debug] Element[] is null: (2)
[debug] &amp#27;[35m[AndroidBootstrap]&amp#27;[39m [BOOTSTRAP LOG] [debug] getElements tmp selector:UiSelector[INSTANCE=2, RESOURCE_ID=android:id/title]
[debug] &amp#27;[35m[AndroidBootstrap]&amp#27;[39m [BOOTSTRAP LOG] [debug] Element[] is null: (3)
[debug] &amp#27;[35m[AndroidBootstrap]&amp#27;[39m [BOOTSTRAP LOG] [debug] getElements tmp selector:UiSelector[INSTANCE=3, RESOURCE_ID=android:id/title]
[debug] &amp#27;[35m[AndroidBootstrap]&amp#27;[39m Received command result from bootstrap
[debug] &amp#27;[35m[W3C (4d12d8d9)]&amp#27;[39m Responding to client with driver.findElements() result: [{"element-6066-11e4-a52e-4f735466cecf":"9","ELEMENT":"9"},{"element-6066-11e4-a52e-4f735466cecf":"10","ELEMENT":"10"},{"element-6066-11e4-a52e-4f735466cecf":"11","ELEMENT":"11"}]
&amp#27;[35m[HTTP]&amp#27;[39m &amp#27;[37m<-- POST /wd/hub/session/4d12d8d9-dbd0-4204-9a96-4940acb570b0/elements &amp#27;[39m&amp#27;[32m200&amp#27;[39m &amp#27;[90m910 ms - 189&amp#27;[39m
&amp#27;[35m[HTTP]&amp#27;[39m &amp#27;[90m&amp#27;[39m
&amp#27;[35m[HTTP]&amp#27;[39m &amp#27;[37m-->&amp#27;[39m &amp#27;[37mPOST&amp#27;[39m &amp#27;[37m/wd/hub/session/4d12d8d9-dbd0-4204-9a96-4940acb570b0/element/9/click&amp#27;[39m
&amp#27;[35m[HTTP]&amp#27;[39m &amp#27;[90m{"id":"9"}&amp#27;[39m
[debug] &amp#27;[35m[W3C (4d12d8d9)]&amp#27;[39m Calling AppiumDriver.click() with args: ["9","4d12d8d9-dbd0-4204-9a96-4940acb570b0"]
[debug] &amp#27;[35m[AndroidBootstrap]&amp#27;[39m Sending command to android: {"cmd":"action","action":"element:click","params":{"elementId":"9"}}
[debug] &amp#27;[35m[AndroidBootstrap]&amp#27;[39m [BOOTSTRAP LOG] [debug] Returning result: {"status":0,"value":[{"ELEMENT":"9"},{"ELEMENT":"10"},{"ELEMENT":"11"}]}
[debug] &amp#27;[35m[AndroidBootstrap]&amp#27;[39m [BOOTSTRAP LOG] [debug] Got data from client: {"cmd":"action","action":"element:click","params":{"elementId":"9"}}
[debug] &amp#27;[35m[AndroidBootstrap]&amp#27;[39m [BOOTSTRAP LOG] [debug] Got command of type ACTION
[debug] &amp#27;[35m[AndroidBootstrap]&amp#27;[39m [BOOTSTRAP LOG] [debug] Got command action: click
[debug] &amp#27;[35m[AndroidBootstrap]&amp#27;[39m Received command result from bootstrap
[debug] &amp#27;[35m[W3C (4d12d8d9)]&amp#27;[39m Responding to client with driver.click() result: true
&amp#27;[35m[HTTP]&amp#27;[39m &amp#27;[37m<-- POST /wd/hub/session/4d12d8d9-dbd0-4204-9a96-4940acb570b0/element/9/click &amp#27;[39m&amp#27;[32m200&amp#27;[39m &amp#27;[90m176 ms - 14&amp#27;[39m
&amp#27;[35m[HTTP]&amp#27;[39m &amp#27;[90m&amp#27;[39m
[debug] &amp#27;[35m[AndroidBootstrap]&amp#27;[39m [BOOTSTRAP LOG] [debug] Returning result: {"status":0,"value":true}
]]></system-out>
    <system-err><![CDATA[Jan 04, 2021 8:07:00 AM io.appium.java_client.remote.AppiumCommandExecutor$1 lambda$0
INFO: Detected dialect: W3C
]]></system-err>
  </testcase>
</testsuite>